<?xml version="1.0" encoding="UTF-8"?>
<testsuite xmlns:xsi="http://www.w3.org/2001/XMLSchema-instance" xsi:noNamespaceSchemaLocation="https://maven.apache.org/surefire/maven-surefire-plugin/xsd/surefire-test-report-3.0.xsd" version="3.0" name="com.cdm.runner.TestRunner" time="3397.52" tests="90" errors="0" skipped="0" failures="0">
  <properties>
    <property name="java.specification.version" value="21"/>
    <property name="sun.cpu.isalist" value="amd64"/>
    <property name="sun.jnu.encoding" value="Cp1252"/>
    <property name="sun.awt.enableExtraMouseButtons" value="true"/>
    <property name="java.class.path" value="E:\Devendra\cdm\CDMCucumber\CDMProject\target\test-classes;E:\Devendra\cdm\CDMCucumber\CDMProject\target\classes;C:\Users\Admin\.m2\repository\io\cucumber\cucumber-java\7.14.0\cucumber-java-7.14.0.jar;C:\Users\Admin\.m2\repository\io\cucumber\cucumber-core\7.14.0\cucumber-core-7.14.0.jar;C:\Users\Admin\.m2\repository\io\cucumber\cucumber-gherkin\7.14.0\cucumber-gherkin-7.14.0.jar;C:\Users\Admin\.m2\repository\io\cucumber\cucumber-gherkin-messages\7.14.0\cucumber-gherkin-messages-7.14.0.jar;C:\Users\Admin\.m2\repository\io\cucumber\gherkin\26.2.0\gherkin-26.2.0.jar;C:\Users\Admin\.m2\repository\io\cucumber\messages\22.0.0\messages-22.0.0.jar;C:\Users\Admin\.m2\repository\io\cucumber\tag-expressions\5.0.6\tag-expressions-5.0.6.jar;C:\Users\Admin\.m2\repository\io\cucumber\cucumber-expressions\16.1.2\cucumber-expressions-16.1.2.jar;C:\Users\Admin\.m2\repository\io\cucumber\datatable\7.14.0\datatable-7.14.0.jar;C:\Users\Admin\.m2\repository\io\cucumber\cucumber-plugin\7.14.0\cucumber-plugin-7.14.0.jar;C:\Users\Admin\.m2\repository\io\cucumber\docstring\7.14.0\docstring-7.14.0.jar;C:\Users\Admin\.m2\repository\io\cucumber\html-formatter\20.4.0\html-formatter-20.4.0.jar;C:\Users\Admin\.m2\repository\io\cucumber\junit-xml-formatter\0.2.0\junit-xml-formatter-0.2.0.jar;C:\Users\Admin\.m2\repository\io\cucumber\ci-environment\9.2.0\ci-environment-9.2.0.jar;C:\Users\Admin\.m2\repository\org\apiguardian\apiguardian-api\1.1.2\apiguardian-api-1.1.2.jar;C:\Users\Admin\.m2\repository\com\github\stephenc\monte\monte-screen-recorder\0.7.7.0\monte-screen-recorder-0.7.7.0.jar;C:\Users\Admin\.m2\repository\org\junit\jupiter\junit-jupiter-api\5.10.2\junit-jupiter-api-5.10.2.jar;C:\Users\Admin\.m2\repository\org\opentest4j\opentest4j\1.3.0\opentest4j-1.3.0.jar;C:\Users\Admin\.m2\repository\org\junit\platform\junit-platform-commons\1.10.2\junit-platform-commons-1.10.2.jar;C:\Users\Admin\.m2\repository\io\cucumber\cucumber-junit\7.14.0\cucumber-junit-7.14.0.jar;C:\Users\Admin\.m2\repository\junit\junit\4.13.2\junit-4.13.2.jar;C:\Users\Admin\.m2\repository\org\hamcrest\hamcrest-core\1.3\hamcrest-core-1.3.jar;C:\Users\Admin\.m2\repository\org\seleniumhq\selenium\selenium-java\4.18.1\selenium-java-4.18.1.jar;C:\Users\Admin\.m2\repository\org\seleniumhq\selenium\selenium-api\4.18.1\selenium-api-4.18.1.jar;C:\Users\Admin\.m2\repository\org\seleniumhq\selenium\selenium-chrome-driver\4.18.1\selenium-chrome-driver-4.18.1.jar;C:\Users\Admin\.m2\repository\com\google\auto\service\auto-service-annotations\1.1.1\auto-service-annotations-1.1.1.jar;C:\Users\Admin\.m2\repository\org\seleniumhq\selenium\selenium-chromium-driver\4.18.1\selenium-chromium-driver-4.18.1.jar;C:\Users\Admin\.m2\repository\org\seleniumhq\selenium\selenium-json\4.18.1\selenium-json-4.18.1.jar;C:\Users\Admin\.m2\repository\org\seleniumhq\selenium\selenium-manager\4.18.1\selenium-manager-4.18.1.jar;C:\Users\Admin\.m2\repository\org\seleniumhq\selenium\selenium-devtools-v120\4.18.1\selenium-devtools-v120-4.18.1.jar;C:\Users\Admin\.m2\repository\org\seleniumhq\selenium\selenium-devtools-v121\4.18.1\selenium-devtools-v121-4.18.1.jar;C:\Users\Admin\.m2\repository\org\seleniumhq\selenium\selenium-devtools-v122\4.18.1\selenium-devtools-v122-4.18.1.jar;C:\Users\Admin\.m2\repository\org\seleniumhq\selenium\selenium-devtools-v85\4.18.1\selenium-devtools-v85-4.18.1.jar;C:\Users\Admin\.m2\repository\org\seleniumhq\selenium\selenium-edge-driver\4.18.1\selenium-edge-driver-4.18.1.jar;C:\Users\Admin\.m2\repository\org\seleniumhq\selenium\selenium-firefox-driver\4.18.1\selenium-firefox-driver-4.18.1.jar;C:\Users\Admin\.m2\repository\org\seleniumhq\selenium\selenium-http\4.18.1\selenium-http-4.18.1.jar;C:\Users\Admin\.m2\repository\dev\failsafe\failsafe\3.3.2\failsafe-3.3.2.jar;C:\Users\Admin\.m2\repository\org\seleniumhq\selenium\selenium-ie-driver\4.18.1\selenium-ie-driver-4.18.1.jar;C:\Users\Admin\.m2\repository\org\seleniumhq\selenium\selenium-remote-driver\4.18.1\selenium-remote-driver-4.18.1.jar;C:\Users\Admin\.m2\repository\com\google\guava\guava\33.0.0-jre\guava-33.0.0-jre.jar;C:\Users\Admin\.m2\repository\com\google\guava\failureaccess\1.0.2\failureaccess-1.0.2.jar;C:\Users\Admin\.m2\repository\com\google\guava\listenablefuture\9999.0-empty-to-avoid-conflict-with-guava\listenablefuture-9999.0-empty-to-avoid-conflict-with-guava.jar;C:\Users\Admin\.m2\repository\com\google\code\findbugs\jsr305\3.0.2\jsr305-3.0.2.jar;C:\Users\Admin\.m2\repository\org\checkerframework\checker-qual\3.41.0\checker-qual-3.41.0.jar;C:\Users\Admin\.m2\repository\com\google\errorprone\error_prone_annotations\2.23.0\error_prone_annotations-2.23.0.jar;C:\Users\Admin\.m2\repository\com\google\j2objc\j2objc-annotations\2.8\j2objc-annotations-2.8.jar;C:\Users\Admin\.m2\repository\io\opentelemetry\semconv\opentelemetry-semconv\1.23.1-alpha\opentelemetry-semconv-1.23.1-alpha.jar;C:\Users\Admin\.m2\repository\io\opentelemetry\opentelemetry-api\1.35.0\opentelemetry-api-1.35.0.jar;C:\Users\Admin\.m2\repository\io\opentelemetry\opentelemetry-context\1.35.0\opentelemetry-context-1.35.0.jar;C:\Users\Admin\.m2\repository\io\opentelemetry\opentelemetry-exporter-logging\1.35.0\opentelemetry-exporter-logging-1.35.0.jar;C:\Users\Admin\.m2\repository\io\opentelemetry\opentelemetry-sdk-common\1.35.0\opentelemetry-sdk-common-1.35.0.jar;C:\Users\Admin\.m2\repository\io\opentelemetry\opentelemetry-sdk-extension-autoconfigure-spi\1.35.0\opentelemetry-sdk-extension-autoconfigure-spi-1.35.0.jar;C:\Users\Admin\.m2\repository\io\opentelemetry\opentelemetry-sdk-extension-autoconfigure\1.35.0\opentelemetry-sdk-extension-autoconfigure-1.35.0.jar;C:\Users\Admin\.m2\repository\io\opentelemetry\opentelemetry-api-events\1.35.0-alpha\opentelemetry-api-events-1.35.0-alpha.jar;C:\Users\Admin\.m2\repository\io\opentelemetry\opentelemetry-sdk-trace\1.35.0\opentelemetry-sdk-trace-1.35.0.jar;C:\Users\Admin\.m2\repository\io\opentelemetry\opentelemetry-extension-incubator\1.35.0-alpha\opentelemetry-extension-incubator-1.35.0-alpha.jar;C:\Users\Admin\.m2\repository\io\opentelemetry\opentelemetry-sdk\1.35.0\opentelemetry-sdk-1.35.0.jar;C:\Users\Admin\.m2\repository\io\opentelemetry\opentelemetry-sdk-metrics\1.35.0\opentelemetry-sdk-metrics-1.35.0.jar;C:\Users\Admin\.m2\repository\io\opentelemetry\opentelemetry-sdk-logs\1.35.0\opentelemetry-sdk-logs-1.35.0.jar;C:\Users\Admin\.m2\repository\net\bytebuddy\byte-buddy\1.14.12\byte-buddy-1.14.12.jar;C:\Users\Admin\.m2\repository\org\seleniumhq\selenium\selenium-os\4.18.1\selenium-os-4.18.1.jar;C:\Users\Admin\.m2\repository\org\apache\commons\commons-exec\1.3\commons-exec-1.3.jar;C:\Users\Admin\.m2\repository\org\seleniumhq\selenium\selenium-safari-driver\4.18.1\selenium-safari-driver-4.18.1.jar;C:\Users\Admin\.m2\repository\org\seleniumhq\selenium\selenium-support\4.18.1\selenium-support-4.18.1.jar;C:\Users\Admin\.m2\repository\com\codoid\products\fillo\1.18\fillo-1.18.jar;C:\Users\Admin\.m2\repository\com\aventstack\extentreports\4.0.6\extentreports-4.0.6.jar;C:\Users\Admin\.m2\repository\org\freemarker\freemarker\2.3.23\freemarker-2.3.23.jar;C:\Users\Admin\.m2\repository\org\mongodb\mongodb-driver\3.3.0\mongodb-driver-3.3.0.jar;C:\Users\Admin\.m2\repository\org\mongodb\mongodb-driver-core\3.3.0\mongodb-driver-core-3.3.0.jar;C:\Users\Admin\.m2\repository\org\mongodb\bson\3.3.0\bson-3.3.0.jar;C:\Users\Admin\.m2\repository\org\apache\httpcomponents\httpclient\4.5.2\httpclient-4.5.2.jar;C:\Users\Admin\.m2\repository\org\apache\httpcomponents\httpcore\4.4.4\httpcore-4.4.4.jar;C:\Users\Admin\.m2\repository\commons-logging\commons-logging\1.2\commons-logging-1.2.jar;C:\Users\Admin\.m2\repository\commons-codec\commons-codec\1.9\commons-codec-1.9.jar;C:\Users\Admin\.m2\repository\org\apache\httpcomponents\httpmime\4.5.2\httpmime-4.5.2.jar;C:\Users\Admin\.m2\repository\com\google\code\gson\gson\2.8.5\gson-2.8.5.jar;C:\Users\Admin\.m2\repository\commons-io\commons-io\2.13.0\commons-io-2.13.0.jar;C:\Users\Admin\.m2\repository\org\apache\commons\commons-email\1.6.0\commons-email-1.6.0.jar;C:\Users\Admin\.m2\repository\com\sun\mail\jakarta.mail\1.6.7\jakarta.mail-1.6.7.jar;C:\Users\Admin\.m2\repository\com\sun\activation\jakarta.activation\1.2.1\jakarta.activation-1.2.1.jar;"/>
    <property name="java.vm.vendor" value="Oracle Corporation"/>
    <property name="sun.arch.data.model" value="64"/>
    <property name="user.variant" value=""/>
    <property name="java.vendor.url" value="https://java.oracle.com/"/>
    <property name="user.timezone" value="Asia/Calcutta"/>
    <property name="os.name" value="Windows 11"/>
    <property name="java.vm.specification.version" value="21"/>
    <property name="sun.java.launcher" value="SUN_STANDARD"/>
    <property name="user.country" value="IN"/>
    <property name="sun.boot.library.path" value="C:\Program Files\Java\jdk-21\bin"/>
    <property name="sun.java.command" value="C:\Windows\Temp\surefire11894510783363379994\surefirebooter-20240228173407146_3.jar C:\Windows\Temp\surefire11894510783363379994 2024-02-28T17-34-06_785-jvmRun1 surefire-20240228173407146_1tmp surefire_0-20240228173407146_2tmp"/>
    <property name="jdk.debug" value="release"/>
    <property name="surefire.test.class.path" value="E:\Devendra\cdm\CDMCucumber\CDMProject\target\test-classes;E:\Devendra\cdm\CDMCucumber\CDMProject\target\classes;C:\Users\Admin\.m2\repository\io\cucumber\cucumber-java\7.14.0\cucumber-java-7.14.0.jar;C:\Users\Admin\.m2\repository\io\cucumber\cucumber-core\7.14.0\cucumber-core-7.14.0.jar;C:\Users\Admin\.m2\repository\io\cucumber\cucumber-gherkin\7.14.0\cucumber-gherkin-7.14.0.jar;C:\Users\Admin\.m2\repository\io\cucumber\cucumber-gherkin-messages\7.14.0\cucumber-gherkin-messages-7.14.0.jar;C:\Users\Admin\.m2\repository\io\cucumber\gherkin\26.2.0\gherkin-26.2.0.jar;C:\Users\Admin\.m2\repository\io\cucumber\messages\22.0.0\messages-22.0.0.jar;C:\Users\Admin\.m2\repository\io\cucumber\tag-expressions\5.0.6\tag-expressions-5.0.6.jar;C:\Users\Admin\.m2\repository\io\cucumber\cucumber-expressions\16.1.2\cucumber-expressions-16.1.2.jar;C:\Users\Admin\.m2\repository\io\cucumber\datatable\7.14.0\datatable-7.14.0.jar;C:\Users\Admin\.m2\repository\io\cucumber\cucumber-plugin\7.14.0\cucumber-plugin-7.14.0.jar;C:\Users\Admin\.m2\repository\io\cucumber\docstring\7.14.0\docstring-7.14.0.jar;C:\Users\Admin\.m2\repository\io\cucumber\html-formatter\20.4.0\html-formatter-20.4.0.jar;C:\Users\Admin\.m2\repository\io\cucumber\junit-xml-formatter\0.2.0\junit-xml-formatter-0.2.0.jar;C:\Users\Admin\.m2\repository\io\cucumber\ci-environment\9.2.0\ci-environment-9.2.0.jar;C:\Users\Admin\.m2\repository\org\apiguardian\apiguardian-api\1.1.2\apiguardian-api-1.1.2.jar;C:\Users\Admin\.m2\repository\com\github\stephenc\monte\monte-screen-recorder\0.7.7.0\monte-screen-recorder-0.7.7.0.jar;C:\Users\Admin\.m2\repository\org\junit\jupiter\junit-jupiter-api\5.10.2\junit-jupiter-api-5.10.2.jar;C:\Users\Admin\.m2\repository\org\opentest4j\opentest4j\1.3.0\opentest4j-1.3.0.jar;C:\Users\Admin\.m2\repository\org\junit\platform\junit-platform-commons\1.10.2\junit-platform-commons-1.10.2.jar;C:\Users\Admin\.m2\repository\io\cucumber\cucumber-junit\7.14.0\cucumber-junit-7.14.0.jar;C:\Users\Admin\.m2\repository\junit\junit\4.13.2\junit-4.13.2.jar;C:\Users\Admin\.m2\repository\org\hamcrest\hamcrest-core\1.3\hamcrest-core-1.3.jar;C:\Users\Admin\.m2\repository\org\seleniumhq\selenium\selenium-java\4.18.1\selenium-java-4.18.1.jar;C:\Users\Admin\.m2\repository\org\seleniumhq\selenium\selenium-api\4.18.1\selenium-api-4.18.1.jar;C:\Users\Admin\.m2\repository\org\seleniumhq\selenium\selenium-chrome-driver\4.18.1\selenium-chrome-driver-4.18.1.jar;C:\Users\Admin\.m2\repository\com\google\auto\service\auto-service-annotations\1.1.1\auto-service-annotations-1.1.1.jar;C:\Users\Admin\.m2\repository\org\seleniumhq\selenium\selenium-chromium-driver\4.18.1\selenium-chromium-driver-4.18.1.jar;C:\Users\Admin\.m2\repository\org\seleniumhq\selenium\selenium-json\4.18.1\selenium-json-4.18.1.jar;C:\Users\Admin\.m2\repository\org\seleniumhq\selenium\selenium-manager\4.18.1\selenium-manager-4.18.1.jar;C:\Users\Admin\.m2\repository\org\seleniumhq\selenium\selenium-devtools-v120\4.18.1\selenium-devtools-v120-4.18.1.jar;C:\Users\Admin\.m2\repository\org\seleniumhq\selenium\selenium-devtools-v121\4.18.1\selenium-devtools-v121-4.18.1.jar;C:\Users\Admin\.m2\repository\org\seleniumhq\selenium\selenium-devtools-v122\4.18.1\selenium-devtools-v122-4.18.1.jar;C:\Users\Admin\.m2\repository\org\seleniumhq\selenium\selenium-devtools-v85\4.18.1\selenium-devtools-v85-4.18.1.jar;C:\Users\Admin\.m2\repository\org\seleniumhq\selenium\selenium-edge-driver\4.18.1\selenium-edge-driver-4.18.1.jar;C:\Users\Admin\.m2\repository\org\seleniumhq\selenium\selenium-firefox-driver\4.18.1\selenium-firefox-driver-4.18.1.jar;C:\Users\Admin\.m2\repository\org\seleniumhq\selenium\selenium-http\4.18.1\selenium-http-4.18.1.jar;C:\Users\Admin\.m2\repository\dev\failsafe\failsafe\3.3.2\failsafe-3.3.2.jar;C:\Users\Admin\.m2\repository\org\seleniumhq\selenium\selenium-ie-driver\4.18.1\selenium-ie-driver-4.18.1.jar;C:\Users\Admin\.m2\repository\org\seleniumhq\selenium\selenium-remote-driver\4.18.1\selenium-remote-driver-4.18.1.jar;C:\Users\Admin\.m2\repository\com\google\guava\guava\33.0.0-jre\guava-33.0.0-jre.jar;C:\Users\Admin\.m2\repository\com\google\guava\failureaccess\1.0.2\failureaccess-1.0.2.jar;C:\Users\Admin\.m2\repository\com\google\guava\listenablefuture\9999.0-empty-to-avoid-conflict-with-guava\listenablefuture-9999.0-empty-to-avoid-conflict-with-guava.jar;C:\Users\Admin\.m2\repository\com\google\code\findbugs\jsr305\3.0.2\jsr305-3.0.2.jar;C:\Users\Admin\.m2\repository\org\checkerframework\checker-qual\3.41.0\checker-qual-3.41.0.jar;C:\Users\Admin\.m2\repository\com\google\errorprone\error_prone_annotations\2.23.0\error_prone_annotations-2.23.0.jar;C:\Users\Admin\.m2\repository\com\google\j2objc\j2objc-annotations\2.8\j2objc-annotations-2.8.jar;C:\Users\Admin\.m2\repository\io\opentelemetry\semconv\opentelemetry-semconv\1.23.1-alpha\opentelemetry-semconv-1.23.1-alpha.jar;C:\Users\Admin\.m2\repository\io\opentelemetry\opentelemetry-api\1.35.0\opentelemetry-api-1.35.0.jar;C:\Users\Admin\.m2\repository\io\opentelemetry\opentelemetry-context\1.35.0\opentelemetry-context-1.35.0.jar;C:\Users\Admin\.m2\repository\io\opentelemetry\opentelemetry-exporter-logging\1.35.0\opentelemetry-exporter-logging-1.35.0.jar;C:\Users\Admin\.m2\repository\io\opentelemetry\opentelemetry-sdk-common\1.35.0\opentelemetry-sdk-common-1.35.0.jar;C:\Users\Admin\.m2\repository\io\opentelemetry\opentelemetry-sdk-extension-autoconfigure-spi\1.35.0\opentelemetry-sdk-extension-autoconfigure-spi-1.35.0.jar;C:\Users\Admin\.m2\repository\io\opentelemetry\opentelemetry-sdk-extension-autoconfigure\1.35.0\opentelemetry-sdk-extension-autoconfigure-1.35.0.jar;C:\Users\Admin\.m2\repository\io\opentelemetry\opentelemetry-api-events\1.35.0-alpha\opentelemetry-api-events-1.35.0-alpha.jar;C:\Users\Admin\.m2\repository\io\opentelemetry\opentelemetry-sdk-trace\1.35.0\opentelemetry-sdk-trace-1.35.0.jar;C:\Users\Admin\.m2\repository\io\opentelemetry\opentelemetry-extension-incubator\1.35.0-alpha\opentelemetry-extension-incubator-1.35.0-alpha.jar;C:\Users\Admin\.m2\repository\io\opentelemetry\opentelemetry-sdk\1.35.0\opentelemetry-sdk-1.35.0.jar;C:\Users\Admin\.m2\repository\io\opentelemetry\opentelemetry-sdk-metrics\1.35.0\opentelemetry-sdk-metrics-1.35.0.jar;C:\Users\Admin\.m2\repository\io\opentelemetry\opentelemetry-sdk-logs\1.35.0\opentelemetry-sdk-logs-1.35.0.jar;C:\Users\Admin\.m2\repository\net\bytebuddy\byte-buddy\1.14.12\byte-buddy-1.14.12.jar;C:\Users\Admin\.m2\repository\org\seleniumhq\selenium\selenium-os\4.18.1\selenium-os-4.18.1.jar;C:\Users\Admin\.m2\repository\org\apache\commons\commons-exec\1.3\commons-exec-1.3.jar;C:\Users\Admin\.m2\repository\org\seleniumhq\selenium\selenium-safari-driver\4.18.1\selenium-safari-driver-4.18.1.jar;C:\Users\Admin\.m2\repository\org\seleniumhq\selenium\selenium-support\4.18.1\selenium-support-4.18.1.jar;C:\Users\Admin\.m2\repository\com\codoid\products\fillo\1.18\fillo-1.18.jar;C:\Users\Admin\.m2\repository\com\aventstack\extentreports\4.0.6\extentreports-4.0.6.jar;C:\Users\Admin\.m2\repository\org\freemarker\freemarker\2.3.23\freemarker-2.3.23.jar;C:\Users\Admin\.m2\repository\org\mongodb\mongodb-driver\3.3.0\mongodb-driver-3.3.0.jar;C:\Users\Admin\.m2\repository\org\mongodb\mongodb-driver-core\3.3.0\mongodb-driver-core-3.3.0.jar;C:\Users\Admin\.m2\repository\org\mongodb\bson\3.3.0\bson-3.3.0.jar;C:\Users\Admin\.m2\repository\org\apache\httpcomponents\httpclient\4.5.2\httpclient-4.5.2.jar;C:\Users\Admin\.m2\repository\org\apache\httpcomponents\httpcore\4.4.4\httpcore-4.4.4.jar;C:\Users\Admin\.m2\repository\commons-logging\commons-logging\1.2\commons-logging-1.2.jar;C:\Users\Admin\.m2\repository\commons-codec\commons-codec\1.9\commons-codec-1.9.jar;C:\Users\Admin\.m2\repository\org\apache\httpcomponents\httpmime\4.5.2\httpmime-4.5.2.jar;C:\Users\Admin\.m2\repository\com\google\code\gson\gson\2.8.5\gson-2.8.5.jar;C:\Users\Admin\.m2\repository\commons-io\commons-io\2.13.0\commons-io-2.13.0.jar;C:\Users\Admin\.m2\repository\org\apache\commons\commons-email\1.6.0\commons-email-1.6.0.jar;C:\Users\Admin\.m2\repository\com\sun\mail\jakarta.mail\1.6.7\jakarta.mail-1.6.7.jar;C:\Users\Admin\.m2\repository\com\sun\activation\jakarta.activation\1.2.1\jakarta.activation-1.2.1.jar;"/>
    <property name="sun.cpu.endian" value="little"/>
    <property name="user.home" value="C:\Users\Admin"/>
    <property name="user.language" value="en"/>
    <property name="java.specification.vendor" value="Oracle Corporation"/>
    <property name="java.version.date" value="2023-10-17"/>
    <property name="java.home" value="C:\Program Files\Java\jdk-21"/>
    <property name="file.separator" value="\"/>
    <property name="basedir" value="E:\Devendra\cdm\CDMCucumber\CDMProject"/>
    <property name="style.color" value="always"/>
    <property name="java.vm.compressedOopsMode" value="Zero based"/>
    <property name="line.separator" value="&#10;"/>
    <property name="java.vm.specification.vendor" value="Oracle Corporation"/>
    <property name="java.specification.name" value="Java Platform API Specification"/>
    <property name="surefire.real.class.path" value="C:\Windows\Temp\surefire11894510783363379994\surefirebooter-20240228173407146_3.jar"/>
    <property name="user.script" value=""/>
    <property name="sun.management.compiler" value="HotSpot 64-Bit Tiered Compilers"/>
    <property name="java.runtime.version" value="21.0.1+12-LTS-29"/>
    <property name="user.name" value="Admin"/>
    <property name="stdout.encoding" value="Cp1252"/>
    <property name="path.separator" value=";"/>
    <property name="os.version" value="10.0"/>
    <property name="java.runtime.name" value="Java(TM) SE Runtime Environment"/>
    <property name="file.encoding" value="UTF-8"/>
    <property name="java.vm.name" value="Java HotSpot(TM) 64-Bit Server VM"/>
    <property name="localRepository" value="C:\Users\Admin\.m2\repository"/>
    <property name="java.vendor.url.bug" value="https://bugreport.java.com/bugreport/"/>
    <property name="java.io.tmpdir" value="C:\Windows\TEMP\"/>
    <property name="webdriver.chrome.drive" value="E:\Devendra\cdm\CDMCucumber\CDMProject\chromedriver\chromedriver.exe"/>
    <property name="java.version" value="21.0.1"/>
    <property name="user.dir" value="E:\Devendra\cdm\CDMCucumber\CDMProject"/>
    <property name="os.arch" value="amd64"/>
    <property name="java.vm.specification.name" value="Java Virtual Machine Specification"/>
    <property name="sun.os.patch.level" value=""/>
    <property name="native.encoding" value="Cp1252"/>
    <property name="java.library.path" value="C:\Program Files\Java\jdk-21\bin;C:\Windows\Sun\Java\bin;C:\Windows\system32;C:\Windows;C:\Program Files\Common Files\Oracle\Java\javapath;C:\Windows\system32;C:\Windows;C:\Windows\System32\Wbem;C:\Windows\System32\WindowsPowerShell\v1.0\;C:\Windows\System32\OpenSSH\;C:\Program Files\Java\jdk-21\bin;C:\Program Files\Microsoft SQL Server\150\Tools\Binn\;C:\Program Files\Git\cmd;C:\Program Files\Git\bin;C:\Program Files\Microsoft SQL Server\Client SDK\ODBC\170\Tools\Binn\;C:\Program Files\nodejs\;C:\Program Files\dotnet\;C:\Users\Admin\Downloads\apache-maven-3.9.6-bin\apache-maven-3.9.6\bin;C:\Users\Admin\AppData\Local\Microsoft\WindowsApps;C:\Users\Admin\AppData\Local\Programs\Microsoft VS Code\bin;C:\Users\Admin\AppData\Roaming\npm;C:\Users\Admin\.dotnet\tools;."/>
    <property name="java.vm.info" value="mixed mode, sharing"/>
    <property name="stderr.encoding" value="Cp1252"/>
    <property name="java.vendor" value="Oracle Corporation"/>
    <property name="java.vm.version" value="21.0.1+12-LTS-29"/>
    <property name="sun.io.unicode.encoding" value="UnicodeLittle"/>
    <property name="java.class.version" value="65.0"/>
  </properties>
  <testcase name="TC01_Verification of Browser Compatibility of EDGE Device module of the application" classname="EDGE Devices" time="34.336">
    <system-out><![CDATA[
@SheetEDGEDEVICES @Test
Scenario: TC01_Verification of Browser Compatibility of EDGE Device module of the application &amp#27;[90m# src/test/resources/Features/EDGEDevices.feature:6&amp#27;[0m
I am tag Name@SheetEDGEDEVICES
I am in SheetEDGEDEVICES
I am tag Name@Test
{TC046_Verification of breaching the Max character limit in EDGE  Name Text field in the Identity section of User Add screen by Super admin/Admin user={Value9=, Value3=, Value4=, Value20=, Value1=, Value2=Verification of breaching the Max character limit in EDGE  Name Text field in the Identity section of User Add screen by Super admin/Admin user, Value7=, Value8=, Url=#/auth/login, Value5=, Value6=, Value23=, TCDescription=Verification of breaching the Max character limit in EDGE Name Text field in the Identity section of User Add screen by Super admin/Admin user, Userid=devendar.malothu@weatherford.com, Value21=, Value22=, Password=Chittu@123, COLUMN_28=, Value16=, Value17=, Value14=, Value15=, Value12=, Value13=, TCName=TC046_Verification of breaching the Max character limit in EDGE  Name Text field in the Identity section of User Add screen by Super admin/Admin user, Value10=, Value11=, Value18=, Value19=}, TC058_Verification of multiple select of the Active Application for deploy of EDGE module by Super admin/Admin user and Operator users={Value9=, Value3=, Value4=, Value20=, Value1=Stagingtest24, Value2=, Value7=, Value8=, Url=#/auth/login, Value5=, Value6=, Value23=, TCDescription=Verification of multiple select of the Active Application for deploy of EDGE module by Super admin/Admin user  & Operator users, Userid=devendar.malothu@weatherford.com, Value21=, Value22=, Password=Chittu@123, COLUMN_28=, Value16=, Value17=, Value14=, Value15=, Value12=, Value13=, TCName=TC058_Verification of multiple select of the Active Application for deploy of EDGE module by Super admin/Admin user and Operator users, Value10=, Value11=, Value18=, Value19=}, TC081_Verification of Environmental variable Add inactive Functionality={Value9=, Value3=, Value4=, Value20=Abhijit, Value1=ME-44, Value2=, Value7=, Value8=, Url=#/auth/login, Value5=, Value6=, Value23=, TCDescription=Verification of Environmental variable edit Functionality, Userid=devendar.malothu@weatherford.com, Value21=Sawant, Value22=, Password=Chittu@123, COLUMN_28=, Value16=, Value17=, Value14=Singh, Value15=, Value12=, Value13=Abhijit, TCName=TC081_Verification of Environmental variable Add inactive Functionality, Value10=, Value11=, Value18=, Value19=}, TC072_To verify that user is able to map well which is searched using RTU Address={Value9=, Value3=, Value4=, Value20=, Value1=Stagingtest24, Value2=12345, Value7=, Value8=, Url=#/auth/login, Value5=, Value6=, Value23=, TCDescription=To verify that user is able to map well which is searched using RTU Address, Userid=devendar.malothu@weatherford.com, Value21=, Value22=, Password=Chittu@123, COLUMN_28=, Value16=, Value17=, Value14=, Value15=, Value12=, Value13=, TCName=TC072_To verify that user is able to map well which is searched using RTU Address, Value10=, Value11=, Value18=, Value19=}, TC030_Verification of the search functionality for Health status column (Valid Health status entry) in the EDGE Device List screen by Super admin/Admin user={Value9=, Value3=, Value4=, Value20=, Value1=, Value2=, Value7=, Value8=, Url=#/auth/login, Value5=, Value6=, Value23=, TCDescription=Verification of the search functionality for Health status column (Valid Health status entry) in the EDGE Device List screen by Super admin/Admin user, Userid=devendar.malothu@weatherford.com, Value21=, Value22=, Password=Chittu@123, COLUMN_28=, Value16=, Value17=, Value14=, Value15=, Value12=, Value13=, TCName=TC030_Verification of the search functionality for Health status column (Valid Health status entry) in the EDGE Device List screen by Super admin/Admin user, Value10=, Value11=, Value18=, Value19=}, TC01_Verification of Browser Compatibility of EDGE Device module of the application={Value9=, Value3=, Value4=, Value20=, Value1=, Value2=, Value7=, Value8=, Url=#/auth/login, Value5=, Value6=, Value23=, TCDescription=Verification of Browser Compatibility of EDGE Device module of the application, Userid=devendar.malothu@weatherford.com, Value21=, Value22=, Password=Chittu@123, COLUMN_28=, Value16=, Value17=, Value14=, Value15=, Value12=, Value13=, TCName=TC01_Verification of Browser Compatibility of EDGE Device module of the application, Value10=, Value11=, Value18=, Value19=}, TC079_To verify that user is able to map multiple wells from each page at a time and observe that they appear at the top of the list once mapping is done={Value9=, Value3=, Value4=, Value20=, Value1=, Value2=, Value7=, Value8=, Url=#/auth/login, Value5=, Value6=, Value23=, TCDescription=To verify that user is able to map multiple wells from each page at a time and observe that they appear at the top of the list once mapping is done, Userid=devendar.malothu@weatherford.com, Value21=, Value22=, Password=Chittu@123, COLUMN_28=, Value16=, Value17=, Value14=, Value15=, Value12=, Value13=, TCName=TC079_To verify that user is able to map multiple wells from each page at a time and observe that they appear at the top of the list once mapping is done, Value10=, Value11=, Value18=, Value19=}, T0C89_Verification of Application Configuration button functionality from Actions Column={Value9=, Value3=, Value4=, Value20=, Value1=ME-44, Value2=, Value7=, Value8=, Url=#/auth/login, Value5=, Value6=, Value23=, TCDescription=Verification of Application Configuration button functionality from Actions Column, Userid=devendar.malothu@weatherford.com, Value21=, Value22=, Password=Chittu@123, COLUMN_28=, Value16=, Value17=, Value14=, Value15=, Value12=, Value13=, TCName=T0C89_Verification of Application Configuration button functionality from Actions Column, Value10=, Value11=, Value18=, Value19=}, TC055_Verification of breaching the Max character limit in EDGE ID Text field in the Identity section of User EDIT Screen by Super admin/Admin user={Value9=, Value3=, Value4=, Value20=, Value1=Stagingtest24, Value2=erification of breaching the Max character limit in EDGE NameText field in the Identity section of User EDIT Screen by Super admin/Admin user, Value7=, Value8=, Url=#/auth/login, Value5=, Value6=, Value23=, TCDescription=Verification of breaching the Max character limit in EDGE Name Text field in the Identity section of User EDIT Screen by Super admin/Admin user, Userid=devendar.malothu@weatherford.com, Value21=, Value22=, Password=Chittu@123, COLUMN_28=, Value16=, Value17=, Value14=, Value15=, Value12=, Value13=, TCName=TC055_Verification of breaching the Max character limit in EDGE ID Text field in the Identity section of User EDIT Screen by Super admin/Admin user, Value10=, Value11=, Value18=, Value19=}, TC057_Verification of Viewing of all the steppers & select the application to deploy application in Individual EDGE Device module by Super admin/Admin user & Operator users={Value9=, Value3=, Value4=, Value20=, Value1=Stagingtest24, Value2= , Value7=, Value8=, Url=#/auth/login, Value5=, Value6=, Value23=, TCDescription=Verification of Viewing of all the steppers & select the application to deploy application in Individual EDGE Device module by Super admin/Admin user & Operator users, Userid=devendar.malothu@weatherford.com, Value21=, Value22=, Password=Chittu@123, COLUMN_28=, Value16=, Value17=, Value14=, Value15=, Value12=, Value13=, TCName=TC057_Verification of Viewing of all the steppers & select the application to deploy application in Individual EDGE Device module by Super admin/Admin user & Operator users, Value10=, Value11=, Value18=, Value19=}, TC083_Verification of Environmental variable delete Functionality={Value9=, Value3=, Value4=, Value20=Apple, Value1=ME-44, Value2=, Value7=, Value8=, Url=#/auth/login, Value5=, Value6=, Value23=, TCDescription=Verification of Environmental variable delete Functionality, Userid=devendar.malothu@weatherford.com, Value21=Phone, Value22=, Password=Chittu@123, COLUMN_28=, Value16=, Value17=, Value14=, Value15=, Value12=, Value13=, TCName=TC083_Verification of Environmental variable delete Functionality, Value10=, Value11=, Value18=, Value19=}, TC020_Verification of displaying the First page (Full Backward arrow) button in the EDGE Device List screen by Super admin/Admin user={Value9=, Value3=, Value4=, Value20=, Value1=5, Value2=, Value7=, Value8=, Url=#/auth/login, Value5=, Value6=, Value23=, TCDescription=Verification of displaying the First page (Full Backward arrow) button in the EDGE Device List screen by Super admin/Admin user, Userid=devendar.malothu@weatherford.com, Value21=, Value22=, Password=Chittu@123, COLUMN_28=, Value16=, Value17=, Value14=, Value15=, Value12=, Value13=, TCName=TC020_Verification of displaying the First page (Full Backward arrow) button in the EDGE Device List screen by Super admin/Admin user, Value10=, Value11=, Value18=, Value19=}, TC017_Verification of changing the items per page functionality in the EDGE Device List screen by Super admin/Admin user={Value9=, Value3=, Value4=, Value20=, Value1=5, Value2=, Value7=, Value8=, Url=#/auth/login, Value5=, Value6=, Value23=, TCDescription=Verification of changing the items per page functionality in the EDGE Device List screen by Super admin/Admin user, Userid=devendar.malothu@weatherford.com, Value21=, Value22=, Password=Chittu@123, COLUMN_28=, Value16=, Value17=, Value14=, Value15=, Value12=, Value13=, TCName=TC017_Verification of changing the items per page functionality in the EDGE Device List screen by Super admin/Admin user, Value10=, Value11=, Value18=, Value19=}, TC040_Verification of redirection functionality for Cancel icon in Add screen of EDGE Device module by Super admin/Admin user={Value9=, Value3=, Value4=, Value20=, Value1=, Value2=, Value7=, Value8=, Url=#/auth/login, Value5=, Value6=, Value23=, TCDescription=Verification of redirection functionality for Cancel icon in Add screen of EDGE Device module by Super admin/Admin user, Userid=devendar.malothu@weatherford.com, Value21=, Value22=, Password=Chittu@123, COLUMN_28=, Value16=, Value17=, Value14=, Value15=, Value12=, Value13=, TCName=TC040_Verification of redirection functionality for Cancel icon in Add screen of EDGE Device module by Super admin/Admin user, Value10=, Value11=, Value18=, Value19=}, TC062_Verification of select the Active Single EDGE in  EDGE Device App configuration by Super admin/Admin & Operator users={Value9=, Value3=, Value4=, Value20=, Value1=Stagingtest24, Value2=, Value7=, Value8=, Url=#/auth/login, Value5=, Value6=, Value23=, TCDescription=Verification of multiselect application from App configuration by Super admin/Admin & Operator users, Userid=devendar.malothu@weatherford.com, Value21=, Value22=, Password=Chittu@123, COLUMN_28=, Value16=, Value17=, Value14=, Value15=, Value12=, Value13=, TCName=TC062_Verification of select the Active Single EDGE in  EDGE Device App configuration by Super admin/Admin & Operator users, Value10=, Value11=, Value18=, Value19=}, TC08_Verification of Application Configuration button functionality in the EDGE Device List screen by Super admin/Admin user={Value9=, Value3=, Value4=, Value20=, Value1=, Value2=, Value7=, Value8=, Url=#/auth/login, Value5=, Value6=, Value23=, TCDescription=Verification of Application Configuration button functionality in the EDGE Device List screen by Super admin/Admin user, Userid=devendar.malothu@weatherford.com, Value21=, Value22=, Password=Chittu@123, COLUMN_28=, Value16=, Value17=, Value14=, Value15=, Value12=, Value13=, TCName=TC08_Verification of Application Configuration button functionality in the EDGE Device List screen by Super admin/Admin user, Value10=, Value11=, Value18=, Value19=}, TC080_To verify that a newly created well appears in the Well Mapping list and the user is able to map it to the Edge Device={Value9=, Value3=100.100.100, Value4= RPOC, Value20=, Value1=TestVal20240228173412, Value2=14, Value7=, Value8=, Url=#/auth/login, Value5=Well2, Value6=ME-44, Value23=, TCDescription=To verify that a newly created well appears in the Well Mapping list and the user is able to map it to the Edge Device, Userid=devendar.malothu@weatherford.com, Value21=, Value22=, Password=Chittu@123, COLUMN_28=, Value16=, Value17=, Value14=, Value15=, Value12=, Value13=, TCName=TC080_To verify that a newly created well appears in the Well Mapping list and the user is able to map it to the Edge Device, Value10=, Value11=, Value18=, Value19=}, TC027_Verification of the search functionality for EDGE Name column (Valid Name) in the EDGE Device List screen by Super admin/Admin user={Value9=, Value3=, Value4=, Value20=, Value1=, Value2=EdgeDeviceStagingName25022024140055, Value7=, Value8=, Url=#/auth/login, Value5=, Value6=, Value23=, TCDescription=Verification of the search functionality for EDGE Name column (Valid Name) in the EDGE Device List screen by Super admin/Admin user, Userid=devendar.malothu@weatherford.com, Value21=, Value22=, Password=Chittu@123, COLUMN_28=, Value16=, Value17=, Value14=, Value15=, Value12=, Value13=, TCName=TC027_Verification of the search functionality for EDGE Name column (Valid Name) in the EDGE Device List screen by Super admin/Admin user, Value10=, Value11=, Value18=, Value19=}, TC012_Verification of Delete functionality in the EDGE Device List screen by Super admin/Admin user (If few devices are not linked with other module)={Value9=, Value3=, Value4=, Value20=, Value1=ME-44, Value2=, Value7=, Value8=, Url=#/auth/login, Value5=, Value6=, Value23=, TCDescription=Verification of Delete functionality in the EDGE Device List screen by Super admin/Admin user (If few devices are not linked with other module), Userid=devendar.malothu@weatherford.com, Value21=, Value22=, Password=Chittu@123, COLUMN_28=, Value16=, Value17=, Value14=, Value15=, Value12=, Value13=, TCName=TC012_Verification of Delete functionality in the EDGE Device List screen by Super admin/Admin user (If few devices are not linked with other module), Value10=, Value11=, Value18=, Value19=}, TC064_Verification of select the Active Single Application in  EDGE Device App configuration by Super admin/Admin & Operator users={Value9=, Value3=, Value4=, Value20=, Value1=Stagingtest24, Value2=, Value7=, Value8=, Url=#/auth/login, Value5=, Value6=, Value23=, TCDescription=Verification of select the Active Single Application in  EDGE Device App configuration by Super admin/Admin & Operator users, Userid=devendar.malothu@weatherford.com, Value21=, Value22=, Password=Chittu@123, COLUMN_28=, Value16=, Value17=, Value14=, Value15=, Value12=, Value13=, TCName=TC064_Verification of select the Active Single Application in  EDGE Device App configuration by Super admin/Admin & Operator users, Value10=, Value11=, Value18=, Value19=}, TC66_Verification of select the application configuration in  EDGE Device App configuration by Super admin/Admin & Operator users={Value9=, Value3=, Value4=, Value20=, Value1=Stagingtest24, Value2=, Value7=, Value8=, Url=#/auth/login, Value5=, Value6=, Value23=, TCDescription=Verification of select the application configuration in  EDGE Device App configuration by Super admin/Admin & Operator users, Userid=devendar.malothu@weatherford.com, Value21=, Value22=, Password=Chittu@123, COLUMN_28=, Value16=, Value17=, Value14=, Value15=, Value12=, Value13=, TCName=TC66_Verification of select the application configuration in  EDGE Device App configuration by Super admin/Admin & Operator users, Value10=, Value11=, Value18=, Value19=}, TC078_To verify that user is able to map multiple wells at a time={Value9=, Value3=, Value4=, Value20=, Value1=, Value2=, Value7=, Value8=, Url=#/auth/login, Value5=, Value6=, Value23=, TCDescription=To verify that user is able to map multiple wells at a time, Userid=devendar.malothu@weatherford.com, Value21=, Value22=, Password=Chittu@123, COLUMN_28=, Value16=, Value17=, Value14=, Value15=, Value12=, Value13=, TCName=TC078_To verify that user is able to map multiple wells at a time, Value10=, Value11=, Value18=, Value19=}, TC043_Verification of the acceptance of Numeric values in EDGE ID Text field in the Identity section of User Add screen by Super admin/Admin user={Value9=, Value3=, Value4=, Value20=, Value1=Verification of breaching the Max character limit in EDGE ID Text field in the Identity section of User Add screen by Super admin/Admin user, Value2=, Value7=, Value8=, Url=#/auth/login, Value5=, Value6=, Value23=, TCDescription=Verification of the acceptance of Numeric values in EDGE ID Text field in the Identity section of User Add screen by Super admin/Admin user, Userid=devendar.malothu@weatherford.com, Value21=, Value22=, Password=Chittu@123, COLUMN_28=, Value16=, Value17=, Value14=, Value15=, Value12=, Value13=, TCName=TC043_Verification of the acceptance of Numeric values in EDGE ID Text field in the Identity section of User Add screen by Super admin/Admin user, Value10=, Value11=, Value18=, Value19=}, TC087_Verification of displaying the Bulk download button icon on top right side of EDGE Device List screen by Super admin/Admin user={Value9=, Value3=, Value4=, Value20=, Value1=, Value2=, Value7=, Value8=, Url=#/auth/login, Value5=, Value6=, Value23=, TCDescription=Verification of displaying the Bulk Upload button icon on top right side of EDGE Device List screen by Super admin/Admin user, Userid=devendar.malothu@weatherford.com, Value21=, Value22=, Password=Chittu@123, COLUMN_28=, Value16=, Value17=, Value14=, Value15=, Value12=, Value13=, TCName=TC087_Verification of displaying the Bulk download button icon on top right side of EDGE Device List screen by Super admin/Admin user, Value10=, Value11=, Value18=, Value19=}, TC035_Verification of the search functionality for overall table in the EDGE Device screen by Super admin/Admin user={Value9=, Value3=Permian Basin, Value4=Weatherford_AppGroup, Value20=, Value1=SW-44, Value2=SW-44, Value7=, Value8=, Url=#/auth/login, Value5=0042_Pune, Value6=, Value23=, TCDescription=Verification of the search functionality for overall table in the EDGE Device screen by Super admin/Admin user, Userid=devendar.malothu@weatherford.com, Value21=, Value22=, Password=Chittu@123, COLUMN_28=, Value16=, Value17=, Value14=, Value15=, Value12=, Value13=, TCName=TC035_Verification of the search functionality for overall table in the EDGE Device screen by Super admin/Admin user, Value10=, Value11=, Value18=, Value19=}, TC045_Verification of breaching the Max character limit in EDGE ID Text field in the Identity section of User Add screen by Super admin/Admin user={Value9=, Value3=, Value4=, Value20=, Value1=Verification of breaching the Max character limit in EDGE ID Text field in the Identity section of User Add screen by Super admin/Admin user, Value2=, Value7=, Value8=, Url=#/auth/login, Value5=, Value6=, Value23=, TCDescription=Verification of breaching the Max character limit in EDGE ID Text field in the Identity section of User Add screen by Super admin/Admin user, Userid=devendar.malothu@weatherford.com, Value21=, Value22=, Password=Chittu@123, COLUMN_28=, Value16=, Value17=, Value14=, Value15=, Value12=, Value13=, TCName=TC045_Verification of breaching the Max character limit in EDGE ID Text field in the Identity section of User Add screen by Super admin/Admin user, Value10=, Value11=, Value18=, Value19=}, TC038_Verification of blank value rejections in available fields of Registration & Licence sections in Add screen of EDGE Device module by Super admin/Admin user={Value9=, Value3=, Value4=, Value20=, Value1=, Value2=, Value7=, Value8=, Url=#/auth/login, Value5=, Value6=, Value23=, TCDescription=Verification of blank value rejections in available fields of Registration & Licence sections in Add screen of EDGE Device module by Super admin/Admin user, Userid=devendar.malothu@weatherford.com, Value21=, Value22=, Password=Chittu@123, COLUMN_28=, Value16=, Value17=, Value14=, Value15=, Value12=, Value13=, TCName=TC038_Verification of blank value rejections in available fields of Registration & Licence sections in Add screen of EDGE Device module by Super admin/Admin user, Value10=, Value11=, Value18=, Value19=}, TC09_Verification of Bulk download button functionality in the EDGE Device List screen by Super admin/Admin user={Value9=, Value3=, Value4=, Value20=, Value1=, Value2=, Value7=, Value8=, Url=#/auth/login, Value5=, Value6=, Value23=, TCDescription=Verification of Bulk download button functionality in the EDGE Device List screen by Super admin/Admin user, Userid=devendar.malothu@weatherford.com, Value21=, Value22=, Password=Chittu@123, COLUMN_28=, Value16=, Value17=, Value14=, Value15=, Value12=, Value13=, TCName=TC09_Verification of Bulk download button functionality in the EDGE Device List screen by Super admin/Admin user, Value10=, Value11=, Value18=, Value19=}, TC026_Verification of the search functionality for EDGE Group Name column (Invalid Group Name) in the EDGE Device List screen by Super admin/Admin user={Value9=, Value3=Testing Data, Value4=, Value20=, Value1=, Value2=, Value7=, Value8=, Url=#/auth/login, Value5=, Value6=, Value23=, TCDescription=Verification of the search functionality for EDGE Group Name column (Invalid Group Name) in the EDGE Device List screen by Super admin/Admin user, Userid=devendar.malothu@weatherford.com, Value21=, Value22=, Password=Chittu@123, COLUMN_28=, Value16=, Value17=, Value14=, Value15=, Value12=, Value13=, TCName=TC026_Verification of the search functionality for EDGE Group Name column (Invalid Group Name) in the EDGE Device List screen by Super admin/Admin user, Value10=, Value11=, Value18=, Value19=}, TC074_To verify that user is able to map well by applying filter on the RTU Address={Value9=, Value3=, Value4=, Value20=, Value1=Stagingtest24, Value2=12345, Value7=, Value8=, Url=#/auth/login, Value5=, Value6=, Value23=, TCDescription=To verify that user is able to map well by applying filter on the RTU Address, Userid=devendar.malothu@weatherford.com, Value21=, Value22=, Password=Chittu@123, COLUMN_28=, Value16=, Value17=, Value14=, Value15=, Value12=, Value13=, TCName=TC074_To verify that user is able to map well by applying filter on the RTU Address, Value10=, Value11=, Value18=, Value19=}, TC015_Verification of tooltip functionality for View Alert(s) icon in Actions column of the EDGE Device List screen by Super admin/Admin user={Value9=, Value3=, Value4=, Value20=, Value1=, Value2=, Value7=, Value8=, Url=#/auth/login, Value5=, Value6=, Value23=, TCDescription=Verification of tooltip functionality for View Alert(s) icon in Actions column of the EDGE Device List screen by Super admin/Admin user, Userid=devendar.malothu@weatherford.com, Value21=, Value22=, Password=Chittu@123, COLUMN_28=, Value16=, Value17=, Value14=, Value15=, Value12=, Value13=, TCName=TC015_Verification of tooltip functionality for View Alert(s) icon in Actions column of the EDGE Device List screen by Super admin/Admin user, Value10=, Value11=, Value18=, Value19=}, TC019_Verification of displaying the total number of records with pagination icons in the EDGE Device List screen by Super admin/Admin user={Value9=, Value3=, Value4=, Value20=, Value1=5, Value2=, Value7=, Value8=, Url=#/auth/login, Value5=, Value6=, Value23=, TCDescription=Verification of displaying the total number of records with pagination icons in the EDGE Device List screen by Super admin/Admin user, Userid=devendar.malothu@weatherford.com, Value21=, Value22=, Password=Chittu@123, COLUMN_28=, Value16=, Value17=, Value14=, Value15=, Value12=, Value13=, TCName=TC019_Verification of displaying the total number of records with pagination icons in the EDGE Device List screen by Super admin/Admin user, Value10=, Value11=, Value18=, Value19=}, TC032_Verification of the change in colour of three dots for all columns in the EDGE Device List screen by Super admin/Admin user when search filter is applied={Value9=, Value3=, Value4=, Value20=, Value1=, Value2=, Value7=, Value8=, Url=#/auth/login, Value5=, Value6=, Value23=, TCDescription=Verification of the change in colour of three dots for all columns in the EDGE Device List screen by Super admin/Admin user when search filter is applied, Userid=devendar.malothu@weatherford.com, Value21=, Value22=, Password=Chittu@123, COLUMN_28=, Value16=, Value17=, Value14=, Value15=, Value12=, Value13=, TCName=TC032_Verification of the change in colour of three dots for all columns in the EDGE Device List screen by Super admin/Admin user when search filter is applied, Value10=, Value11=, Value18=, Value19=}, TC018_Verification of displaying the items per page by default i.e. 25 per page in the EDGE Device List screen by Super admin/Admin user={Value9=, Value3=, Value4=, Value20=, Value1=25, Value2=, Value7=, Value8=, Url=#/auth/login, Value5=, Value6=, Value23=, TCDescription=Verification of displaying the items per page by default i.e. 25 per page in the EDGE Device List screen by Super admin/Admin user, Userid=devendar.malothu@weatherford.com, Value21=, Value22=, Password=Chittu@123, COLUMN_28=, Value16=, Value17=, Value14=, Value15=, Value12=, Value13=, TCName=TC018_Verification of displaying the items per page by default i.e. 25 per page in the EDGE Device List screen by Super admin/Admin user, Value10=, Value11=, Value18=, Value19=}, TC060_Verification of Viewing of all the steppers & select the application configuration on EDGE Device Module by Super admin/Admin user & Operator users={Value9=, Value3=, Value4=, Value20=, Value1=Stagingtest24, Value2=, Value7=, Value8=, Url=#/auth/login, Value5=, Value6=, Value23=, TCDescription=Verification of Viewing of all the steppers & select the application configuration on EDGE Device Module by Super admin/Admin user & Operator users, Userid=devendar.malothu@weatherford.com, Value21=, Value22=, Password=Chittu@123, COLUMN_28=, Value16=, Value17=, Value14=, Value15=, Value12=, Value13=, TCName=TC060_Verification of Viewing of all the steppers & select the application configuration on EDGE Device Module by Super admin/Admin user & Operator users, Value10=, Value11=, Value18=, Value19=}, TC081_Verification of Update functionality in the EDGE Device List screen by Super admin/Admin user={Value9=edge1234, Value3=Canada, Value4=This is for updated Test, Value20=, Value1=abcd, Value2=abcd1234, Value7=Stagingtest26, Value8=10, Url=#/auth/login, Value5=Anuja K (anuja.kadam@birlasoft.com), Value6=CygNet, Value23=, TCDescription=Verification of Update functionality in the EDGE Device List screen by Super admin/Admin user, Userid=devendar.malothu@weatherford.com, Value21=, Value22=, Password=Chittu@123, COLUMN_28=, Value16=, Value17=, Value14=, Value15=, Value12=ForeSiteEdge, Value13=, TCName=TC081_Verification of Update functionality in the EDGE Device List screen by Super admin/Admin user, Value10=1.0, Value11=8086, Value18=, Value19=}, TC031_Verification of the search functionality for Communication status column (Valid Communication status entry) in the EDGE Device List screen by Super admin/Admin user={Value9=, Value3=, Value4=, Value20=, Value1=, Value2=, Value7=, Value8=, Url=#/auth/login, Value5=, Value6=, Value23=, TCDescription=Verification of the search functionality for Communication status column (Valid Communication status entry) in the EDGE Device List screen by Super admin/Admin user, Userid=devendar.malothu@weatherford.com, Value21=, Value22=, Password=Chittu@123, COLUMN_28=, Value16=, Value17=, Value14=, Value15=, Value12=, Value13=, TCName=TC031_Verification of the search functionality for Communication status column (Valid Communication status entry) in the EDGE Device List screen by Super admin/Admin user, Value10=, Value11=, Value18=, Value19=}, TC044_Verification of the acceptance of Alphanumeric and special characters values in EDGE Name Text field in the Identity section of User Add screen by Super admin/Admin user={Value9=, Value3=, Value4=, Value20=, Value1=, Value2=Verification of breaching the Max character limit in EDGE ID Text field in the Identity section of User Add screen by Super admin/Admin user, Value7=, Value8=, Url=#/auth/login, Value5=, Value6=, Value23=, TCDescription=Verification of the acceptance of Alphanumeric and special characters values in EDGE Name Text field in the Identity section of User Add screen by Super admin/Admin user, Userid=devendar.malothu@weatherford.com, Value21=, Value22=, Password=Chittu@123, COLUMN_28=, Value16=, Value17=, Value14=, Value15=, Value12=, Value13=, TCName=TC044_Verification of the acceptance of Alphanumeric and special characters values in EDGE Name Text field in the Identity section of User Add screen by Super admin/Admin user, Value10=, Value11=, Value18=, Value19=}, TC029_Verification of the search functionality for Hardware Name (Valid HardWare Name) in the EDGE Device List screen by Super admin/Admin user={Value9=, Value3=, Value4=, Value20=, Value1=, Value2=, Value7=, Value8=, Url=#/auth/login, Value5=, Value6=0042_Pune, Value23=, TCDescription=Verification of the search functionality for Hardware Name (Valid HardWare Name) in the EDGE Device List screen by Super admin/Admin user, Userid=devendar.malothu@weatherford.com, Value21=, Value22=, Password=Chittu@123, COLUMN_28=, Value16=, Value17=, Value14=, Value15=, Value12=, Value13=, TCName=TC029_Verification of the search functionality for Hardware Name (Valid HardWare Name) in the EDGE Device List screen by Super admin/Admin user, Value10=, Value11=, Value18=, Value19=}, TC063_Verification of select the Active multiple EDGE  for  EDGE Device App configuration by Super admin/Admin & Operator users={Value9=, Value3=, Value4=, Value20=, Value1=Stagingtest24, Value2=, Value7=, Value8=, Url=#/auth/login, Value5=, Value6=, Value23=, TCDescription=Verification of select the Active multiple EDGE  for  EDGE Device App configuration by Super admin/Admin & Operator users, Userid=devendar.malothu@weatherford.com, Value21=, Value22=, Password=Chittu@123, COLUMN_28=, Value16=, Value17=, Value14=, Value15=, Value12=, Value13=, TCName=TC063_Verification of select the Active multiple EDGE  for  EDGE Device App configuration by Super admin/Admin & Operator users, Value10=, Value11=, Value18=, Value19=}, TC073_To verify that user is able to map well which is searched using Device type={Value9=, Value3=, Value4=RPOC, Value20=, Value1=Stagingtest24, Value2=, Value7=, Value8=, Url=#/auth/login, Value5=, Value6=, Value23=, TCDescription=To verify that user is able to map well which is searched using Device type, Userid=devendar.malothu@weatherford.com, Value21=, Value22=, Password=Chittu@123, COLUMN_28=, Value16=, Value17=, Value14=, Value15=, Value12=, Value13=, TCName=TC073_To verify that user is able to map well which is searched using Device type, Value10=, Value11=, Value18=, Value19=}, TC014_Verification of tooltip functionality for Delete icon in Actions column of the EDGE Device List screen by Super admin/Admin user={Value9=, Value3=, Value4=, Value20=, Value1=, Value2=, Value7=, Value8=, Url=#/auth/login, Value5=, Value6=, Value23=, TCDescription=Verification of tooltip functionality for Delete icon in Actions column of the EDGE Device List screen by Super admin/Admin user, Userid=devendar.malothu@weatherford.com, Value21=, Value22=, Password=Chittu@123, COLUMN_28=, Value16=, Value17=, Value14=, Value15=, Value12=, Value13=, TCName=TC014_Verification of tooltip functionality for Delete icon in Actions column of the EDGE Device List screen by Super admin/Admin user, Value10=, Value11=, Value18=, Value19=}, TC036_Verification of blank value rejections in available fields of Identity section in Add screen of EDGE Device module by Super admin/Admin user={Value9=, Value3=, Value4=, Value20=, Value1=, Value2=, Value7=, Value8=, Url=#/auth/login, Value5=, Value6=, Value23=, TCDescription=Verification of blank value rejections in available fields of Identity section in Add screen of EDGE Device module by Super admin/Admin user, Userid=devendar.malothu@weatherford.com, Value21=, Value22=, Password=Chittu@123, COLUMN_28=, Value16=, Value17=, Value14=, Value15=, Value12=, Value13=, TCName=TC036_Verification of blank value rejections in available fields of Identity section in Add screen of EDGE Device module by Super admin/Admin user, Value10=, Value11=, Value18=, Value19=}, TC084_Verification of Environmental variable search Functionality={Value9=, Value3=, Value4=, Value20=Apple, Value1=ME-44, Value2=, Value7=, Value8=, Url=#/auth/login, Value5=, Value6=, Value23=, TCDescription=Verification of Environmental variable search Functionality, Userid=devendar.malothu@weatherford.com, Value21=Phone, Value22=, Password=Chittu@123, COLUMN_28=, Value16=, Value17=, Value14=, Value15=, Value12=, Value13=, TCName=TC084_Verification of Environmental variable search Functionality, Value10=, Value11=, Value18=, Value19=}, TC010_Verification of displaying the Edit screen in the EDGE Device module by Super admin/Admin user={Value9=, Value3=, Value4=, Value20=, Value1=ME-44, Value2=, Value7=, Value8=, Url=#/auth/login, Value5=, Value6=, Value23=, TCDescription=Verification of displaying the Edit screen in the EDGE Device module by Super admin/Admin user, Userid=devendar.malothu@weatherford.com, Value21=, Value22=, Password=Chittu@123, COLUMN_28=, Value16=, Value17=, Value14=, Value15=, Value12=, Value13=, TCName=TC010_Verification of displaying the Edit screen in the EDGE Device module by Super admin/Admin user, Value10=, Value11=, Value18=, Value19=}, TC024_Verification of the search functionality for EDGE ID column in the EDGE Device List screen by Super admin/Admin user={Value9=, Value3=, Value4=, Value20=, Value1=SW-44, Value2=, Value7=, Value8=, Url=#/auth/login, Value5=, Value6=, Value23=, TCDescription=Verification of the search functionality for EDGE ID column in the EDGE Device List screen by Super admin/Admin user, Userid=devendar.malothu@weatherford.com, Value21=, Value22=, Password=Chittu@123, COLUMN_28=, Value16=, Value17=, Value14=, Value15=, Value12=, Value13=, TCName=TC024_Verification of the search functionality for EDGE ID column in the EDGE Device List screen by Super admin/Admin user, Value10=, Value11=, Value18=, Value19=}, TC033_Verification of the display of search bar and text for all columns in the EDGE Device List screen by Super admin/Admin user={Value9=, Value3=, Value4=, Value20=, Value1=SW-44, Value2=, Value7=, Value8=, Url=#/auth/login, Value5=, Value6=, Value23=, TCDescription=Verification of the display of search bar and text for all columns in the EDGE Device List screen by Super admin/Admin user, Userid=devendar.malothu@weatherford.com, Value21=, Value22=, Password=Chittu@123, COLUMN_28=, Value16=, Value17=, Value14=, Value15=, Value12=, Value13=, TCName=TC033_Verification of the display of search bar and text for all columns in the EDGE Device List screen by Super admin/Admin user, Value10=, Value11=, Value18=, Value19=}, TC04_Verification of displaying the Add button, Refresh, Application configuration,Bulk Upload & Download button icons on top right side of EDGE Device List screen by Super admin/Admin user={Value9=, Value3=, Value4=, Value20=, Value1=, Value2=, Value7=, Value8=, Url=#/auth/login, Value5=, Value6=, Value23=, TCDescription=Verification of displaying the Add button, Refresh, Application configuration,Bulk Upload & Download button icons on top right side of EDGE Device List screen by Super admin/Admin user, Userid=devendar.malothu@weatherford.com, Value21=, Value22=, Password=Chittu@123, COLUMN_28=, Value16=, Value17=, Value14=, Value15=, Value12=, Value13=, TCName=TC04_Verification of displaying the Add button, Refresh, Application configuration,Bulk Upload & Download button icons on top right side of EDGE Device List screen by Super admin/Admin user, Value10=, Value11=, Value18=, Value19=}, TC013_Verification of tooltip functionality for Edit icon in Actions column of the EDGE Device List screen by Super admin/Admin user={Value9=, Value3=, Value4=, Value20=, Value1=, Value2=, Value7=, Value8=, Url=#/auth/login, Value5=, Value6=, Value23=, TCDescription=Verification of tooltip functionality for Edit icon in Actions column of the EDGE Device List screen by Super admin/Admin user, Userid=devendar.malothu@weatherford.com, Value21=, Value22=, Password=Chittu@123, COLUMN_28=, Value16=, Value17=, Value14=, Value15=, Value12=, Value13=, TCName=TC013_Verification of tooltip functionality for Edit icon in Actions column of the EDGE Device List screen by Super admin/Admin user, Value10=, Value11=, Value18=, Value19=}, TC053_Verification of modify the value in available mandatory fields of Identity section in EDIT screen of EDGE Device module by Super admin/Admin user={Value9=, Value3=Stagingtest26, Value4=0042_Pune, Value20=, Value1=Stagingtest24, Value2=ME-44, Value7=, Value8=, Url=#/auth/login, Value5=, Value6=, Value23=, TCDescription=Verification of modify the value in available mandatory fields of Identity section in EDIT screen of EDGE Device module by Super admin/Admin user, Userid=devendar.malothu@weatherford.com, Value21=, Value22=, Password=Chittu@123, COLUMN_28=, Value16=, Value17=, Value14=, Value15=, Value12=, Value13=, TCName=TC053_Verification of modify the value in available mandatory fields of Identity section in EDIT screen of EDGE Device module by Super admin/Admin user, Value10=, Value11=, Value18=, Value19=}, TC054_Verification of modify value in available optional text fields of Identity section in EDIT screen of EDGE Device module by Super admin/Admin user={Value9=, Value3=, Value4=, Value20=, Value1=Stagingtest24, Value2=Verification of breaching the Max character limit in EDGE NameText field in the Identity section of User EDIT Screen by Super admin/Admin user, Value7=, Value8=, Url=#/auth/login, Value5=German, Value6=Test Purpose, Value23=, TCDescription=Verification of modify value in available optional text fields of Identity section in EDIT screen of EDGE Device module by Super admin/Admin user, Userid=devendar.malothu@weatherford.com, Value21=, Value22=, Password=Chittu@123, COLUMN_28=, Value16=, Value17=, Value14=, Value15=, Value12=, Value13=, TCName=TC054_Verification of modify value in available optional text fields of Identity section in EDIT screen of EDGE Device module by Super admin/Admin user, Value10=, Value11=, Value18=, Value19=}, TC077_To verify that user is able to map well having 'Inactive' Status={Value9=, Value3=, Value4=, Value20=, Value1=Stagingtest24, Value2=, Value7=, Value8=, Url=#/auth/login, Value5=, Value6=, Value23=, TCDescription=To verify that user is able to map well having 'Inactive' Status, Userid=devendar.malothu@weatherford.com, Value21=, Value22=, Password=Chittu@123, COLUMN_28=, Value16=, Value17=, Value14=, Value15=, Value12=, Value13=, TCName=TC077_To verify that user is able to map well having 'Inactive' Status, Value10=, Value11=, Value18=, Value19=}, TC082_Verification of Environmental variable Add Functionality={Value9=, Value3=, Value4=, Value20=Apple, Value1=ME-44, Value2=, Value7=, Value8=, Url=#/auth/login, Value5=, Value6=, Value23=, TCDescription=Verification of Environmental variable Add inactive Functionality, Userid=devendar.malothu@weatherford.com, Value21=Phone, Value22=, Password=Chittu@123, COLUMN_28=, Value16=, Value17=, Value14=, Value15=, Value12=, Value13=, TCName=TC082_Verification of Environmental variable Add Functionality, Value10=, Value11=, Value18=, Value19=}, TC03_Verification of displaying the EDGE Device table details after clicking on EDGE Device module option from side menu bar by Super admin/Admin user={Value9=, Value3=, Value4=, Value20=, Value1=, Value2=, Value7=, Value8=, Url=#/auth/login, Value5=, Value6=, Value23=, TCDescription=Verification of displaying the EDGE Device table details after clicking on EDGE Device module option from side menu bar by Super admin/Admin user, Userid=devendar.malothu@weatherford.com, Value21=, Value22=, Password=Chittu@123, COLUMN_28=, Value16=, Value17=, Value14=, Value15=, Value12=, Value13=, TCName=TC03_Verification of displaying the EDGE Device table details after clicking on EDGE Device module option from side menu bar by Super admin/Admin user, Value10=, Value11=, Value18=, Value19=}, TC085_Viewing of Well Map Tab from Edge Device Search={Value9=, Value3=, Value4=, Value20=Apple, Value1=ME-44, Value2=, Value7=, Value8=, Url=#/auth/login, Value5=, Value6=, Value23=WellDevendra, TCDescription=Verification of Well map functionality, Userid=devendar.malothu@weatherford.com, Value21=API, Value22=, Password=Chittu@123, COLUMN_28=, Value16=, Value17=, Value14=, Value15=, Value12=, Value13=, TCName=TC085_Viewing of Well Map Tab from Edge Device Search, Value10=, Value11=, Value18=, Value19=}, TC067_Verification of creation of new configuration in  EDGE Device App configuration by Super admin/Admin & Operator users={Value9=, Value3=, Value4=, Value20=, Value1=Stagingtest24, Value2=edgeapirestrelay-app, Value7=, Value8=, Url=#/auth/login, Value5=, Value6=, Value23=, TCDescription=Verification of creation of new configuration in  EDGE Device App configuration by Super admin/Admin & Operator users, Userid=devendar.malothu@weatherford.com, Value21=, Value22=, Password=Chittu@123, COLUMN_28=, Value16=, Value17=, Value14=, Value15=, Value12=, Value13=, TCName=TC067_Verification of creation of new configuration in  EDGE Device App configuration by Super admin/Admin & Operator users, Value10=, Value11=, Value18=, Value19=}, TC071_To verify that user is able to map well which is searched using IP Address={Value9=, Value3=, Value4=, Value20=, Value1=Stagingtest24, Value2=123.21.11, Value7=, Value8=, Url=#/auth/login, Value5=, Value6=, Value23=, TCDescription=To verify that user is able to map well which is searched using IP Address, Userid=devendar.malothu@weatherford.com, Value21=, Value22=, Password=Chittu@123, COLUMN_28=, Value16=, Value17=, Value14=, Value15=, Value12=, Value13=, TCName=TC071_To verify that user is able to map well which is searched using IP Address, Value10=, Value11=, Value18=, Value19=}, TC041_Verification of the search functionality in the EDGE Device Add screen by Super admin/Admin user={Value9=, Value3=Permian Basin, Value4=Weatherford_AppGroup, Value20=, Value1=ME-44, Value2=ME-44, Value7=, Value8=, Url=#/auth/login, Value5=0042_Pune, Value6=, Value23=, TCDescription=Verification of the search functionality in the EDGE Device, Userid=devendar.malothu@weatherford.com, Value21=, Value22=, Password=Chittu@123, COLUMN_28=, Value16=, Value17=, Value14=, Value15=, Value12=, Value13=, TCName=TC041_Verification of the search functionality in the EDGE Device Add screen by Super admin/Admin user, Value10=, Value11=, Value18=, Value19=}, TC061_Verification of select the Active Application group for  EDGE Device App configuration by Super admin/Admin & Operator users={Value9=, Value3=, Value4=, Value20=, Value1=Stagingtest24, Value2=edgeapirestrelay-app, Value7=, Value8=, Url=#/auth/login, Value5=, Value6=, Value23=, TCDescription=Verification of select the Active Application group for  EDGE Device App configuration by Super admin/Admin & Operator users, Userid=devendar.malothu@weatherford.com, Value21=, Value22=, Password=Chittu@123, COLUMN_28=, Value16=, Value17=, Value14=, Value15=, Value12=, Value13=, TCName=TC061_Verification of select the Active Application group for  EDGE Device App configuration by Super admin/Admin & Operator users, Value10=, Value11=, Value18=, Value19=}, TC06_Verification of Add button functionality in the EDGE Device List screen by Super admin/Admin user={Value9=, Value3=, Value4=, Value20=, Value1=, Value2=, Value7=, Value8=, Url=#/auth/login, Value5=, Value6=, Value23=, TCDescription=Verification of Add button functionality in the EDGE Device List screen by Super admin/Admin user, Userid=devendar.malothu@weatherford.com, Value21=, Value22=, Password=Chittu@123, COLUMN_28=, Value16=, Value17=, Value14=, Value15=, Value12=, Value13=, TCName=TC06_Verification of Add button functionality in the EDGE Device List screen by Super admin/Admin user, Value10=, Value11=, Value18=, Value19=}, TC022_Verification of displaying the Next page (Forward arrow button in the EDGE Device List screen by Super admin/Admin user={Value9=, Value3=, Value4=, Value20=, Value1=5, Value2=, Value7=, Value8=, Url=#/auth/login, Value5=, Value6=, Value23=, TCDescription=Verification of displaying the Next page (Forward arrow button in the EDGE Device List screen by Super admin/Admin user, Userid=devendar.malothu@weatherford.com, Value21=, Value22=, Password=Chittu@123, COLUMN_28=, Value16=, Value17=, Value14=, Value15=, Value12=, Value13=, TCName=TC022_Verification of displaying the Next page (Forward arrow button in the EDGE Device List screen by Super admin/Admin user, Value10=, Value11=, Value18=, Value19=}, TC034_Verification of the removal of search results and text for all columns in the EDGE Device screen by Super admin/Admin user={Value9=, Value3=Permian Basin, Value4=Weatherford_AppGroup, Value20=, Value1=SW-44, Value2=SW-44, Value7=, Value8=, Url=#/auth/login, Value5=0042_Pune, Value6=, Value23=, TCDescription=Verification of the removal of search results and text for all columns in the EDGE Device screen by Super admin/Admin user, Userid=devendar.malothu@weatherford.com, Value21=, Value22=, Password=Chittu@123, COLUMN_28=, Value16=, Value17=, Value14=, Value15=, Value12=, Value13=, TCName=TC034_Verification of the removal of search results and text for all columns in the EDGE Device screen by Super admin/Admin user, Value10=, Value11=, Value18=, Value19=}, TC037_Verification of blank value rejections in available fields of Health section in Add screen of EDGE Device module by Super admin/Admin user={Value9=, Value3=, Value4=, Value20=, Value1=, Value2=, Value7=, Value8=, Url=#/auth/login, Value5=, Value6=, Value23=, TCDescription=Verification of blank value rejections in available fields of Health section in Add screen of EDGE Device module by Super admin/Admin user, Userid=devendar.malothu@weatherford.com, Value21=, Value22=, Password=Chittu@123, COLUMN_28=, Value16=, Value17=, Value14=, Value15=, Value12=, Value13=, TCName=TC037_Verification of blank value rejections in available fields of Health section in Add screen of EDGE Device module by Super admin/Admin user, Value10=, Value11=, Value18=, Value19=}, TC050_Verification of download of onboarding cerificates in Registration section in Add screen of EDGE Device module by Super admin/Admin user={Value9=, Value3=Titanic24620240228173412, Value4=, Value20=, Value1=Stagingtest24, Value2=, Value7=, Value8=, Url=#/auth/login, Value5=, Value6=, Value23=, TCDescription=Verification of download of onboarding cerificates in Registration section in Add screen of EDGE Device module by Super admin/Admin user, Userid=devendar.malothu@weatherford.com, Value21=, Value22=, Password=Chittu@123, COLUMN_28=, Value16=, Value17=, Value14=, Value15=, Value12=, Value13=, TCName=TC050_Verification of download of onboarding cerificates in Registration section in Add screen of EDGE Device module by Super admin/Admin user, Value10=, Value11=, Value18=, Value19=}, TC02_Verification of resizing the EDGE Device module as per different zoom levels={Value9=, Value3=, Value4=, Value20=, Value1=, Value2=, Value7=, Value8=, Url=#/auth/login, Value5=, Value6=, Value23=, TCDescription=Verification of resizing the EDGE Device module as per different zoom levels, Userid=devendar.malothu@weatherford.com, Value21=, Value22=, Password=Chittu@123, COLUMN_28=, Value16=, Value17=, Value14=, Value15=, Value12=, Value13=, TCName=TC02_Verification of resizing the EDGE Device module as per different zoom levels, Value10=, Value11=, Value18=, Value19=}, TC042_Verification of entry of valid data for all the text fields (Mandatory & Optional) in Add screen of EDGE Device module by Super admin/Admin user={Value9=edge28022024173412, Value3=Weatherford, Value4=Stagingtest26, Value20=, Value1=Staging28022024173412, Value2=EdgeDeviceStagingName28022024173412, Value7=This Edge Device is working, Value8=12, Url=#/auth/login, Value5=Austin, Value6=0042_Pune, Value23=, TCDescription=Verification of entry of valid data for all the text fields (Mandatory & Optional) in Add screen of EDGE Device module by Super admin/Admin user, Userid=devendar.malothu@weatherford.com, Value21=, Value22=, Password=Chittu@123, COLUMN_28=, Value16=, Value17=, Value14=EdgeDevice01, Value15=, Value12=ForeSiteEdge, Value13=EdgeDevice01, TCName=TC042_Verification of entry of valid data for all the text fields (Mandatory & Optional) in Add screen of EDGE Device module by Super admin/Admin user, Value10=2.01, Value11=8087, Value18=, Value19=}, TC068_Verification of user cannot deploy the configuration without confirmation  in  EDGE Device App configuration by Super admin/Admin & Operator users={Value9=, Value3=, Value4=, Value20=, Value1=Stagingtest24, Value2=, Value7=, Value8=, Url=#/auth/login, Value5=, Value6=, Value23=, TCDescription=Verification of user cannot deploy the configuration without confirmation  in  EDGE Device App configuration by Super admin/Admin & Operator users, Userid=devendar.malothu@weatherford.com, Value21=, Value22=, Password=Chittu@123, COLUMN_28=, Value16=, Value17=, Value14=, Value15=, Value12=, Value13=, TCName=TC068_Verification of user cannot deploy the configuration without confirmation  in  EDGE Device App configuration by Super admin/Admin & Operator users, Value10=, Value11=, Value18=, Value19=}, TC051_Verification of upload of onboarding configuration file in Registration section in Add screen of EDGE Device module by Super admin/Admin user={Value9=, Value3=Onboarding234, Value4=, Value20=, Value1=abcd, Value2=, Value7=, Value8=, Url=#/auth/login, Value5=, Value6=, Value23=, TCDescription=Verification of upload of onboarding configuration file in Registration section in Add screen of EDGE Device module by Super admin/Admin user, Userid=devendar.malothu@weatherford.com, Value21=, Value22=, Password=Chittu@123, COLUMN_28=, Value16=, Value17=, Value14=, Value15=, Value12=, Value13=, TCName=TC051_Verification of upload of onboarding configuration file in Registration section in Add screen of EDGE Device module by Super admin/Admin user, Value10=, Value11=, Value18=, Value19=}, TC025_Verification of the search functionality for EDGE Group Name column (Valid Group Name) in the EDGE Device List screen by Super admin/Admin user={Value9=, Value3=Permian Basin, Value4=, Value20=, Value1=, Value2=, Value7=, Value8=, Url=#/auth/login, Value5=, Value6=, Value23=, TCDescription=Verification of the search functionality for EDGE Group Name column (Valid Group Name) in the EDGE Device List screen by Super admin/Admin user, Userid=devendar.malothu@weatherford.com, Value21=, Value22=, Password=Chittu@123, COLUMN_28=, Value16=, Value17=, Value14=, Value15=, Value12=, Value13=, TCName=TC025_Verification of the search functionality for EDGE Group Name column (Valid Group Name) in the EDGE Device List screen by Super admin/Admin user, Value10=, Value11=, Value18=, Value19=}, TC049_Verification of upload of onboarding cerificates in Registration section in Add screen of EDGE Device module by Super admin/Admin user={Value9=, Value3=, Value4=, Value20=, Value1=Stagingtest24, Value2=, Value7=, Value8=, Url=#/auth/login, Value5=, Value6=, Value23=, TCDescription=Verification of upload of onboarding cerificates in Registration section in Add screen of EDGE Device module by Super admin/Admin user, Userid=devendar.malothu@weatherford.com, Value21=, Value22=, Password=Chittu@123, COLUMN_28=, Value16=, Value17=, Value14=, Value15=, Value12=, Value13=, TCName=TC049_Verification of upload of onboarding cerificates in Registration section in Add screen of EDGE Device module by Super admin/Admin user, Value10=, Value11=, Value18=, Value19=}, TC056_Verification of breaching the Max character limit in EDGE NameText field in the Identity section of User EDIT Screen by Super admin/Admin user={Value9=, Value3=, Value4=, Value20=, Value1=Stagingtest24, Value2=Verification of breaching the Max character limit in EDGE NameText field in the Identity section of User EDIT Screen by Super admin/Admin user, Value7=, Value8=, Url=#/auth/login, Value5=, Value6=, Value23=, TCDescription=Verification of breaching the Max character limit in EDGE Name Text field in the Identity section of User EDIT Screen by Super admin/Admin user, Userid=devendar.malothu@weatherford.com, Value21=, Value22=, Password=Chittu@123, COLUMN_28=, Value16=, Value17=, Value14=, Value15=, Value12=, Value13=, TCName=TC056_Verification of breaching the Max character limit in EDGE NameText field in the Identity section of User EDIT Screen by Super admin/Admin user, Value10=, Value11=, Value18=, Value19=}, TC075_To verify that user is able to map well in 'Active' status by applying filter on the Status column={Value9=, Value3=, Value4=, Value20=, Value1=Stagingtest24, Value2=, Value7=, Value8=, Url=#/auth/login, Value5=, Value6=, Value23=, TCDescription=To verify that user is able to map well in 'Active' status by applying filter on the Status column, Userid=devendar.malothu@weatherford.com, Value21=, Value22=, Password=Chittu@123, COLUMN_28=, Value16=, Value17=, Value14=, Value15=, Value12=, Value13=, TCName=TC075_To verify that user is able to map well in 'Active' status by applying filter on the Status column, Value10=, Value11=, Value18=, Value19=}, TC021_Verification of displaying the Last page (Full Forward arrow) button in the EDGE Device List screen by Super admin/Admin user={Value9=, Value3=, Value4=, Value20=, Value1=10, Value2=, Value7=, Value8=, Url=#/auth/login, Value5=, Value6=, Value23=, TCDescription=Verification of displaying the Last page (Full Forward arrow button in the EDGE Device List screen by Super admin/Admin user, Userid=devendar.malothu@weatherford.com, Value21=, Value22=, Password=Chittu@123, COLUMN_28=, Value16=, Value17=, Value14=, Value15=, Value12=, Value13=, TCName=TC021_Verification of displaying the Last page (Full Forward arrow) button in the EDGE Device List screen by Super admin/Admin user, Value10=, Value11=, Value18=, Value19=}, TC07_Verification of Search button functionality in the EDGE Device List screen by Super admin/Admin user={Value9=, Value3=, Value4=, Value20=, Value1=ME-44, Value2=, Value7=, Value8=, Url=#/auth/login, Value5=, Value6=, Value23=, TCDescription=Verification of Search button functionality in the EDGE Device List screen by Super admin/Admin userVerification of Search button functionality, Userid=devendar.malothu@weatherford.com, Value21=, Value22=, Password=Chittu@123, COLUMN_28=, Value16=, Value17=, Value14=, Value15=, Value12=, Value13=, TCName=TC07_Verification of Search button functionality in the EDGE Device List screen by Super admin/Admin user, Value10=, Value11=, Value18=, Value19=}, TC059_Verification of Single select of the Active Application for deploy of EDGE module by Super admin/Admin user  & Operator users={Value9=, Value3=, Value4=edgeapirestrelay-app, Value20=, Value1=Stagingtest24, Value2=, Value7=, Value8=, Url=#/auth/login, Value5=, Value6=, Value23=, TCDescription=Verification of Single select of the Active Application for deploy of EDGE module by Super admin/Admin user  & Operator users, Userid=devendar.malothu@weatherford.com, Value21=, Value22=, Password=Chittu@123, COLUMN_28=, Value16=, Value17=, Value14=, Value15=, Value12=, Value13=, TCName=TC059_Verification of Single select of the Active Application for deploy of EDGE module by Super admin/Admin user  & Operator users, Value10=, Value11=, Value18=, Value19=}, TC65_Verification of user not select the undeployed Application in  EDGE Device App configuration by Super admin/Admin & Operator users={Value9=, Value3=, Value4=, Value20=, Value1=, Value2=, Value7=, Value8=, Url=#/auth/login, Value5=, Value6=, Value23=, TCDescription=Verification of user not select the undeployed Application in  EDGE Device App configuration by Super admin/Admin & Operator users, Userid=devendar.malothu@weatherford.com, Value21=, Value22=, Password=Chittu@123, COLUMN_28=, Value16=, Value17=, Value14=, Value15=, Value12=, Value13=, TCName=TC65_Verification of user not select the undeployed Application in  EDGE Device App configuration by Super admin/Admin & Operator users, Value10=, Value11=, Value18=, Value19=}, TC088_Verification of displaying the Bulk Application Configuration button on top right side of EDGE Device List screen={Value9=, Value3=, Value4=, Value20=, Value1=, Value2=, Value7=, Value8=, Url=#/auth/login, Value5=, Value6=, Value23=, TCDescription=Verification of displaying the Bulk download button icon on top right side of EDGE Device List screen by Super admin/Admin user, Userid=devendar.malothu@weatherford.com, Value21=, Value22=, Password=Chittu@123, COLUMN_28=, Value16=, Value17=, Value14=, Value15=, Value12=, Value13=, TCName=TC088_Verification of displaying the Bulk Application Configuration button on top right side of EDGE Device List screen, Value10=, Value11=, Value18=, Value19=}, TC016_Verification of reduction in the number of records in pagination section of EDGE details screen={Value9=, Value3=, Value4=, Value20=, Value1=10, Value2=, Value7=, Value8=, Url=#/auth/login, Value5=, Value6=, Value23=, TCDescription=Verification of reduction in the number of records in pagination section of EDGE details screen, Userid=devendar.malothu@weatherford.com, Value21=, Value22=, Password=Chittu@123, COLUMN_28=, Value16=, Value17=, Value14=, Value15=, Value12=, Value13=, TCName=TC016_Verification of reduction in the number of records in pagination section of EDGE details screen, Value10=, Value11=, Value18=, Value19=}, TC028_Verification of the search functionality for App Group column (Valid App Group) in the EDGE Device List screen by Super admin/Admin user={Value9=, Value3=, Value4=, Value20=, Value1=ForeSiteEdge, Value2=, Value7=, Value8=, Url=#/auth/login, Value5=, Value6=, Value23=, TCDescription=Verification of the search functionality for App Group column (Valid App Group) in the EDGE Device List screen by Super admin/Admin user, Userid=devendar.malothu@weatherford.com, Value21=, Value22=, Password=Chittu@123, COLUMN_28=, Value16=, Value17=, Value14=, Value15=, Value12=, Value13=, TCName=TC028_Verification of the search functionality for App Group column (Valid App Group) in the EDGE Device List screen by Super admin/Admin user, Value10=, Value11=, Value18=, Value19=}, TC039_Verification of blank value rejections in available fields of Deployment section in Add screen of EDGE Device module by Super admin/Admin user={Value9=, Value3=, Value4=, Value20=, Value1=, Value2=, Value7=, Value8=, Url=#/auth/login, Value5=, Value6=, Value23=, TCDescription=Verification of blank value rejections in available fields of Deployment section in Add screen of EDGE Device module by Super admin/Admin user, Userid=devendar.malothu@weatherford.com, Value21=, Value22=, Password=Chittu@123, COLUMN_28=, Value16=, Value17=, Value14=, Value15=, Value12=, Value13=, TCName=TC039_Verification of blank value rejections in available fields of Deployment section in Add screen of EDGE Device module by Super admin/Admin user, Value10=, Value11=, Value18=, Value19=}, TC070_To verify that user is able to map well which is searched using Well Name={Value9=, Value3=, Value4=, Value20=, Value1=Stagingtest24, Value2=wellfortesting, Value7=, Value8=, Url=#/auth/login, Value5=, Value6=, Value23=, TCDescription=To verify that user is able to map well which is searched using Well Name, Userid=devendar.malothu@weatherford.com, Value21=, Value22=, Password=Chittu@123, COLUMN_28=, Value16=, Value17=, Value14=, Value15=, Value12=, Value13=, TCName=TC070_To verify that user is able to map well which is searched using Well Name, Value10=, Value11=, Value18=, Value19=}, TC011_Verification of Delete functionality in the EDGE Device List screen by Super admin/Admin user (If few devices are interlinked with other module)={Value9=, Value3=, Value4=, Value20=, Value1=DataForDeletion2, Value2=, Value7=, Value8=, Url=#/auth/login, Value5=, Value6=, Value23=, TCDescription=Verification of Delete functionality in the EDGE Device List screen by Super admin/Admin user (If few devices are interlinked with other module), Userid=devendar.malothu@weatherford.com, Value21=, Value22=, Password=Chittu@123, COLUMN_28=, Value16=, Value17=, Value14=, Value15=, Value12=, Value13=, TCName=TC011_Verification of Delete functionality in the EDGE Device List screen by Super admin/Admin user (If few devices are interlinked with other module), Value10=, Value11=, Value18=, Value19=}, TC023_Verification of displaying the Previous page (Backward arrow button in the EDGE Device List screen by Super admin/Admin user={Value9=, Value3=, Value4=, Value20=, Value1=5, Value2=, Value7=, Value8=, Url=#/auth/login, Value5=, Value6=, Value23=, TCDescription=Verification of displaying the Previous page (Backward arrow button in the EDGE Device List screen by Super admin/Admin user, Userid=devendar.malothu@weatherford.com, Value21=, Value22=, Password=Chittu@123, COLUMN_28=, Value16=, Value17=, Value14=, Value15=, Value12=, Value13=, TCName=TC023_Verification of displaying the Previous page (Backward arrow button in the EDGE Device List screen by Super admin/Admin user, Value10=, Value11=, Value18=, Value19=}, TC05_Verification of Refreshing button functionality in the EDGE Device List screen by Super admin/Admin user={Value9=, Value3=, Value4=, Value20=, Value1=, Value2=, Value7=, Value8=, Url=#/auth/login, Value5=, Value6=, Value23=, TCDescription=Verification of Refreshing button functionality in the EDGE Device List screen by Super admin/Admin user, Userid=devendar.malothu@weatherford.com, Value21=, Value22=, Password=Chittu@123, COLUMN_28=, Value16=, Value17=, Value14=, Value15=, Value12=, Value13=, TCName=TC05_Verification of Refreshing button functionality in the EDGE Device List screen by Super admin/Admin user, Value10=, Value11=, Value18=, Value19=}, TC048_Verification of selection of the from EDGE Group Name drop down in the Identity section of User Add screen by Super admin/Admin user={Value9=, Value3=, Value4=Stagingtest26, Value20=, Value1=, Value2=, Value7=, Value8=, Url=#/auth/login, Value5=, Value6=, Value23=, TCDescription=Verification of selection of the from EDGE Group Name drop down in the Identity section of User Add screen by Super admin/Admin user, Userid=devendar.malothu@weatherford.com, Value21=, Value22=, Password=Chittu@123, COLUMN_28=, Value16=, Value17=, Value14=, Value15=, Value12=, Value13=, TCName=TC048_Verification of selection of the from EDGE Group Name drop down in the Identity section of User Add screen by Super admin/Admin user, Value10=, Value11=, Value18=, Value19=}, TC076_To verify that user is able to map well having 'Active' and 'Inactive' Status={Value9=, Value3=, Value4=, Value20=, Value1=Stagingtest24, Value2=, Value7=, Value8=, Url=#/auth/login, Value5=, Value6=, Value23=, TCDescription=To verify that user is able to map well having 'Active' and 'Inactive' Status, Userid=devendar.malothu@weatherford.com, Value21=, Value22=, Password=Chittu@123, COLUMN_28=, Value16=, Value17=, Value14=, Value15=, Value12=, Value13=, TCName=TC076_To verify that user is able to map well having 'Active' and 'Inactive' Status, Value10=, Value11=, Value18=, Value19=}, TC047_Verification of selection of the from organization drop down in the Identity section of User Add screen by Super admin/Admin user={Value9=, Value3=, Value4=, Value20=, Value1=, Value2=Weatherford, Value7=, Value8=, Url=#/auth/login, Value5=, Value6=, Value23=, TCDescription=Verification of selection of the from organization drop down in the Identity section of User Add screen by Super admin/Admin user, Userid=devendar.malothu@weatherford.com, Value21=, Value22=, Password=Chittu@123, COLUMN_28=, Value16=, Value17=, Value14=, Value15=, Value12=, Value13=, TCName=TC047_Verification of selection of the from organization drop down in the Identity section of User Add screen by Super admin/Admin user, Value10=, Value11=, Value18=, Value19=}, TC052_Verification of download of onboarding configuration file in Registration section in Add screen of EDGE Device module by Super admin/Admin user={Value9=, Value3=Onboarding456, Value4=, Value20=, Value1=EdgeDeviceStaging01Saturday, Value2=, Value7=, Value8=, Url=#/auth/login, Value5=, Value6=, Value23=, TCDescription=Verification of download of onboarding configuration file in Registration section in Add screen of EDGE Device module by Super admin/Admin user, Userid=devendar.malothu@weatherford.com, Value21=, Value22=, Password=Chittu@123, COLUMN_28=, Value16=, Value17=, Value14=, Value15=, Value12=, Value13=, TCName=TC052_Verification of download of onboarding configuration file in Registration section in Add screen of EDGE Device module by Super admin/Admin user, Value10=, Value11=, Value18=, Value19=}, TC069_Verification of all deployed configuration are available in configuration list in  EDGE Device App configuration by Super admin/Admin & Operator users={Value9=, Value3=, Value4=, Value20=, Value1=Stagingtest24, Value2=, Value7=, Value8=, Url=#/auth/login, Value5=, Value6=, Value23=, TCDescription=Verification of all deployed configuration are available in configuration list in  EDGE Device App configuration by Super admin/Admin & Operator users, Userid=devendar.malothu@weatherford.com, Value21=, Value22=, Password=Chittu@123, COLUMN_28=, Value16=, Value17=, Value14=, Value15=, Value12=, Value13=, TCName=TC069_Verification of all deployed configuration are available in configuration list in  EDGE Device App configuration by Super admin/Admin & Operator users, Value10=, Value11=, Value18=, Value19=}, TC086_Verification of displaying the Bulk Upload button icon on top right side of EDGE Device List screen by Super admin/Admin user={Value9=, Value3=, Value4=, Value20=, Value1=ME-44, Value2=, Value7=, Value8=, Url=#/auth/login, Value5=, Value6=, Value23=, TCDescription=Verification of displaying the Bulk Upload button icon on top right side of EDGE Device List screen by Super admin/Admin user, Userid=devendar.malothu@weatherford.com, Value21=, Value22=, Password=Chittu@123, COLUMN_28=, Value16=, Value17=, Value14=, Value15=E:\Devendra\cdm\CDMCucumber\CDMProject\src\test\resources\TestData\EnvironmentalVariable.csv, Value12=, Value13=, TCName=TC086_Verification of displaying the Bulk Upload button icon on top right side of EDGE Device List screen by Super admin/Admin user, Value10=, Value11=, Value18=, Value19=}}
I am in launchAppE:\Devendra\cdm\CDMCucumber\CDMProject\chromedriver\chromedriver.exe
  &amp#27;[32mGiven &amp#27;[0m&amp#27;[32mUser launch application in chrome browser&amp#27;[0m                                             &amp#27;[90m# com.cdm.Stepdefinations.Common.user_launch_application_in_chrome_browser()&amp#27;[0m
Login started
devendar.malothu@weatherford.com
Chittu@123
  &amp#27;[32mWhen &amp#27;[0m&amp#27;[32muser enters credentials and click on login button&amp#27;[0m                                      &amp#27;[90m# com.cdm.Stepdefinations.Common.user_enters_credentials_and_click_on_login_button()&amp#27;[0m
Expected condition failed: waiting for visibility of [[ChromeDriver: chrome on windows (b96d2af6ca50ed83368d1ce1d706bd90)] -> xpath: //*[contains(text(),'default')]] (tried for 20 second(s) with 500 milliseconds interval)
Build info: version: '4.18.1', revision: 'b1d3319b48'
System info: os.name: 'Windows 11', os.arch: 'amd64', os.version: '10.0', java.version: '21.0.1'
Driver info: org.openqa.selenium.chrome.ChromeDriver
Capabilities {acceptInsecureCerts: false, browserName: chrome, browserVersion: 122.0.6261.58, chrome: {chromedriverVersion: 122.0.6261.94 (880dbf29479c..., userDataDir: C:\Windows\TEMP\scoped_dir5...}, fedcm:accounts: true, goog:chromeOptions: {debuggerAddress: localhost:56323}, networkConnectionEnabled: false, pageLoadStrategy: normal, platformName: windows, proxy: Proxy(), se:cdp: ws://localhost:56323/devtoo..., se:cdpVersion: 122.0.6261.58, setWindowRect: true, strictFileInteractability: false, timeouts: {implicit: 0, pageLoad: 300000, script: 30000}, unhandledPromptBehavior: dismiss and notify, webauthn:extension:credBlob: true, webauthn:extension:largeBlob: true, webauthn:extension:minPinLength: true, webauthn:extension:prf: true, webauthn:virtualAuthenticators: true}
Session ID: b96d2af6ca50ed83368d1ce1d706bd90
  &amp#27;[32mAnd &amp#27;[0m&amp#27;[32mSuccesfull login should be happen&amp#27;[0m                                                       &amp#27;[90m# com.cdm.Stepdefinations.Common.succesfull_login_should_be_happen()&amp#27;[0m
]]></system-out>
  </testcase>
  <testcase name="TC02_Verification of resizing the EDGE Device module as per different zoom levels" classname="EDGE Devices" time="10.674">
    <system-out><![CDATA[
@SheetEDGEDEVICES @Test
Scenario: TC02_Verification of resizing the EDGE Device module as per different zoom levels &amp#27;[90m# src/test/resources/Features/EDGEDevices.feature:12&amp#27;[0m
I am tag Name@SheetEDGEDEVICES
I am in SheetEDGEDEVICES
I am tag Name@Test
I am in launchAppE:\Devendra\cdm\CDMCucumber\CDMProject\chromedriver\chromedriver.exe
  &amp#27;[32mGiven &amp#27;[0m&amp#27;[32mUser launch application in chrome browser&amp#27;[0m                                           &amp#27;[90m# com.cdm.Stepdefinations.Common.user_launch_application_in_chrome_browser()&amp#27;[0m
Login started
devendar.malothu@weatherford.com
Chittu@123
  &amp#27;[32mWhen &amp#27;[0m&amp#27;[32muser enters credentials and click on login button&amp#27;[0m                                    &amp#27;[90m# com.cdm.Stepdefinations.Common.user_enters_credentials_and_click_on_login_button()&amp#27;[0m
  &amp#27;[32mThen &amp#27;[0m&amp#27;[32mverify page with resize option the login page&amp#27;[0m                                        &amp#27;[90m# com.cdm.Stepdefinations.EDGEDevicesSteps.verify_page_with_resize_option_the_login_page()&amp#27;[0m
]]></system-out>
  </testcase>
  <testcase name="TC03_Verification of displaying the EDGE Device table details after clicking on EDGE Device module option from side menu bar by Super admin/Admin user" classname="EDGE Devices" time="18.234">
    <system-out><![CDATA[
@SheetEDGEDEVICES @Test
Scenario: TC03_Verification of displaying the EDGE Device table details after clicking on EDGE Device module option from side menu bar by Super admin/Admin user &amp#27;[90m# src/test/resources/Features/EDGEDevices.feature:18&amp#27;[0m
I am tag Name@SheetEDGEDEVICES
I am in SheetEDGEDEVICES
I am tag Name@Test
I am in launchAppE:\Devendra\cdm\CDMCucumber\CDMProject\chromedriver\chromedriver.exe
  &amp#27;[32mGiven &amp#27;[0m&amp#27;[32mUser launch application in chrome browser&amp#27;[0m                                                                                                                &amp#27;[90m# com.cdm.Stepdefinations.Common.user_launch_application_in_chrome_browser()&amp#27;[0m
Login started
devendar.malothu@weatherford.com
Chittu@123
  &amp#27;[32mWhen &amp#27;[0m&amp#27;[32muser enters credentials and click on login button&amp#27;[0m                                                                                                         &amp#27;[90m# com.cdm.Stepdefinations.Common.user_enters_credentials_and_click_on_login_button()&amp#27;[0m
  &amp#27;[32mThen &amp#27;[0m&amp#27;[32mClick on EDGE Device module from side menu bar&amp#27;[0m                                                                                                            &amp#27;[90m# com.cdm.Stepdefinations.EDGEDevicesSteps.click_on_edge_device_module_from_side_menu_bar()&amp#27;[0m
]]></system-out>
    <system-err><![CDATA[Feb 28, 2024 5:35:13 PM org.openqa.selenium.remote.http.WebSocket$Listener onError
WARNING: Connection reset
java.net.SocketException: Connection reset
	at java.base/sun.nio.ch.SocketChannelImpl.throwConnectionReset(SocketChannelImpl.java:401)
	at java.base/sun.nio.ch.SocketChannelImpl.read(SocketChannelImpl.java:434)
	at java.net.http/jdk.internal.net.http.SocketTube.readAvailable(SocketTube.java:1178)
	at java.net.http/jdk.internal.net.http.SocketTube$InternalReadPublisher$InternalReadSubscription.read(SocketTube.java:841)
	at java.net.http/jdk.internal.net.http.SocketTube$SocketFlowTask.run(SocketTube.java:181)
	at java.net.http/jdk.internal.net.http.common.SequentialScheduler$SchedulableTask.run(SequentialScheduler.java:207)
	at java.net.http/jdk.internal.net.http.common.SequentialScheduler.runOrSchedule(SequentialScheduler.java:280)
	at java.net.http/jdk.internal.net.http.common.SequentialScheduler.runOrSchedule(SequentialScheduler.java:233)
	at java.net.http/jdk.internal.net.http.SocketTube$InternalReadPublisher$InternalReadSubscription.signalReadable(SocketTube.java:782)
	at java.net.http/jdk.internal.net.http.SocketTube$InternalReadPublisher$ReadEvent.signalEvent(SocketTube.java:965)
	at java.net.http/jdk.internal.net.http.SocketTube$SocketFlowEvent.handle(SocketTube.java:253)
	at java.net.http/jdk.internal.net.http.HttpClientImpl$SelectorManager.handleEvent(HttpClientImpl.java:1467)
	at java.net.http/jdk.internal.net.http.HttpClientImpl$SelectorManager.lambda$run$3(HttpClientImpl.java:1412)
	at java.base/java.util.ArrayList.forEach(ArrayList.java:1596)
	at java.net.http/jdk.internal.net.http.HttpClientImpl$SelectorManager.run(HttpClientImpl.java:1412)

]]></system-err>
  </testcase>
  <testcase name="TC04_Verification of displaying the Add button, Refresh, Application configuration,Bulk Upload &amp; Download button icons on top right side of EDGE Device List screen by Super admin/Admin user" classname="EDGE Devices" time="18.746">
    <system-out><![CDATA[
@SheetEDGEDEVICES @Test
Scenario: TC04_Verification of displaying the Add button, Refresh, Application configuration,Bulk Upload & Download button icons on top right side of EDGE Device List screen by Super admin/Admin user &amp#27;[90m# src/test/resources/Features/EDGEDevices.feature:25&amp#27;[0m
I am tag Name@SheetEDGEDEVICES
I am in SheetEDGEDEVICES
I am tag Name@Test
I am in launchAppE:\Devendra\cdm\CDMCucumber\CDMProject\chromedriver\chromedriver.exe
  &amp#27;[32mGiven &amp#27;[0m&amp#27;[32mUser launch application in chrome browser&amp#27;[0m                                                                                                                                                       &amp#27;[90m# com.cdm.Stepdefinations.Common.user_launch_application_in_chrome_browser()&amp#27;[0m
Login started
devendar.malothu@weatherford.com
Chittu@123
  &amp#27;[32mWhen &amp#27;[0m&amp#27;[32muser enters credentials and click on login button&amp#27;[0m                                                                                                                                                &amp#27;[90m# com.cdm.Stepdefinations.Common.user_enters_credentials_and_click_on_login_button()&amp#27;[0m
  &amp#27;[32mThen &amp#27;[0m&amp#27;[32mClick on EDGE Device module from side menu bar&amp#27;[0m                                                                                                                                                   &amp#27;[90m# com.cdm.Stepdefinations.EDGEDevicesSteps.click_on_edge_device_module_from_side_menu_bar()&amp#27;[0m
All buttons are present
  &amp#27;[32mThen &amp#27;[0m&amp#27;[32mVerify all buttons are working&amp#27;[0m                                                                                                                                                                   &amp#27;[90m# com.cdm.Stepdefinations.EDGEDevicesSteps.click_and_verify_refresh_button_is_working()&amp#27;[0m
]]></system-out>
    <system-err><![CDATA[Feb 28, 2024 5:35:31 PM org.openqa.selenium.remote.http.WebSocket$Listener onError
WARNING: Connection reset
java.net.SocketException: Connection reset
	at java.base/sun.nio.ch.SocketChannelImpl.throwConnectionReset(SocketChannelImpl.java:401)
	at java.base/sun.nio.ch.SocketChannelImpl.read(SocketChannelImpl.java:434)
	at java.net.http/jdk.internal.net.http.SocketTube.readAvailable(SocketTube.java:1178)
	at java.net.http/jdk.internal.net.http.SocketTube$InternalReadPublisher$InternalReadSubscription.read(SocketTube.java:841)
	at java.net.http/jdk.internal.net.http.SocketTube$SocketFlowTask.run(SocketTube.java:181)
	at java.net.http/jdk.internal.net.http.common.SequentialScheduler$SchedulableTask.run(SequentialScheduler.java:207)
	at java.net.http/jdk.internal.net.http.common.SequentialScheduler.runOrSchedule(SequentialScheduler.java:280)
	at java.net.http/jdk.internal.net.http.common.SequentialScheduler.runOrSchedule(SequentialScheduler.java:233)
	at java.net.http/jdk.internal.net.http.SocketTube$InternalReadPublisher$InternalReadSubscription.signalReadable(SocketTube.java:782)
	at java.net.http/jdk.internal.net.http.SocketTube$InternalReadPublisher$ReadEvent.signalEvent(SocketTube.java:965)
	at java.net.http/jdk.internal.net.http.SocketTube$SocketFlowEvent.handle(SocketTube.java:253)
	at java.net.http/jdk.internal.net.http.HttpClientImpl$SelectorManager.handleEvent(HttpClientImpl.java:1467)
	at java.net.http/jdk.internal.net.http.HttpClientImpl$SelectorManager.lambda$run$3(HttpClientImpl.java:1412)
	at java.base/java.util.ArrayList.forEach(ArrayList.java:1596)
	at java.net.http/jdk.internal.net.http.HttpClientImpl$SelectorManager.run(HttpClientImpl.java:1412)

]]></system-err>
  </testcase>
  <testcase name="TC05_Verification of Refreshing button functionality in the EDGE Device List screen by Super admin/Admin user" classname="EDGE Devices" time="19.548">
    <system-out><![CDATA[
@SheetEDGEDEVICES @Test
Scenario: TC05_Verification of Refreshing button functionality in the EDGE Device List screen by Super admin/Admin user &amp#27;[90m# src/test/resources/Features/EDGEDevices.feature:32&amp#27;[0m
I am tag Name@SheetEDGEDEVICES
I am in SheetEDGEDEVICES
I am tag Name@Test
I am in launchAppE:\Devendra\cdm\CDMCucumber\CDMProject\chromedriver\chromedriver.exe
  &amp#27;[32mGiven &amp#27;[0m&amp#27;[32mUser launch application in chrome browser&amp#27;[0m                                                                       &amp#27;[90m# com.cdm.Stepdefinations.Common.user_launch_application_in_chrome_browser()&amp#27;[0m
Login started
devendar.malothu@weatherford.com
Chittu@123
  &amp#27;[32mWhen &amp#27;[0m&amp#27;[32muser enters credentials and click on login button&amp#27;[0m                                                                &amp#27;[90m# com.cdm.Stepdefinations.Common.user_enters_credentials_and_click_on_login_button()&amp#27;[0m
  &amp#27;[32mThen &amp#27;[0m&amp#27;[32mClick on EDGE Device module from side menu bar&amp#27;[0m                                                                   &amp#27;[90m# com.cdm.Stepdefinations.EDGEDevicesSteps.click_on_edge_device_module_from_side_menu_bar()&amp#27;[0m
  &amp#27;[32mThen &amp#27;[0m&amp#27;[32mAfter landing on EDGE Device List screen, and Click on Refresh button&amp#27;[0m                                            &amp#27;[90m# com.cdm.Stepdefinations.EDGEDevicesSteps.after_landing_on_edge_device_list_screen_and_click_on_refresh_button()&amp#27;[0m
]]></system-out>
    <system-err><![CDATA[Feb 28, 2024 5:35:51 PM org.openqa.selenium.remote.http.WebSocket$Listener onError
WARNING: Connection reset
java.net.SocketException: Connection reset
	at java.base/sun.nio.ch.SocketChannelImpl.throwConnectionReset(SocketChannelImpl.java:401)
	at java.base/sun.nio.ch.SocketChannelImpl.read(SocketChannelImpl.java:434)
	at java.net.http/jdk.internal.net.http.SocketTube.readAvailable(SocketTube.java:1178)
	at java.net.http/jdk.internal.net.http.SocketTube$InternalReadPublisher$InternalReadSubscription.read(SocketTube.java:841)
	at java.net.http/jdk.internal.net.http.SocketTube$SocketFlowTask.run(SocketTube.java:181)
	at java.net.http/jdk.internal.net.http.common.SequentialScheduler$SchedulableTask.run(SequentialScheduler.java:207)
	at java.net.http/jdk.internal.net.http.common.SequentialScheduler.runOrSchedule(SequentialScheduler.java:280)
	at java.net.http/jdk.internal.net.http.common.SequentialScheduler.runOrSchedule(SequentialScheduler.java:233)
	at java.net.http/jdk.internal.net.http.SocketTube$InternalReadPublisher$InternalReadSubscription.signalReadable(SocketTube.java:782)
	at java.net.http/jdk.internal.net.http.SocketTube$InternalReadPublisher$ReadEvent.signalEvent(SocketTube.java:965)
	at java.net.http/jdk.internal.net.http.SocketTube$SocketFlowEvent.handle(SocketTube.java:253)
	at java.net.http/jdk.internal.net.http.HttpClientImpl$SelectorManager.handleEvent(HttpClientImpl.java:1467)
	at java.net.http/jdk.internal.net.http.HttpClientImpl$SelectorManager.lambda$run$3(HttpClientImpl.java:1412)
	at java.base/java.util.ArrayList.forEach(ArrayList.java:1596)
	at java.net.http/jdk.internal.net.http.HttpClientImpl$SelectorManager.run(HttpClientImpl.java:1412)

]]></system-err>
  </testcase>
  <testcase name="TC06_Verification of Add button functionality in the EDGE Device List screen by Super admin/Admin user" classname="EDGE Devices" time="21.596">
    <system-out><![CDATA[
@SheetEDGEDEVICES @Test
Scenario: TC06_Verification of Add button functionality in the EDGE Device List screen by Super admin/Admin user &amp#27;[90m# src/test/resources/Features/EDGEDevices.feature:39&amp#27;[0m
I am tag Name@SheetEDGEDEVICES
I am in SheetEDGEDEVICES
I am tag Name@Test
I am in launchAppE:\Devendra\cdm\CDMCucumber\CDMProject\chromedriver\chromedriver.exe
  &amp#27;[32mGiven &amp#27;[0m&amp#27;[32mUser launch application in chrome browser&amp#27;[0m                                                                &amp#27;[90m# com.cdm.Stepdefinations.Common.user_launch_application_in_chrome_browser()&amp#27;[0m
Login started
devendar.malothu@weatherford.com
Chittu@123
  &amp#27;[32mWhen &amp#27;[0m&amp#27;[32muser enters credentials and click on login button&amp#27;[0m                                                         &amp#27;[90m# com.cdm.Stepdefinations.Common.user_enters_credentials_and_click_on_login_button()&amp#27;[0m
  &amp#27;[32mThen &amp#27;[0m&amp#27;[32mClick on EDGE Device module from side menu bar&amp#27;[0m                                                            &amp#27;[90m# com.cdm.Stepdefinations.EDGEDevicesSteps.click_on_edge_device_module_from_side_menu_bar()&amp#27;[0m
  &amp#27;[32mThen &amp#27;[0m&amp#27;[32mAfter landing on EDGE Device List screen, Click on ADD New button&amp#27;[0m                                         &amp#27;[90m# com.cdm.Stepdefinations.EDGEDevicesSteps.after_landing_on_edge_device_list_screen_click_on_add_new_button()&amp#27;[0m
]]></system-out>
    <system-err><![CDATA[Feb 28, 2024 5:36:12 PM org.openqa.selenium.remote.http.WebSocket$Listener onError
WARNING: Connection reset
java.net.SocketException: Connection reset
	at java.base/sun.nio.ch.SocketChannelImpl.throwConnectionReset(SocketChannelImpl.java:401)
	at java.base/sun.nio.ch.SocketChannelImpl.read(SocketChannelImpl.java:434)
	at java.net.http/jdk.internal.net.http.SocketTube.readAvailable(SocketTube.java:1178)
	at java.net.http/jdk.internal.net.http.SocketTube$InternalReadPublisher$InternalReadSubscription.read(SocketTube.java:841)
	at java.net.http/jdk.internal.net.http.SocketTube$SocketFlowTask.run(SocketTube.java:181)
	at java.net.http/jdk.internal.net.http.common.SequentialScheduler$SchedulableTask.run(SequentialScheduler.java:207)
	at java.net.http/jdk.internal.net.http.common.SequentialScheduler.runOrSchedule(SequentialScheduler.java:280)
	at java.net.http/jdk.internal.net.http.common.SequentialScheduler.runOrSchedule(SequentialScheduler.java:233)
	at java.net.http/jdk.internal.net.http.SocketTube$InternalReadPublisher$InternalReadSubscription.signalReadable(SocketTube.java:782)
	at java.net.http/jdk.internal.net.http.SocketTube$InternalReadPublisher$ReadEvent.signalEvent(SocketTube.java:965)
	at java.net.http/jdk.internal.net.http.SocketTube$SocketFlowEvent.handle(SocketTube.java:253)
	at java.net.http/jdk.internal.net.http.HttpClientImpl$SelectorManager.handleEvent(HttpClientImpl.java:1467)
	at java.net.http/jdk.internal.net.http.HttpClientImpl$SelectorManager.lambda$run$3(HttpClientImpl.java:1412)
	at java.base/java.util.ArrayList.forEach(ArrayList.java:1596)
	at java.net.http/jdk.internal.net.http.HttpClientImpl$SelectorManager.run(HttpClientImpl.java:1412)

]]></system-err>
  </testcase>
  <testcase name="TC07_Verification of Search button functionality in the EDGE Device List screen by Super admin/Admin user" classname="EDGE Devices" time="18.695">
    <system-out><![CDATA[
@SheetEDGEDEVICES @Test
Scenario: TC07_Verification of Search button functionality in the EDGE Device List screen by Super admin/Admin user &amp#27;[90m# src/test/resources/Features/EDGEDevices.feature:46&amp#27;[0m
I am tag Name@SheetEDGEDEVICES
I am in SheetEDGEDEVICES
I am tag Name@Test
I am in launchAppE:\Devendra\cdm\CDMCucumber\CDMProject\chromedriver\chromedriver.exe
  &amp#27;[32mGiven &amp#27;[0m&amp#27;[32mUser launch application in chrome browser&amp#27;[0m                                                                   &amp#27;[90m# com.cdm.Stepdefinations.Common.user_launch_application_in_chrome_browser()&amp#27;[0m
Login started
devendar.malothu@weatherford.com
Chittu@123
  &amp#27;[32mWhen &amp#27;[0m&amp#27;[32muser enters credentials and click on login button&amp#27;[0m                                                            &amp#27;[90m# com.cdm.Stepdefinations.Common.user_enters_credentials_and_click_on_login_button()&amp#27;[0m
  &amp#27;[32mThen &amp#27;[0m&amp#27;[32mClick on EDGE Device module from side menu bar&amp#27;[0m                                                               &amp#27;[90m# com.cdm.Stepdefinations.EDGEDevicesSteps.click_on_edge_device_module_from_side_menu_bar()&amp#27;[0m
  &amp#27;[32mThen &amp#27;[0m&amp#27;[32mAfter landing on EDGE Device List screen, Click on Search bar after entering data&amp#27;[0m                            &amp#27;[90m# com.cdm.Stepdefinations.EDGEDevicesSteps.after_landing_on_edge_device_list_screen_click_on_search_bar_after_entering_data()&amp#27;[0m
]]></system-out>
  </testcase>
  <testcase name="TC08_Verification of Application Configuration button functionality in the EDGE Device List screen by Super admin/Admin user" classname="EDGE Devices" time="18.239">
    <system-out><![CDATA[
@SheetEDGEDEVICES @Test
Scenario: TC08_Verification of Application Configuration button functionality in the EDGE Device List screen by Super admin/Admin user &amp#27;[90m# src/test/resources/Features/EDGEDevices.feature:53&amp#27;[0m
I am tag Name@SheetEDGEDEVICES
I am in SheetEDGEDEVICES
I am tag Name@Test
I am in launchAppE:\Devendra\cdm\CDMCucumber\CDMProject\chromedriver\chromedriver.exe
  &amp#27;[32mGiven &amp#27;[0m&amp#27;[32mUser launch application in chrome browser&amp#27;[0m                                                                                      &amp#27;[90m# com.cdm.Stepdefinations.Common.user_launch_application_in_chrome_browser()&amp#27;[0m
Login started
devendar.malothu@weatherford.com
Chittu@123
  &amp#27;[32mWhen &amp#27;[0m&amp#27;[32muser enters credentials and click on login button&amp#27;[0m                                                                               &amp#27;[90m# com.cdm.Stepdefinations.Common.user_enters_credentials_and_click_on_login_button()&amp#27;[0m
  &amp#27;[32mThen &amp#27;[0m&amp#27;[32mClick on EDGE Device module from side menu bar&amp#27;[0m                                                                                  &amp#27;[90m# com.cdm.Stepdefinations.EDGEDevicesSteps.click_on_edge_device_module_from_side_menu_bar()&amp#27;[0m
  &amp#27;[32mThen &amp#27;[0m&amp#27;[32mAfter landing on EDGE Device List screen Click on Configuration icon button&amp#27;[0m                                                     &amp#27;[90m# com.cdm.Stepdefinations.EDGEDevicesSteps.after_landing_on_edge_device_list_screen_click_on_configuration_icon_button()&amp#27;[0m
]]></system-out>
  </testcase>
  <testcase name="TC09_Verification of Bulk download button functionality in the EDGE Device List screen by Super admin/Admin user" classname="EDGE Devices" time="23.189">
    <system-out><![CDATA[
@SheetEDGEDEVICES @Test
Scenario: TC09_Verification of Bulk download button functionality in the EDGE Device List screen by Super admin/Admin user &amp#27;[90m# src/test/resources/Features/EDGEDevices.feature:62&amp#27;[0m
I am tag Name@SheetEDGEDEVICES
I am in SheetEDGEDEVICES
I am tag Name@Test
I am in launchAppE:\Devendra\cdm\CDMCucumber\CDMProject\chromedriver\chromedriver.exe
  &amp#27;[32mGiven &amp#27;[0m&amp#27;[32mUser launch application in chrome browser&amp#27;[0m                                                                          &amp#27;[90m# com.cdm.Stepdefinations.Common.user_launch_application_in_chrome_browser()&amp#27;[0m
Login started
devendar.malothu@weatherford.com
Chittu@123
  &amp#27;[32mWhen &amp#27;[0m&amp#27;[32muser enters credentials and click on login button&amp#27;[0m                                                                   &amp#27;[90m# com.cdm.Stepdefinations.Common.user_enters_credentials_and_click_on_login_button()&amp#27;[0m
  &amp#27;[32mThen &amp#27;[0m&amp#27;[32mClick on EDGE Device module from side menu bar&amp#27;[0m                                                                      &amp#27;[90m# com.cdm.Stepdefinations.EDGEDevicesSteps.click_on_edge_device_module_from_side_menu_bar()&amp#27;[0m
  &amp#27;[32mThen &amp#27;[0m&amp#27;[32mAfter landing on EDGE Device List screen Click on Download icon button&amp#27;[0m                                              &amp#27;[90m# com.cdm.Stepdefinations.EDGEDevicesSteps.after_landing_on_edge_device_list_screen_click_on_download_icon_button()&amp#27;[0m
]]></system-out>
    <system-err><![CDATA[Feb 28, 2024 5:37:13 PM org.openqa.selenium.remote.http.WebSocket$Listener onError
WARNING: Connection reset
java.net.SocketException: Connection reset
	at java.base/sun.nio.ch.SocketChannelImpl.throwConnectionReset(SocketChannelImpl.java:401)
	at java.base/sun.nio.ch.SocketChannelImpl.read(SocketChannelImpl.java:434)
	at java.net.http/jdk.internal.net.http.SocketTube.readAvailable(SocketTube.java:1178)
	at java.net.http/jdk.internal.net.http.SocketTube$InternalReadPublisher$InternalReadSubscription.read(SocketTube.java:841)
	at java.net.http/jdk.internal.net.http.SocketTube$SocketFlowTask.run(SocketTube.java:181)
	at java.net.http/jdk.internal.net.http.common.SequentialScheduler$SchedulableTask.run(SequentialScheduler.java:207)
	at java.net.http/jdk.internal.net.http.common.SequentialScheduler.runOrSchedule(SequentialScheduler.java:280)
	at java.net.http/jdk.internal.net.http.common.SequentialScheduler.runOrSchedule(SequentialScheduler.java:233)
	at java.net.http/jdk.internal.net.http.SocketTube$InternalReadPublisher$InternalReadSubscription.signalReadable(SocketTube.java:782)
	at java.net.http/jdk.internal.net.http.SocketTube$InternalReadPublisher$ReadEvent.signalEvent(SocketTube.java:965)
	at java.net.http/jdk.internal.net.http.SocketTube$SocketFlowEvent.handle(SocketTube.java:253)
	at java.net.http/jdk.internal.net.http.HttpClientImpl$SelectorManager.handleEvent(HttpClientImpl.java:1467)
	at java.net.http/jdk.internal.net.http.HttpClientImpl$SelectorManager.lambda$run$3(HttpClientImpl.java:1412)
	at java.base/java.util.ArrayList.forEach(ArrayList.java:1596)
	at java.net.http/jdk.internal.net.http.HttpClientImpl$SelectorManager.run(HttpClientImpl.java:1412)

]]></system-err>
  </testcase>
  <testcase name="TC010_Verification of displaying the Edit screen in the EDGE Device module by Super admin/Admin user" classname="EDGE Devices" time="34.737">
    <system-out><![CDATA[
@SheetEDGEDEVICES @Test
Scenario: TC010_Verification of displaying the Edit screen in the EDGE Device module by Super admin/Admin user &amp#27;[90m# src/test/resources/Features/EDGEDevices.feature:69&amp#27;[0m
I am tag Name@SheetEDGEDEVICES
I am in SheetEDGEDEVICES
I am tag Name@Test
I am in launchAppE:\Devendra\cdm\CDMCucumber\CDMProject\chromedriver\chromedriver.exe
  &amp#27;[32mGiven &amp#27;[0m&amp#27;[32mUser launch application in chrome browser&amp#27;[0m                                                              &amp#27;[90m# com.cdm.Stepdefinations.Common.user_launch_application_in_chrome_browser()&amp#27;[0m
Login started
devendar.malothu@weatherford.com
Chittu@123
  &amp#27;[32mWhen &amp#27;[0m&amp#27;[32muser enters credentials and click on login button&amp#27;[0m                                                       &amp#27;[90m# com.cdm.Stepdefinations.Common.user_enters_credentials_and_click_on_login_button()&amp#27;[0m
  &amp#27;[32mThen &amp#27;[0m&amp#27;[32mClick on EDGE Device module from side menu bar&amp#27;[0m                                                          &amp#27;[90m# com.cdm.Stepdefinations.EDGEDevicesSteps.click_on_edge_device_module_from_side_menu_bar()&amp#27;[0m
  &amp#27;[32mThen &amp#27;[0m&amp#27;[32mAfter landing on EDGE Device List screen scroll horizontal and Click on EDIT icon button&amp#27;[0m                &amp#27;[90m# com.cdm.Stepdefinations.EDGEDevicesSteps.after_landing_on_edge_device_list_screen_scroll_horizontal_and_click_on_edit_icon_button()&amp#27;[0m
]]></system-out>
    <system-err><![CDATA[Feb 28, 2024 5:37:47 PM org.openqa.selenium.remote.http.WebSocket$Listener onError
WARNING: Connection reset
java.net.SocketException: Connection reset
	at java.base/sun.nio.ch.SocketChannelImpl.throwConnectionReset(SocketChannelImpl.java:401)
	at java.base/sun.nio.ch.SocketChannelImpl.read(SocketChannelImpl.java:434)
	at java.net.http/jdk.internal.net.http.SocketTube.readAvailable(SocketTube.java:1178)
	at java.net.http/jdk.internal.net.http.SocketTube$InternalReadPublisher$InternalReadSubscription.read(SocketTube.java:841)
	at java.net.http/jdk.internal.net.http.SocketTube$SocketFlowTask.run(SocketTube.java:181)
	at java.net.http/jdk.internal.net.http.common.SequentialScheduler$SchedulableTask.run(SequentialScheduler.java:207)
	at java.net.http/jdk.internal.net.http.common.SequentialScheduler.runOrSchedule(SequentialScheduler.java:280)
	at java.net.http/jdk.internal.net.http.common.SequentialScheduler.runOrSchedule(SequentialScheduler.java:233)
	at java.net.http/jdk.internal.net.http.SocketTube$InternalReadPublisher$InternalReadSubscription.signalReadable(SocketTube.java:782)
	at java.net.http/jdk.internal.net.http.SocketTube$InternalReadPublisher$ReadEvent.signalEvent(SocketTube.java:965)
	at java.net.http/jdk.internal.net.http.SocketTube$SocketFlowEvent.handle(SocketTube.java:253)
	at java.net.http/jdk.internal.net.http.HttpClientImpl$SelectorManager.handleEvent(HttpClientImpl.java:1467)
	at java.net.http/jdk.internal.net.http.HttpClientImpl$SelectorManager.lambda$run$3(HttpClientImpl.java:1412)
	at java.base/java.util.ArrayList.forEach(ArrayList.java:1596)
	at java.net.http/jdk.internal.net.http.HttpClientImpl$SelectorManager.run(HttpClientImpl.java:1412)

]]></system-err>
  </testcase>
  <testcase name="TC012_Verification of Delete functionality in the EDGE Device List screen by Super admin/Admin user (If few devices are not linked with other module)" classname="EDGE Devices" time="37.032">
    <system-out><![CDATA[
@SheetEDGEDEVICES @Test
Scenario: TC012_Verification of Delete functionality in the EDGE Device List screen by Super admin/Admin user (If few devices are not linked with other module) &amp#27;[90m# src/test/resources/Features/EDGEDevices.feature:77&amp#27;[0m
I am tag Name@SheetEDGEDEVICES
I am in SheetEDGEDEVICES
I am tag Name@Test
I am in launchAppE:\Devendra\cdm\CDMCucumber\CDMProject\chromedriver\chromedriver.exe
  &amp#27;[32mGiven &amp#27;[0m&amp#27;[32mUser launch application in chrome browser&amp#27;[0m                                                                                                               &amp#27;[90m# com.cdm.Stepdefinations.Common.user_launch_application_in_chrome_browser()&amp#27;[0m
Login started
devendar.malothu@weatherford.com
Chittu@123
  &amp#27;[32mWhen &amp#27;[0m&amp#27;[32muser enters credentials and click on login button&amp#27;[0m                                                                                                        &amp#27;[90m# com.cdm.Stepdefinations.Common.user_enters_credentials_and_click_on_login_button()&amp#27;[0m
  &amp#27;[32mThen &amp#27;[0m&amp#27;[32mClick on EDGE Device module from side menu bar&amp#27;[0m                                                                                                           &amp#27;[90m# com.cdm.Stepdefinations.EDGEDevicesSteps.click_on_edge_device_module_from_side_menu_bar()&amp#27;[0m
  &amp#27;[32mThen &amp#27;[0m&amp#27;[32mClick on EDGE Group ID search icon i.e. three dots & enter Valid inputs into search text field&amp#27;[0m                                                           &amp#27;[90m# com.cdm.Stepdefinations.EDGEDevicesSteps.click_on_edge_group_id_search_icon_i_e_three_dots_enter_valid_inputs_into_search_text_field()&amp#27;[0m
  &amp#27;[32mThen &amp#27;[0m&amp#27;[32mAfter landing on EDGE Device List screen scroll horizontal and Click on DELETE icon button&amp#27;[0m                                                               &amp#27;[90m# com.cdm.Stepdefinations.EDGEDevicesSteps.after_landing_on_edge_device_list_screen_scroll_horizontal_and_click_on_delete_icon_button()&amp#27;[0m
  &amp#27;[32mThen &amp#27;[0m&amp#27;[32mconfirmation message appear on the Screen for deletion with option Yes or No&amp#27;[0m                                                                             &amp#27;[90m# com.cdm.Stepdefinations.EDGEDevicesSteps.confirmation_message_appear_on_the_screen_for_deletion_with_option_yes_or_no()&amp#27;[0m
]]></system-out>
    <system-err><![CDATA[Feb 28, 2024 5:38:24 PM org.openqa.selenium.remote.http.WebSocket$Listener onError
WARNING: Connection reset
java.net.SocketException: Connection reset
	at java.base/sun.nio.ch.SocketChannelImpl.throwConnectionReset(SocketChannelImpl.java:401)
	at java.base/sun.nio.ch.SocketChannelImpl.read(SocketChannelImpl.java:434)
	at java.net.http/jdk.internal.net.http.SocketTube.readAvailable(SocketTube.java:1178)
	at java.net.http/jdk.internal.net.http.SocketTube$InternalReadPublisher$InternalReadSubscription.read(SocketTube.java:841)
	at java.net.http/jdk.internal.net.http.SocketTube$SocketFlowTask.run(SocketTube.java:181)
	at java.net.http/jdk.internal.net.http.common.SequentialScheduler$SchedulableTask.run(SequentialScheduler.java:207)
	at java.net.http/jdk.internal.net.http.common.SequentialScheduler.runOrSchedule(SequentialScheduler.java:280)
	at java.net.http/jdk.internal.net.http.common.SequentialScheduler.runOrSchedule(SequentialScheduler.java:233)
	at java.net.http/jdk.internal.net.http.SocketTube$InternalReadPublisher$InternalReadSubscription.signalReadable(SocketTube.java:782)
	at java.net.http/jdk.internal.net.http.SocketTube$InternalReadPublisher$ReadEvent.signalEvent(SocketTube.java:965)
	at java.net.http/jdk.internal.net.http.SocketTube$SocketFlowEvent.handle(SocketTube.java:253)
	at java.net.http/jdk.internal.net.http.HttpClientImpl$SelectorManager.handleEvent(HttpClientImpl.java:1467)
	at java.net.http/jdk.internal.net.http.HttpClientImpl$SelectorManager.lambda$run$3(HttpClientImpl.java:1412)
	at java.base/java.util.ArrayList.forEach(ArrayList.java:1596)
	at java.net.http/jdk.internal.net.http.HttpClientImpl$SelectorManager.run(HttpClientImpl.java:1412)

]]></system-err>
  </testcase>
  <testcase name="TC013_Verification of tooltip functionality for Edit icon in Actions column of the EDGE Device List screen by Super admin/Admin user" classname="EDGE Devices" time="28.977">
    <system-out><![CDATA[
@SheetEDGEDEVICES @Test
Scenario: TC013_Verification of tooltip functionality for Edit icon in Actions column of the EDGE Device List screen by Super admin/Admin user &amp#27;[90m# src/test/resources/Features/EDGEDevices.feature:86&amp#27;[0m
I am tag Name@SheetEDGEDEVICES
I am in SheetEDGEDEVICES
I am tag Name@Test
I am in launchAppE:\Devendra\cdm\CDMCucumber\CDMProject\chromedriver\chromedriver.exe
  &amp#27;[32mGiven &amp#27;[0m&amp#27;[32mUser launch application in chrome browser&amp#27;[0m                                                                                              &amp#27;[90m# com.cdm.Stepdefinations.Common.user_launch_application_in_chrome_browser()&amp#27;[0m
Login started
devendar.malothu@weatherford.com
Chittu@123
  &amp#27;[32mWhen &amp#27;[0m&amp#27;[32muser enters credentials and click on login button&amp#27;[0m                                                                                       &amp#27;[90m# com.cdm.Stepdefinations.Common.user_enters_credentials_and_click_on_login_button()&amp#27;[0m
  &amp#27;[32mThen &amp#27;[0m&amp#27;[32mClick on EDGE Device module from side menu bar&amp#27;[0m                                                                                          &amp#27;[90m# com.cdm.Stepdefinations.EDGEDevicesSteps.click_on_edge_device_module_from_side_menu_bar()&amp#27;[0m
  &amp#27;[32mAnd &amp#27;[0m&amp#27;[32mscroll horizontal to see status column&amp#27;[0m                                                                                                   &amp#27;[90m# com.cdm.Stepdefinations.EDGEDevicesSteps.scroll_horizontal_to_see_status_column()&amp#27;[0m
toolTipText-->Edit
  &amp#27;[32mThen &amp#27;[0m&amp#27;[32mAfter landing on EDGE Device List screen And Mousehover on EDIT icon button&amp#27;[0m                                                             &amp#27;[90m# com.cdm.Stepdefinations.EDGEDevicesSteps.after_landing_on_edge_device_list_screen_and_mousehover_on_edit_icon_button()&amp#27;[0m
]]></system-out>
    <system-err><![CDATA[Feb 28, 2024 5:38:53 PM org.openqa.selenium.remote.http.WebSocket$Listener onError
WARNING: Connection reset
java.net.SocketException: Connection reset
	at java.base/sun.nio.ch.SocketChannelImpl.throwConnectionReset(SocketChannelImpl.java:401)
	at java.base/sun.nio.ch.SocketChannelImpl.read(SocketChannelImpl.java:434)
	at java.net.http/jdk.internal.net.http.SocketTube.readAvailable(SocketTube.java:1178)
	at java.net.http/jdk.internal.net.http.SocketTube$InternalReadPublisher$InternalReadSubscription.read(SocketTube.java:841)
	at java.net.http/jdk.internal.net.http.SocketTube$SocketFlowTask.run(SocketTube.java:181)
	at java.net.http/jdk.internal.net.http.common.SequentialScheduler$SchedulableTask.run(SequentialScheduler.java:207)
	at java.net.http/jdk.internal.net.http.common.SequentialScheduler.runOrSchedule(SequentialScheduler.java:280)
	at java.net.http/jdk.internal.net.http.common.SequentialScheduler.runOrSchedule(SequentialScheduler.java:233)
	at java.net.http/jdk.internal.net.http.SocketTube$InternalReadPublisher$InternalReadSubscription.signalReadable(SocketTube.java:782)
	at java.net.http/jdk.internal.net.http.SocketTube$InternalReadPublisher$ReadEvent.signalEvent(SocketTube.java:965)
	at java.net.http/jdk.internal.net.http.SocketTube$SocketFlowEvent.handle(SocketTube.java:253)
	at java.net.http/jdk.internal.net.http.HttpClientImpl$SelectorManager.handleEvent(HttpClientImpl.java:1467)
	at java.net.http/jdk.internal.net.http.HttpClientImpl$SelectorManager.lambda$run$3(HttpClientImpl.java:1412)
	at java.base/java.util.ArrayList.forEach(ArrayList.java:1596)
	at java.net.http/jdk.internal.net.http.HttpClientImpl$SelectorManager.run(HttpClientImpl.java:1412)

]]></system-err>
  </testcase>
  <testcase name="TC014_Verification of tooltip functionality for Delete icon in Actions column of the EDGE Device List screen by Super admin/Admin user" classname="EDGE Devices" time="34.824">
    <system-out><![CDATA[
@SheetEDGEDEVICES @Test
Scenario: TC014_Verification of tooltip functionality for Delete icon in Actions column of the EDGE Device List screen by Super admin/Admin user &amp#27;[90m# src/test/resources/Features/EDGEDevices.feature:94&amp#27;[0m
I am tag Name@SheetEDGEDEVICES
I am in SheetEDGEDEVICES
I am tag Name@Test
I am in launchAppE:\Devendra\cdm\CDMCucumber\CDMProject\chromedriver\chromedriver.exe
  &amp#27;[32mGiven &amp#27;[0m&amp#27;[32mUser launch application in chrome browser&amp#27;[0m                                                                                                &amp#27;[90m# com.cdm.Stepdefinations.Common.user_launch_application_in_chrome_browser()&amp#27;[0m
Login started
devendar.malothu@weatherford.com
Chittu@123
  &amp#27;[32mWhen &amp#27;[0m&amp#27;[32muser enters credentials and click on login button&amp#27;[0m                                                                                         &amp#27;[90m# com.cdm.Stepdefinations.Common.user_enters_credentials_and_click_on_login_button()&amp#27;[0m
  &amp#27;[32mThen &amp#27;[0m&amp#27;[32mClick on EDGE Device module from side menu bar&amp#27;[0m                                                                                            &amp#27;[90m# com.cdm.Stepdefinations.EDGEDevicesSteps.click_on_edge_device_module_from_side_menu_bar()&amp#27;[0m
  &amp#27;[32mAnd &amp#27;[0m&amp#27;[32mscroll horizontal to see status column&amp#27;[0m                                                                                                     &amp#27;[90m# com.cdm.Stepdefinations.EDGEDevicesSteps.scroll_horizontal_to_see_status_column()&amp#27;[0m
  &amp#27;[32mThen &amp#27;[0m&amp#27;[32mClick on Status Three Dot&amp#27;[0m                                                                                                                 &amp#27;[90m# com.cdm.Stepdefinations.EDGEDevicesSteps.click_on_status_three_dot()&amp#27;[0m
  &amp#27;[32mAnd &amp#27;[0m&amp#27;[32mChoose inactive mode from status column&amp#27;[0m                                                                                                    &amp#27;[90m# com.cdm.Stepdefinations.EDGEDevicesSteps.choose_inactive_mode_from_status_column()&amp#27;[0m
toolTipText-->Delete
  &amp#27;[32mThen &amp#27;[0m&amp#27;[32mAfter landing on EDGE Device List screen And Mousehover on DELETE icon button&amp#27;[0m                                                             &amp#27;[90m# com.cdm.Stepdefinations.EDGEDevicesSteps.after_landing_on_edge_device_list_screen_and_mousehover_on_delete_icon_button()&amp#27;[0m
]]></system-out>
  </testcase>
  <testcase name="TC015_Verification of tooltip functionality for View Alert(s) icon in Actions column of the EDGE Device List screen by Super admin/Admin user" classname="EDGE Devices" time="29.434">
    <system-out><![CDATA[
@SheetEDGEDEVICES @Test
Scenario: TC015_Verification of tooltip functionality for View Alert(s) icon in Actions column of the EDGE Device List screen by Super admin/Admin user &amp#27;[90m# src/test/resources/Features/EDGEDevices.feature:104&amp#27;[0m
I am tag Name@SheetEDGEDEVICES
I am in SheetEDGEDEVICES
I am tag Name@Test
I am in launchAppE:\Devendra\cdm\CDMCucumber\CDMProject\chromedriver\chromedriver.exe
  &amp#27;[32mGiven &amp#27;[0m&amp#27;[32mUser launch application in chrome browser&amp#27;[0m                                                                                                       &amp#27;[90m# com.cdm.Stepdefinations.Common.user_launch_application_in_chrome_browser()&amp#27;[0m
Login started
devendar.malothu@weatherford.com
Chittu@123
  &amp#27;[32mWhen &amp#27;[0m&amp#27;[32muser enters credentials and click on login button&amp#27;[0m                                                                                                &amp#27;[90m# com.cdm.Stepdefinations.Common.user_enters_credentials_and_click_on_login_button()&amp#27;[0m
  &amp#27;[32mThen &amp#27;[0m&amp#27;[32mClick on EDGE Device module from side menu bar&amp#27;[0m                                                                                                   &amp#27;[90m# com.cdm.Stepdefinations.EDGEDevicesSteps.click_on_edge_device_module_from_side_menu_bar()&amp#27;[0m
  &amp#27;[32mAnd &amp#27;[0m&amp#27;[32mscroll horizontal to see status column&amp#27;[0m                                                                                                            &amp#27;[90m# com.cdm.Stepdefinations.EDGEDevicesSteps.scroll_horizontal_to_see_status_column()&amp#27;[0m
toolTipText-->View Alerts
  &amp#27;[32mThen &amp#27;[0m&amp#27;[32mAfter landing on EDGE Device List screen and Mousehover on View ALERTS icon button&amp#27;[0m                                                               &amp#27;[90m# com.cdm.Stepdefinations.EDGEDevicesSteps.after_landing_on_edge_device_list_screen_and_mousehover_on_view_alerts_icon_button()&amp#27;[0m
]]></system-out>
    <system-err><![CDATA[Feb 28, 2024 5:39:58 PM org.openqa.selenium.remote.http.WebSocket$Listener onError
WARNING: Connection reset
java.net.SocketException: Connection reset
	at java.base/sun.nio.ch.SocketChannelImpl.throwConnectionReset(SocketChannelImpl.java:401)
	at java.base/sun.nio.ch.SocketChannelImpl.read(SocketChannelImpl.java:434)
	at java.net.http/jdk.internal.net.http.SocketTube.readAvailable(SocketTube.java:1178)
	at java.net.http/jdk.internal.net.http.SocketTube$InternalReadPublisher$InternalReadSubscription.read(SocketTube.java:841)
	at java.net.http/jdk.internal.net.http.SocketTube$SocketFlowTask.run(SocketTube.java:181)
	at java.net.http/jdk.internal.net.http.common.SequentialScheduler$SchedulableTask.run(SequentialScheduler.java:207)
	at java.net.http/jdk.internal.net.http.common.SequentialScheduler.runOrSchedule(SequentialScheduler.java:280)
	at java.net.http/jdk.internal.net.http.common.SequentialScheduler.runOrSchedule(SequentialScheduler.java:233)
	at java.net.http/jdk.internal.net.http.SocketTube$InternalReadPublisher$InternalReadSubscription.signalReadable(SocketTube.java:782)
	at java.net.http/jdk.internal.net.http.SocketTube$InternalReadPublisher$ReadEvent.signalEvent(SocketTube.java:965)
	at java.net.http/jdk.internal.net.http.SocketTube$SocketFlowEvent.handle(SocketTube.java:253)
	at java.net.http/jdk.internal.net.http.HttpClientImpl$SelectorManager.handleEvent(HttpClientImpl.java:1467)
	at java.net.http/jdk.internal.net.http.HttpClientImpl$SelectorManager.lambda$run$3(HttpClientImpl.java:1412)
	at java.base/java.util.ArrayList.forEach(ArrayList.java:1596)
	at java.net.http/jdk.internal.net.http.HttpClientImpl$SelectorManager.run(HttpClientImpl.java:1412)

]]></system-err>
  </testcase>
  <testcase name="TC016_Verification of reduction in the number of records in pagination section of EDGE details screen" classname="EDGE Devices" time="31.913">
    <system-out><![CDATA[
@SheetEDGEDEVICES @Test
Scenario: TC016_Verification of reduction in the number of records in pagination section of EDGE details screen &amp#27;[90m# src/test/resources/Features/EDGEDevices.feature:112&amp#27;[0m
I am tag Name@SheetEDGEDEVICES
I am in SheetEDGEDEVICES
I am tag Name@Test
I am in launchAppE:\Devendra\cdm\CDMCucumber\CDMProject\chromedriver\chromedriver.exe
  &amp#27;[32mGiven &amp#27;[0m&amp#27;[32mUser launch application in chrome browser&amp#27;[0m                                                               &amp#27;[90m# com.cdm.Stepdefinations.Common.user_launch_application_in_chrome_browser()&amp#27;[0m
Login started
devendar.malothu@weatherford.com
Chittu@123
  &amp#27;[32mWhen &amp#27;[0m&amp#27;[32muser enters credentials and click on login button&amp#27;[0m                                                        &amp#27;[90m# com.cdm.Stepdefinations.Common.user_enters_credentials_and_click_on_login_button()&amp#27;[0m
  &amp#27;[32mThen &amp#27;[0m&amp#27;[32mClick on EDGE Device module from side menu bar&amp#27;[0m                                                           &amp#27;[90m# com.cdm.Stepdefinations.EDGEDevicesSteps.click_on_edge_device_module_from_side_menu_bar()&amp#27;[0m
  &amp#27;[32mThen &amp#27;[0m&amp#27;[32mClick on pagination it will display default records will display&amp#27;[0m                                         &amp#27;[90m# com.cdm.Stepdefinations.EDGEDevicesSteps.click_on_pagination_it_will_display_default_records_will_display()&amp#27;[0m
]]></system-out>
  </testcase>
  <testcase name="TC017_Verification of changing the items per page functionality in the EDGE Device List screen by Super admin/Admin user" classname="EDGE Devices" time="34.652">
    <system-out><![CDATA[
@SheetEDGEDEVICES @Test
Scenario: TC017_Verification of changing the items per page functionality in the EDGE Device List screen by Super admin/Admin user &amp#27;[90m# src/test/resources/Features/EDGEDevices.feature:119&amp#27;[0m
I am tag Name@SheetEDGEDEVICES
I am in SheetEDGEDEVICES
I am tag Name@Test
I am in launchAppE:\Devendra\cdm\CDMCucumber\CDMProject\chromedriver\chromedriver.exe
  &amp#27;[32mGiven &amp#27;[0m&amp#27;[32mUser launch application in chrome browser&amp#27;[0m                                                                                  &amp#27;[90m# com.cdm.Stepdefinations.Common.user_launch_application_in_chrome_browser()&amp#27;[0m
Login started
devendar.malothu@weatherford.com
Chittu@123
  &amp#27;[32mAnd &amp#27;[0m&amp#27;[32muser enters credentials and click on login button&amp#27;[0m                                                                            &amp#27;[90m# com.cdm.Stepdefinations.Common.user_enters_credentials_and_click_on_login_button()&amp#27;[0m
  &amp#27;[32mThen &amp#27;[0m&amp#27;[32mClick on EDGE Device module from side menu bar&amp#27;[0m                                                                              &amp#27;[90m# com.cdm.Stepdefinations.EDGEDevicesSteps.click_on_edge_device_module_from_side_menu_bar()&amp#27;[0m
  &amp#27;[32mThen &amp#27;[0m&amp#27;[32mClick on pagination it will display default records will display&amp#27;[0m                                                            &amp#27;[90m# com.cdm.Stepdefinations.EDGEDevicesSteps.click_on_pagination_it_will_display_default_records_will_display()&amp#27;[0m
]]></system-out>
  </testcase>
  <testcase name="TC018_Verification of displaying the items per page by default i.e. 25 per page in the EDGE Device List screen by Super admin/Admin user" classname="EDGE Devices" time="26.88">
    <system-out><![CDATA[
@SheetEDGEDEVICES @Test
Scenario: TC018_Verification of displaying the items per page by default i.e. 25 per page in the EDGE Device List screen by Super admin/Admin user &amp#27;[90m# src/test/resources/Features/EDGEDevices.feature:126&amp#27;[0m
I am tag Name@SheetEDGEDEVICES
I am in SheetEDGEDEVICES
I am tag Name@Test
I am in launchAppE:\Devendra\cdm\CDMCucumber\CDMProject\chromedriver\chromedriver.exe
  &amp#27;[32mGiven &amp#27;[0m&amp#27;[32mUser launch application in chrome browser&amp#27;[0m                                                                                                  &amp#27;[90m# com.cdm.Stepdefinations.Common.user_launch_application_in_chrome_browser()&amp#27;[0m
Login started
devendar.malothu@weatherford.com
Chittu@123
  &amp#27;[32mAnd &amp#27;[0m&amp#27;[32muser enters credentials and click on login button&amp#27;[0m                                                                                            &amp#27;[90m# com.cdm.Stepdefinations.Common.user_enters_credentials_and_click_on_login_button()&amp#27;[0m
  &amp#27;[32mThen &amp#27;[0m&amp#27;[32mClick on EDGE Device module from side menu bar&amp#27;[0m                                                                                              &amp#27;[90m# com.cdm.Stepdefinations.EDGEDevicesSteps.click_on_edge_device_module_from_side_menu_bar()&amp#27;[0m
  &amp#27;[32mThen &amp#27;[0m&amp#27;[32mClick on pagination it will display default records will display&amp#27;[0m                                                                            &amp#27;[90m# com.cdm.Stepdefinations.EDGEDevicesSteps.click_on_pagination_it_will_display_default_records_will_display()&amp#27;[0m
]]></system-out>
  </testcase>
  <testcase name="TC019_Verification of displaying the total number of records with pagination icons in the EDGE Device List screen by Super admin/Admin user" classname="EDGE Devices" time="24.801">
    <system-out><![CDATA[
@SheetEDGEDEVICES @Test
Scenario: TC019_Verification of displaying the total number of records with pagination icons in the EDGE Device List screen by Super admin/Admin user &amp#27;[90m# src/test/resources/Features/EDGEDevices.feature:133&amp#27;[0m
I am tag Name@SheetEDGEDEVICES
I am in SheetEDGEDEVICES
I am tag Name@Test
I am in launchAppE:\Devendra\cdm\CDMCucumber\CDMProject\chromedriver\chromedriver.exe
  &amp#27;[32mGiven &amp#27;[0m&amp#27;[32mUser launch application in chrome browser&amp#27;[0m                                                                                                     &amp#27;[90m# com.cdm.Stepdefinations.Common.user_launch_application_in_chrome_browser()&amp#27;[0m
Login started
devendar.malothu@weatherford.com
Chittu@123
  &amp#27;[32mAnd &amp#27;[0m&amp#27;[32muser enters credentials and click on login button&amp#27;[0m                                                                                               &amp#27;[90m# com.cdm.Stepdefinations.Common.user_enters_credentials_and_click_on_login_button()&amp#27;[0m
  &amp#27;[32mThen &amp#27;[0m&amp#27;[32mClick on EDGE Device module from side menu bar&amp#27;[0m                                                                                                 &amp#27;[90m# com.cdm.Stepdefinations.EDGEDevicesSteps.click_on_edge_device_module_from_side_menu_bar()&amp#27;[0m
25 Then the table values should display the same number of records:14

  &amp#27;[32mAnd &amp#27;[0m&amp#27;[32mcheck pagination per page&amp#27;[0m                                                                                                                       &amp#27;[90m# com.cdm.Stepdefinations.EDGEDevicesSteps.check_pagination_per_page()&amp#27;[0m
]]></system-out>
  </testcase>
  <testcase name="TC020_Verification of displaying the First page (Full Backward arrow) button in the EDGE Device List screen by Super admin/Admin user" classname="EDGE Devices" time="32.17">
    <system-out><![CDATA[
@SheetEDGEDEVICES @Test
Scenario: TC020_Verification of displaying the First page (Full Backward arrow) button in the EDGE Device List screen by Super admin/Admin user &amp#27;[90m# src/test/resources/Features/EDGEDevices.feature:140&amp#27;[0m
I am tag Name@SheetEDGEDEVICES
I am in SheetEDGEDEVICES
I am tag Name@Test
I am in launchAppE:\Devendra\cdm\CDMCucumber\CDMProject\chromedriver\chromedriver.exe
  &amp#27;[32mGiven &amp#27;[0m&amp#27;[32mUser launch application in chrome browser&amp#27;[0m                                                                                               &amp#27;[90m# com.cdm.Stepdefinations.Common.user_launch_application_in_chrome_browser()&amp#27;[0m
Login started
devendar.malothu@weatherford.com
Chittu@123
  &amp#27;[32mWhen &amp#27;[0m&amp#27;[32muser enters credentials and click on login button&amp#27;[0m                                                                                        &amp#27;[90m# com.cdm.Stepdefinations.Common.user_enters_credentials_and_click_on_login_button()&amp#27;[0m
  &amp#27;[32mThen &amp#27;[0m&amp#27;[32mClick on EDGE Device module from side menu bar&amp#27;[0m                                                                                           &amp#27;[90m# com.cdm.Stepdefinations.EDGEDevicesSteps.click_on_edge_device_module_from_side_menu_bar()&amp#27;[0m
  &amp#27;[32mThen &amp#27;[0m&amp#27;[32mClick on pagination to check functionality of Full Backward arrow Edgedevice&amp#27;[0m                                                             &amp#27;[90m# com.cdm.Stepdefinations.EDGEDevicesSteps.click_on_pagination_to_check_functionality_of_full_backward_arrow_edgedevice()&amp#27;[0m
]]></system-out>
    <system-err><![CDATA[Feb 28, 2024 5:42:28 PM org.openqa.selenium.remote.http.WebSocket$Listener onError
WARNING: Connection reset
java.net.SocketException: Connection reset
	at java.base/sun.nio.ch.SocketChannelImpl.throwConnectionReset(SocketChannelImpl.java:401)
	at java.base/sun.nio.ch.SocketChannelImpl.read(SocketChannelImpl.java:434)
	at java.net.http/jdk.internal.net.http.SocketTube.readAvailable(SocketTube.java:1178)
	at java.net.http/jdk.internal.net.http.SocketTube$InternalReadPublisher$InternalReadSubscription.read(SocketTube.java:841)
	at java.net.http/jdk.internal.net.http.SocketTube$SocketFlowTask.run(SocketTube.java:181)
	at java.net.http/jdk.internal.net.http.common.SequentialScheduler$SchedulableTask.run(SequentialScheduler.java:207)
	at java.net.http/jdk.internal.net.http.common.SequentialScheduler.runOrSchedule(SequentialScheduler.java:280)
	at java.net.http/jdk.internal.net.http.common.SequentialScheduler.runOrSchedule(SequentialScheduler.java:233)
	at java.net.http/jdk.internal.net.http.SocketTube$InternalReadPublisher$InternalReadSubscription.signalReadable(SocketTube.java:782)
	at java.net.http/jdk.internal.net.http.SocketTube$InternalReadPublisher$ReadEvent.signalEvent(SocketTube.java:965)
	at java.net.http/jdk.internal.net.http.SocketTube$SocketFlowEvent.handle(SocketTube.java:253)
	at java.net.http/jdk.internal.net.http.HttpClientImpl$SelectorManager.handleEvent(HttpClientImpl.java:1467)
	at java.net.http/jdk.internal.net.http.HttpClientImpl$SelectorManager.lambda$run$3(HttpClientImpl.java:1412)
	at java.base/java.util.ArrayList.forEach(ArrayList.java:1596)
	at java.net.http/jdk.internal.net.http.HttpClientImpl$SelectorManager.run(HttpClientImpl.java:1412)

]]></system-err>
  </testcase>
  <testcase name="TC021_Verification of displaying the Last page (Full Forward arrow) button in the EDGE Device List screen by Super admin/Admin user" classname="EDGE Devices" time="36.876">
    <system-out><![CDATA[
@SheetEDGEDEVICES @Test
Scenario: TC021_Verification of displaying the Last page (Full Forward arrow) button in the EDGE Device List screen by Super admin/Admin user &amp#27;[90m# src/test/resources/Features/EDGEDevices.feature:147&amp#27;[0m
I am tag Name@SheetEDGEDEVICES
I am in SheetEDGEDEVICES
I am tag Name@Test
I am in launchAppE:\Devendra\cdm\CDMCucumber\CDMProject\chromedriver\chromedriver.exe
  &amp#27;[32mGiven &amp#27;[0m&amp#27;[32mUser launch application in chrome browser&amp#27;[0m                                                                                             &amp#27;[90m# com.cdm.Stepdefinations.Common.user_launch_application_in_chrome_browser()&amp#27;[0m
Login started
devendar.malothu@weatherford.com
Chittu@123
  &amp#27;[32mAnd &amp#27;[0m&amp#27;[32muser enters credentials and click on login button&amp#27;[0m                                                                                       &amp#27;[90m# com.cdm.Stepdefinations.Common.user_enters_credentials_and_click_on_login_button()&amp#27;[0m
  &amp#27;[32mThen &amp#27;[0m&amp#27;[32mClick on EDGE Device module from side menu bar&amp#27;[0m                                                                                         &amp#27;[90m# com.cdm.Stepdefinations.EDGEDevicesSteps.click_on_edge_device_module_from_side_menu_bar()&amp#27;[0m
  &amp#27;[32mThen &amp#27;[0m&amp#27;[32mClick on pagination to check functionality of Full forward arrow&amp#27;[0m                                                                       &amp#27;[90m# com.cdm.Stepdefinations.DeploymentsSteps.click_on_pagination_to_check_functionality_of_full_forward_arrow()&amp#27;[0m
]]></system-out>
  </testcase>
  <testcase name="TC022_Verification of displaying the Next page (Forward arrow button in the EDGE Device List screen by Super admin/Admin user" classname="EDGE Devices" time="39.783">
    <system-out><![CDATA[
@SheetEDGEDEVICES @Test
Scenario: TC022_Verification of displaying the Next page (Forward arrow button in the EDGE Device List screen by Super admin/Admin user &amp#27;[90m# src/test/resources/Features/EDGEDevices.feature:154&amp#27;[0m
I am tag Name@SheetEDGEDEVICES
I am in SheetEDGEDEVICES
I am tag Name@Test
I am in launchAppE:\Devendra\cdm\CDMCucumber\CDMProject\chromedriver\chromedriver.exe
  &amp#27;[32mGiven &amp#27;[0m&amp#27;[32mUser launch application in chrome browser&amp#27;[0m                                                                                       &amp#27;[90m# com.cdm.Stepdefinations.Common.user_launch_application_in_chrome_browser()&amp#27;[0m
Login started
devendar.malothu@weatherford.com
Chittu@123
  &amp#27;[32mAnd &amp#27;[0m&amp#27;[32muser enters credentials and click on login button&amp#27;[0m                                                                                 &amp#27;[90m# com.cdm.Stepdefinations.Common.user_enters_credentials_and_click_on_login_button()&amp#27;[0m
  &amp#27;[32mThen &amp#27;[0m&amp#27;[32mClick on EDGE Device module from side menu bar&amp#27;[0m                                                                                   &amp#27;[90m# com.cdm.Stepdefinations.EDGEDevicesSteps.click_on_edge_device_module_from_side_menu_bar()&amp#27;[0m
  &amp#27;[32mThen &amp#27;[0m&amp#27;[32mClick on pagination to check Next button(Forward arrow) functionality&amp#27;[0m                                                            &amp#27;[90m# com.cdm.Stepdefinations.DeploymentsSteps.click_on_pagination_to_check_next_button_forward_arrow_functionality()&amp#27;[0m
]]></system-out>
    <system-err><![CDATA[Feb 28, 2024 5:43:45 PM org.openqa.selenium.remote.http.WebSocket$Listener onError
WARNING: Connection reset
java.net.SocketException: Connection reset
	at java.base/sun.nio.ch.SocketChannelImpl.throwConnectionReset(SocketChannelImpl.java:401)
	at java.base/sun.nio.ch.SocketChannelImpl.read(SocketChannelImpl.java:434)
	at java.net.http/jdk.internal.net.http.SocketTube.readAvailable(SocketTube.java:1178)
	at java.net.http/jdk.internal.net.http.SocketTube$InternalReadPublisher$InternalReadSubscription.read(SocketTube.java:841)
	at java.net.http/jdk.internal.net.http.SocketTube$SocketFlowTask.run(SocketTube.java:181)
	at java.net.http/jdk.internal.net.http.common.SequentialScheduler$SchedulableTask.run(SequentialScheduler.java:207)
	at java.net.http/jdk.internal.net.http.common.SequentialScheduler.runOrSchedule(SequentialScheduler.java:280)
	at java.net.http/jdk.internal.net.http.common.SequentialScheduler.runOrSchedule(SequentialScheduler.java:233)
	at java.net.http/jdk.internal.net.http.SocketTube$InternalReadPublisher$InternalReadSubscription.signalReadable(SocketTube.java:782)
	at java.net.http/jdk.internal.net.http.SocketTube$InternalReadPublisher$ReadEvent.signalEvent(SocketTube.java:965)
	at java.net.http/jdk.internal.net.http.SocketTube$SocketFlowEvent.handle(SocketTube.java:253)
	at java.net.http/jdk.internal.net.http.HttpClientImpl$SelectorManager.handleEvent(HttpClientImpl.java:1467)
	at java.net.http/jdk.internal.net.http.HttpClientImpl$SelectorManager.lambda$run$3(HttpClientImpl.java:1412)
	at java.base/java.util.ArrayList.forEach(ArrayList.java:1596)
	at java.net.http/jdk.internal.net.http.HttpClientImpl$SelectorManager.run(HttpClientImpl.java:1412)

]]></system-err>
  </testcase>
  <testcase name="TC023_Verification of displaying the Previous page (Backward arrow button in the EDGE Device List screen by Super admin/Admin user" classname="EDGE Devices" time="28.687">
    <system-out><![CDATA[
@SheetEDGEDEVICES @Test
Scenario: TC023_Verification of displaying the Previous page (Backward arrow button in the EDGE Device List screen by Super admin/Admin user &amp#27;[90m# src/test/resources/Features/EDGEDevices.feature:161&amp#27;[0m
I am tag Name@SheetEDGEDEVICES
I am in SheetEDGEDEVICES
I am tag Name@Test
I am in launchAppE:\Devendra\cdm\CDMCucumber\CDMProject\chromedriver\chromedriver.exe
  &amp#27;[32mGiven &amp#27;[0m&amp#27;[32mUser launch application in chrome browser&amp#27;[0m                                                                                            &amp#27;[90m# com.cdm.Stepdefinations.Common.user_launch_application_in_chrome_browser()&amp#27;[0m
Login started
devendar.malothu@weatherford.com
Chittu@123
  &amp#27;[32mAnd &amp#27;[0m&amp#27;[32muser enters credentials and click on login button&amp#27;[0m                                                                                      &amp#27;[90m# com.cdm.Stepdefinations.Common.user_enters_credentials_and_click_on_login_button()&amp#27;[0m
  &amp#27;[32mThen &amp#27;[0m&amp#27;[32mClick on EDGE Device module from side menu bar&amp#27;[0m                                                                                        &amp#27;[90m# com.cdm.Stepdefinations.EDGEDevicesSteps.click_on_edge_device_module_from_side_menu_bar()&amp#27;[0m
  &amp#27;[32mThen &amp#27;[0m&amp#27;[32mClick on pagination to check Previous Page button(Backward arrow) functionality EdgeDevice&amp#27;[0m                                            &amp#27;[90m# com.cdm.Stepdefinations.EDGEDevicesSteps.click_on_pagination_to_check_previous_page_button_backward_arrow_functionality()&amp#27;[0m
]]></system-out>
  </testcase>
  <testcase name="TC024_Verification of the search functionality for EDGE ID column in the EDGE Device List screen by Super admin/Admin user" classname="EDGE Devices" time="24.621">
    <system-out><![CDATA[
@SheetEDGEDEVICES @Test
Scenario: TC024_Verification of the search functionality for EDGE ID column in the EDGE Device List screen by Super admin/Admin user &amp#27;[90m# src/test/resources/Features/EDGEDevices.feature:168&amp#27;[0m
I am tag Name@SheetEDGEDEVICES
I am in SheetEDGEDEVICES
I am tag Name@Test
I am in launchAppE:\Devendra\cdm\CDMCucumber\CDMProject\chromedriver\chromedriver.exe
  &amp#27;[32mGiven &amp#27;[0m&amp#27;[32mUser launch application in chrome browser&amp#27;[0m                                                                                    &amp#27;[90m# com.cdm.Stepdefinations.Common.user_launch_application_in_chrome_browser()&amp#27;[0m
Login started
devendar.malothu@weatherford.com
Chittu@123
  &amp#27;[32mWhen &amp#27;[0m&amp#27;[32muser enters credentials and click on login button&amp#27;[0m                                                                             &amp#27;[90m# com.cdm.Stepdefinations.Common.user_enters_credentials_and_click_on_login_button()&amp#27;[0m
  &amp#27;[32mThen &amp#27;[0m&amp#27;[32mClick on EDGE Device module from side menu bar&amp#27;[0m                                                                                &amp#27;[90m# com.cdm.Stepdefinations.EDGEDevicesSteps.click_on_edge_device_module_from_side_menu_bar()&amp#27;[0m
  &amp#27;[32mThen &amp#27;[0m&amp#27;[32mClick on EDGE Group ID search icon i.e. three dots & enter Valid inputs into search text field&amp#27;[0m                                &amp#27;[90m# com.cdm.Stepdefinations.EDGEDevicesSteps.click_on_edge_group_id_search_icon_i_e_three_dots_enter_valid_inputs_into_search_text_field()&amp#27;[0m
]]></system-out>
    <system-err><![CDATA[Feb 28, 2024 5:44:38 PM org.openqa.selenium.remote.http.WebSocket$Listener onError
WARNING: Connection reset
java.net.SocketException: Connection reset
	at java.base/sun.nio.ch.SocketChannelImpl.throwConnectionReset(SocketChannelImpl.java:401)
	at java.base/sun.nio.ch.SocketChannelImpl.read(SocketChannelImpl.java:434)
	at java.net.http/jdk.internal.net.http.SocketTube.readAvailable(SocketTube.java:1178)
	at java.net.http/jdk.internal.net.http.SocketTube$InternalReadPublisher$InternalReadSubscription.read(SocketTube.java:841)
	at java.net.http/jdk.internal.net.http.SocketTube$SocketFlowTask.run(SocketTube.java:181)
	at java.net.http/jdk.internal.net.http.common.SequentialScheduler$SchedulableTask.run(SequentialScheduler.java:207)
	at java.net.http/jdk.internal.net.http.common.SequentialScheduler.runOrSchedule(SequentialScheduler.java:280)
	at java.net.http/jdk.internal.net.http.common.SequentialScheduler.runOrSchedule(SequentialScheduler.java:233)
	at java.net.http/jdk.internal.net.http.SocketTube$InternalReadPublisher$InternalReadSubscription.signalReadable(SocketTube.java:782)
	at java.net.http/jdk.internal.net.http.SocketTube$InternalReadPublisher$ReadEvent.signalEvent(SocketTube.java:965)
	at java.net.http/jdk.internal.net.http.SocketTube$SocketFlowEvent.handle(SocketTube.java:253)
	at java.net.http/jdk.internal.net.http.HttpClientImpl$SelectorManager.handleEvent(HttpClientImpl.java:1467)
	at java.net.http/jdk.internal.net.http.HttpClientImpl$SelectorManager.lambda$run$3(HttpClientImpl.java:1412)
	at java.base/java.util.ArrayList.forEach(ArrayList.java:1596)
	at java.net.http/jdk.internal.net.http.HttpClientImpl$SelectorManager.run(HttpClientImpl.java:1412)

]]></system-err>
  </testcase>
  <testcase name="TC025_Verification of the search functionality for EDGE Group Name column (Valid Group Name) in the EDGE Device List screen by Super admin/Admin user" classname="EDGE Devices" time="24.081">
    <system-out><![CDATA[
@SheetEDGEDEVICES @Test
Scenario: TC025_Verification of the search functionality for EDGE Group Name column (Valid Group Name) in the EDGE Device List screen by Super admin/Admin user &amp#27;[90m# src/test/resources/Features/EDGEDevices.feature:175&amp#27;[0m
I am tag Name@SheetEDGEDEVICES
I am in SheetEDGEDEVICES
I am tag Name@Test
I am in launchAppE:\Devendra\cdm\CDMCucumber\CDMProject\chromedriver\chromedriver.exe
  &amp#27;[32mGiven &amp#27;[0m&amp#27;[32mUser launch application in chrome browser&amp#27;[0m                                                                                                               &amp#27;[90m# com.cdm.Stepdefinations.Common.user_launch_application_in_chrome_browser()&amp#27;[0m
Login started
devendar.malothu@weatherford.com
Chittu@123
  &amp#27;[32mWhen &amp#27;[0m&amp#27;[32muser enters credentials and click on login button&amp#27;[0m                                                                                                        &amp#27;[90m# com.cdm.Stepdefinations.Common.user_enters_credentials_and_click_on_login_button()&amp#27;[0m
  &amp#27;[32mThen &amp#27;[0m&amp#27;[32mClick on EDGE Device module from side menu bar&amp#27;[0m                                                                                                           &amp#27;[90m# com.cdm.Stepdefinations.EDGEDevicesSteps.click_on_edge_device_module_from_side_menu_bar()&amp#27;[0m
  &amp#27;[32mThen &amp#27;[0m&amp#27;[32mClick on EDGE Group name search icon i.e. three dots & enter Valid inputs into search text field&amp#27;[0m                                                         &amp#27;[90m# com.cdm.Stepdefinations.EDGEDevicesSteps.click_on_edge_group_name_search_icon_i_e_three_dots_enter_valid_inputs_into_search_text_field()&amp#27;[0m
]]></system-out>
    <system-err><![CDATA[Feb 28, 2024 5:45:02 PM org.openqa.selenium.remote.http.WebSocket$Listener onError
WARNING: Connection reset
java.net.SocketException: Connection reset
	at java.base/sun.nio.ch.SocketChannelImpl.throwConnectionReset(SocketChannelImpl.java:401)
	at java.base/sun.nio.ch.SocketChannelImpl.read(SocketChannelImpl.java:434)
	at java.net.http/jdk.internal.net.http.SocketTube.readAvailable(SocketTube.java:1178)
	at java.net.http/jdk.internal.net.http.SocketTube$InternalReadPublisher$InternalReadSubscription.read(SocketTube.java:841)
	at java.net.http/jdk.internal.net.http.SocketTube$SocketFlowTask.run(SocketTube.java:181)
	at java.net.http/jdk.internal.net.http.common.SequentialScheduler$SchedulableTask.run(SequentialScheduler.java:207)
	at java.net.http/jdk.internal.net.http.common.SequentialScheduler.runOrSchedule(SequentialScheduler.java:280)
	at java.net.http/jdk.internal.net.http.common.SequentialScheduler.runOrSchedule(SequentialScheduler.java:233)
	at java.net.http/jdk.internal.net.http.SocketTube$InternalReadPublisher$InternalReadSubscription.signalReadable(SocketTube.java:782)
	at java.net.http/jdk.internal.net.http.SocketTube$InternalReadPublisher$ReadEvent.signalEvent(SocketTube.java:965)
	at java.net.http/jdk.internal.net.http.SocketTube$SocketFlowEvent.handle(SocketTube.java:253)
	at java.net.http/jdk.internal.net.http.HttpClientImpl$SelectorManager.handleEvent(HttpClientImpl.java:1467)
	at java.net.http/jdk.internal.net.http.HttpClientImpl$SelectorManager.lambda$run$3(HttpClientImpl.java:1412)
	at java.base/java.util.ArrayList.forEach(ArrayList.java:1596)
	at java.net.http/jdk.internal.net.http.HttpClientImpl$SelectorManager.run(HttpClientImpl.java:1412)

]]></system-err>
  </testcase>
  <testcase name="TC026_Verification of the search functionality for EDGE Group Name column (Invalid Group Name) in the EDGE Device List screen by Super admin/Admin user" classname="EDGE Devices" time="29.747">
    <system-out><![CDATA[
@SheetEDGEDEVICES @Test
Scenario: TC026_Verification of the search functionality for EDGE Group Name column (Invalid Group Name) in the EDGE Device List screen by Super admin/Admin user &amp#27;[90m# src/test/resources/Features/EDGEDevices.feature:182&amp#27;[0m
I am tag Name@SheetEDGEDEVICES
I am in SheetEDGEDEVICES
I am tag Name@Test
I am in launchAppE:\Devendra\cdm\CDMCucumber\CDMProject\chromedriver\chromedriver.exe
  &amp#27;[32mGiven &amp#27;[0m&amp#27;[32mUser launch application in chrome browser&amp#27;[0m                                                                                                                 &amp#27;[90m# com.cdm.Stepdefinations.Common.user_launch_application_in_chrome_browser()&amp#27;[0m
Login started
devendar.malothu@weatherford.com
Chittu@123
  &amp#27;[32mWhen &amp#27;[0m&amp#27;[32muser enters credentials and click on login button&amp#27;[0m                                                                                                          &amp#27;[90m# com.cdm.Stepdefinations.Common.user_enters_credentials_and_click_on_login_button()&amp#27;[0m
  &amp#27;[32mThen &amp#27;[0m&amp#27;[32mClick on EDGE Device module from side menu bar&amp#27;[0m                                                                                                             &amp#27;[90m# com.cdm.Stepdefinations.EDGEDevicesSteps.click_on_edge_device_module_from_side_menu_bar()&amp#27;[0m
  &amp#27;[32mThen &amp#27;[0m&amp#27;[32mClick on EDGE Group name search icon i.e. three dots & enter Valid inputs into search text field&amp#27;[0m                                                           &amp#27;[90m# com.cdm.Stepdefinations.EDGEDevicesSteps.click_on_edge_group_name_search_icon_i_e_three_dots_enter_valid_inputs_into_search_text_field()&amp#27;[0m
]]></system-out>
    <system-err><![CDATA[Feb 28, 2024 5:45:32 PM org.openqa.selenium.remote.http.WebSocket$Listener onError
WARNING: Connection reset
java.net.SocketException: Connection reset
	at java.base/sun.nio.ch.SocketChannelImpl.throwConnectionReset(SocketChannelImpl.java:401)
	at java.base/sun.nio.ch.SocketChannelImpl.read(SocketChannelImpl.java:434)
	at java.net.http/jdk.internal.net.http.SocketTube.readAvailable(SocketTube.java:1178)
	at java.net.http/jdk.internal.net.http.SocketTube$InternalReadPublisher$InternalReadSubscription.read(SocketTube.java:841)
	at java.net.http/jdk.internal.net.http.SocketTube$SocketFlowTask.run(SocketTube.java:181)
	at java.net.http/jdk.internal.net.http.common.SequentialScheduler$SchedulableTask.run(SequentialScheduler.java:207)
	at java.net.http/jdk.internal.net.http.common.SequentialScheduler.runOrSchedule(SequentialScheduler.java:280)
	at java.net.http/jdk.internal.net.http.common.SequentialScheduler.runOrSchedule(SequentialScheduler.java:233)
	at java.net.http/jdk.internal.net.http.SocketTube$InternalReadPublisher$InternalReadSubscription.signalReadable(SocketTube.java:782)
	at java.net.http/jdk.internal.net.http.SocketTube$InternalReadPublisher$ReadEvent.signalEvent(SocketTube.java:965)
	at java.net.http/jdk.internal.net.http.SocketTube$SocketFlowEvent.handle(SocketTube.java:253)
	at java.net.http/jdk.internal.net.http.HttpClientImpl$SelectorManager.handleEvent(HttpClientImpl.java:1467)
	at java.net.http/jdk.internal.net.http.HttpClientImpl$SelectorManager.lambda$run$3(HttpClientImpl.java:1412)
	at java.base/java.util.ArrayList.forEach(ArrayList.java:1596)
	at java.net.http/jdk.internal.net.http.HttpClientImpl$SelectorManager.run(HttpClientImpl.java:1412)

]]></system-err>
  </testcase>
  <testcase name="TC027_Verification of the search functionality for EDGE Name column (Valid Name) in the EDGE Device List screen by Super admin/Admin user" classname="EDGE Devices" time="33.195">
    <system-out><![CDATA[
@SheetEDGEDEVICES @Test
Scenario: TC027_Verification of the search functionality for EDGE Name column (Valid Name) in the EDGE Device List screen by Super admin/Admin user &amp#27;[90m# src/test/resources/Features/EDGEDevices.feature:189&amp#27;[0m
I am tag Name@SheetEDGEDEVICES
I am in SheetEDGEDEVICES
I am tag Name@Test
I am in launchAppE:\Devendra\cdm\CDMCucumber\CDMProject\chromedriver\chromedriver.exe
  &amp#27;[32mGiven &amp#27;[0m&amp#27;[32mUser launch application in chrome browser&amp#27;[0m                                                                                                   &amp#27;[90m# com.cdm.Stepdefinations.Common.user_launch_application_in_chrome_browser()&amp#27;[0m
Login started
devendar.malothu@weatherford.com
Chittu@123
  &amp#27;[32mWhen &amp#27;[0m&amp#27;[32muser enters credentials and click on login button&amp#27;[0m                                                                                            &amp#27;[90m# com.cdm.Stepdefinations.Common.user_enters_credentials_and_click_on_login_button()&amp#27;[0m
  &amp#27;[32mThen &amp#27;[0m&amp#27;[32mClick on EDGE Device module from side menu bar&amp#27;[0m                                                                                               &amp#27;[90m# com.cdm.Stepdefinations.EDGEDevicesSteps.click_on_edge_device_module_from_side_menu_bar()&amp#27;[0m
  &amp#27;[32mThen &amp#27;[0m&amp#27;[32mClick on EDGE Name search icon i.e. three dots & enter Valid inputs into search text field.&amp#27;[0m                                                  &amp#27;[90m# com.cdm.Stepdefinations.EDGEDevicesSteps.click_on_edge_name_search_icon_i_e_three_dots_enter_valid_inputs_into_search_text_field()&amp#27;[0m
]]></system-out>
    <system-err><![CDATA[Feb 28, 2024 5:46:05 PM org.openqa.selenium.remote.http.WebSocket$Listener onError
WARNING: Connection reset
java.net.SocketException: Connection reset
	at java.base/sun.nio.ch.SocketChannelImpl.throwConnectionReset(SocketChannelImpl.java:401)
	at java.base/sun.nio.ch.SocketChannelImpl.read(SocketChannelImpl.java:434)
	at java.net.http/jdk.internal.net.http.SocketTube.readAvailable(SocketTube.java:1178)
	at java.net.http/jdk.internal.net.http.SocketTube$InternalReadPublisher$InternalReadSubscription.read(SocketTube.java:841)
	at java.net.http/jdk.internal.net.http.SocketTube$SocketFlowTask.run(SocketTube.java:181)
	at java.net.http/jdk.internal.net.http.common.SequentialScheduler$SchedulableTask.run(SequentialScheduler.java:207)
	at java.net.http/jdk.internal.net.http.common.SequentialScheduler.runOrSchedule(SequentialScheduler.java:280)
	at java.net.http/jdk.internal.net.http.common.SequentialScheduler.runOrSchedule(SequentialScheduler.java:233)
	at java.net.http/jdk.internal.net.http.SocketTube$InternalReadPublisher$InternalReadSubscription.signalReadable(SocketTube.java:782)
	at java.net.http/jdk.internal.net.http.SocketTube$InternalReadPublisher$ReadEvent.signalEvent(SocketTube.java:965)
	at java.net.http/jdk.internal.net.http.SocketTube$SocketFlowEvent.handle(SocketTube.java:253)
	at java.net.http/jdk.internal.net.http.HttpClientImpl$SelectorManager.handleEvent(HttpClientImpl.java:1467)
	at java.net.http/jdk.internal.net.http.HttpClientImpl$SelectorManager.lambda$run$3(HttpClientImpl.java:1412)
	at java.base/java.util.ArrayList.forEach(ArrayList.java:1596)
	at java.net.http/jdk.internal.net.http.HttpClientImpl$SelectorManager.run(HttpClientImpl.java:1412)

]]></system-err>
  </testcase>
  <testcase name="TC028_Verification of the search functionality for App Group column (Valid App Group) in the EDGE Device List screen by Super admin/Admin user" classname="EDGE Devices" time="20.166">
    <system-out><![CDATA[
@SheetEDGEDEVICES @Test
Scenario: TC028_Verification of the search functionality for App Group column (Valid App Group) in the EDGE Device List screen by Super admin/Admin user &amp#27;[90m# src/test/resources/Features/EDGEDevices.feature:196&amp#27;[0m
I am tag Name@SheetEDGEDEVICES
I am in SheetEDGEDEVICES
I am tag Name@Test
I am in launchAppE:\Devendra\cdm\CDMCucumber\CDMProject\chromedriver\chromedriver.exe
  &amp#27;[32mGiven &amp#27;[0m&amp#27;[32mUser launch application in chrome browser&amp#27;[0m                                                                                                        &amp#27;[90m# com.cdm.Stepdefinations.Common.user_launch_application_in_chrome_browser()&amp#27;[0m
Login started
devendar.malothu@weatherford.com
Chittu@123
  &amp#27;[32mWhen &amp#27;[0m&amp#27;[32muser enters credentials and click on login button&amp#27;[0m                                                                                                 &amp#27;[90m# com.cdm.Stepdefinations.Common.user_enters_credentials_and_click_on_login_button()&amp#27;[0m
  &amp#27;[32mThen &amp#27;[0m&amp#27;[32mClick on EDGE Device module from side menu bar&amp#27;[0m                                                                                                    &amp#27;[90m# com.cdm.Stepdefinations.EDGEDevicesSteps.click_on_edge_device_module_from_side_menu_bar()&amp#27;[0m
  &amp#27;[32mAnd &amp#27;[0m&amp#27;[32mClick on APP Group name search icon&amp#27;[0m                                                                                                                &amp#27;[90m# com.cdm.Stepdefinations.EDGEDevicesSteps.click_on_app_group_name_search_icon()&amp#27;[0m
  &amp#27;[32mThen &amp#27;[0m&amp#27;[32menter value for App Group name&amp#27;[0m                                                                                                                    &amp#27;[90m# com.cdm.Stepdefinations.EDGEDevicesSteps.enter_value_for_app_group_name()&amp#27;[0m
]]></system-out>
  </testcase>
  <testcase name="TC029_Verification of the search functionality for Hardware Name (Valid HardWare Name) in the EDGE Device List screen by Super admin/Admin user" classname="EDGE Devices" time="29.636">
    <system-out><![CDATA[
@SheetEDGEDEVICES @Test
Scenario: TC029_Verification of the search functionality for Hardware Name (Valid HardWare Name) in the EDGE Device List screen by Super admin/Admin user &amp#27;[90m# src/test/resources/Features/EDGEDevices.feature:204&amp#27;[0m
I am tag Name@SheetEDGEDEVICES
I am in SheetEDGEDEVICES
I am tag Name@Test
I am in launchAppE:\Devendra\cdm\CDMCucumber\CDMProject\chromedriver\chromedriver.exe
  &amp#27;[32mGiven &amp#27;[0m&amp#27;[32mUser launch application in chrome browser&amp#27;[0m                                                                                                         &amp#27;[90m# com.cdm.Stepdefinations.Common.user_launch_application_in_chrome_browser()&amp#27;[0m
Login started
devendar.malothu@weatherford.com
Chittu@123
  &amp#27;[32mWhen &amp#27;[0m&amp#27;[32muser enters credentials and click on login button&amp#27;[0m                                                                                                  &amp#27;[90m# com.cdm.Stepdefinations.Common.user_enters_credentials_and_click_on_login_button()&amp#27;[0m
  &amp#27;[32mThen &amp#27;[0m&amp#27;[32mClick on EDGE Device module from side menu bar&amp#27;[0m                                                                                                     &amp#27;[90m# com.cdm.Stepdefinations.EDGEDevicesSteps.click_on_edge_device_module_from_side_menu_bar()&amp#27;[0m
  &amp#27;[32mAnd &amp#27;[0m&amp#27;[32mClick on HardWare Name Dots&amp#27;[0m                                                                                                                         &amp#27;[90m# com.cdm.Stepdefinations.EDGEDevicesSteps.click_on_hard_ware_name_dots()&amp#27;[0m
  &amp#27;[32mThen &amp#27;[0m&amp#27;[32menter value for HardWare Name&amp#27;[0m                                                                                                                      &amp#27;[90m# com.cdm.Stepdefinations.EDGEDevicesSteps.enter_value_for_hard_ware_name()&amp#27;[0m
]]></system-out>
  </testcase>
  <testcase name="TC030_Verification of the search functionality for Health status column (Valid Health status entry) in the EDGE Device List screen by Super admin/Admin user" classname="EDGE Devices" time="49.165">
    <system-out><![CDATA[
@SheetEDGEDEVICES @Test
Scenario: TC030_Verification of the search functionality for Health status column (Valid Health status entry) in the EDGE Device List screen by Super admin/Admin user &amp#27;[90m# src/test/resources/Features/EDGEDevices.feature:212&amp#27;[0m
I am tag Name@SheetEDGEDEVICES
I am in SheetEDGEDEVICES
I am tag Name@Test
I am in launchAppE:\Devendra\cdm\CDMCucumber\CDMProject\chromedriver\chromedriver.exe
  &amp#27;[32mGiven &amp#27;[0m&amp#27;[32mUser launch application in chrome browser&amp#27;[0m                                                                                                                      &amp#27;[90m# com.cdm.Stepdefinations.Common.user_launch_application_in_chrome_browser()&amp#27;[0m
Login started
devendar.malothu@weatherford.com
Chittu@123
  &amp#27;[32mWhen &amp#27;[0m&amp#27;[32muser enters credentials and click on login button&amp#27;[0m                                                                                                               &amp#27;[90m# com.cdm.Stepdefinations.Common.user_enters_credentials_and_click_on_login_button()&amp#27;[0m
  &amp#27;[32mThen &amp#27;[0m&amp#27;[32mClick on EDGE Device module from side menu bar&amp#27;[0m                                                                                                                  &amp#27;[90m# com.cdm.Stepdefinations.EDGEDevicesSteps.click_on_edge_device_module_from_side_menu_bar()&amp#27;[0m
]]></system-out>
    <system-err><![CDATA[Feb 28, 2024 5:47:44 PM org.openqa.selenium.remote.http.WebSocket$Listener onError
WARNING: Connection reset
java.net.SocketException: Connection reset
	at java.base/sun.nio.ch.SocketChannelImpl.throwConnectionReset(SocketChannelImpl.java:401)
	at java.base/sun.nio.ch.SocketChannelImpl.read(SocketChannelImpl.java:434)
	at java.net.http/jdk.internal.net.http.SocketTube.readAvailable(SocketTube.java:1178)
	at java.net.http/jdk.internal.net.http.SocketTube$InternalReadPublisher$InternalReadSubscription.read(SocketTube.java:841)
	at java.net.http/jdk.internal.net.http.SocketTube$SocketFlowTask.run(SocketTube.java:181)
	at java.net.http/jdk.internal.net.http.common.SequentialScheduler$SchedulableTask.run(SequentialScheduler.java:207)
	at java.net.http/jdk.internal.net.http.common.SequentialScheduler.runOrSchedule(SequentialScheduler.java:280)
	at java.net.http/jdk.internal.net.http.common.SequentialScheduler.runOrSchedule(SequentialScheduler.java:233)
	at java.net.http/jdk.internal.net.http.SocketTube$InternalReadPublisher$InternalReadSubscription.signalReadable(SocketTube.java:782)
	at java.net.http/jdk.internal.net.http.SocketTube$InternalReadPublisher$ReadEvent.signalEvent(SocketTube.java:965)
	at java.net.http/jdk.internal.net.http.SocketTube$SocketFlowEvent.handle(SocketTube.java:253)
	at java.net.http/jdk.internal.net.http.HttpClientImpl$SelectorManager.handleEvent(HttpClientImpl.java:1467)
	at java.net.http/jdk.internal.net.http.HttpClientImpl$SelectorManager.lambda$run$3(HttpClientImpl.java:1412)
	at java.base/java.util.ArrayList.forEach(ArrayList.java:1596)
	at java.net.http/jdk.internal.net.http.HttpClientImpl$SelectorManager.run(HttpClientImpl.java:1412)

]]></system-err>
  </testcase>
  <testcase name="TC031_Verification of the search functionality for Communication status column (Valid Communication status entry) in the EDGE Device List screen by Super admin/Admin user" classname="EDGE Devices" time="18.624">
    <system-out><![CDATA[
@SheetEDGEDEVICES @Test
Scenario: TC031_Verification of the search functionality for Communication status column (Valid Communication status entry) in the EDGE Device List screen by Super admin/Admin user &amp#27;[90m# src/test/resources/Features/EDGEDevices.feature:219&amp#27;[0m
I am tag Name@SheetEDGEDEVICES
I am in SheetEDGEDEVICES
I am tag Name@Test
I am in launchAppE:\Devendra\cdm\CDMCucumber\CDMProject\chromedriver\chromedriver.exe
  &amp#27;[32mGiven &amp#27;[0m&amp#27;[32mUser launch application in chrome browser&amp#27;[0m                                                                                                                                    &amp#27;[90m# com.cdm.Stepdefinations.Common.user_launch_application_in_chrome_browser()&amp#27;[0m
Login started
devendar.malothu@weatherford.com
Chittu@123
  &amp#27;[32mWhen &amp#27;[0m&amp#27;[32muser enters credentials and click on login button&amp#27;[0m                                                                                                                             &amp#27;[90m# com.cdm.Stepdefinations.Common.user_enters_credentials_and_click_on_login_button()&amp#27;[0m
  &amp#27;[32mThen &amp#27;[0m&amp#27;[32mClick on EDGE Device module from side menu bar&amp#27;[0m                                                                                                                                &amp#27;[90m# com.cdm.Stepdefinations.EDGEDevicesSteps.click_on_edge_device_module_from_side_menu_bar()&amp#27;[0m
]]></system-out>
    <system-err><![CDATA[Feb 28, 2024 5:48:03 PM org.openqa.selenium.remote.http.WebSocket$Listener onError
WARNING: Connection reset
java.net.SocketException: Connection reset
	at java.base/sun.nio.ch.SocketChannelImpl.throwConnectionReset(SocketChannelImpl.java:401)
	at java.base/sun.nio.ch.SocketChannelImpl.read(SocketChannelImpl.java:434)
	at java.net.http/jdk.internal.net.http.SocketTube.readAvailable(SocketTube.java:1178)
	at java.net.http/jdk.internal.net.http.SocketTube$InternalReadPublisher$InternalReadSubscription.read(SocketTube.java:841)
	at java.net.http/jdk.internal.net.http.SocketTube$SocketFlowTask.run(SocketTube.java:181)
	at java.net.http/jdk.internal.net.http.common.SequentialScheduler$SchedulableTask.run(SequentialScheduler.java:207)
	at java.net.http/jdk.internal.net.http.common.SequentialScheduler.runOrSchedule(SequentialScheduler.java:280)
	at java.net.http/jdk.internal.net.http.common.SequentialScheduler.runOrSchedule(SequentialScheduler.java:233)
	at java.net.http/jdk.internal.net.http.SocketTube$InternalReadPublisher$InternalReadSubscription.signalReadable(SocketTube.java:782)
	at java.net.http/jdk.internal.net.http.SocketTube$InternalReadPublisher$ReadEvent.signalEvent(SocketTube.java:965)
	at java.net.http/jdk.internal.net.http.SocketTube$SocketFlowEvent.handle(SocketTube.java:253)
	at java.net.http/jdk.internal.net.http.HttpClientImpl$SelectorManager.handleEvent(HttpClientImpl.java:1467)
	at java.net.http/jdk.internal.net.http.HttpClientImpl$SelectorManager.lambda$run$3(HttpClientImpl.java:1412)
	at java.base/java.util.ArrayList.forEach(ArrayList.java:1596)
	at java.net.http/jdk.internal.net.http.HttpClientImpl$SelectorManager.run(HttpClientImpl.java:1412)

]]></system-err>
  </testcase>
  <testcase name="TC032_Verification of the change in colour of three dots for all columns in the EDGE Device List screen by Super admin/Admin user when search filter is applied" classname="EDGE Devices" time="19.216">
    <system-out><![CDATA[
@SheetEDGEDEVICES @Test
Scenario: TC032_Verification of the change in colour of three dots for all columns in the EDGE Device List screen by Super admin/Admin user when search filter is applied &amp#27;[90m# src/test/resources/Features/EDGEDevices.feature:225&amp#27;[0m
I am tag Name@SheetEDGEDEVICES
I am in SheetEDGEDEVICES
I am tag Name@Test
I am in launchAppE:\Devendra\cdm\CDMCucumber\CDMProject\chromedriver\chromedriver.exe
  &amp#27;[32mGiven &amp#27;[0m&amp#27;[32mUser launch application in chrome browser&amp#27;[0m                                                                                                                         &amp#27;[90m# com.cdm.Stepdefinations.Common.user_launch_application_in_chrome_browser()&amp#27;[0m
Login started
devendar.malothu@weatherford.com
Chittu@123
  &amp#27;[32mWhen &amp#27;[0m&amp#27;[32muser enters credentials and click on login button&amp#27;[0m                                                                                                                  &amp#27;[90m# com.cdm.Stepdefinations.Common.user_enters_credentials_and_click_on_login_button()&amp#27;[0m
  &amp#27;[32mThen &amp#27;[0m&amp#27;[32mClick on EDGE Device module from side menu bar&amp#27;[0m                                                                                                                     &amp#27;[90m# com.cdm.Stepdefinations.EDGEDevicesSteps.click_on_edge_device_module_from_side_menu_bar()&amp#27;[0m
]]></system-out>
    <system-err><![CDATA[Feb 28, 2024 5:48:22 PM org.openqa.selenium.remote.http.WebSocket$Listener onError
WARNING: Connection reset
java.net.SocketException: Connection reset
	at java.base/sun.nio.ch.SocketChannelImpl.throwConnectionReset(SocketChannelImpl.java:401)
	at java.base/sun.nio.ch.SocketChannelImpl.read(SocketChannelImpl.java:434)
	at java.net.http/jdk.internal.net.http.SocketTube.readAvailable(SocketTube.java:1178)
	at java.net.http/jdk.internal.net.http.SocketTube$InternalReadPublisher$InternalReadSubscription.read(SocketTube.java:841)
	at java.net.http/jdk.internal.net.http.SocketTube$SocketFlowTask.run(SocketTube.java:181)
	at java.net.http/jdk.internal.net.http.common.SequentialScheduler$SchedulableTask.run(SequentialScheduler.java:207)
	at java.net.http/jdk.internal.net.http.common.SequentialScheduler.runOrSchedule(SequentialScheduler.java:280)
	at java.net.http/jdk.internal.net.http.common.SequentialScheduler.runOrSchedule(SequentialScheduler.java:233)
	at java.net.http/jdk.internal.net.http.SocketTube$InternalReadPublisher$InternalReadSubscription.signalReadable(SocketTube.java:782)
	at java.net.http/jdk.internal.net.http.SocketTube$InternalReadPublisher$ReadEvent.signalEvent(SocketTube.java:965)
	at java.net.http/jdk.internal.net.http.SocketTube$SocketFlowEvent.handle(SocketTube.java:253)
	at java.net.http/jdk.internal.net.http.HttpClientImpl$SelectorManager.handleEvent(HttpClientImpl.java:1467)
	at java.net.http/jdk.internal.net.http.HttpClientImpl$SelectorManager.lambda$run$3(HttpClientImpl.java:1412)
	at java.base/java.util.ArrayList.forEach(ArrayList.java:1596)
	at java.net.http/jdk.internal.net.http.HttpClientImpl$SelectorManager.run(HttpClientImpl.java:1412)

]]></system-err>
  </testcase>
  <testcase name="TC033_Verification of the display of search bar and text for all columns in the EDGE Device List screen by Super admin/Admin user" classname="EDGE Devices" time="36.378">
    <system-out><![CDATA[
@SheetEDGEDEVICES @Test
Scenario: TC033_Verification of the display of search bar and text for all columns in the EDGE Device List screen by Super admin/Admin user &amp#27;[90m# src/test/resources/Features/EDGEDevices.feature:231&amp#27;[0m
I am tag Name@SheetEDGEDEVICES
I am in SheetEDGEDEVICES
I am tag Name@Test
I am in launchAppE:\Devendra\cdm\CDMCucumber\CDMProject\chromedriver\chromedriver.exe
  &amp#27;[32mGiven &amp#27;[0m&amp#27;[32mUser launch application in chrome browser&amp#27;[0m                                                                                           &amp#27;[90m# com.cdm.Stepdefinations.Common.user_launch_application_in_chrome_browser()&amp#27;[0m
Login started
devendar.malothu@weatherford.com
Chittu@123
  &amp#27;[32mWhen &amp#27;[0m&amp#27;[32muser enters credentials and click on login button&amp#27;[0m                                                                                    &amp#27;[90m# com.cdm.Stepdefinations.Common.user_enters_credentials_and_click_on_login_button()&amp#27;[0m
  &amp#27;[32mThen &amp#27;[0m&amp#27;[32mClick on EDGE Device module from side menu bar&amp#27;[0m                                                                                       &amp#27;[90m# com.cdm.Stepdefinations.EDGEDevicesSteps.click_on_edge_device_module_from_side_menu_bar()&amp#27;[0m
  &amp#27;[32mThen &amp#27;[0m&amp#27;[32mEnter valid inputs as per required from table details into search text field and enter backspace & click on enter&amp#27;[0m                    &amp#27;[90m# com.cdm.Stepdefinations.EDGEDevicesSteps.enter_valid_inputs_as_per_required_from_table_details_into_search_text_field_and_enter_backspace_click_on_enter()&amp#27;[0m
]]></system-out>
    <system-err><![CDATA[Feb 28, 2024 5:48:58 PM org.openqa.selenium.remote.http.WebSocket$Listener onError
WARNING: Connection reset
java.net.SocketException: Connection reset
	at java.base/sun.nio.ch.SocketChannelImpl.throwConnectionReset(SocketChannelImpl.java:401)
	at java.base/sun.nio.ch.SocketChannelImpl.read(SocketChannelImpl.java:434)
	at java.net.http/jdk.internal.net.http.SocketTube.readAvailable(SocketTube.java:1178)
	at java.net.http/jdk.internal.net.http.SocketTube$InternalReadPublisher$InternalReadSubscription.read(SocketTube.java:841)
	at java.net.http/jdk.internal.net.http.SocketTube$SocketFlowTask.run(SocketTube.java:181)
	at java.net.http/jdk.internal.net.http.common.SequentialScheduler$SchedulableTask.run(SequentialScheduler.java:207)
	at java.net.http/jdk.internal.net.http.common.SequentialScheduler.runOrSchedule(SequentialScheduler.java:280)
	at java.net.http/jdk.internal.net.http.common.SequentialScheduler.runOrSchedule(SequentialScheduler.java:233)
	at java.net.http/jdk.internal.net.http.SocketTube$InternalReadPublisher$InternalReadSubscription.signalReadable(SocketTube.java:782)
	at java.net.http/jdk.internal.net.http.SocketTube$InternalReadPublisher$ReadEvent.signalEvent(SocketTube.java:965)
	at java.net.http/jdk.internal.net.http.SocketTube$SocketFlowEvent.handle(SocketTube.java:253)
	at java.net.http/jdk.internal.net.http.HttpClientImpl$SelectorManager.handleEvent(HttpClientImpl.java:1467)
	at java.net.http/jdk.internal.net.http.HttpClientImpl$SelectorManager.lambda$run$3(HttpClientImpl.java:1412)
	at java.base/java.util.ArrayList.forEach(ArrayList.java:1596)
	at java.net.http/jdk.internal.net.http.HttpClientImpl$SelectorManager.run(HttpClientImpl.java:1412)

]]></system-err>
  </testcase>
  <testcase name="TC034_Verification of the removal of search results and text for all columns in the EDGE Device screen by Super admin/Admin user" classname="EDGE Devices" time="36.866">
    <system-out><![CDATA[
@SheetEDGEDEVICES @Test
Scenario: TC034_Verification of the removal of search results and text for all columns in the EDGE Device screen by Super admin/Admin user &amp#27;[90m# src/test/resources/Features/EDGEDevices.feature:238&amp#27;[0m
I am tag Name@SheetEDGEDEVICES
I am in SheetEDGEDEVICES
I am tag Name@Test
I am in launchAppE:\Devendra\cdm\CDMCucumber\CDMProject\chromedriver\chromedriver.exe
  &amp#27;[32mGiven &amp#27;[0m&amp#27;[32mUser launch application in chrome browser&amp#27;[0m                                                                                          &amp#27;[90m# com.cdm.Stepdefinations.Common.user_launch_application_in_chrome_browser()&amp#27;[0m
Login started
devendar.malothu@weatherford.com
Chittu@123
  &amp#27;[32mWhen &amp#27;[0m&amp#27;[32muser enters credentials and click on login button&amp#27;[0m                                                                                   &amp#27;[90m# com.cdm.Stepdefinations.Common.user_enters_credentials_and_click_on_login_button()&amp#27;[0m
  &amp#27;[32mThen &amp#27;[0m&amp#27;[32mClick on EDGE Device module from side menu bar&amp#27;[0m                                                                                      &amp#27;[90m# com.cdm.Stepdefinations.EDGEDevicesSteps.click_on_edge_device_module_from_side_menu_bar()&amp#27;[0m
  &amp#27;[32mThen &amp#27;[0m&amp#27;[32mEnter valid inputs as per required from table details into search text field and enter backspace & click on enter&amp#27;[0m                   &amp#27;[90m# com.cdm.Stepdefinations.EDGEDevicesSteps.enter_valid_inputs_as_per_required_from_table_details_into_search_text_field_and_enter_backspace_click_on_enter()&amp#27;[0m
]]></system-out>
    <system-err><![CDATA[Feb 28, 2024 5:49:35 PM org.openqa.selenium.remote.http.WebSocket$Listener onError
WARNING: Connection reset
java.net.SocketException: Connection reset
	at java.base/sun.nio.ch.SocketChannelImpl.throwConnectionReset(SocketChannelImpl.java:401)
	at java.base/sun.nio.ch.SocketChannelImpl.read(SocketChannelImpl.java:434)
	at java.net.http/jdk.internal.net.http.SocketTube.readAvailable(SocketTube.java:1178)
	at java.net.http/jdk.internal.net.http.SocketTube$InternalReadPublisher$InternalReadSubscription.read(SocketTube.java:841)
	at java.net.http/jdk.internal.net.http.SocketTube$SocketFlowTask.run(SocketTube.java:181)
	at java.net.http/jdk.internal.net.http.common.SequentialScheduler$SchedulableTask.run(SequentialScheduler.java:207)
	at java.net.http/jdk.internal.net.http.common.SequentialScheduler.runOrSchedule(SequentialScheduler.java:280)
	at java.net.http/jdk.internal.net.http.common.SequentialScheduler.runOrSchedule(SequentialScheduler.java:233)
	at java.net.http/jdk.internal.net.http.SocketTube$InternalReadPublisher$InternalReadSubscription.signalReadable(SocketTube.java:782)
	at java.net.http/jdk.internal.net.http.SocketTube$InternalReadPublisher$ReadEvent.signalEvent(SocketTube.java:965)
	at java.net.http/jdk.internal.net.http.SocketTube$SocketFlowEvent.handle(SocketTube.java:253)
	at java.net.http/jdk.internal.net.http.HttpClientImpl$SelectorManager.handleEvent(HttpClientImpl.java:1467)
	at java.net.http/jdk.internal.net.http.HttpClientImpl$SelectorManager.lambda$run$3(HttpClientImpl.java:1412)
	at java.base/java.util.ArrayList.forEach(ArrayList.java:1596)
	at java.net.http/jdk.internal.net.http.HttpClientImpl$SelectorManager.run(HttpClientImpl.java:1412)

]]></system-err>
  </testcase>
  <testcase name="TC035_Verification of the search functionality for overall table in the EDGE Device screen by Super admin/Admin user" classname="EDGE Devices" time="37.589">
    <system-out><![CDATA[
@SheetEDGEDEVICES @Test
Scenario: TC035_Verification of the search functionality for overall table in the EDGE Device screen by Super admin/Admin user &amp#27;[90m# src/test/resources/Features/EDGEDevices.feature:246&amp#27;[0m
I am tag Name@SheetEDGEDEVICES
I am in SheetEDGEDEVICES
I am tag Name@Test
I am in launchAppE:\Devendra\cdm\CDMCucumber\CDMProject\chromedriver\chromedriver.exe
  &amp#27;[32mGiven &amp#27;[0m&amp#27;[32mUser launch application in chrome browser&amp#27;[0m                                                                              &amp#27;[90m# com.cdm.Stepdefinations.Common.user_launch_application_in_chrome_browser()&amp#27;[0m
Login started
devendar.malothu@weatherford.com
Chittu@123
  &amp#27;[32mWhen &amp#27;[0m&amp#27;[32muser enters credentials and click on login button&amp#27;[0m                                                                       &amp#27;[90m# com.cdm.Stepdefinations.Common.user_enters_credentials_and_click_on_login_button()&amp#27;[0m
  &amp#27;[32mThen &amp#27;[0m&amp#27;[32mClick on EDGE Device module from side menu bar&amp#27;[0m                                                                          &amp#27;[90m# com.cdm.Stepdefinations.EDGEDevicesSteps.click_on_edge_device_module_from_side_menu_bar()&amp#27;[0m
  &amp#27;[32mThen &amp#27;[0m&amp#27;[32mEnter valid inputs as per required from table details into search text field and enter backspace & click on enter&amp#27;[0m       &amp#27;[90m# com.cdm.Stepdefinations.EDGEDevicesSteps.enter_valid_inputs_as_per_required_from_table_details_into_search_text_field_and_enter_backspace_click_on_enter()&amp#27;[0m
]]></system-out>
    <system-err><![CDATA[Feb 28, 2024 5:50:13 PM org.openqa.selenium.remote.http.WebSocket$Listener onError
WARNING: Connection reset
java.net.SocketException: Connection reset
	at java.base/sun.nio.ch.SocketChannelImpl.throwConnectionReset(SocketChannelImpl.java:401)
	at java.base/sun.nio.ch.SocketChannelImpl.read(SocketChannelImpl.java:434)
	at java.net.http/jdk.internal.net.http.SocketTube.readAvailable(SocketTube.java:1178)
	at java.net.http/jdk.internal.net.http.SocketTube$InternalReadPublisher$InternalReadSubscription.read(SocketTube.java:841)
	at java.net.http/jdk.internal.net.http.SocketTube$SocketFlowTask.run(SocketTube.java:181)
	at java.net.http/jdk.internal.net.http.common.SequentialScheduler$SchedulableTask.run(SequentialScheduler.java:207)
	at java.net.http/jdk.internal.net.http.common.SequentialScheduler.runOrSchedule(SequentialScheduler.java:280)
	at java.net.http/jdk.internal.net.http.common.SequentialScheduler.runOrSchedule(SequentialScheduler.java:233)
	at java.net.http/jdk.internal.net.http.SocketTube$InternalReadPublisher$InternalReadSubscription.signalReadable(SocketTube.java:782)
	at java.net.http/jdk.internal.net.http.SocketTube$InternalReadPublisher$ReadEvent.signalEvent(SocketTube.java:965)
	at java.net.http/jdk.internal.net.http.SocketTube$SocketFlowEvent.handle(SocketTube.java:253)
	at java.net.http/jdk.internal.net.http.HttpClientImpl$SelectorManager.handleEvent(HttpClientImpl.java:1467)
	at java.net.http/jdk.internal.net.http.HttpClientImpl$SelectorManager.lambda$run$3(HttpClientImpl.java:1412)
	at java.base/java.util.ArrayList.forEach(ArrayList.java:1596)
	at java.net.http/jdk.internal.net.http.HttpClientImpl$SelectorManager.run(HttpClientImpl.java:1412)

]]></system-err>
  </testcase>
  <testcase name="TC036_Verification of blank value rejections in available fields of Identity section in Add screen of EDGE Device module by Super admin/Admin user" classname="EDGE Devices" time="41.283">
    <system-out><![CDATA[
@SheetEDGEDEVICES @Test
Scenario: TC036_Verification of blank value rejections in available fields of Identity section in Add screen of EDGE Device module by Super admin/Admin user &amp#27;[90m# src/test/resources/Features/EDGEDevices.feature:253&amp#27;[0m
I am tag Name@SheetEDGEDEVICES
I am in SheetEDGEDEVICES
I am tag Name@Test
I am in launchAppE:\Devendra\cdm\CDMCucumber\CDMProject\chromedriver\chromedriver.exe
  &amp#27;[32mGiven &amp#27;[0m&amp#27;[32mUser launch application in chrome browser&amp#27;[0m                                                                                                            &amp#27;[90m# com.cdm.Stepdefinations.Common.user_launch_application_in_chrome_browser()&amp#27;[0m
Login started
devendar.malothu@weatherford.com
Chittu@123
  &amp#27;[32mWhen &amp#27;[0m&amp#27;[32muser enters credentials and click on login button&amp#27;[0m                                                                                                     &amp#27;[90m# com.cdm.Stepdefinations.Common.user_enters_credentials_and_click_on_login_button()&amp#27;[0m
  &amp#27;[32mThen &amp#27;[0m&amp#27;[32mClick on EDGE Device module from side menu bar&amp#27;[0m                                                                                                        &amp#27;[90m# com.cdm.Stepdefinations.EDGEDevicesSteps.click_on_edge_device_module_from_side_menu_bar()&amp#27;[0m
  &amp#27;[32mThen &amp#27;[0m&amp#27;[32mClick on ADD New button on the top right side & landed on EDGE>ADD Screen&amp#27;[0m                                                                             &amp#27;[90m# com.cdm.Stepdefinations.EDGEDevicesSteps.click_on_add_new_button_on_the_top_right_side_landed_on_edge_add_screen()&amp#27;[0m
Put all input field blanks
  &amp#27;[32mThen &amp#27;[0m&amp#27;[32mwithout enter any values&amp#27;[0m                                                                                                                              &amp#27;[90m# com.cdm.Stepdefinations.EDGEDevicesSteps.without_enter_any_values()&amp#27;[0m
  &amp#27;[32mThen &amp#27;[0m&amp#27;[32mscroll down&amp#27;[0m                                                                                                                                           &amp#27;[90m# com.cdm.Stepdefinations.EDGEDevicesSteps.scroll_down()&amp#27;[0m
  &amp#27;[32mThen &amp#27;[0m&amp#27;[32mclick on save&amp#27;[0m                                                                                                                                         &amp#27;[90m# com.cdm.Stepdefinations.EDGEDevicesSteps.click_on_save()&amp#27;[0m
]]></system-out>
  </testcase>
  <testcase name="TC037_Verification of blank value rejections in available fields of Health section in Add screen of EDGE Device module by Super admin/Admin user" classname="EDGE Devices" time="51.866">
    <system-out><![CDATA[
@SheetEDGEDEVICES @Test
Scenario: TC037_Verification of blank value rejections in available fields of Health section in Add screen of EDGE Device module by Super admin/Admin user &amp#27;[90m# src/test/resources/Features/EDGEDevices.feature:263&amp#27;[0m
I am tag Name@SheetEDGEDEVICES
I am in SheetEDGEDEVICES
I am tag Name@Test
I am in launchAppE:\Devendra\cdm\CDMCucumber\CDMProject\chromedriver\chromedriver.exe
  &amp#27;[32mGiven &amp#27;[0m&amp#27;[32mUser launch application in chrome browser&amp#27;[0m                                                                                                          &amp#27;[90m# com.cdm.Stepdefinations.Common.user_launch_application_in_chrome_browser()&amp#27;[0m
Login started
devendar.malothu@weatherford.com
Chittu@123
  &amp#27;[32mWhen &amp#27;[0m&amp#27;[32muser enters credentials and click on login button&amp#27;[0m                                                                                                   &amp#27;[90m# com.cdm.Stepdefinations.Common.user_enters_credentials_and_click_on_login_button()&amp#27;[0m
  &amp#27;[32mThen &amp#27;[0m&amp#27;[32mClick on EDGE Device module from side menu bar&amp#27;[0m                                                                                                      &amp#27;[90m# com.cdm.Stepdefinations.EDGEDevicesSteps.click_on_edge_device_module_from_side_menu_bar()&amp#27;[0m
Title on Edge Device List page-->EDGE Devices
  &amp#27;[32mAnd &amp#27;[0m&amp#27;[32mAfter landing on EDGE Device List screen&amp#27;[0m                                                                                                             &amp#27;[90m# com.cdm.Stepdefinations.EDGEDevicesSteps.after_landing_on_edge_device_list_screen()&amp#27;[0m
  &amp#27;[32mAnd &amp#27;[0m&amp#27;[32mscroll horizontal to see status column&amp#27;[0m                                                                                                               &amp#27;[90m# com.cdm.Stepdefinations.EDGEDevicesSteps.scroll_horizontal_to_see_status_column()&amp#27;[0m
  &amp#27;[32mThen &amp#27;[0m&amp#27;[32mClick on ADD New button on the top right side & landed on EDGE>ADD Screen&amp#27;[0m                                                                           &amp#27;[90m# com.cdm.Stepdefinations.EDGEDevicesSteps.click_on_add_new_button_on_the_top_right_side_landed_on_edge_add_screen()&amp#27;[0m
Put all input field blanks
  &amp#27;[32mThen &amp#27;[0m&amp#27;[32mwithout enter any values&amp#27;[0m                                                                                                                            &amp#27;[90m# com.cdm.Stepdefinations.EDGEDevicesSteps.without_enter_any_values()&amp#27;[0m
  &amp#27;[32mThen &amp#27;[0m&amp#27;[32mscroll down&amp#27;[0m                                                                                                                                         &amp#27;[90m# com.cdm.Stepdefinations.EDGEDevicesSteps.scroll_down()&amp#27;[0m
  &amp#27;[32mThen &amp#27;[0m&amp#27;[32mclick on save&amp#27;[0m                                                                                                                                       &amp#27;[90m# com.cdm.Stepdefinations.EDGEDevicesSteps.click_on_save()&amp#27;[0m
]]></system-out>
    <system-err><![CDATA[Feb 28, 2024 5:51:46 PM org.openqa.selenium.remote.http.WebSocket$Listener onError
WARNING: Connection reset
java.net.SocketException: Connection reset
	at java.base/sun.nio.ch.SocketChannelImpl.throwConnectionReset(SocketChannelImpl.java:401)
	at java.base/sun.nio.ch.SocketChannelImpl.read(SocketChannelImpl.java:434)
	at java.net.http/jdk.internal.net.http.SocketTube.readAvailable(SocketTube.java:1178)
	at java.net.http/jdk.internal.net.http.SocketTube$InternalReadPublisher$InternalReadSubscription.read(SocketTube.java:841)
	at java.net.http/jdk.internal.net.http.SocketTube$SocketFlowTask.run(SocketTube.java:181)
	at java.net.http/jdk.internal.net.http.common.SequentialScheduler$SchedulableTask.run(SequentialScheduler.java:207)
	at java.net.http/jdk.internal.net.http.common.SequentialScheduler.runOrSchedule(SequentialScheduler.java:280)
	at java.net.http/jdk.internal.net.http.common.SequentialScheduler.runOrSchedule(SequentialScheduler.java:233)
	at java.net.http/jdk.internal.net.http.SocketTube$InternalReadPublisher$InternalReadSubscription.signalReadable(SocketTube.java:782)
	at java.net.http/jdk.internal.net.http.SocketTube$InternalReadPublisher$ReadEvent.signalEvent(SocketTube.java:965)
	at java.net.http/jdk.internal.net.http.SocketTube$SocketFlowEvent.handle(SocketTube.java:253)
	at java.net.http/jdk.internal.net.http.HttpClientImpl$SelectorManager.handleEvent(HttpClientImpl.java:1467)
	at java.net.http/jdk.internal.net.http.HttpClientImpl$SelectorManager.lambda$run$3(HttpClientImpl.java:1412)
	at java.base/java.util.ArrayList.forEach(ArrayList.java:1596)
	at java.net.http/jdk.internal.net.http.HttpClientImpl$SelectorManager.run(HttpClientImpl.java:1412)

]]></system-err>
  </testcase>
  <testcase name="TC038_Verification of blank value rejections in available fields of Registration &amp; Licence sections in Add screen of EDGE Device module by Super admin/Admin user" classname="EDGE Devices" time="42.067">
    <system-out><![CDATA[
@SheetEDGEDEVICES @Test
Scenario: TC038_Verification of blank value rejections in available fields of Registration & Licence sections in Add screen of EDGE Device module by Super admin/Admin user &amp#27;[90m# src/test/resources/Features/EDGEDevices.feature:275&amp#27;[0m
I am tag Name@SheetEDGEDEVICES
I am in SheetEDGEDEVICES
I am tag Name@Test
I am in launchAppE:\Devendra\cdm\CDMCucumber\CDMProject\chromedriver\chromedriver.exe
  &amp#27;[32mGiven &amp#27;[0m&amp#27;[32mUser launch application in chrome browser&amp#27;[0m                                                                                                                           &amp#27;[90m# com.cdm.Stepdefinations.Common.user_launch_application_in_chrome_browser()&amp#27;[0m
Login started
devendar.malothu@weatherford.com
Chittu@123
  &amp#27;[32mWhen &amp#27;[0m&amp#27;[32muser enters credentials and click on login button&amp#27;[0m                                                                                                                    &amp#27;[90m# com.cdm.Stepdefinations.Common.user_enters_credentials_and_click_on_login_button()&amp#27;[0m
  &amp#27;[32mThen &amp#27;[0m&amp#27;[32mClick on EDGE Device module from side menu bar&amp#27;[0m                                                                                                                       &amp#27;[90m# com.cdm.Stepdefinations.EDGEDevicesSteps.click_on_edge_device_module_from_side_menu_bar()&amp#27;[0m
Title on Edge Device List page-->EDGE Devices
  &amp#27;[32mAnd &amp#27;[0m&amp#27;[32mAfter landing on EDGE Device List screen&amp#27;[0m                                                                                                                              &amp#27;[90m# com.cdm.Stepdefinations.EDGEDevicesSteps.after_landing_on_edge_device_list_screen()&amp#27;[0m
  &amp#27;[32mThen &amp#27;[0m&amp#27;[32mClick on ADD New button on the top right side & landed on EDGE>ADD Screen&amp#27;[0m                                                                                            &amp#27;[90m# com.cdm.Stepdefinations.EDGEDevicesSteps.click_on_add_new_button_on_the_top_right_side_landed_on_edge_add_screen()&amp#27;[0m
Put all input field blanks
  &amp#27;[32mThen &amp#27;[0m&amp#27;[32mwithout enter any values&amp#27;[0m                                                                                                                                             &amp#27;[90m# com.cdm.Stepdefinations.EDGEDevicesSteps.without_enter_any_values()&amp#27;[0m
  &amp#27;[32mThen &amp#27;[0m&amp#27;[32mscroll down&amp#27;[0m                                                                                                                                                          &amp#27;[90m# com.cdm.Stepdefinations.EDGEDevicesSteps.scroll_down()&amp#27;[0m
  &amp#27;[32mThen &amp#27;[0m&amp#27;[32mclick on save&amp#27;[0m                                                                                                                                                        &amp#27;[90m# com.cdm.Stepdefinations.EDGEDevicesSteps.click_on_save()&amp#27;[0m
]]></system-out>
  </testcase>
  <testcase name="TC039_Verification of blank value rejections in available fields of Deployment section in Add screen of EDGE Device module by Super admin/Admin user" classname="EDGE Devices" time="42.262">
    <system-out><![CDATA[
@SheetEDGEDEVICES @Test
Scenario: TC039_Verification of blank value rejections in available fields of Deployment section in Add screen of EDGE Device module by Super admin/Admin user &amp#27;[90m# src/test/resources/Features/EDGEDevices.feature:286&amp#27;[0m
I am tag Name@SheetEDGEDEVICES
I am in SheetEDGEDEVICES
I am tag Name@Test
I am in launchAppE:\Devendra\cdm\CDMCucumber\CDMProject\chromedriver\chromedriver.exe
  &amp#27;[32mGiven &amp#27;[0m&amp#27;[32mUser launch application in chrome browser&amp#27;[0m                                                                                                              &amp#27;[90m# com.cdm.Stepdefinations.Common.user_launch_application_in_chrome_browser()&amp#27;[0m
Login started
devendar.malothu@weatherford.com
Chittu@123
  &amp#27;[32mWhen &amp#27;[0m&amp#27;[32muser enters credentials and click on login button&amp#27;[0m                                                                                                       &amp#27;[90m# com.cdm.Stepdefinations.Common.user_enters_credentials_and_click_on_login_button()&amp#27;[0m
  &amp#27;[32mThen &amp#27;[0m&amp#27;[32mClick on EDGE Device module from side menu bar&amp#27;[0m                                                                                                          &amp#27;[90m# com.cdm.Stepdefinations.EDGEDevicesSteps.click_on_edge_device_module_from_side_menu_bar()&amp#27;[0m
Title on Edge Device List page-->EDGE Devices
  &amp#27;[32mAnd &amp#27;[0m&amp#27;[32mAfter landing on EDGE Device List screen&amp#27;[0m                                                                                                                 &amp#27;[90m# com.cdm.Stepdefinations.EDGEDevicesSteps.after_landing_on_edge_device_list_screen()&amp#27;[0m
  &amp#27;[32mThen &amp#27;[0m&amp#27;[32mClick on ADD New button on the top right side & landed on EDGE>ADD Screen&amp#27;[0m                                                                               &amp#27;[90m# com.cdm.Stepdefinations.EDGEDevicesSteps.click_on_add_new_button_on_the_top_right_side_landed_on_edge_add_screen()&amp#27;[0m
Put all input field blanks
  &amp#27;[32mThen &amp#27;[0m&amp#27;[32mwithout enter any values&amp#27;[0m                                                                                                                                &amp#27;[90m# com.cdm.Stepdefinations.EDGEDevicesSteps.without_enter_any_values()&amp#27;[0m
  &amp#27;[32mThen &amp#27;[0m&amp#27;[32mscroll down&amp#27;[0m                                                                                                                                             &amp#27;[90m# com.cdm.Stepdefinations.EDGEDevicesSteps.scroll_down()&amp#27;[0m
  &amp#27;[32mThen &amp#27;[0m&amp#27;[32mclick on save&amp#27;[0m                                                                                                                                           &amp#27;[90m# com.cdm.Stepdefinations.EDGEDevicesSteps.click_on_save()&amp#27;[0m
]]></system-out>
    <system-err><![CDATA[Feb 28, 2024 5:53:10 PM org.openqa.selenium.remote.http.WebSocket$Listener onError
WARNING: Connection reset
java.net.SocketException: Connection reset
	at java.base/sun.nio.ch.SocketChannelImpl.throwConnectionReset(SocketChannelImpl.java:401)
	at java.base/sun.nio.ch.SocketChannelImpl.read(SocketChannelImpl.java:434)
	at java.net.http/jdk.internal.net.http.SocketTube.readAvailable(SocketTube.java:1178)
	at java.net.http/jdk.internal.net.http.SocketTube$InternalReadPublisher$InternalReadSubscription.read(SocketTube.java:841)
	at java.net.http/jdk.internal.net.http.SocketTube$SocketFlowTask.run(SocketTube.java:181)
	at java.net.http/jdk.internal.net.http.common.SequentialScheduler$SchedulableTask.run(SequentialScheduler.java:207)
	at java.net.http/jdk.internal.net.http.common.SequentialScheduler.runOrSchedule(SequentialScheduler.java:280)
	at java.net.http/jdk.internal.net.http.common.SequentialScheduler.runOrSchedule(SequentialScheduler.java:233)
	at java.net.http/jdk.internal.net.http.SocketTube$InternalReadPublisher$InternalReadSubscription.signalReadable(SocketTube.java:782)
	at java.net.http/jdk.internal.net.http.SocketTube$InternalReadPublisher$ReadEvent.signalEvent(SocketTube.java:965)
	at java.net.http/jdk.internal.net.http.SocketTube$SocketFlowEvent.handle(SocketTube.java:253)
	at java.net.http/jdk.internal.net.http.HttpClientImpl$SelectorManager.handleEvent(HttpClientImpl.java:1467)
	at java.net.http/jdk.internal.net.http.HttpClientImpl$SelectorManager.lambda$run$3(HttpClientImpl.java:1412)
	at java.base/java.util.ArrayList.forEach(ArrayList.java:1596)
	at java.net.http/jdk.internal.net.http.HttpClientImpl$SelectorManager.run(HttpClientImpl.java:1412)

]]></system-err>
  </testcase>
  <testcase name="TC040_Verification of redirection functionality for Cancel icon in Add screen of EDGE Device module by Super admin/Admin user" classname="EDGE Devices" time="28.541">
    <system-out><![CDATA[
@SheetEDGEDEVICES @Test
Scenario: TC040_Verification of redirection functionality for Cancel icon in Add screen of EDGE Device module by Super admin/Admin user &amp#27;[90m# src/test/resources/Features/EDGEDevices.feature:297&amp#27;[0m
I am tag Name@SheetEDGEDEVICES
I am in SheetEDGEDEVICES
I am tag Name@Test
I am in launchAppE:\Devendra\cdm\CDMCucumber\CDMProject\chromedriver\chromedriver.exe
  &amp#27;[32mGiven &amp#27;[0m&amp#27;[32mUser launch application in chrome browser&amp#27;[0m                                                                                       &amp#27;[90m# com.cdm.Stepdefinations.Common.user_launch_application_in_chrome_browser()&amp#27;[0m
Login started
devendar.malothu@weatherford.com
Chittu@123
  &amp#27;[32mWhen &amp#27;[0m&amp#27;[32muser enters credentials and click on login button&amp#27;[0m                                                                                &amp#27;[90m# com.cdm.Stepdefinations.Common.user_enters_credentials_and_click_on_login_button()&amp#27;[0m
  &amp#27;[32mThen &amp#27;[0m&amp#27;[32mClick on EDGE Device module from side menu bar&amp#27;[0m                                                                                   &amp#27;[90m# com.cdm.Stepdefinations.EDGEDevicesSteps.click_on_edge_device_module_from_side_menu_bar()&amp#27;[0m
Title on Edge Device List page-->EDGE Devices
  &amp#27;[32mAnd &amp#27;[0m&amp#27;[32mAfter landing on EDGE Device List screen&amp#27;[0m                                                                                          &amp#27;[90m# com.cdm.Stepdefinations.EDGEDevicesSteps.after_landing_on_edge_device_list_screen()&amp#27;[0m
  &amp#27;[32mThen &amp#27;[0m&amp#27;[32mClick on ADD New button icon on the top right side & landed on EDGE>ADD Screen&amp#27;[0m                                                   &amp#27;[90m# com.cdm.Stepdefinations.EDGEDevicesSteps.click_on_add_new_button_icon_on_the_top_right_side_landed_on_edge_add_screen()&amp#27;[0m
Title on Edge Device List page-->EDGE Devices
  &amp#27;[32mThen &amp#27;[0m&amp#27;[32mclick on cancel button in EDGE>ADD screen&amp#27;[0m                                                                                        &amp#27;[90m# com.cdm.Stepdefinations.EDGEDevicesSteps.click_on_cancel_button_in_edge_add_screen()&amp#27;[0m
]]></system-out>
    <system-err><![CDATA[Feb 28, 2024 5:53:39 PM org.openqa.selenium.remote.http.WebSocket$Listener onError
WARNING: Connection reset
java.net.SocketException: Connection reset
	at java.base/sun.nio.ch.SocketChannelImpl.throwConnectionReset(SocketChannelImpl.java:401)
	at java.base/sun.nio.ch.SocketChannelImpl.read(SocketChannelImpl.java:434)
	at java.net.http/jdk.internal.net.http.SocketTube.readAvailable(SocketTube.java:1178)
	at java.net.http/jdk.internal.net.http.SocketTube$InternalReadPublisher$InternalReadSubscription.read(SocketTube.java:841)
	at java.net.http/jdk.internal.net.http.SocketTube$SocketFlowTask.run(SocketTube.java:181)
	at java.net.http/jdk.internal.net.http.common.SequentialScheduler$SchedulableTask.run(SequentialScheduler.java:207)
	at java.net.http/jdk.internal.net.http.common.SequentialScheduler.runOrSchedule(SequentialScheduler.java:280)
	at java.net.http/jdk.internal.net.http.common.SequentialScheduler.runOrSchedule(SequentialScheduler.java:233)
	at java.net.http/jdk.internal.net.http.SocketTube$InternalReadPublisher$InternalReadSubscription.signalReadable(SocketTube.java:782)
	at java.net.http/jdk.internal.net.http.SocketTube$InternalReadPublisher$ReadEvent.signalEvent(SocketTube.java:965)
	at java.net.http/jdk.internal.net.http.SocketTube$SocketFlowEvent.handle(SocketTube.java:253)
	at java.net.http/jdk.internal.net.http.HttpClientImpl$SelectorManager.handleEvent(HttpClientImpl.java:1467)
	at java.net.http/jdk.internal.net.http.HttpClientImpl$SelectorManager.lambda$run$3(HttpClientImpl.java:1412)
	at java.base/java.util.ArrayList.forEach(ArrayList.java:1596)
	at java.net.http/jdk.internal.net.http.HttpClientImpl$SelectorManager.run(HttpClientImpl.java:1412)

]]></system-err>
  </testcase>
  <testcase name="TC041_Verification of the search functionality in the EDGE Device Add screen by Super admin/Admin user" classname="EDGE Devices" time="24.031">
    <system-out><![CDATA[
@SheetEDGEDEVICES @Test
Scenario: TC041_Verification of the search functionality in the EDGE Device Add screen by Super admin/Admin user &amp#27;[90m# src/test/resources/Features/EDGEDevices.feature:306&amp#27;[0m
I am tag Name@SheetEDGEDEVICES
I am in SheetEDGEDEVICES
I am tag Name@Test
I am in launchAppE:\Devendra\cdm\CDMCucumber\CDMProject\chromedriver\chromedriver.exe
  &amp#27;[32mGiven &amp#27;[0m&amp#27;[32mUser launch application in chrome browser&amp#27;[0m                                                                &amp#27;[90m# com.cdm.Stepdefinations.Common.user_launch_application_in_chrome_browser()&amp#27;[0m
Login started
devendar.malothu@weatherford.com
Chittu@123
  &amp#27;[32mWhen &amp#27;[0m&amp#27;[32muser enters credentials and click on login button&amp#27;[0m                                                         &amp#27;[90m# com.cdm.Stepdefinations.Common.user_enters_credentials_and_click_on_login_button()&amp#27;[0m
  &amp#27;[32mThen &amp#27;[0m&amp#27;[32mClick on EDGE Device module from side menu bar&amp#27;[0m                                                            &amp#27;[90m# com.cdm.Stepdefinations.EDGEDevicesSteps.click_on_edge_device_module_from_side_menu_bar()&amp#27;[0m
  &amp#27;[32mThen &amp#27;[0m&amp#27;[32msearch for Edge ID enter the value for Edge ID and Clear Search&amp#27;[0m                                           &amp#27;[90m# com.cdm.Stepdefinations.EDGEDevicesSteps.search_for_edge_id_enter_the_value_for_edge_id_and_clear_search()&amp#27;[0m
  &amp#27;[32mThen &amp#27;[0m&amp#27;[32msearch for Edge Name enter the value for Edge Name and Clear Search&amp#27;[0m                                       &amp#27;[90m# com.cdm.Stepdefinations.EDGEDevicesSteps.search_for_edge_name_enter_the_value_for_edge_name_and_clear_search()&amp#27;[0m
  &amp#27;[32mThen &amp#27;[0m&amp#27;[32msearch for Edge Group Name enter the value for Edge Group Name and Clear Search&amp#27;[0m                           &amp#27;[90m# com.cdm.Stepdefinations.EDGEDevicesSteps.search_for_edge_name_enter_the_value_for_edge_group_name_and_clear_search()&amp#27;[0m
  &amp#27;[32mThen &amp#27;[0m&amp#27;[32msearch for App Groups enter the value for App Groups and Clear Search&amp#27;[0m                                     &amp#27;[90m# com.cdm.Stepdefinations.EDGEDevicesSteps.search_for_app_groups_enter_the_value_for_app_groups_and_clear_search()&amp#27;[0m
  &amp#27;[32mThen &amp#27;[0m&amp#27;[32msearch for Hardware Name enter the value for HardWare Name and Clear Search&amp#27;[0m                               &amp#27;[90m# com.cdm.Stepdefinations.EDGEDevicesSteps.search_for_hardware_name_enter_the_value_for_hard_ware_name_and_clear_search()&amp#27;[0m
]]></system-out>
    <system-err><![CDATA[Feb 28, 2024 5:54:03 PM org.openqa.selenium.remote.http.WebSocket$Listener onError
WARNING: Connection reset
java.net.SocketException: Connection reset
	at java.base/sun.nio.ch.SocketChannelImpl.throwConnectionReset(SocketChannelImpl.java:401)
	at java.base/sun.nio.ch.SocketChannelImpl.read(SocketChannelImpl.java:434)
	at java.net.http/jdk.internal.net.http.SocketTube.readAvailable(SocketTube.java:1178)
	at java.net.http/jdk.internal.net.http.SocketTube$InternalReadPublisher$InternalReadSubscription.read(SocketTube.java:841)
	at java.net.http/jdk.internal.net.http.SocketTube$SocketFlowTask.run(SocketTube.java:181)
	at java.net.http/jdk.internal.net.http.common.SequentialScheduler$SchedulableTask.run(SequentialScheduler.java:207)
	at java.net.http/jdk.internal.net.http.common.SequentialScheduler.runOrSchedule(SequentialScheduler.java:280)
	at java.net.http/jdk.internal.net.http.common.SequentialScheduler.runOrSchedule(SequentialScheduler.java:233)
	at java.net.http/jdk.internal.net.http.SocketTube$InternalReadPublisher$InternalReadSubscription.signalReadable(SocketTube.java:782)
	at java.net.http/jdk.internal.net.http.SocketTube$InternalReadPublisher$ReadEvent.signalEvent(SocketTube.java:965)
	at java.net.http/jdk.internal.net.http.SocketTube$SocketFlowEvent.handle(SocketTube.java:253)
	at java.net.http/jdk.internal.net.http.HttpClientImpl$SelectorManager.handleEvent(HttpClientImpl.java:1467)
	at java.net.http/jdk.internal.net.http.HttpClientImpl$SelectorManager.lambda$run$3(HttpClientImpl.java:1412)
	at java.base/java.util.ArrayList.forEach(ArrayList.java:1596)
	at java.net.http/jdk.internal.net.http.HttpClientImpl$SelectorManager.run(HttpClientImpl.java:1412)

]]></system-err>
  </testcase>
  <testcase name="TC043_Verification of the acceptance of Numeric values in EDGE ID Text field in the Identity section of User Add screen by Super admin/Admin user" classname="EDGE Devices" time="29.867">
    <system-out><![CDATA[
@SheetEDGEDEVICES @Test
Scenario: TC043_Verification of the acceptance of Numeric values in EDGE ID Text field in the Identity section of User Add screen by Super admin/Admin user &amp#27;[90m# src/test/resources/Features/EDGEDevices.feature:317&amp#27;[0m
I am tag Name@SheetEDGEDEVICES
I am in SheetEDGEDEVICES
I am tag Name@Test
I am in launchAppE:\Devendra\cdm\CDMCucumber\CDMProject\chromedriver\chromedriver.exe
  &amp#27;[32mGiven &amp#27;[0m&amp#27;[32mUser launch application in chrome browser&amp#27;[0m                                                                                                           &amp#27;[90m# com.cdm.Stepdefinations.Common.user_launch_application_in_chrome_browser()&amp#27;[0m
Login started
devendar.malothu@weatherford.com
Chittu@123
  &amp#27;[32mWhen &amp#27;[0m&amp#27;[32muser enters credentials and click on login button&amp#27;[0m                                                                                                    &amp#27;[90m# com.cdm.Stepdefinations.Common.user_enters_credentials_and_click_on_login_button()&amp#27;[0m
  &amp#27;[32mThen &amp#27;[0m&amp#27;[32mClick on EDGE Device module from side menu bar&amp#27;[0m                                                                                                       &amp#27;[90m# com.cdm.Stepdefinations.EDGEDevicesSteps.click_on_edge_device_module_from_side_menu_bar()&amp#27;[0m
Title on Edge Device List page-->EDGE Devices
  &amp#27;[32mAnd &amp#27;[0m&amp#27;[32mAfter landing on EDGE Device List screen&amp#27;[0m                                                                                                              &amp#27;[90m# com.cdm.Stepdefinations.EDGEDevicesSteps.after_landing_on_edge_device_list_screen()&amp#27;[0m
  &amp#27;[32mThen &amp#27;[0m&amp#27;[32mClick on ADD New button on the top right side & landed on EDGE>ADD Screen&amp#27;[0m                                                                            &amp#27;[90m# com.cdm.Stepdefinations.EDGEDevicesSteps.click_on_add_new_button_on_the_top_right_side_landed_on_edge_add_screen()&amp#27;[0m
  &amp#27;[32mThen &amp#27;[0m&amp#27;[32mEnter numeric values to check character strength into EDGE ID text fields&amp#27;[0m                                                                            &amp#27;[90m# com.cdm.Stepdefinations.EDGEDevicesSteps.enter_numeric_values_to_check_character_strength_into_edge_id_text_fields()&amp#27;[0m
]]></system-out>
    <system-err><![CDATA[Feb 28, 2024 5:54:32 PM org.openqa.selenium.remote.http.WebSocket$Listener onError
WARNING: Connection reset
java.net.SocketException: Connection reset
	at java.base/sun.nio.ch.SocketChannelImpl.throwConnectionReset(SocketChannelImpl.java:401)
	at java.base/sun.nio.ch.SocketChannelImpl.read(SocketChannelImpl.java:434)
	at java.net.http/jdk.internal.net.http.SocketTube.readAvailable(SocketTube.java:1178)
	at java.net.http/jdk.internal.net.http.SocketTube$InternalReadPublisher$InternalReadSubscription.read(SocketTube.java:841)
	at java.net.http/jdk.internal.net.http.SocketTube$SocketFlowTask.run(SocketTube.java:181)
	at java.net.http/jdk.internal.net.http.common.SequentialScheduler$SchedulableTask.run(SequentialScheduler.java:207)
	at java.net.http/jdk.internal.net.http.common.SequentialScheduler.runOrSchedule(SequentialScheduler.java:280)
	at java.net.http/jdk.internal.net.http.common.SequentialScheduler.runOrSchedule(SequentialScheduler.java:233)
	at java.net.http/jdk.internal.net.http.SocketTube$InternalReadPublisher$InternalReadSubscription.signalReadable(SocketTube.java:782)
	at java.net.http/jdk.internal.net.http.SocketTube$InternalReadPublisher$ReadEvent.signalEvent(SocketTube.java:965)
	at java.net.http/jdk.internal.net.http.SocketTube$SocketFlowEvent.handle(SocketTube.java:253)
	at java.net.http/jdk.internal.net.http.HttpClientImpl$SelectorManager.handleEvent(HttpClientImpl.java:1467)
	at java.net.http/jdk.internal.net.http.HttpClientImpl$SelectorManager.lambda$run$3(HttpClientImpl.java:1412)
	at java.base/java.util.ArrayList.forEach(ArrayList.java:1596)
	at java.net.http/jdk.internal.net.http.HttpClientImpl$SelectorManager.run(HttpClientImpl.java:1412)

]]></system-err>
  </testcase>
  <testcase name="TC044_Verification of the acceptance of Alphanumeric and special characters values in EDGE Name Text field in the Identity section of User Add screen by Super admin/Admin user" classname="EDGE Devices" time="52.456">
    <system-out><![CDATA[
@SheetEDGEDEVICES @Test
Scenario: TC044_Verification of the acceptance of Alphanumeric and special characters values in EDGE Name Text field in the Identity section of User Add screen by Super admin/Admin user &amp#27;[90m# src/test/resources/Features/EDGEDevices.feature:326&amp#27;[0m
I am tag Name@SheetEDGEDEVICES
I am in SheetEDGEDEVICES
I am tag Name@Test
I am in launchAppE:\Devendra\cdm\CDMCucumber\CDMProject\chromedriver\chromedriver.exe
  &amp#27;[32mGiven &amp#27;[0m&amp#27;[32mUser launch application in chrome browser&amp#27;[0m                                                                                                                                         &amp#27;[90m# com.cdm.Stepdefinations.Common.user_launch_application_in_chrome_browser()&amp#27;[0m
Login started
devendar.malothu@weatherford.com
Chittu@123
  &amp#27;[32mWhen &amp#27;[0m&amp#27;[32muser enters credentials and click on login button&amp#27;[0m                                                                                                                                  &amp#27;[90m# com.cdm.Stepdefinations.Common.user_enters_credentials_and_click_on_login_button()&amp#27;[0m
  &amp#27;[32mThen &amp#27;[0m&amp#27;[32mClick on EDGE Device module from side menu bar&amp#27;[0m                                                                                                                                     &amp#27;[90m# com.cdm.Stepdefinations.EDGEDevicesSteps.click_on_edge_device_module_from_side_menu_bar()&amp#27;[0m
Title on Edge Device List page-->EDGE Devices
  &amp#27;[32mAnd &amp#27;[0m&amp#27;[32mAfter landing on EDGE Device List screen&amp#27;[0m                                                                                                                                            &amp#27;[90m# com.cdm.Stepdefinations.EDGEDevicesSteps.after_landing_on_edge_device_list_screen()&amp#27;[0m
  &amp#27;[32mThen &amp#27;[0m&amp#27;[32mClick on ADD New button on the top right side & landed on EDGE>ADD Screen&amp#27;[0m                                                                                                          &amp#27;[90m# com.cdm.Stepdefinations.EDGEDevicesSteps.click_on_add_new_button_on_the_top_right_side_landed_on_edge_add_screen()&amp#27;[0m
  &amp#27;[32mThen &amp#27;[0m&amp#27;[32mEnter numeric values to check character strength into EDGE NAME text fields&amp#27;[0m                                                                                                        &amp#27;[90m# com.cdm.Stepdefinations.EDGEDevicesSteps.enter_numeric_values_to_check_character_strength_into_edge_name_text_fields()&amp#27;[0m
]]></system-out>
  </testcase>
  <testcase name="TC045_Verification of breaching the Max character limit in EDGE ID Text field in the Identity section of User Add screen by Super admin/Admin user" classname="EDGE Devices" time="29.361">
    <system-out><![CDATA[
@SheetEDGEDEVICES @Test
Scenario: TC045_Verification of breaching the Max character limit in EDGE ID Text field in the Identity section of User Add screen by Super admin/Admin user &amp#27;[90m# src/test/resources/Features/EDGEDevices.feature:336&amp#27;[0m
I am tag Name@SheetEDGEDEVICES
I am in SheetEDGEDEVICES
I am tag Name@Test
I am in launchAppE:\Devendra\cdm\CDMCucumber\CDMProject\chromedriver\chromedriver.exe
  &amp#27;[32mGiven &amp#27;[0m&amp#27;[32mUser launch application in chrome browser&amp#27;[0m                                                                                                            &amp#27;[90m# com.cdm.Stepdefinations.Common.user_launch_application_in_chrome_browser()&amp#27;[0m
Login started
devendar.malothu@weatherford.com
Chittu@123
  &amp#27;[32mWhen &amp#27;[0m&amp#27;[32muser enters credentials and click on login button&amp#27;[0m                                                                                                     &amp#27;[90m# com.cdm.Stepdefinations.Common.user_enters_credentials_and_click_on_login_button()&amp#27;[0m
  &amp#27;[32mThen &amp#27;[0m&amp#27;[32mClick on EDGE Device module from side menu bar&amp#27;[0m                                                                                                        &amp#27;[90m# com.cdm.Stepdefinations.EDGEDevicesSteps.click_on_edge_device_module_from_side_menu_bar()&amp#27;[0m
Title on Edge Device List page-->EDGE Devices
  &amp#27;[32mAnd &amp#27;[0m&amp#27;[32mAfter landing on EDGE Device List screen&amp#27;[0m                                                                                                               &amp#27;[90m# com.cdm.Stepdefinations.EDGEDevicesSteps.after_landing_on_edge_device_list_screen()&amp#27;[0m
  &amp#27;[32mThen &amp#27;[0m&amp#27;[32mClick on ADD New button on the top right side & landed on EDGE>ADD Screen&amp#27;[0m                                                                             &amp#27;[90m# com.cdm.Stepdefinations.EDGEDevicesSteps.click_on_add_new_button_on_the_top_right_side_landed_on_edge_add_screen()&amp#27;[0m
  &amp#27;[32mAnd &amp#27;[0m&amp#27;[32mEnter numeric values to check character strength into EDGE ID text fields&amp#27;[0m                                                                              &amp#27;[90m# com.cdm.Stepdefinations.EDGEDevicesSteps.enter_numeric_values_to_check_character_strength_into_edge_id_text_fields()&amp#27;[0m
]]></system-out>
    <system-err><![CDATA[Feb 28, 2024 5:55:54 PM org.openqa.selenium.remote.http.WebSocket$Listener onError
WARNING: Connection reset
java.net.SocketException: Connection reset
	at java.base/sun.nio.ch.SocketChannelImpl.throwConnectionReset(SocketChannelImpl.java:401)
	at java.base/sun.nio.ch.SocketChannelImpl.read(SocketChannelImpl.java:434)
	at java.net.http/jdk.internal.net.http.SocketTube.readAvailable(SocketTube.java:1178)
	at java.net.http/jdk.internal.net.http.SocketTube$InternalReadPublisher$InternalReadSubscription.read(SocketTube.java:841)
	at java.net.http/jdk.internal.net.http.SocketTube$SocketFlowTask.run(SocketTube.java:181)
	at java.net.http/jdk.internal.net.http.common.SequentialScheduler$SchedulableTask.run(SequentialScheduler.java:207)
	at java.net.http/jdk.internal.net.http.common.SequentialScheduler.runOrSchedule(SequentialScheduler.java:280)
	at java.net.http/jdk.internal.net.http.common.SequentialScheduler.runOrSchedule(SequentialScheduler.java:233)
	at java.net.http/jdk.internal.net.http.SocketTube$InternalReadPublisher$InternalReadSubscription.signalReadable(SocketTube.java:782)
	at java.net.http/jdk.internal.net.http.SocketTube$InternalReadPublisher$ReadEvent.signalEvent(SocketTube.java:965)
	at java.net.http/jdk.internal.net.http.SocketTube$SocketFlowEvent.handle(SocketTube.java:253)
	at java.net.http/jdk.internal.net.http.HttpClientImpl$SelectorManager.handleEvent(HttpClientImpl.java:1467)
	at java.net.http/jdk.internal.net.http.HttpClientImpl$SelectorManager.lambda$run$3(HttpClientImpl.java:1412)
	at java.base/java.util.ArrayList.forEach(ArrayList.java:1596)
	at java.net.http/jdk.internal.net.http.HttpClientImpl$SelectorManager.run(HttpClientImpl.java:1412)

]]></system-err>
  </testcase>
  <testcase name="TC046_Verification of breaching the Max character limit in EDGE  Name Text field in the Identity section of User Add screen by Super admin/Admin user" classname="EDGE Devices" time="25.573">
    <system-out><![CDATA[
@SheetEDGEDEVICES @Test
Scenario: TC046_Verification of breaching the Max character limit in EDGE  Name Text field in the Identity section of User Add screen by Super admin/Admin user &amp#27;[90m# src/test/resources/Features/EDGEDevices.feature:345&amp#27;[0m
I am tag Name@SheetEDGEDEVICES
I am in SheetEDGEDEVICES
I am tag Name@Test
I am in launchAppE:\Devendra\cdm\CDMCucumber\CDMProject\chromedriver\chromedriver.exe
  &amp#27;[32mGiven &amp#27;[0m&amp#27;[32mUser launch application in chrome browser&amp#27;[0m                                                                                                               &amp#27;[90m# com.cdm.Stepdefinations.Common.user_launch_application_in_chrome_browser()&amp#27;[0m
Login started
devendar.malothu@weatherford.com
Chittu@123
  &amp#27;[32mWhen &amp#27;[0m&amp#27;[32muser enters credentials and click on login button&amp#27;[0m                                                                                                        &amp#27;[90m# com.cdm.Stepdefinations.Common.user_enters_credentials_and_click_on_login_button()&amp#27;[0m
  &amp#27;[32mThen &amp#27;[0m&amp#27;[32mClick on EDGE Device module from side menu bar&amp#27;[0m                                                                                                           &amp#27;[90m# com.cdm.Stepdefinations.EDGEDevicesSteps.click_on_edge_device_module_from_side_menu_bar()&amp#27;[0m
Title on Edge Device List page-->EDGE Devices
  &amp#27;[32mAnd &amp#27;[0m&amp#27;[32mAfter landing on EDGE Device List screen&amp#27;[0m                                                                                                                  &amp#27;[90m# com.cdm.Stepdefinations.EDGEDevicesSteps.after_landing_on_edge_device_list_screen()&amp#27;[0m
  &amp#27;[32mThen &amp#27;[0m&amp#27;[32mClick on ADD New button on the top right side & landed on EDGE>ADD Screen&amp#27;[0m                                                                                &amp#27;[90m# com.cdm.Stepdefinations.EDGEDevicesSteps.click_on_add_new_button_on_the_top_right_side_landed_on_edge_add_screen()&amp#27;[0m
  &amp#27;[32mThen &amp#27;[0m&amp#27;[32mEnter numeric values to check character strength into EDGE NAME text fields&amp#27;[0m                                                                              &amp#27;[90m# com.cdm.Stepdefinations.EDGEDevicesSteps.enter_numeric_values_to_check_character_strength_into_edge_name_text_fields()&amp#27;[0m
]]></system-out>
  </testcase>
  <testcase name="TC047_Verification of selection of the from organization drop down in the Identity section of User Add screen by Super admin/Admin user" classname="EDGE Devices" time="33.032">
    <system-out><![CDATA[
@SheetEDGEDEVICES @Test
Scenario: TC047_Verification of selection of the from organization drop down in the Identity section of User Add screen by Super admin/Admin user &amp#27;[90m# src/test/resources/Features/EDGEDevices.feature:354&amp#27;[0m
I am tag Name@SheetEDGEDEVICES
I am in SheetEDGEDEVICES
I am tag Name@Test
I am in launchAppE:\Devendra\cdm\CDMCucumber\CDMProject\chromedriver\chromedriver.exe
  &amp#27;[32mGiven &amp#27;[0m&amp#27;[32mUser launch application in chrome browser&amp#27;[0m                                                                                                 &amp#27;[90m# com.cdm.Stepdefinations.Common.user_launch_application_in_chrome_browser()&amp#27;[0m
Login started
devendar.malothu@weatherford.com
Chittu@123
  &amp#27;[32mWhen &amp#27;[0m&amp#27;[32muser enters credentials and click on login button&amp#27;[0m                                                                                          &amp#27;[90m# com.cdm.Stepdefinations.Common.user_enters_credentials_and_click_on_login_button()&amp#27;[0m
  &amp#27;[32mThen &amp#27;[0m&amp#27;[32mClick on EDGE Device module from side menu bar&amp#27;[0m                                                                                             &amp#27;[90m# com.cdm.Stepdefinations.EDGEDevicesSteps.click_on_edge_device_module_from_side_menu_bar()&amp#27;[0m
Title on Edge Device List page-->EDGE Devices
  &amp#27;[32mAnd &amp#27;[0m&amp#27;[32mAfter landing on EDGE Device List screen&amp#27;[0m                                                                                                    &amp#27;[90m# com.cdm.Stepdefinations.EDGEDevicesSteps.after_landing_on_edge_device_list_screen()&amp#27;[0m
  &amp#27;[32mThen &amp#27;[0m&amp#27;[32mClick on ADD New button on the top right side & landed on EDGE>ADD Screen&amp#27;[0m                                                                  &amp#27;[90m# com.cdm.Stepdefinations.EDGEDevicesSteps.click_on_add_new_button_on_the_top_right_side_landed_on_edge_add_screen()&amp#27;[0m
  &amp#27;[32mThen &amp#27;[0m&amp#27;[32mselect options from Organization drop down&amp#27;[0m                                                                                                 &amp#27;[90m# com.cdm.Stepdefinations.EDGEDevicesSteps.select_options_from_organization_drop_down()&amp#27;[0m
]]></system-out>
    <system-err><![CDATA[Feb 28, 2024 5:56:53 PM org.openqa.selenium.remote.http.WebSocket$Listener onError
WARNING: Connection reset
java.net.SocketException: Connection reset
	at java.base/sun.nio.ch.SocketChannelImpl.throwConnectionReset(SocketChannelImpl.java:401)
	at java.base/sun.nio.ch.SocketChannelImpl.read(SocketChannelImpl.java:434)
	at java.net.http/jdk.internal.net.http.SocketTube.readAvailable(SocketTube.java:1178)
	at java.net.http/jdk.internal.net.http.SocketTube$InternalReadPublisher$InternalReadSubscription.read(SocketTube.java:841)
	at java.net.http/jdk.internal.net.http.SocketTube$SocketFlowTask.run(SocketTube.java:181)
	at java.net.http/jdk.internal.net.http.common.SequentialScheduler$SchedulableTask.run(SequentialScheduler.java:207)
	at java.net.http/jdk.internal.net.http.common.SequentialScheduler.runOrSchedule(SequentialScheduler.java:280)
	at java.net.http/jdk.internal.net.http.common.SequentialScheduler.runOrSchedule(SequentialScheduler.java:233)
	at java.net.http/jdk.internal.net.http.SocketTube$InternalReadPublisher$InternalReadSubscription.signalReadable(SocketTube.java:782)
	at java.net.http/jdk.internal.net.http.SocketTube$InternalReadPublisher$ReadEvent.signalEvent(SocketTube.java:965)
	at java.net.http/jdk.internal.net.http.SocketTube$SocketFlowEvent.handle(SocketTube.java:253)
	at java.net.http/jdk.internal.net.http.HttpClientImpl$SelectorManager.handleEvent(HttpClientImpl.java:1467)
	at java.net.http/jdk.internal.net.http.HttpClientImpl$SelectorManager.lambda$run$3(HttpClientImpl.java:1412)
	at java.base/java.util.ArrayList.forEach(ArrayList.java:1596)
	at java.net.http/jdk.internal.net.http.HttpClientImpl$SelectorManager.run(HttpClientImpl.java:1412)

]]></system-err>
  </testcase>
  <testcase name="TC048_Verification of selection of the from EDGE Group Name drop down in the Identity section of User Add screen by Super admin/Admin user" classname="EDGE Devices" time="22.761">
    <system-out><![CDATA[
@SheetEDGEDEVICES @Test
Scenario: TC048_Verification of selection of the from EDGE Group Name drop down in the Identity section of User Add screen by Super admin/Admin user &amp#27;[90m# src/test/resources/Features/EDGEDevices.feature:363&amp#27;[0m
I am tag Name@SheetEDGEDEVICES
I am in SheetEDGEDEVICES
I am tag Name@Test
I am in launchAppE:\Devendra\cdm\CDMCucumber\CDMProject\chromedriver\chromedriver.exe
  &amp#27;[32mGiven &amp#27;[0m&amp#27;[32mUser launch application in chrome browser&amp#27;[0m                                                                                                    &amp#27;[90m# com.cdm.Stepdefinations.Common.user_launch_application_in_chrome_browser()&amp#27;[0m
Login started
devendar.malothu@weatherford.com
Chittu@123
  &amp#27;[32mWhen &amp#27;[0m&amp#27;[32muser enters credentials and click on login button&amp#27;[0m                                                                                             &amp#27;[90m# com.cdm.Stepdefinations.Common.user_enters_credentials_and_click_on_login_button()&amp#27;[0m
  &amp#27;[32mThen &amp#27;[0m&amp#27;[32mClick on EDGE Device module from side menu bar&amp#27;[0m                                                                                                &amp#27;[90m# com.cdm.Stepdefinations.EDGEDevicesSteps.click_on_edge_device_module_from_side_menu_bar()&amp#27;[0m
Title on Edge Device List page-->EDGE Devices
  &amp#27;[32mAnd &amp#27;[0m&amp#27;[32mAfter landing on EDGE Device List screen&amp#27;[0m                                                                                                       &amp#27;[90m# com.cdm.Stepdefinations.EDGEDevicesSteps.after_landing_on_edge_device_list_screen()&amp#27;[0m
  &amp#27;[32mThen &amp#27;[0m&amp#27;[32mClick on ADD New button on the top right side & landed on EDGE>ADD Screen&amp#27;[0m                                                                     &amp#27;[90m# com.cdm.Stepdefinations.EDGEDevicesSteps.click_on_add_new_button_on_the_top_right_side_landed_on_edge_add_screen()&amp#27;[0m
  &amp#27;[32mAnd &amp#27;[0m&amp#27;[32mselect options from EDGE Group Name drop down&amp#27;[0m                                                                                                  &amp#27;[90m# com.cdm.Stepdefinations.EDGEDevicesSteps.select_options_from_edge_group_name_drop_down()&amp#27;[0m
]]></system-out>
    <system-err><![CDATA[Feb 28, 2024 5:57:16 PM org.openqa.selenium.remote.http.WebSocket$Listener onError
WARNING: Connection reset
java.net.SocketException: Connection reset
	at java.base/sun.nio.ch.SocketChannelImpl.throwConnectionReset(SocketChannelImpl.java:401)
	at java.base/sun.nio.ch.SocketChannelImpl.read(SocketChannelImpl.java:434)
	at java.net.http/jdk.internal.net.http.SocketTube.readAvailable(SocketTube.java:1178)
	at java.net.http/jdk.internal.net.http.SocketTube$InternalReadPublisher$InternalReadSubscription.read(SocketTube.java:841)
	at java.net.http/jdk.internal.net.http.SocketTube$SocketFlowTask.run(SocketTube.java:181)
	at java.net.http/jdk.internal.net.http.common.SequentialScheduler$SchedulableTask.run(SequentialScheduler.java:207)
	at java.net.http/jdk.internal.net.http.common.SequentialScheduler.runOrSchedule(SequentialScheduler.java:280)
	at java.net.http/jdk.internal.net.http.common.SequentialScheduler.runOrSchedule(SequentialScheduler.java:233)
	at java.net.http/jdk.internal.net.http.SocketTube$InternalReadPublisher$InternalReadSubscription.signalReadable(SocketTube.java:782)
	at java.net.http/jdk.internal.net.http.SocketTube$InternalReadPublisher$ReadEvent.signalEvent(SocketTube.java:965)
	at java.net.http/jdk.internal.net.http.SocketTube$SocketFlowEvent.handle(SocketTube.java:253)
	at java.net.http/jdk.internal.net.http.HttpClientImpl$SelectorManager.handleEvent(HttpClientImpl.java:1467)
	at java.net.http/jdk.internal.net.http.HttpClientImpl$SelectorManager.lambda$run$3(HttpClientImpl.java:1412)
	at java.base/java.util.ArrayList.forEach(ArrayList.java:1596)
	at java.net.http/jdk.internal.net.http.HttpClientImpl$SelectorManager.run(HttpClientImpl.java:1412)

]]></system-err>
  </testcase>
  <testcase name="TC049_Verification of upload of onboarding cerificates in Registration section in Add screen of EDGE Device module by Super admin/Admin user" classname="EDGE Devices" time="44.528">
    <system-out><![CDATA[
@SheetEDGEDEVICES @Test
Scenario: TC049_Verification of upload of onboarding cerificates in Registration section in Add screen of EDGE Device module by Super admin/Admin user &amp#27;[90m# src/test/resources/Features/EDGEDevices.feature:372&amp#27;[0m
I am tag Name@SheetEDGEDEVICES
I am in SheetEDGEDEVICES
I am tag Name@Test
I am in launchAppE:\Devendra\cdm\CDMCucumber\CDMProject\chromedriver\chromedriver.exe
  &amp#27;[32mGiven &amp#27;[0m&amp#27;[32mUser launch application in chrome browser&amp#27;[0m                                                                                                      &amp#27;[90m# com.cdm.Stepdefinations.Common.user_launch_application_in_chrome_browser()&amp#27;[0m
Login started
devendar.malothu@weatherford.com
Chittu@123
  &amp#27;[32mAnd &amp#27;[0m&amp#27;[32muser enters credentials and click on login button&amp#27;[0m                                                                                                &amp#27;[90m# com.cdm.Stepdefinations.Common.user_enters_credentials_and_click_on_login_button()&amp#27;[0m
  &amp#27;[32mThen &amp#27;[0m&amp#27;[32mClick on EDGE Device module from side menu bar&amp#27;[0m                                                                                                  &amp#27;[90m# com.cdm.Stepdefinations.EDGEDevicesSteps.click_on_edge_device_module_from_side_menu_bar()&amp#27;[0m
Title on Edge Device List page-->EDGE Devices
  &amp#27;[32mAnd &amp#27;[0m&amp#27;[32mAfter landing on EDGE Device List screen&amp#27;[0m                                                                                                         &amp#27;[90m# com.cdm.Stepdefinations.EDGEDevicesSteps.after_landing_on_edge_device_list_screen()&amp#27;[0m
  &amp#27;[32mThen &amp#27;[0m&amp#27;[32mClick on EDGE ID search icon i.e. three dots & enter Valid inputs into search text field&amp#27;[0m                                                        &amp#27;[90m# com.cdm.Stepdefinations.EDGEDevicesSteps.click_on_edge_id_search_icon_i_e_three_dots_enter_valid_inputs_into_search_text_field()&amp#27;[0m
  &amp#27;[32mThen &amp#27;[0m&amp#27;[32mAfter landing on EDGE Device List screen scroll horizontal and Click on EDIT icon button&amp#27;[0m                                                        &amp#27;[90m# com.cdm.Stepdefinations.EDGEDevicesSteps.after_landing_on_edge_device_list_screen_scroll_horizontal_and_click_on_edit_icon_button()&amp#27;[0m
  &amp#27;[32mThen &amp#27;[0m&amp#27;[32mScroll down page go to the registration section of add screen and enter value for onboarding certificate&amp#27;[0m                                        &amp#27;[90m# com.cdm.Stepdefinations.EDGEDevicesSteps.scroll_down_page_go_to_the_registration_section_of_add_screen_and_enter_value_for_onboarding_certificate()&amp#27;[0m
]]></system-out>
    <system-err><![CDATA[Feb 28, 2024 5:58:00 PM org.openqa.selenium.remote.http.WebSocket$Listener onError
WARNING: Connection reset
java.net.SocketException: Connection reset
	at java.base/sun.nio.ch.SocketChannelImpl.throwConnectionReset(SocketChannelImpl.java:401)
	at java.base/sun.nio.ch.SocketChannelImpl.read(SocketChannelImpl.java:434)
	at java.net.http/jdk.internal.net.http.SocketTube.readAvailable(SocketTube.java:1178)
	at java.net.http/jdk.internal.net.http.SocketTube$InternalReadPublisher$InternalReadSubscription.read(SocketTube.java:841)
	at java.net.http/jdk.internal.net.http.SocketTube$SocketFlowTask.run(SocketTube.java:181)
	at java.net.http/jdk.internal.net.http.common.SequentialScheduler$SchedulableTask.run(SequentialScheduler.java:207)
	at java.net.http/jdk.internal.net.http.common.SequentialScheduler.runOrSchedule(SequentialScheduler.java:280)
	at java.net.http/jdk.internal.net.http.common.SequentialScheduler.runOrSchedule(SequentialScheduler.java:233)
	at java.net.http/jdk.internal.net.http.SocketTube$InternalReadPublisher$InternalReadSubscription.signalReadable(SocketTube.java:782)
	at java.net.http/jdk.internal.net.http.SocketTube$InternalReadPublisher$ReadEvent.signalEvent(SocketTube.java:965)
	at java.net.http/jdk.internal.net.http.SocketTube$SocketFlowEvent.handle(SocketTube.java:253)
	at java.net.http/jdk.internal.net.http.HttpClientImpl$SelectorManager.handleEvent(HttpClientImpl.java:1467)
	at java.net.http/jdk.internal.net.http.HttpClientImpl$SelectorManager.lambda$run$3(HttpClientImpl.java:1412)
	at java.base/java.util.ArrayList.forEach(ArrayList.java:1596)
	at java.net.http/jdk.internal.net.http.HttpClientImpl$SelectorManager.run(HttpClientImpl.java:1412)

]]></system-err>
  </testcase>
  <testcase name="TC050_Verification of download of onboarding cerificates in Registration section in Add screen of EDGE Device module by Super admin/Admin user" classname="EDGE Devices" time="44.484">
    <system-out><![CDATA[
@SheetEDGEDEVICES @Test
Scenario: TC050_Verification of download of onboarding cerificates in Registration section in Add screen of EDGE Device module by Super admin/Admin user &amp#27;[90m# src/test/resources/Features/EDGEDevices.feature:382&amp#27;[0m
I am tag Name@SheetEDGEDEVICES
I am in SheetEDGEDEVICES
I am tag Name@Test
I am in launchAppE:\Devendra\cdm\CDMCucumber\CDMProject\chromedriver\chromedriver.exe
  &amp#27;[32mGiven &amp#27;[0m&amp#27;[32mUser launch application in chrome browser&amp#27;[0m                                                                                                        &amp#27;[90m# com.cdm.Stepdefinations.Common.user_launch_application_in_chrome_browser()&amp#27;[0m
Login started
devendar.malothu@weatherford.com
Chittu@123
  &amp#27;[32mAnd &amp#27;[0m&amp#27;[32muser enters credentials and click on login button&amp#27;[0m                                                                                                  &amp#27;[90m# com.cdm.Stepdefinations.Common.user_enters_credentials_and_click_on_login_button()&amp#27;[0m
  &amp#27;[32mThen &amp#27;[0m&amp#27;[32mClick on EDGE Device module from side menu bar&amp#27;[0m                                                                                                    &amp#27;[90m# com.cdm.Stepdefinations.EDGEDevicesSteps.click_on_edge_device_module_from_side_menu_bar()&amp#27;[0m
Title on Edge Device List page-->EDGE Devices
  &amp#27;[32mAnd &amp#27;[0m&amp#27;[32mAfter landing on EDGE Device List screen&amp#27;[0m                                                                                                           &amp#27;[90m# com.cdm.Stepdefinations.EDGEDevicesSteps.after_landing_on_edge_device_list_screen()&amp#27;[0m
  &amp#27;[32mThen &amp#27;[0m&amp#27;[32mClick on EDGE ID search icon i.e. three dots & enter Valid inputs into search text field&amp#27;[0m                                                          &amp#27;[90m# com.cdm.Stepdefinations.EDGEDevicesSteps.click_on_edge_id_search_icon_i_e_three_dots_enter_valid_inputs_into_search_text_field()&amp#27;[0m
  &amp#27;[32mThen &amp#27;[0m&amp#27;[32mAfter landing on EDGE Device List screen scroll horizontal and Click on EDIT icon button&amp#27;[0m                                                          &amp#27;[90m# com.cdm.Stepdefinations.EDGEDevicesSteps.after_landing_on_edge_device_list_screen_scroll_horizontal_and_click_on_edit_icon_button()&amp#27;[0m
  &amp#27;[32mThen &amp#27;[0m&amp#27;[32mScroll down page go to the registration section of add screen and enter value for onboarding certificate&amp#27;[0m                                          &amp#27;[90m# com.cdm.Stepdefinations.EDGEDevicesSteps.scroll_down_page_go_to_the_registration_section_of_add_screen_and_enter_value_for_onboarding_certificate()&amp#27;[0m
]]></system-out>
  </testcase>
  <testcase name="TC051_Verification of upload of onboarding configuration file in Registration section in Add screen of EDGE Device module by Super admin/Admin user" classname="EDGE Devices" time="44.743">
    <system-out><![CDATA[
@SheetEDGEDEVICES @Test
Scenario: TC051_Verification of upload of onboarding configuration file in Registration section in Add screen of EDGE Device module by Super admin/Admin user &amp#27;[90m# src/test/resources/Features/EDGEDevices.feature:393&amp#27;[0m
I am tag Name@SheetEDGEDEVICES
I am in SheetEDGEDEVICES
I am tag Name@Test
I am in launchAppE:\Devendra\cdm\CDMCucumber\CDMProject\chromedriver\chromedriver.exe
  &amp#27;[32mGiven &amp#27;[0m&amp#27;[32mUser launch application in chrome browser&amp#27;[0m                                                                                                             &amp#27;[90m# com.cdm.Stepdefinations.Common.user_launch_application_in_chrome_browser()&amp#27;[0m
Login started
devendar.malothu@weatherford.com
Chittu@123
  &amp#27;[32mAnd &amp#27;[0m&amp#27;[32muser enters credentials and click on login button&amp#27;[0m                                                                                                       &amp#27;[90m# com.cdm.Stepdefinations.Common.user_enters_credentials_and_click_on_login_button()&amp#27;[0m
  &amp#27;[32mThen &amp#27;[0m&amp#27;[32mClick on EDGE Device module from side menu bar&amp#27;[0m                                                                                                         &amp#27;[90m# com.cdm.Stepdefinations.EDGEDevicesSteps.click_on_edge_device_module_from_side_menu_bar()&amp#27;[0m
Title on Edge Device List page-->EDGE Devices
  &amp#27;[32mAnd &amp#27;[0m&amp#27;[32mAfter landing on EDGE Device List screen&amp#27;[0m                                                                                                                &amp#27;[90m# com.cdm.Stepdefinations.EDGEDevicesSteps.after_landing_on_edge_device_list_screen()&amp#27;[0m
  &amp#27;[32mThen &amp#27;[0m&amp#27;[32mClick on EDGE ID search icon i.e. three dots & enter Valid inputs into search text field&amp#27;[0m                                                               &amp#27;[90m# com.cdm.Stepdefinations.EDGEDevicesSteps.click_on_edge_id_search_icon_i_e_three_dots_enter_valid_inputs_into_search_text_field()&amp#27;[0m
  &amp#27;[32mThen &amp#27;[0m&amp#27;[32mAfter landing on EDGE Device List screen scroll horizontal and Click on EDIT icon button&amp#27;[0m                                                               &amp#27;[90m# com.cdm.Stepdefinations.EDGEDevicesSteps.after_landing_on_edge_device_list_screen_scroll_horizontal_and_click_on_edit_icon_button()&amp#27;[0m
  &amp#27;[32mThen &amp#27;[0m&amp#27;[32mScroll down page go to the registration section of add screen and enter value for onboarding certificate&amp#27;[0m                                               &amp#27;[90m# com.cdm.Stepdefinations.EDGEDevicesSteps.scroll_down_page_go_to_the_registration_section_of_add_screen_and_enter_value_for_onboarding_certificate()&amp#27;[0m
]]></system-out>
    <system-err><![CDATA[Feb 28, 2024 5:59:29 PM org.openqa.selenium.remote.http.WebSocket$Listener onError
WARNING: Connection reset
java.net.SocketException: Connection reset
	at java.base/sun.nio.ch.SocketChannelImpl.throwConnectionReset(SocketChannelImpl.java:401)
	at java.base/sun.nio.ch.SocketChannelImpl.read(SocketChannelImpl.java:434)
	at java.net.http/jdk.internal.net.http.SocketTube.readAvailable(SocketTube.java:1178)
	at java.net.http/jdk.internal.net.http.SocketTube$InternalReadPublisher$InternalReadSubscription.read(SocketTube.java:841)
	at java.net.http/jdk.internal.net.http.SocketTube$SocketFlowTask.run(SocketTube.java:181)
	at java.net.http/jdk.internal.net.http.common.SequentialScheduler$SchedulableTask.run(SequentialScheduler.java:207)
	at java.net.http/jdk.internal.net.http.common.SequentialScheduler.runOrSchedule(SequentialScheduler.java:280)
	at java.net.http/jdk.internal.net.http.common.SequentialScheduler.runOrSchedule(SequentialScheduler.java:233)
	at java.net.http/jdk.internal.net.http.SocketTube$InternalReadPublisher$InternalReadSubscription.signalReadable(SocketTube.java:782)
	at java.net.http/jdk.internal.net.http.SocketTube$InternalReadPublisher$ReadEvent.signalEvent(SocketTube.java:965)
	at java.net.http/jdk.internal.net.http.SocketTube$SocketFlowEvent.handle(SocketTube.java:253)
	at java.net.http/jdk.internal.net.http.HttpClientImpl$SelectorManager.handleEvent(HttpClientImpl.java:1467)
	at java.net.http/jdk.internal.net.http.HttpClientImpl$SelectorManager.lambda$run$3(HttpClientImpl.java:1412)
	at java.base/java.util.ArrayList.forEach(ArrayList.java:1596)
	at java.net.http/jdk.internal.net.http.HttpClientImpl$SelectorManager.run(HttpClientImpl.java:1412)

]]></system-err>
  </testcase>
  <testcase name="TC052_Verification of download of onboarding configuration file in Registration section in Add screen of EDGE Device module by Super admin/Admin user" classname="EDGE Devices" time="45.183">
    <system-out><![CDATA[
@SheetEDGEDEVICES @Test
Scenario: TC052_Verification of download of onboarding configuration file in Registration section in Add screen of EDGE Device module by Super admin/Admin user &amp#27;[90m# src/test/resources/Features/EDGEDevices.feature:403&amp#27;[0m
I am tag Name@SheetEDGEDEVICES
I am in SheetEDGEDEVICES
I am tag Name@Test
I am in launchAppE:\Devendra\cdm\CDMCucumber\CDMProject\chromedriver\chromedriver.exe
  &amp#27;[32mGiven &amp#27;[0m&amp#27;[32mUser launch application in chrome browser&amp#27;[0m                                                                                                               &amp#27;[90m# com.cdm.Stepdefinations.Common.user_launch_application_in_chrome_browser()&amp#27;[0m
Login started
devendar.malothu@weatherford.com
Chittu@123
  &amp#27;[32mAnd &amp#27;[0m&amp#27;[32muser enters credentials and click on login button&amp#27;[0m                                                                                                         &amp#27;[90m# com.cdm.Stepdefinations.Common.user_enters_credentials_and_click_on_login_button()&amp#27;[0m
  &amp#27;[32mThen &amp#27;[0m&amp#27;[32mClick on EDGE Device module from side menu bar&amp#27;[0m                                                                                                           &amp#27;[90m# com.cdm.Stepdefinations.EDGEDevicesSteps.click_on_edge_device_module_from_side_menu_bar()&amp#27;[0m
Title on Edge Device List page-->EDGE Devices
  &amp#27;[32mAnd &amp#27;[0m&amp#27;[32mAfter landing on EDGE Device List screen&amp#27;[0m                                                                                                                  &amp#27;[90m# com.cdm.Stepdefinations.EDGEDevicesSteps.after_landing_on_edge_device_list_screen()&amp#27;[0m
  &amp#27;[32mThen &amp#27;[0m&amp#27;[32mClick on EDGE ID search icon i.e. three dots & enter Valid inputs into search text field&amp#27;[0m                                                                 &amp#27;[90m# com.cdm.Stepdefinations.EDGEDevicesSteps.click_on_edge_id_search_icon_i_e_three_dots_enter_valid_inputs_into_search_text_field()&amp#27;[0m
  &amp#27;[32mThen &amp#27;[0m&amp#27;[32mAfter landing on EDGE Device List screen scroll horizontal and Click on EDIT icon button&amp#27;[0m                                                                 &amp#27;[90m# com.cdm.Stepdefinations.EDGEDevicesSteps.after_landing_on_edge_device_list_screen_scroll_horizontal_and_click_on_edit_icon_button()&amp#27;[0m
  &amp#27;[32mThen &amp#27;[0m&amp#27;[32mScroll down page go to the registration section of add screen and enter value for onboarding certificate&amp#27;[0m                                                 &amp#27;[90m# com.cdm.Stepdefinations.EDGEDevicesSteps.scroll_down_page_go_to_the_registration_section_of_add_screen_and_enter_value_for_onboarding_certificate()&amp#27;[0m
]]></system-out>
    <system-err><![CDATA[Feb 28, 2024 6:00:15 PM org.openqa.selenium.remote.http.WebSocket$Listener onError
WARNING: Connection reset
java.net.SocketException: Connection reset
	at java.base/sun.nio.ch.SocketChannelImpl.throwConnectionReset(SocketChannelImpl.java:401)
	at java.base/sun.nio.ch.SocketChannelImpl.read(SocketChannelImpl.java:434)
	at java.net.http/jdk.internal.net.http.SocketTube.readAvailable(SocketTube.java:1178)
	at java.net.http/jdk.internal.net.http.SocketTube$InternalReadPublisher$InternalReadSubscription.read(SocketTube.java:841)
	at java.net.http/jdk.internal.net.http.SocketTube$SocketFlowTask.run(SocketTube.java:181)
	at java.net.http/jdk.internal.net.http.common.SequentialScheduler$SchedulableTask.run(SequentialScheduler.java:207)
	at java.net.http/jdk.internal.net.http.common.SequentialScheduler.runOrSchedule(SequentialScheduler.java:280)
	at java.net.http/jdk.internal.net.http.common.SequentialScheduler.runOrSchedule(SequentialScheduler.java:233)
	at java.net.http/jdk.internal.net.http.SocketTube$InternalReadPublisher$InternalReadSubscription.signalReadable(SocketTube.java:782)
	at java.net.http/jdk.internal.net.http.SocketTube$InternalReadPublisher$ReadEvent.signalEvent(SocketTube.java:965)
	at java.net.http/jdk.internal.net.http.SocketTube$SocketFlowEvent.handle(SocketTube.java:253)
	at java.net.http/jdk.internal.net.http.HttpClientImpl$SelectorManager.handleEvent(HttpClientImpl.java:1467)
	at java.net.http/jdk.internal.net.http.HttpClientImpl$SelectorManager.lambda$run$3(HttpClientImpl.java:1412)
	at java.base/java.util.ArrayList.forEach(ArrayList.java:1596)
	at java.net.http/jdk.internal.net.http.HttpClientImpl$SelectorManager.run(HttpClientImpl.java:1412)

]]></system-err>
  </testcase>
  <testcase name="TC053_Verification of modify the value in available mandatory fields of Identity section in EDIT screen of EDGE Device module by Super admin/Admin user" classname="EDGE Devices" time="36.999">
    <system-out><![CDATA[
@SheetEDGEDEVICES @Test
Scenario: TC053_Verification of modify the value in available mandatory fields of Identity section in EDIT screen of EDGE Device module by Super admin/Admin user &amp#27;[90m# src/test/resources/Features/EDGEDevices.feature:413&amp#27;[0m
I am tag Name@SheetEDGEDEVICES
I am in SheetEDGEDEVICES
I am tag Name@Test
I am in launchAppE:\Devendra\cdm\CDMCucumber\CDMProject\chromedriver\chromedriver.exe
  &amp#27;[32mGiven &amp#27;[0m&amp#27;[32mUser launch application in chrome browser&amp#27;[0m                                                                                                                 &amp#27;[90m# com.cdm.Stepdefinations.Common.user_launch_application_in_chrome_browser()&amp#27;[0m
Login started
devendar.malothu@weatherford.com
Chittu@123
  &amp#27;[32mAnd &amp#27;[0m&amp#27;[32muser enters credentials and click on login button&amp#27;[0m                                                                                                           &amp#27;[90m# com.cdm.Stepdefinations.Common.user_enters_credentials_and_click_on_login_button()&amp#27;[0m
  &amp#27;[32mThen &amp#27;[0m&amp#27;[32mClick on EDGE Device module from side menu bar&amp#27;[0m                                                                                                             &amp#27;[90m# com.cdm.Stepdefinations.EDGEDevicesSteps.click_on_edge_device_module_from_side_menu_bar()&amp#27;[0m
Title on Edge Device List page-->EDGE Devices
  &amp#27;[32mAnd &amp#27;[0m&amp#27;[32mAfter landing on EDGE Device List screen&amp#27;[0m                                                                                                                    &amp#27;[90m# com.cdm.Stepdefinations.EDGEDevicesSteps.after_landing_on_edge_device_list_screen()&amp#27;[0m
  &amp#27;[32mThen &amp#27;[0m&amp#27;[32mClick on EDGE ID search icon i.e. three dots & enter Valid inputs into search text field&amp#27;[0m                                                                   &amp#27;[90m# com.cdm.Stepdefinations.EDGEDevicesSteps.click_on_edge_id_search_icon_i_e_three_dots_enter_valid_inputs_into_search_text_field()&amp#27;[0m
  &amp#27;[32mThen &amp#27;[0m&amp#27;[32mAfter landing on EDGE Device List screen scroll horizontal and Click on EDIT icon button&amp#27;[0m                                                                   &amp#27;[90m# com.cdm.Stepdefinations.EDGEDevicesSteps.after_landing_on_edge_device_list_screen_scroll_horizontal_and_click_on_edit_icon_button()&amp#27;[0m
  &amp#27;[32mThen &amp#27;[0m&amp#27;[32mmodify the value of mandatory field of Identity Section&amp#27;[0m                                                                                                    &amp#27;[90m# com.cdm.Stepdefinations.EDGEDevicesSteps.modify_the_value_of_mandatory_field_of_identity_section()&amp#27;[0m
]]></system-out>
    <system-err><![CDATA[Feb 28, 2024 6:00:52 PM org.openqa.selenium.remote.http.WebSocket$Listener onError
WARNING: Connection reset
java.net.SocketException: Connection reset
	at java.base/sun.nio.ch.SocketChannelImpl.throwConnectionReset(SocketChannelImpl.java:401)
	at java.base/sun.nio.ch.SocketChannelImpl.read(SocketChannelImpl.java:434)
	at java.net.http/jdk.internal.net.http.SocketTube.readAvailable(SocketTube.java:1178)
	at java.net.http/jdk.internal.net.http.SocketTube$InternalReadPublisher$InternalReadSubscription.read(SocketTube.java:841)
	at java.net.http/jdk.internal.net.http.SocketTube$SocketFlowTask.run(SocketTube.java:181)
	at java.net.http/jdk.internal.net.http.common.SequentialScheduler$SchedulableTask.run(SequentialScheduler.java:207)
	at java.net.http/jdk.internal.net.http.common.SequentialScheduler.runOrSchedule(SequentialScheduler.java:280)
	at java.net.http/jdk.internal.net.http.common.SequentialScheduler.runOrSchedule(SequentialScheduler.java:233)
	at java.net.http/jdk.internal.net.http.SocketTube$InternalReadPublisher$InternalReadSubscription.signalReadable(SocketTube.java:782)
	at java.net.http/jdk.internal.net.http.SocketTube$InternalReadPublisher$ReadEvent.signalEvent(SocketTube.java:965)
	at java.net.http/jdk.internal.net.http.SocketTube$SocketFlowEvent.handle(SocketTube.java:253)
	at java.net.http/jdk.internal.net.http.HttpClientImpl$SelectorManager.handleEvent(HttpClientImpl.java:1467)
	at java.net.http/jdk.internal.net.http.HttpClientImpl$SelectorManager.lambda$run$3(HttpClientImpl.java:1412)
	at java.base/java.util.ArrayList.forEach(ArrayList.java:1596)
	at java.net.http/jdk.internal.net.http.HttpClientImpl$SelectorManager.run(HttpClientImpl.java:1412)

]]></system-err>
  </testcase>
  <testcase name="TC054_Verification of modify value in available optional text fields of Identity section in EDIT screen of EDGE Device module by Super admin/Admin user" classname="EDGE Devices" time="36.412">
    <system-out><![CDATA[
@SheetEDGEDEVICES @Test
Scenario: TC054_Verification of modify value in available optional text fields of Identity section in EDIT screen of EDGE Device module by Super admin/Admin user &amp#27;[90m# src/test/resources/Features/EDGEDevices.feature:423&amp#27;[0m
I am tag Name@SheetEDGEDEVICES
I am in SheetEDGEDEVICES
I am tag Name@Test
I am in launchAppE:\Devendra\cdm\CDMCucumber\CDMProject\chromedriver\chromedriver.exe
  &amp#27;[32mGiven &amp#27;[0m&amp#27;[32mUser launch application in chrome browser&amp#27;[0m                                                                                                                 &amp#27;[90m# com.cdm.Stepdefinations.Common.user_launch_application_in_chrome_browser()&amp#27;[0m
Login started
devendar.malothu@weatherford.com
Chittu@123
  &amp#27;[32mAnd &amp#27;[0m&amp#27;[32muser enters credentials and click on login button&amp#27;[0m                                                                                                           &amp#27;[90m# com.cdm.Stepdefinations.Common.user_enters_credentials_and_click_on_login_button()&amp#27;[0m
  &amp#27;[32mThen &amp#27;[0m&amp#27;[32mClick on EDGE Device module from side menu bar&amp#27;[0m                                                                                                             &amp#27;[90m# com.cdm.Stepdefinations.EDGEDevicesSteps.click_on_edge_device_module_from_side_menu_bar()&amp#27;[0m
Title on Edge Device List page-->EDGE Devices
  &amp#27;[32mAnd &amp#27;[0m&amp#27;[32mAfter landing on EDGE Device List screen&amp#27;[0m                                                                                                                    &amp#27;[90m# com.cdm.Stepdefinations.EDGEDevicesSteps.after_landing_on_edge_device_list_screen()&amp#27;[0m
  &amp#27;[32mThen &amp#27;[0m&amp#27;[32mClick on EDGE ID search icon i.e. three dots & enter Valid inputs into search text field&amp#27;[0m                                                                   &amp#27;[90m# com.cdm.Stepdefinations.EDGEDevicesSteps.click_on_edge_id_search_icon_i_e_three_dots_enter_valid_inputs_into_search_text_field()&amp#27;[0m
  &amp#27;[32mThen &amp#27;[0m&amp#27;[32mAfter landing on EDGE Device List screen scroll horizontal and Click on EDIT icon button&amp#27;[0m                                                                   &amp#27;[90m# com.cdm.Stepdefinations.EDGEDevicesSteps.after_landing_on_edge_device_list_screen_scroll_horizontal_and_click_on_edit_icon_button()&amp#27;[0m
  &amp#27;[32mThen &amp#27;[0m&amp#27;[32mmodify the value of optional field of Identity section&amp#27;[0m                                                                                                     &amp#27;[90m# com.cdm.Stepdefinations.EDGEDevicesSteps.modify_the_value_of_optional_field_of_identity_section()&amp#27;[0m
]]></system-out>
  </testcase>
  <testcase name="TC055_Verification of breaching the Max character limit in EDGE ID Text field in the Identity section of User EDIT Screen by Super admin/Admin user" classname="EDGE Devices" time="57.099">
    <system-out><![CDATA[
@SheetEDGEDEVICES @Test
Scenario: TC055_Verification of breaching the Max character limit in EDGE ID Text field in the Identity section of User EDIT Screen by Super admin/Admin user &amp#27;[90m# src/test/resources/Features/EDGEDevices.feature:433&amp#27;[0m
I am tag Name@SheetEDGEDEVICES
I am in SheetEDGEDEVICES
I am tag Name@Test
I am in launchAppE:\Devendra\cdm\CDMCucumber\CDMProject\chromedriver\chromedriver.exe
  &amp#27;[32mGiven &amp#27;[0m&amp#27;[32mUser launch application in chrome browser&amp#27;[0m                                                                                                             &amp#27;[90m# com.cdm.Stepdefinations.Common.user_launch_application_in_chrome_browser()&amp#27;[0m
Login started
devendar.malothu@weatherford.com
Chittu@123
  &amp#27;[32mAnd &amp#27;[0m&amp#27;[32muser enters credentials and click on login button&amp#27;[0m                                                                                                       &amp#27;[90m# com.cdm.Stepdefinations.Common.user_enters_credentials_and_click_on_login_button()&amp#27;[0m
  &amp#27;[32mThen &amp#27;[0m&amp#27;[32mClick on EDGE Device module from side menu bar&amp#27;[0m                                                                                                         &amp#27;[90m# com.cdm.Stepdefinations.EDGEDevicesSteps.click_on_edge_device_module_from_side_menu_bar()&amp#27;[0m
Title on Edge Device List page-->EDGE Devices
  &amp#27;[32mAnd &amp#27;[0m&amp#27;[32mAfter landing on EDGE Device List screen&amp#27;[0m                                                                                                                &amp#27;[90m# com.cdm.Stepdefinations.EDGEDevicesSteps.after_landing_on_edge_device_list_screen()&amp#27;[0m
  &amp#27;[32mThen &amp#27;[0m&amp#27;[32mClick on EDGE ID search icon i.e. three dots & enter Valid inputs into search text field&amp#27;[0m                                                               &amp#27;[90m# com.cdm.Stepdefinations.EDGEDevicesSteps.click_on_edge_id_search_icon_i_e_three_dots_enter_valid_inputs_into_search_text_field()&amp#27;[0m
  &amp#27;[32mThen &amp#27;[0m&amp#27;[32mAfter landing on EDGE Device List screen scroll horizontal and Click on EDIT icon button&amp#27;[0m                                                               &amp#27;[90m# com.cdm.Stepdefinations.EDGEDevicesSteps.after_landing_on_edge_device_list_screen_scroll_horizontal_and_click_on_edit_icon_button()&amp#27;[0m
  &amp#27;[32mAnd &amp#27;[0m&amp#27;[32mEnter numeric values to check character strength into EDGE Name text fields of Edit Section&amp#27;[0m                                                             &amp#27;[90m# com.cdm.Stepdefinations.EDGEDevicesSteps.enter_numeric_values_to_check_character_strength_into_edge_name_text_fields_of_edit_section()&amp#27;[0m
]]></system-out>
    <system-err><![CDATA[Feb 28, 2024 6:02:25 PM org.openqa.selenium.remote.http.WebSocket$Listener onError
WARNING: Connection reset
java.net.SocketException: Connection reset
	at java.base/sun.nio.ch.SocketChannelImpl.throwConnectionReset(SocketChannelImpl.java:401)
	at java.base/sun.nio.ch.SocketChannelImpl.read(SocketChannelImpl.java:434)
	at java.net.http/jdk.internal.net.http.SocketTube.readAvailable(SocketTube.java:1178)
	at java.net.http/jdk.internal.net.http.SocketTube$InternalReadPublisher$InternalReadSubscription.read(SocketTube.java:841)
	at java.net.http/jdk.internal.net.http.SocketTube$SocketFlowTask.run(SocketTube.java:181)
	at java.net.http/jdk.internal.net.http.common.SequentialScheduler$SchedulableTask.run(SequentialScheduler.java:207)
	at java.net.http/jdk.internal.net.http.common.SequentialScheduler.runOrSchedule(SequentialScheduler.java:280)
	at java.net.http/jdk.internal.net.http.common.SequentialScheduler.runOrSchedule(SequentialScheduler.java:233)
	at java.net.http/jdk.internal.net.http.SocketTube$InternalReadPublisher$InternalReadSubscription.signalReadable(SocketTube.java:782)
	at java.net.http/jdk.internal.net.http.SocketTube$InternalReadPublisher$ReadEvent.signalEvent(SocketTube.java:965)
	at java.net.http/jdk.internal.net.http.SocketTube$SocketFlowEvent.handle(SocketTube.java:253)
	at java.net.http/jdk.internal.net.http.HttpClientImpl$SelectorManager.handleEvent(HttpClientImpl.java:1467)
	at java.net.http/jdk.internal.net.http.HttpClientImpl$SelectorManager.lambda$run$3(HttpClientImpl.java:1412)
	at java.base/java.util.ArrayList.forEach(ArrayList.java:1596)
	at java.net.http/jdk.internal.net.http.HttpClientImpl$SelectorManager.run(HttpClientImpl.java:1412)

]]></system-err>
  </testcase>
  <testcase name="TC056_Verification of breaching the Max character limit in EDGE NameText field in the Identity section of User EDIT Screen by Super admin/Admin user" classname="EDGE Devices" time="54.725">
    <system-out><![CDATA[
@SheetEDGEDEVICES @Test
Scenario: TC056_Verification of breaching the Max character limit in EDGE NameText field in the Identity section of User EDIT Screen by Super admin/Admin user &amp#27;[90m# src/test/resources/Features/EDGEDevices.feature:443&amp#27;[0m
I am tag Name@SheetEDGEDEVICES
I am in SheetEDGEDEVICES
I am tag Name@Test
I am in launchAppE:\Devendra\cdm\CDMCucumber\CDMProject\chromedriver\chromedriver.exe
  &amp#27;[32mGiven &amp#27;[0m&amp#27;[32mUser launch application in chrome browser&amp#27;[0m                                                                                                              &amp#27;[90m# com.cdm.Stepdefinations.Common.user_launch_application_in_chrome_browser()&amp#27;[0m
Login started
devendar.malothu@weatherford.com
Chittu@123
  &amp#27;[32mAnd &amp#27;[0m&amp#27;[32muser enters credentials and click on login button&amp#27;[0m                                                                                                        &amp#27;[90m# com.cdm.Stepdefinations.Common.user_enters_credentials_and_click_on_login_button()&amp#27;[0m
  &amp#27;[32mThen &amp#27;[0m&amp#27;[32mClick on EDGE Device module from side menu bar&amp#27;[0m                                                                                                          &amp#27;[90m# com.cdm.Stepdefinations.EDGEDevicesSteps.click_on_edge_device_module_from_side_menu_bar()&amp#27;[0m
Title on Edge Device List page-->EDGE Devices
  &amp#27;[32mAnd &amp#27;[0m&amp#27;[32mAfter landing on EDGE Device List screen&amp#27;[0m                                                                                                                 &amp#27;[90m# com.cdm.Stepdefinations.EDGEDevicesSteps.after_landing_on_edge_device_list_screen()&amp#27;[0m
  &amp#27;[32mThen &amp#27;[0m&amp#27;[32mClick on EDGE ID search icon i.e. three dots & enter Valid inputs into search text field&amp#27;[0m                                                                &amp#27;[90m# com.cdm.Stepdefinations.EDGEDevicesSteps.click_on_edge_id_search_icon_i_e_three_dots_enter_valid_inputs_into_search_text_field()&amp#27;[0m
  &amp#27;[32mThen &amp#27;[0m&amp#27;[32mAfter landing on EDGE Device List screen scroll horizontal and Click on EDIT icon button&amp#27;[0m                                                                &amp#27;[90m# com.cdm.Stepdefinations.EDGEDevicesSteps.after_landing_on_edge_device_list_screen_scroll_horizontal_and_click_on_edit_icon_button()&amp#27;[0m
  &amp#27;[32mAnd &amp#27;[0m&amp#27;[32mEnter numeric values to check character strength into EDGE Name text fields of Edit Section&amp#27;[0m                                                              &amp#27;[90m# com.cdm.Stepdefinations.EDGEDevicesSteps.enter_numeric_values_to_check_character_strength_into_edge_name_text_fields_of_edit_section()&amp#27;[0m
]]></system-out>
  </testcase>
  <testcase name="TC057_Verification of Viewing of all the steppers &amp; select the application to deploy application in Individual EDGE Device module by Super admin/Admin user &amp; Operator users" classname="EDGE Devices" time="28.113">
    <system-out><![CDATA[
@SheetEDGEDEVICES @Test
Scenario: TC057_Verification of Viewing of all the steppers & select the application to deploy application in Individual EDGE Device module by Super admin/Admin user & Operator users &amp#27;[90m# src/test/resources/Features/EDGEDevices.feature:453&amp#27;[0m
I am tag Name@SheetEDGEDEVICES
I am in SheetEDGEDEVICES
I am tag Name@Test
I am in launchAppE:\Devendra\cdm\CDMCucumber\CDMProject\chromedriver\chromedriver.exe
  &amp#27;[32mGiven &amp#27;[0m&amp#27;[32mUser launch application in chrome browser&amp#27;[0m                                                                                                                                      &amp#27;[90m# com.cdm.Stepdefinations.Common.user_launch_application_in_chrome_browser()&amp#27;[0m
Login started
devendar.malothu@weatherford.com
Chittu@123
  &amp#27;[32mAnd &amp#27;[0m&amp#27;[32muser enters credentials and click on login button&amp#27;[0m                                                                                                                                &amp#27;[90m# com.cdm.Stepdefinations.Common.user_enters_credentials_and_click_on_login_button()&amp#27;[0m
  &amp#27;[32mThen &amp#27;[0m&amp#27;[32mClick on EDGE Device module from side menu bar&amp#27;[0m                                                                                                                                  &amp#27;[90m# com.cdm.Stepdefinations.EDGEDevicesSteps.click_on_edge_device_module_from_side_menu_bar()&amp#27;[0m
Title on Edge Device List page-->EDGE Devices
  &amp#27;[32mAnd &amp#27;[0m&amp#27;[32mAfter landing on EDGE Device List screen&amp#27;[0m                                                                                                                                         &amp#27;[90m# com.cdm.Stepdefinations.EDGEDevicesSteps.after_landing_on_edge_device_list_screen()&amp#27;[0m
  &amp#27;[32mThen &amp#27;[0m&amp#27;[32mClick on EDGE ID search icon i.e. three dots & enter Valid inputs into search text field&amp#27;[0m                                                                                        &amp#27;[90m# com.cdm.Stepdefinations.EDGEDevicesSteps.click_on_edge_id_search_icon_i_e_three_dots_enter_valid_inputs_into_search_text_field()&amp#27;[0m
  &amp#27;[32mThen &amp#27;[0m&amp#27;[32mAfter landing on EDGE Device List screen scroll horizontal&amp#27;[0m                                                                                                                      &amp#27;[90m# com.cdm.Stepdefinations.EDGEDevicesSteps.after_landing_on_edge_device_list_screen_scroll_horizontal()&amp#27;[0m
  &amp#27;[32mThen &amp#27;[0m&amp#27;[32mClick on Deploy apps button on the Actions column & landed on EDGE>Application Deployment screen&amp#27;[0m                                                                                &amp#27;[90m# com.cdm.Stepdefinations.EDGEDevicesSteps.click_on_deploy_apps_button_on_the_actions_column_landed_on_edge_application_deployment_screen()&amp#27;[0m
]]></system-out>
    <system-err><![CDATA[Feb 28, 2024 6:03:48 PM org.openqa.selenium.remote.http.WebSocket$Listener onError
WARNING: Connection reset
java.net.SocketException: Connection reset
	at java.base/sun.nio.ch.SocketChannelImpl.throwConnectionReset(SocketChannelImpl.java:401)
	at java.base/sun.nio.ch.SocketChannelImpl.read(SocketChannelImpl.java:434)
	at java.net.http/jdk.internal.net.http.SocketTube.readAvailable(SocketTube.java:1178)
	at java.net.http/jdk.internal.net.http.SocketTube$InternalReadPublisher$InternalReadSubscription.read(SocketTube.java:841)
	at java.net.http/jdk.internal.net.http.SocketTube$SocketFlowTask.run(SocketTube.java:181)
	at java.net.http/jdk.internal.net.http.common.SequentialScheduler$SchedulableTask.run(SequentialScheduler.java:207)
	at java.net.http/jdk.internal.net.http.common.SequentialScheduler.runOrSchedule(SequentialScheduler.java:280)
	at java.net.http/jdk.internal.net.http.common.SequentialScheduler.runOrSchedule(SequentialScheduler.java:233)
	at java.net.http/jdk.internal.net.http.SocketTube$InternalReadPublisher$InternalReadSubscription.signalReadable(SocketTube.java:782)
	at java.net.http/jdk.internal.net.http.SocketTube$InternalReadPublisher$ReadEvent.signalEvent(SocketTube.java:965)
	at java.net.http/jdk.internal.net.http.SocketTube$SocketFlowEvent.handle(SocketTube.java:253)
	at java.net.http/jdk.internal.net.http.HttpClientImpl$SelectorManager.handleEvent(HttpClientImpl.java:1467)
	at java.net.http/jdk.internal.net.http.HttpClientImpl$SelectorManager.lambda$run$3(HttpClientImpl.java:1412)
	at java.base/java.util.ArrayList.forEach(ArrayList.java:1596)
	at java.net.http/jdk.internal.net.http.HttpClientImpl$SelectorManager.run(HttpClientImpl.java:1412)

]]></system-err>
  </testcase>
  <testcase name="TC058_Verification of multiple select of the Active Application for deploy of EDGE module by Super admin/Admin user and Operator users" classname="EDGE Devices" time="55.031">
    <system-out><![CDATA[
@SheetEDGEDEVICES @Test
Scenario: TC058_Verification of multiple select of the Active Application for deploy of EDGE module by Super admin/Admin user and Operator users &amp#27;[90m# src/test/resources/Features/EDGEDevices.feature:465&amp#27;[0m
I am tag Name@SheetEDGEDEVICES
I am in SheetEDGEDEVICES
I am tag Name@Test
I am in launchAppE:\Devendra\cdm\CDMCucumber\CDMProject\chromedriver\chromedriver.exe
  &amp#27;[32mGiven &amp#27;[0m&amp#27;[32mUser launch application in chrome browser&amp#27;[0m                                                                                                &amp#27;[90m# com.cdm.Stepdefinations.Common.user_launch_application_in_chrome_browser()&amp#27;[0m
Login started
devendar.malothu@weatherford.com
Chittu@123
  &amp#27;[32mAnd &amp#27;[0m&amp#27;[32muser enters credentials and click on login button&amp#27;[0m                                                                                          &amp#27;[90m# com.cdm.Stepdefinations.Common.user_enters_credentials_and_click_on_login_button()&amp#27;[0m
  &amp#27;[32mThen &amp#27;[0m&amp#27;[32mClick on EDGE Device module from side menu bar&amp#27;[0m                                                                                            &amp#27;[90m# com.cdm.Stepdefinations.EDGEDevicesSteps.click_on_edge_device_module_from_side_menu_bar()&amp#27;[0m
Title on Edge Device List page-->EDGE Devices
  &amp#27;[32mAnd &amp#27;[0m&amp#27;[32mAfter landing on EDGE Device List screen&amp#27;[0m                                                                                                   &amp#27;[90m# com.cdm.Stepdefinations.EDGEDevicesSteps.after_landing_on_edge_device_list_screen()&amp#27;[0m
  &amp#27;[32mThen &amp#27;[0m&amp#27;[32mClick on EDGE ID search icon i.e. three dots & enter Valid inputs into search text field&amp#27;[0m                                                  &amp#27;[90m# com.cdm.Stepdefinations.EDGEDevicesSteps.click_on_edge_id_search_icon_i_e_three_dots_enter_valid_inputs_into_search_text_field()&amp#27;[0m
  &amp#27;[32mThen &amp#27;[0m&amp#27;[32mAfter landing on EDGE Device List screen scroll horizontal&amp#27;[0m                                                                                &amp#27;[90m# com.cdm.Stepdefinations.EDGEDevicesSteps.after_landing_on_edge_device_list_screen_scroll_horizontal()&amp#27;[0m
  &amp#27;[32mThen &amp#27;[0m&amp#27;[32mClick on Deploy apps button on the Actions column & landed on EDGE>Application Deployment screen&amp#27;[0m                                          &amp#27;[90m# com.cdm.Stepdefinations.EDGEDevicesSteps.click_on_deploy_apps_button_on_the_actions_column_landed_on_edge_application_deployment_screen()&amp#27;[0m
  &amp#27;[32mThen &amp#27;[0m&amp#27;[32mverify application functionality for single select&amp#27;[0m                                                                                        &amp#27;[90m# com.cdm.Stepdefinations.EDGEDevicesSteps.verify_application_functionality_for_single_select()&amp#27;[0m
]]></system-out>
  </testcase>
  <testcase name="TC059_Verification of Single select of the Active Application for deploy of EDGE module by Super admin/Admin user  &amp; Operator users" classname="EDGE Devices" time="79.854">
    <system-out><![CDATA[
@SheetEDGEDEVICES @Test
Scenario: TC059_Verification of Single select of the Active Application for deploy of EDGE module by Super admin/Admin user  & Operator users &amp#27;[90m# src/test/resources/Features/EDGEDevices.feature:477&amp#27;[0m
I am tag Name@SheetEDGEDEVICES
I am in SheetEDGEDEVICES
I am tag Name@Test
I am in launchAppE:\Devendra\cdm\CDMCucumber\CDMProject\chromedriver\chromedriver.exe
  &amp#27;[32mGiven &amp#27;[0m&amp#27;[32mUser launch application in chrome browser&amp#27;[0m                                                                                             &amp#27;[90m# com.cdm.Stepdefinations.Common.user_launch_application_in_chrome_browser()&amp#27;[0m
Login started
devendar.malothu@weatherford.com
Chittu@123
  &amp#27;[32mAnd &amp#27;[0m&amp#27;[32muser enters credentials and click on login button&amp#27;[0m                                                                                       &amp#27;[90m# com.cdm.Stepdefinations.Common.user_enters_credentials_and_click_on_login_button()&amp#27;[0m
  &amp#27;[32mThen &amp#27;[0m&amp#27;[32mClick on EDGE Device module from side menu bar&amp#27;[0m                                                                                         &amp#27;[90m# com.cdm.Stepdefinations.EDGEDevicesSteps.click_on_edge_device_module_from_side_menu_bar()&amp#27;[0m
Title on Edge Device List page-->EDGE Devices
  &amp#27;[32mAnd &amp#27;[0m&amp#27;[32mAfter landing on EDGE Device List screen&amp#27;[0m                                                                                                &amp#27;[90m# com.cdm.Stepdefinations.EDGEDevicesSteps.after_landing_on_edge_device_list_screen()&amp#27;[0m
  &amp#27;[32mThen &amp#27;[0m&amp#27;[32mClick on EDGE ID search icon i.e. three dots & enter Valid inputs into search text field&amp#27;[0m                                               &amp#27;[90m# com.cdm.Stepdefinations.EDGEDevicesSteps.click_on_edge_id_search_icon_i_e_three_dots_enter_valid_inputs_into_search_text_field()&amp#27;[0m
  &amp#27;[32mThen &amp#27;[0m&amp#27;[32mAfter landing on EDGE Device List screen scroll horizontal&amp#27;[0m                                                                             &amp#27;[90m# com.cdm.Stepdefinations.EDGEDevicesSteps.after_landing_on_edge_device_list_screen_scroll_horizontal()&amp#27;[0m
  &amp#27;[32mThen &amp#27;[0m&amp#27;[32mClick on Deploy apps button on the Actions column & landed on EDGE>Application Deployment screen&amp#27;[0m                                       &amp#27;[90m# com.cdm.Stepdefinations.EDGEDevicesSteps.click_on_deploy_apps_button_on_the_actions_column_landed_on_edge_application_deployment_screen()&amp#27;[0m
  &amp#27;[32mThen &amp#27;[0m&amp#27;[32mverify application functionality for single select choice&amp#27;[0m                                                                              &amp#27;[90m# com.cdm.Stepdefinations.EDGEDevicesSteps.verify_application_functionality_for_single_select_choice()&amp#27;[0m
  &amp#27;[32mThen &amp#27;[0m&amp#27;[32mVerify deployment functionality&amp#27;[0m                                                                                                        &amp#27;[90m# com.cdm.Stepdefinations.EDGEDevicesSteps.verify_deployment_functionality()&amp#27;[0m
]]></system-out>
    <system-err><![CDATA[Feb 28, 2024 6:06:03 PM org.openqa.selenium.remote.http.WebSocket$Listener onError
WARNING: Connection reset
java.net.SocketException: Connection reset
	at java.base/sun.nio.ch.SocketChannelImpl.throwConnectionReset(SocketChannelImpl.java:401)
	at java.base/sun.nio.ch.SocketChannelImpl.read(SocketChannelImpl.java:434)
	at java.net.http/jdk.internal.net.http.SocketTube.readAvailable(SocketTube.java:1178)
	at java.net.http/jdk.internal.net.http.SocketTube$InternalReadPublisher$InternalReadSubscription.read(SocketTube.java:841)
	at java.net.http/jdk.internal.net.http.SocketTube$SocketFlowTask.run(SocketTube.java:181)
	at java.net.http/jdk.internal.net.http.common.SequentialScheduler$SchedulableTask.run(SequentialScheduler.java:207)
	at java.net.http/jdk.internal.net.http.common.SequentialScheduler.runOrSchedule(SequentialScheduler.java:280)
	at java.net.http/jdk.internal.net.http.common.SequentialScheduler.runOrSchedule(SequentialScheduler.java:233)
	at java.net.http/jdk.internal.net.http.SocketTube$InternalReadPublisher$InternalReadSubscription.signalReadable(SocketTube.java:782)
	at java.net.http/jdk.internal.net.http.SocketTube$InternalReadPublisher$ReadEvent.signalEvent(SocketTube.java:965)
	at java.net.http/jdk.internal.net.http.SocketTube$SocketFlowEvent.handle(SocketTube.java:253)
	at java.net.http/jdk.internal.net.http.HttpClientImpl$SelectorManager.handleEvent(HttpClientImpl.java:1467)
	at java.net.http/jdk.internal.net.http.HttpClientImpl$SelectorManager.lambda$run$3(HttpClientImpl.java:1412)
	at java.base/java.util.ArrayList.forEach(ArrayList.java:1596)
	at java.net.http/jdk.internal.net.http.HttpClientImpl$SelectorManager.run(HttpClientImpl.java:1412)

]]></system-err>
  </testcase>
  <testcase name="TC060_Verification of Viewing of all the steppers &amp; select the application configuration on EDGE Device Module by Super admin/Admin user &amp; Operator users" classname="EDGE Devices" time="25.571">
    <system-out><![CDATA[
@SheetEDGEDEVICES @Test
Scenario: TC060_Verification of Viewing of all the steppers & select the application configuration on EDGE Device Module by Super admin/Admin user & Operator users &amp#27;[90m# src/test/resources/Features/EDGEDevices.feature:490&amp#27;[0m
I am tag Name@SheetEDGEDEVICES
I am in SheetEDGEDEVICES
I am tag Name@Test
I am in launchAppE:\Devendra\cdm\CDMCucumber\CDMProject\chromedriver\chromedriver.exe
  &amp#27;[32mGiven &amp#27;[0m&amp#27;[32mUser launch application in chrome browser&amp#27;[0m                                                                                                                   &amp#27;[90m# com.cdm.Stepdefinations.Common.user_launch_application_in_chrome_browser()&amp#27;[0m
Login started
devendar.malothu@weatherford.com
Chittu@123
  &amp#27;[32mAnd &amp#27;[0m&amp#27;[32muser enters credentials and click on login button&amp#27;[0m                                                                                                             &amp#27;[90m# com.cdm.Stepdefinations.Common.user_enters_credentials_and_click_on_login_button()&amp#27;[0m
  &amp#27;[32mThen &amp#27;[0m&amp#27;[32mClick on EDGE Device module from side menu bar&amp#27;[0m                                                                                                               &amp#27;[90m# com.cdm.Stepdefinations.EDGEDevicesSteps.click_on_edge_device_module_from_side_menu_bar()&amp#27;[0m
Title on Edge Device List page-->EDGE Devices
  &amp#27;[32mAnd &amp#27;[0m&amp#27;[32mAfter landing on EDGE Device List screen&amp#27;[0m                                                                                                                      &amp#27;[90m# com.cdm.Stepdefinations.EDGEDevicesSteps.after_landing_on_edge_device_list_screen()&amp#27;[0m
  &amp#27;[32mThen &amp#27;[0m&amp#27;[32mClick on EDGE ID search icon i.e. three dots & enter Valid inputs into search text field&amp#27;[0m                                                                     &amp#27;[90m# com.cdm.Stepdefinations.EDGEDevicesSteps.click_on_edge_id_search_icon_i_e_three_dots_enter_valid_inputs_into_search_text_field()&amp#27;[0m
  &amp#27;[32mThen &amp#27;[0m&amp#27;[32mAfter landing on EDGE Device List screen scroll horizontal&amp#27;[0m                                                                                                   &amp#27;[90m# com.cdm.Stepdefinations.EDGEDevicesSteps.after_landing_on_edge_device_list_screen_scroll_horizontal()&amp#27;[0m
  &amp#27;[32mWhen &amp#27;[0m&amp#27;[32mClick on configuration icon button from Action column&amp#27;[0m                                                                                                        &amp#27;[90m# com.cdm.Stepdefinations.EDGEDevicesSteps.click_on_configuration_icon_button_from_action_column()&amp#27;[0m
]]></system-out>
  </testcase>
  <testcase name="TC061_Verification of select the Active Application group for  EDGE Device App configuration by Super admin/Admin &amp; Operator users" classname="EDGE Devices" time="40.235">
    <system-out><![CDATA[
@SheetEDGEDEVICES @Test
Scenario: TC061_Verification of select the Active Application group for  EDGE Device App configuration by Super admin/Admin & Operator users &amp#27;[90m# src/test/resources/Features/EDGEDevices.feature:501&amp#27;[0m
I am tag Name@SheetEDGEDEVICES
I am in SheetEDGEDEVICES
I am tag Name@Test
I am in launchAppE:\Devendra\cdm\CDMCucumber\CDMProject\chromedriver\chromedriver.exe
  &amp#27;[32mGiven &amp#27;[0m&amp#27;[32mUser launch application in chrome browser&amp#27;[0m                                                                                            &amp#27;[90m# com.cdm.Stepdefinations.Common.user_launch_application_in_chrome_browser()&amp#27;[0m
Login started
devendar.malothu@weatherford.com
Chittu@123
  &amp#27;[32mAnd &amp#27;[0m&amp#27;[32muser enters credentials and click on login button&amp#27;[0m                                                                                      &amp#27;[90m# com.cdm.Stepdefinations.Common.user_enters_credentials_and_click_on_login_button()&amp#27;[0m
  &amp#27;[32mThen &amp#27;[0m&amp#27;[32mClick on EDGE Device module from side menu bar&amp#27;[0m                                                                                        &amp#27;[90m# com.cdm.Stepdefinations.EDGEDevicesSteps.click_on_edge_device_module_from_side_menu_bar()&amp#27;[0m
Title on Edge Device List page-->EDGE Devices
  &amp#27;[32mAnd &amp#27;[0m&amp#27;[32mAfter landing on EDGE Device List screen&amp#27;[0m                                                                                               &amp#27;[90m# com.cdm.Stepdefinations.EDGEDevicesSteps.after_landing_on_edge_device_list_screen()&amp#27;[0m
  &amp#27;[32mThen &amp#27;[0m&amp#27;[32mClick on EDGE ID search icon i.e. three dots & enter Valid inputs into search text field&amp#27;[0m                                              &amp#27;[90m# com.cdm.Stepdefinations.EDGEDevicesSteps.click_on_edge_id_search_icon_i_e_three_dots_enter_valid_inputs_into_search_text_field()&amp#27;[0m
  &amp#27;[32mThen &amp#27;[0m&amp#27;[32mAfter landing on EDGE Device List screen scroll horizontal&amp#27;[0m                                                                            &amp#27;[90m# com.cdm.Stepdefinations.EDGEDevicesSteps.after_landing_on_edge_device_list_screen_scroll_horizontal()&amp#27;[0m
  &amp#27;[32mThen &amp#27;[0m&amp#27;[32mClick on configuration icon button from Action columnn&amp#27;[0m                                                                                &amp#27;[90m# com.cdm.Stepdefinations.EDGEDevicesSteps.click_on_configuration_icon_button_from_action_columnn()&amp#27;[0m
  &amp#27;[32mThen &amp#27;[0m&amp#27;[32mverify application functionality for configuration&amp#27;[0m                                                                                    &amp#27;[90m# com.cdm.Stepdefinations.EDGEDevicesSteps.verify_application_functionality_for_configuration()&amp#27;[0m
]]></system-out>
  </testcase>
  <testcase name="TC062_Verification of select the Active Single EDGE in  EDGE Device App configuration by Super admin/Admin &amp; Operator users" classname="EDGE Devices" time="41.605">
    <system-out><![CDATA[
@SheetEDGEDEVICES @Test
Scenario: TC062_Verification of select the Active Single EDGE in  EDGE Device App configuration by Super admin/Admin & Operator users &amp#27;[90m# src/test/resources/Features/EDGEDevices.feature:513&amp#27;[0m
I am tag Name@SheetEDGEDEVICES
I am in SheetEDGEDEVICES
I am tag Name@Test
I am in launchAppE:\Devendra\cdm\CDMCucumber\CDMProject\chromedriver\chromedriver.exe
  &amp#27;[32mGiven &amp#27;[0m&amp#27;[32mUser launch application in chrome browser&amp#27;[0m                                                                                     &amp#27;[90m# com.cdm.Stepdefinations.Common.user_launch_application_in_chrome_browser()&amp#27;[0m
Login started
devendar.malothu@weatherford.com
Chittu@123
  &amp#27;[32mAnd &amp#27;[0m&amp#27;[32muser enters credentials and click on login button&amp#27;[0m                                                                               &amp#27;[90m# com.cdm.Stepdefinations.Common.user_enters_credentials_and_click_on_login_button()&amp#27;[0m
  &amp#27;[32mThen &amp#27;[0m&amp#27;[32mClick on EDGE Device module from side menu bar&amp#27;[0m                                                                                 &amp#27;[90m# com.cdm.Stepdefinations.EDGEDevicesSteps.click_on_edge_device_module_from_side_menu_bar()&amp#27;[0m
  &amp#27;[32mThen &amp#27;[0m&amp#27;[32mClick on EDGE ID search icon i.e. three dots & enter Valid inputs into search text field&amp#27;[0m                                       &amp#27;[90m# com.cdm.Stepdefinations.EDGEDevicesSteps.click_on_edge_id_search_icon_i_e_three_dots_enter_valid_inputs_into_search_text_field()&amp#27;[0m
  &amp#27;[32mThen &amp#27;[0m&amp#27;[32mAfter landing on EDGE Device List screen scroll horizontal&amp#27;[0m                                                                     &amp#27;[90m# com.cdm.Stepdefinations.EDGEDevicesSteps.after_landing_on_edge_device_list_screen_scroll_horizontal()&amp#27;[0m
  &amp#27;[32mThen &amp#27;[0m&amp#27;[32mClick on deployment icon button from Action columnn&amp#27;[0m                                                                            &amp#27;[90m# com.cdm.Stepdefinations.EDGEDevicesSteps.click_on_deployment_icon_button_from_action_columnn()&amp#27;[0m
  &amp#27;[32mThen &amp#27;[0m&amp#27;[32mverify Active Single Edge&amp#27;[0m                                                                                                      &amp#27;[90m# com.cdm.Stepdefinations.EDGEDevicesSteps.verify_active_single_edge()&amp#27;[0m
]]></system-out>
    <system-err><![CDATA[Feb 28, 2024 6:07:50 PM org.openqa.selenium.remote.http.WebSocket$Listener onError
WARNING: Connection reset
java.net.SocketException: Connection reset
	at java.base/sun.nio.ch.SocketChannelImpl.throwConnectionReset(SocketChannelImpl.java:401)
	at java.base/sun.nio.ch.SocketChannelImpl.read(SocketChannelImpl.java:434)
	at java.net.http/jdk.internal.net.http.SocketTube.readAvailable(SocketTube.java:1178)
	at java.net.http/jdk.internal.net.http.SocketTube$InternalReadPublisher$InternalReadSubscription.read(SocketTube.java:841)
	at java.net.http/jdk.internal.net.http.SocketTube$SocketFlowTask.run(SocketTube.java:181)
	at java.net.http/jdk.internal.net.http.common.SequentialScheduler$SchedulableTask.run(SequentialScheduler.java:207)
	at java.net.http/jdk.internal.net.http.common.SequentialScheduler.runOrSchedule(SequentialScheduler.java:280)
	at java.net.http/jdk.internal.net.http.common.SequentialScheduler.runOrSchedule(SequentialScheduler.java:233)
	at java.net.http/jdk.internal.net.http.SocketTube$InternalReadPublisher$InternalReadSubscription.signalReadable(SocketTube.java:782)
	at java.net.http/jdk.internal.net.http.SocketTube$InternalReadPublisher$ReadEvent.signalEvent(SocketTube.java:965)
	at java.net.http/jdk.internal.net.http.SocketTube$SocketFlowEvent.handle(SocketTube.java:253)
	at java.net.http/jdk.internal.net.http.HttpClientImpl$SelectorManager.handleEvent(HttpClientImpl.java:1467)
	at java.net.http/jdk.internal.net.http.HttpClientImpl$SelectorManager.lambda$run$3(HttpClientImpl.java:1412)
	at java.base/java.util.ArrayList.forEach(ArrayList.java:1596)
	at java.net.http/jdk.internal.net.http.HttpClientImpl$SelectorManager.run(HttpClientImpl.java:1412)

]]></system-err>
  </testcase>
  <testcase name="TC063_Verification of select the Active multiple EDGE  for  EDGE Device App configuration by Super admin/Admin &amp; Operator users" classname="EDGE Devices" time="49.353">
    <system-out><![CDATA[
@SheetEDGEDEVICES @Test
Scenario: TC063_Verification of select the Active multiple EDGE  for  EDGE Device App configuration by Super admin/Admin & Operator users &amp#27;[90m# src/test/resources/Features/EDGEDevices.feature:525&amp#27;[0m
I am tag Name@SheetEDGEDEVICES
I am in SheetEDGEDEVICES
I am tag Name@Test
I am in launchAppE:\Devendra\cdm\CDMCucumber\CDMProject\chromedriver\chromedriver.exe
  &amp#27;[32mGiven &amp#27;[0m&amp#27;[32mUser launch application in chrome browser&amp#27;[0m                                                                                         &amp#27;[90m# com.cdm.Stepdefinations.Common.user_launch_application_in_chrome_browser()&amp#27;[0m
Login started
devendar.malothu@weatherford.com
Chittu@123
  &amp#27;[32mAnd &amp#27;[0m&amp#27;[32muser enters credentials and click on login button&amp#27;[0m                                                                                   &amp#27;[90m# com.cdm.Stepdefinations.Common.user_enters_credentials_and_click_on_login_button()&amp#27;[0m
  &amp#27;[32mThen &amp#27;[0m&amp#27;[32mClick on EDGE Device module from side menu bar&amp#27;[0m                                                                                     &amp#27;[90m# com.cdm.Stepdefinations.EDGEDevicesSteps.click_on_edge_device_module_from_side_menu_bar()&amp#27;[0m
  &amp#27;[32mThen &amp#27;[0m&amp#27;[32mClick on EDGE ID search icon i.e. three dots & enter Valid inputs into search text field&amp#27;[0m                                           &amp#27;[90m# com.cdm.Stepdefinations.EDGEDevicesSteps.click_on_edge_id_search_icon_i_e_three_dots_enter_valid_inputs_into_search_text_field()&amp#27;[0m
  &amp#27;[32mThen &amp#27;[0m&amp#27;[32mAfter landing on EDGE Device List screen scroll horizontal&amp#27;[0m                                                                         &amp#27;[90m# com.cdm.Stepdefinations.EDGEDevicesSteps.after_landing_on_edge_device_list_screen_scroll_horizontal()&amp#27;[0m
  &amp#27;[32mThen &amp#27;[0m&amp#27;[32mClick on deployment icon button from Action columnn&amp#27;[0m                                                                                &amp#27;[90m# com.cdm.Stepdefinations.EDGEDevicesSteps.click_on_deployment_icon_button_from_action_columnn()&amp#27;[0m
  &amp#27;[32mThen &amp#27;[0m&amp#27;[32mverify Active Single Edge&amp#27;[0m                                                                                                          &amp#27;[90m# com.cdm.Stepdefinations.EDGEDevicesSteps.verify_active_single_edge()&amp#27;[0m
  &amp#27;[32mThen &amp#27;[0m&amp#27;[32mCheck SelectAll checkbox from select column&amp#27;[0m                                                                                        &amp#27;[90m# com.cdm.Stepdefinations.EDGEDevicesSteps.check_select_all_checkbox_from_select_column()&amp#27;[0m
]]></system-out>
    <system-err><![CDATA[Feb 28, 2024 6:08:40 PM org.openqa.selenium.remote.http.WebSocket$Listener onError
WARNING: Connection reset
java.net.SocketException: Connection reset
	at java.base/sun.nio.ch.SocketChannelImpl.throwConnectionReset(SocketChannelImpl.java:401)
	at java.base/sun.nio.ch.SocketChannelImpl.read(SocketChannelImpl.java:434)
	at java.net.http/jdk.internal.net.http.SocketTube.readAvailable(SocketTube.java:1178)
	at java.net.http/jdk.internal.net.http.SocketTube$InternalReadPublisher$InternalReadSubscription.read(SocketTube.java:841)
	at java.net.http/jdk.internal.net.http.SocketTube$SocketFlowTask.run(SocketTube.java:181)
	at java.net.http/jdk.internal.net.http.common.SequentialScheduler$SchedulableTask.run(SequentialScheduler.java:207)
	at java.net.http/jdk.internal.net.http.common.SequentialScheduler.runOrSchedule(SequentialScheduler.java:280)
	at java.net.http/jdk.internal.net.http.common.SequentialScheduler.runOrSchedule(SequentialScheduler.java:233)
	at java.net.http/jdk.internal.net.http.SocketTube$InternalReadPublisher$InternalReadSubscription.signalReadable(SocketTube.java:782)
	at java.net.http/jdk.internal.net.http.SocketTube$InternalReadPublisher$ReadEvent.signalEvent(SocketTube.java:965)
	at java.net.http/jdk.internal.net.http.SocketTube$SocketFlowEvent.handle(SocketTube.java:253)
	at java.net.http/jdk.internal.net.http.HttpClientImpl$SelectorManager.handleEvent(HttpClientImpl.java:1467)
	at java.net.http/jdk.internal.net.http.HttpClientImpl$SelectorManager.lambda$run$3(HttpClientImpl.java:1412)
	at java.base/java.util.ArrayList.forEach(ArrayList.java:1596)
	at java.net.http/jdk.internal.net.http.HttpClientImpl$SelectorManager.run(HttpClientImpl.java:1412)

]]></system-err>
  </testcase>
  <testcase name="TC064_Verification of select the Active Single Application in  EDGE Device App configuration by Super admin/Admin &amp; Operator users" classname="EDGE Devices" time="52.786">
    <system-out><![CDATA[
@SheetEDGEDEVICES @Test
Scenario: TC064_Verification of select the Active Single Application in  EDGE Device App configuration by Super admin/Admin & Operator users &amp#27;[90m# src/test/resources/Features/EDGEDevices.feature:537&amp#27;[0m
I am tag Name@SheetEDGEDEVICES
I am in SheetEDGEDEVICES
I am tag Name@Test
I am in launchAppE:\Devendra\cdm\CDMCucumber\CDMProject\chromedriver\chromedriver.exe
  &amp#27;[32mGiven &amp#27;[0m&amp#27;[32mUser launch application in chrome browser&amp#27;[0m                                                                                            &amp#27;[90m# com.cdm.Stepdefinations.Common.user_launch_application_in_chrome_browser()&amp#27;[0m
Login started
devendar.malothu@weatherford.com
Chittu@123
  &amp#27;[32mAnd &amp#27;[0m&amp#27;[32muser enters credentials and click on login button&amp#27;[0m                                                                                      &amp#27;[90m# com.cdm.Stepdefinations.Common.user_enters_credentials_and_click_on_login_button()&amp#27;[0m
  &amp#27;[32mThen &amp#27;[0m&amp#27;[32mClick on EDGE Device module from side menu bar&amp#27;[0m                                                                                        &amp#27;[90m# com.cdm.Stepdefinations.EDGEDevicesSteps.click_on_edge_device_module_from_side_menu_bar()&amp#27;[0m
  &amp#27;[32mThen &amp#27;[0m&amp#27;[32mClick on EDGE ID search icon i.e. three dots & enter Valid inputs into search text field&amp#27;[0m                                              &amp#27;[90m# com.cdm.Stepdefinations.EDGEDevicesSteps.click_on_edge_id_search_icon_i_e_three_dots_enter_valid_inputs_into_search_text_field()&amp#27;[0m
  &amp#27;[32mThen &amp#27;[0m&amp#27;[32mAfter landing on EDGE Device List screen scroll horizontal&amp#27;[0m                                                                            &amp#27;[90m# com.cdm.Stepdefinations.EDGEDevicesSteps.after_landing_on_edge_device_list_screen_scroll_horizontal()&amp#27;[0m
  &amp#27;[32mThen &amp#27;[0m&amp#27;[32mClick on deployment icon button from Action columnn&amp#27;[0m                                                                                   &amp#27;[90m# com.cdm.Stepdefinations.EDGEDevicesSteps.click_on_deployment_icon_button_from_action_columnn()&amp#27;[0m
  &amp#27;[32mThen &amp#27;[0m&amp#27;[32mverify Active Single Edge&amp#27;[0m                                                                                                             &amp#27;[90m# com.cdm.Stepdefinations.EDGEDevicesSteps.verify_active_single_edge()&amp#27;[0m
]]></system-out>
    <system-err><![CDATA[Feb 28, 2024 6:09:32 PM org.openqa.selenium.remote.http.WebSocket$Listener onError
WARNING: Connection reset
java.net.SocketException: Connection reset
	at java.base/sun.nio.ch.SocketChannelImpl.throwConnectionReset(SocketChannelImpl.java:401)
	at java.base/sun.nio.ch.SocketChannelImpl.read(SocketChannelImpl.java:434)
	at java.net.http/jdk.internal.net.http.SocketTube.readAvailable(SocketTube.java:1178)
	at java.net.http/jdk.internal.net.http.SocketTube$InternalReadPublisher$InternalReadSubscription.read(SocketTube.java:841)
	at java.net.http/jdk.internal.net.http.SocketTube$SocketFlowTask.run(SocketTube.java:181)
	at java.net.http/jdk.internal.net.http.common.SequentialScheduler$SchedulableTask.run(SequentialScheduler.java:207)
	at java.net.http/jdk.internal.net.http.common.SequentialScheduler.runOrSchedule(SequentialScheduler.java:280)
	at java.net.http/jdk.internal.net.http.common.SequentialScheduler.runOrSchedule(SequentialScheduler.java:233)
	at java.net.http/jdk.internal.net.http.SocketTube$InternalReadPublisher$InternalReadSubscription.signalReadable(SocketTube.java:782)
	at java.net.http/jdk.internal.net.http.SocketTube$InternalReadPublisher$ReadEvent.signalEvent(SocketTube.java:965)
	at java.net.http/jdk.internal.net.http.SocketTube$SocketFlowEvent.handle(SocketTube.java:253)
	at java.net.http/jdk.internal.net.http.HttpClientImpl$SelectorManager.handleEvent(HttpClientImpl.java:1467)
	at java.net.http/jdk.internal.net.http.HttpClientImpl$SelectorManager.lambda$run$3(HttpClientImpl.java:1412)
	at java.base/java.util.ArrayList.forEach(ArrayList.java:1596)
	at java.net.http/jdk.internal.net.http.HttpClientImpl$SelectorManager.run(HttpClientImpl.java:1412)

]]></system-err>
  </testcase>
  <testcase name="TC65_Verification of user not select the undeployed Application in  EDGE Device App configuration by Super admin/Admin &amp; Operator users" classname="EDGE Devices" time="18.271">
    <system-out><![CDATA[
@SheetEDGEDEVICES @Test
Scenario: TC65_Verification of user not select the undeployed Application in  EDGE Device App configuration by Super admin/Admin & Operator users &amp#27;[90m# src/test/resources/Features/EDGEDevices.feature:549&amp#27;[0m
I am tag Name@SheetEDGEDEVICES
I am in SheetEDGEDEVICES
I am tag Name@Test
I am in launchAppE:\Devendra\cdm\CDMCucumber\CDMProject\chromedriver\chromedriver.exe
  &amp#27;[32mGiven &amp#27;[0m&amp#27;[32mUser launch application in chrome browser&amp#27;[0m                                                                                                 &amp#27;[90m# com.cdm.Stepdefinations.Common.user_launch_application_in_chrome_browser()&amp#27;[0m
Login started
devendar.malothu@weatherford.com
Chittu@123
  &amp#27;[32mAnd &amp#27;[0m&amp#27;[32muser enters credentials and click on login button&amp#27;[0m                                                                                           &amp#27;[90m# com.cdm.Stepdefinations.Common.user_enters_credentials_and_click_on_login_button()&amp#27;[0m
  &amp#27;[32mThen &amp#27;[0m&amp#27;[32mClick on EDGE Device module from side menu bar&amp#27;[0m                                                                                             &amp#27;[90m# com.cdm.Stepdefinations.EDGEDevicesSteps.click_on_edge_device_module_from_side_menu_bar()&amp#27;[0m
Title on Edge Device List page-->EDGE Devices
  &amp#27;[32mAnd &amp#27;[0m&amp#27;[32mAfter landing on EDGE Device List screen&amp#27;[0m                                                                                                    &amp#27;[90m# com.cdm.Stepdefinations.EDGEDevicesSteps.after_landing_on_edge_device_list_screen()&amp#27;[0m
]]></system-out>
    <system-err><![CDATA[Feb 28, 2024 6:09:51 PM org.openqa.selenium.remote.http.WebSocket$Listener onError
WARNING: Connection reset
java.net.SocketException: Connection reset
	at java.base/sun.nio.ch.SocketChannelImpl.throwConnectionReset(SocketChannelImpl.java:401)
	at java.base/sun.nio.ch.SocketChannelImpl.read(SocketChannelImpl.java:434)
	at java.net.http/jdk.internal.net.http.SocketTube.readAvailable(SocketTube.java:1178)
	at java.net.http/jdk.internal.net.http.SocketTube$InternalReadPublisher$InternalReadSubscription.read(SocketTube.java:841)
	at java.net.http/jdk.internal.net.http.SocketTube$SocketFlowTask.run(SocketTube.java:181)
	at java.net.http/jdk.internal.net.http.common.SequentialScheduler$SchedulableTask.run(SequentialScheduler.java:207)
	at java.net.http/jdk.internal.net.http.common.SequentialScheduler.runOrSchedule(SequentialScheduler.java:280)
	at java.net.http/jdk.internal.net.http.common.SequentialScheduler.runOrSchedule(SequentialScheduler.java:233)
	at java.net.http/jdk.internal.net.http.SocketTube$InternalReadPublisher$InternalReadSubscription.signalReadable(SocketTube.java:782)
	at java.net.http/jdk.internal.net.http.SocketTube$InternalReadPublisher$ReadEvent.signalEvent(SocketTube.java:965)
	at java.net.http/jdk.internal.net.http.SocketTube$SocketFlowEvent.handle(SocketTube.java:253)
	at java.net.http/jdk.internal.net.http.HttpClientImpl$SelectorManager.handleEvent(HttpClientImpl.java:1467)
	at java.net.http/jdk.internal.net.http.HttpClientImpl$SelectorManager.lambda$run$3(HttpClientImpl.java:1412)
	at java.base/java.util.ArrayList.forEach(ArrayList.java:1596)
	at java.net.http/jdk.internal.net.http.HttpClientImpl$SelectorManager.run(HttpClientImpl.java:1412)

]]></system-err>
  </testcase>
  <testcase name="TC66_Verification of select the application configuration in  EDGE Device App configuration by Super admin/Admin &amp; Operator users" classname="EDGE Devices" time="36.744">
    <system-out><![CDATA[
@SheetEDGEDEVICES @Test
Scenario: TC66_Verification of select the application configuration in  EDGE Device App configuration by Super admin/Admin & Operator users &amp#27;[90m# src/test/resources/Features/EDGEDevices.feature:556&amp#27;[0m
I am tag Name@SheetEDGEDEVICES
I am in SheetEDGEDEVICES
I am tag Name@Test
I am in launchAppE:\Devendra\cdm\CDMCucumber\CDMProject\chromedriver\chromedriver.exe
  &amp#27;[32mGiven &amp#27;[0m&amp#27;[32mUser launch application in chrome browser&amp#27;[0m                                                                                           &amp#27;[90m# com.cdm.Stepdefinations.Common.user_launch_application_in_chrome_browser()&amp#27;[0m
Login started
devendar.malothu@weatherford.com
Chittu@123
  &amp#27;[32mAnd &amp#27;[0m&amp#27;[32muser enters credentials and click on login button&amp#27;[0m                                                                                     &amp#27;[90m# com.cdm.Stepdefinations.Common.user_enters_credentials_and_click_on_login_button()&amp#27;[0m
  &amp#27;[32mThen &amp#27;[0m&amp#27;[32mClick on EDGE Device module from side menu bar&amp#27;[0m                                                                                       &amp#27;[90m# com.cdm.Stepdefinations.EDGEDevicesSteps.click_on_edge_device_module_from_side_menu_bar()&amp#27;[0m
  &amp#27;[32mThen &amp#27;[0m&amp#27;[32mClick on EDGE ID search icon i.e. three dots & enter Valid inputs into search text field&amp#27;[0m                                             &amp#27;[90m# com.cdm.Stepdefinations.EDGEDevicesSteps.click_on_edge_id_search_icon_i_e_three_dots_enter_valid_inputs_into_search_text_field()&amp#27;[0m
  &amp#27;[32mThen &amp#27;[0m&amp#27;[32mAfter landing on EDGE Device List screen scroll horizontal&amp#27;[0m                                                                           &amp#27;[90m# com.cdm.Stepdefinations.EDGEDevicesSteps.after_landing_on_edge_device_list_screen_scroll_horizontal()&amp#27;[0m
  &amp#27;[32mThen &amp#27;[0m&amp#27;[32mClick on deployment icon button from Action columnn&amp#27;[0m                                                                                  &amp#27;[90m# com.cdm.Stepdefinations.EDGEDevicesSteps.click_on_deployment_icon_button_from_action_columnn()&amp#27;[0m
  &amp#27;[32mThen &amp#27;[0m&amp#27;[32mverify Active Single Edge&amp#27;[0m                                                                                                            &amp#27;[90m# com.cdm.Stepdefinations.EDGEDevicesSteps.verify_active_single_edge()&amp#27;[0m
]]></system-out>
    <system-err><![CDATA[Feb 28, 2024 6:10:27 PM org.openqa.selenium.remote.http.WebSocket$Listener onError
WARNING: Connection reset
java.net.SocketException: Connection reset
	at java.base/sun.nio.ch.SocketChannelImpl.throwConnectionReset(SocketChannelImpl.java:401)
	at java.base/sun.nio.ch.SocketChannelImpl.read(SocketChannelImpl.java:434)
	at java.net.http/jdk.internal.net.http.SocketTube.readAvailable(SocketTube.java:1178)
	at java.net.http/jdk.internal.net.http.SocketTube$InternalReadPublisher$InternalReadSubscription.read(SocketTube.java:841)
	at java.net.http/jdk.internal.net.http.SocketTube$SocketFlowTask.run(SocketTube.java:181)
	at java.net.http/jdk.internal.net.http.common.SequentialScheduler$SchedulableTask.run(SequentialScheduler.java:207)
	at java.net.http/jdk.internal.net.http.common.SequentialScheduler.runOrSchedule(SequentialScheduler.java:280)
	at java.net.http/jdk.internal.net.http.common.SequentialScheduler.runOrSchedule(SequentialScheduler.java:233)
	at java.net.http/jdk.internal.net.http.SocketTube$InternalReadPublisher$InternalReadSubscription.signalReadable(SocketTube.java:782)
	at java.net.http/jdk.internal.net.http.SocketTube$InternalReadPublisher$ReadEvent.signalEvent(SocketTube.java:965)
	at java.net.http/jdk.internal.net.http.SocketTube$SocketFlowEvent.handle(SocketTube.java:253)
	at java.net.http/jdk.internal.net.http.HttpClientImpl$SelectorManager.handleEvent(HttpClientImpl.java:1467)
	at java.net.http/jdk.internal.net.http.HttpClientImpl$SelectorManager.lambda$run$3(HttpClientImpl.java:1412)
	at java.base/java.util.ArrayList.forEach(ArrayList.java:1596)
	at java.net.http/jdk.internal.net.http.HttpClientImpl$SelectorManager.run(HttpClientImpl.java:1412)

]]></system-err>
  </testcase>
  <testcase name="TC067_Verification of creation of new configuration in  EDGE Device App configuration by Super admin/Admin &amp; Operator users" classname="EDGE Devices" time="39.601">
    <system-out><![CDATA[
@SheetEDGEDEVICES @Test
Scenario: TC067_Verification of creation of new configuration in  EDGE Device App configuration by Super admin/Admin & Operator users &amp#27;[90m# src/test/resources/Features/EDGEDevices.feature:567&amp#27;[0m
I am tag Name@SheetEDGEDEVICES
I am in SheetEDGEDEVICES
I am tag Name@Test
I am in launchAppE:\Devendra\cdm\CDMCucumber\CDMProject\chromedriver\chromedriver.exe
  &amp#27;[32mGiven &amp#27;[0m&amp#27;[32mUser launch application in chrome browser&amp#27;[0m                                                                                     &amp#27;[90m# com.cdm.Stepdefinations.Common.user_launch_application_in_chrome_browser()&amp#27;[0m
Login started
devendar.malothu@weatherford.com
Chittu@123
  &amp#27;[32mAnd &amp#27;[0m&amp#27;[32muser enters credentials and click on login button&amp#27;[0m                                                                               &amp#27;[90m# com.cdm.Stepdefinations.Common.user_enters_credentials_and_click_on_login_button()&amp#27;[0m
  &amp#27;[32mThen &amp#27;[0m&amp#27;[32mClick on EDGE Device module from side menu bar&amp#27;[0m                                                                                 &amp#27;[90m# com.cdm.Stepdefinations.EDGEDevicesSteps.click_on_edge_device_module_from_side_menu_bar()&amp#27;[0m
Title on Edge Device List page-->EDGE Devices
  &amp#27;[32mAnd &amp#27;[0m&amp#27;[32mAfter landing on EDGE Device List screen&amp#27;[0m                                                                                        &amp#27;[90m# com.cdm.Stepdefinations.EDGEDevicesSteps.after_landing_on_edge_device_list_screen()&amp#27;[0m
  &amp#27;[32mThen &amp#27;[0m&amp#27;[32mClick on EDGE ID search icon i.e. three dots & enter Valid inputs into search text field&amp#27;[0m                                       &amp#27;[90m# com.cdm.Stepdefinations.EDGEDevicesSteps.click_on_edge_id_search_icon_i_e_three_dots_enter_valid_inputs_into_search_text_field()&amp#27;[0m
  &amp#27;[32mThen &amp#27;[0m&amp#27;[32mAfter landing on EDGE Device List screen scroll horizontal&amp#27;[0m                                                                     &amp#27;[90m# com.cdm.Stepdefinations.EDGEDevicesSteps.after_landing_on_edge_device_list_screen_scroll_horizontal()&amp#27;[0m
  &amp#27;[32mThen &amp#27;[0m&amp#27;[32mClick on configuration icon button from Action columnn&amp#27;[0m                                                                         &amp#27;[90m# com.cdm.Stepdefinations.EDGEDevicesSteps.click_on_configuration_icon_button_from_action_columnn()&amp#27;[0m
  &amp#27;[32mThen &amp#27;[0m&amp#27;[32mverify application functionality for configuration&amp#27;[0m                                                                             &amp#27;[90m# com.cdm.Stepdefinations.EDGEDevicesSteps.verify_application_functionality_for_configuration()&amp#27;[0m
  &amp#27;[32mThen &amp#27;[0m&amp#27;[32mclick on add icon to add configuration&amp#27;[0m                                                                                         &amp#27;[90m# com.cdm.Stepdefinations.EDGEDevicesSteps.click_on_add_icon_to_add_configuration()&amp#27;[0m
]]></system-out>
  </testcase>
  <testcase name="TC068_Verification of user cannot deploy the configuration without confirmation  in  EDGE Device App configuration by Super admin/Admin &amp; Operator users" classname="EDGE Devices" time="67.32">
    <system-out><![CDATA[
@SheetEDGEDEVICES @Test
Scenario: TC068_Verification of user cannot deploy the configuration without confirmation  in  EDGE Device App configuration by Super admin/Admin & Operator users &amp#27;[90m# src/test/resources/Features/EDGEDevices.feature:579&amp#27;[0m
I am tag Name@SheetEDGEDEVICES
I am in SheetEDGEDEVICES
I am tag Name@Test
I am in launchAppE:\Devendra\cdm\CDMCucumber\CDMProject\chromedriver\chromedriver.exe
  &amp#27;[32mGiven &amp#27;[0m&amp#27;[32mUser launch application in chrome browser&amp#27;[0m                                                                                                                  &amp#27;[90m# com.cdm.Stepdefinations.Common.user_launch_application_in_chrome_browser()&amp#27;[0m
Login started
devendar.malothu@weatherford.com
Chittu@123
  &amp#27;[32mAnd &amp#27;[0m&amp#27;[32muser enters credentials and click on login button&amp#27;[0m                                                                                                            &amp#27;[90m# com.cdm.Stepdefinations.Common.user_enters_credentials_and_click_on_login_button()&amp#27;[0m
  &amp#27;[32mThen &amp#27;[0m&amp#27;[32mClick on EDGE Device module from side menu bar&amp#27;[0m                                                                                                              &amp#27;[90m# com.cdm.Stepdefinations.EDGEDevicesSteps.click_on_edge_device_module_from_side_menu_bar()&amp#27;[0m
Title on Edge Device List page-->EDGE Devices
  &amp#27;[32mAnd &amp#27;[0m&amp#27;[32mAfter landing on EDGE Device List screen&amp#27;[0m                                                                                                                     &amp#27;[90m# com.cdm.Stepdefinations.EDGEDevicesSteps.after_landing_on_edge_device_list_screen()&amp#27;[0m
  &amp#27;[32mThen &amp#27;[0m&amp#27;[32mClick on EDGE ID search icon i.e. three dots & enter Valid inputs into search text field&amp#27;[0m                                                                    &amp#27;[90m# com.cdm.Stepdefinations.EDGEDevicesSteps.click_on_edge_id_search_icon_i_e_three_dots_enter_valid_inputs_into_search_text_field()&amp#27;[0m
  &amp#27;[32mThen &amp#27;[0m&amp#27;[32mAfter landing on EDGE Device List screen scroll horizontal&amp#27;[0m                                                                                                  &amp#27;[90m# com.cdm.Stepdefinations.EDGEDevicesSteps.after_landing_on_edge_device_list_screen_scroll_horizontal()&amp#27;[0m
  &amp#27;[32mThen &amp#27;[0m&amp#27;[32mClick on Deploy apps button on the Actions column & landed on EDGE>Application Deployment screen&amp#27;[0m                                                            &amp#27;[90m# com.cdm.Stepdefinations.EDGEDevicesSteps.click_on_deploy_apps_button_on_the_actions_column_landed_on_edge_application_deployment_screen()&amp#27;[0m
  &amp#27;[32mThen &amp#27;[0m&amp#27;[32mverify application functionality for single select&amp#27;[0m                                                                                                          &amp#27;[90m# com.cdm.Stepdefinations.EDGEDevicesSteps.verify_application_functionality_for_single_select()&amp#27;[0m
  &amp#27;[32mThen &amp#27;[0m&amp#27;[32mverify deploy button should be in inactive mode and become active when user click on Confirm button&amp#27;[0m                                                         &amp#27;[90m# com.cdm.Stepdefinations.EDGEDevicesSteps.verify_deploy_button_should_be_in_inactive_mode_and_become_active_when_user_click_on_confirm_button()&amp#27;[0m
]]></system-out>
    <system-err><![CDATA[Feb 28, 2024 6:12:14 PM org.openqa.selenium.remote.http.WebSocket$Listener onError
WARNING: Connection reset
java.net.SocketException: Connection reset
	at java.base/sun.nio.ch.SocketChannelImpl.throwConnectionReset(SocketChannelImpl.java:401)
	at java.base/sun.nio.ch.SocketChannelImpl.read(SocketChannelImpl.java:434)
	at java.net.http/jdk.internal.net.http.SocketTube.readAvailable(SocketTube.java:1178)
	at java.net.http/jdk.internal.net.http.SocketTube$InternalReadPublisher$InternalReadSubscription.read(SocketTube.java:841)
	at java.net.http/jdk.internal.net.http.SocketTube$SocketFlowTask.run(SocketTube.java:181)
	at java.net.http/jdk.internal.net.http.common.SequentialScheduler$SchedulableTask.run(SequentialScheduler.java:207)
	at java.net.http/jdk.internal.net.http.common.SequentialScheduler.runOrSchedule(SequentialScheduler.java:280)
	at java.net.http/jdk.internal.net.http.common.SequentialScheduler.runOrSchedule(SequentialScheduler.java:233)
	at java.net.http/jdk.internal.net.http.SocketTube$InternalReadPublisher$InternalReadSubscription.signalReadable(SocketTube.java:782)
	at java.net.http/jdk.internal.net.http.SocketTube$InternalReadPublisher$ReadEvent.signalEvent(SocketTube.java:965)
	at java.net.http/jdk.internal.net.http.SocketTube$SocketFlowEvent.handle(SocketTube.java:253)
	at java.net.http/jdk.internal.net.http.HttpClientImpl$SelectorManager.handleEvent(HttpClientImpl.java:1467)
	at java.net.http/jdk.internal.net.http.HttpClientImpl$SelectorManager.lambda$run$3(HttpClientImpl.java:1412)
	at java.base/java.util.ArrayList.forEach(ArrayList.java:1596)
	at java.net.http/jdk.internal.net.http.HttpClientImpl$SelectorManager.run(HttpClientImpl.java:1412)

]]></system-err>
  </testcase>
  <testcase name="TC069_Verification of all deployed configuration are available in configuration list in  EDGE Device App configuration by Super admin/Admin &amp; Operator users" classname="EDGE Devices" time="66.019">
    <system-out><![CDATA[
@SheetEDGEDEVICES @Test
Scenario: TC069_Verification of all deployed configuration are available in configuration list in  EDGE Device App configuration by Super admin/Admin & Operator users &amp#27;[90m# src/test/resources/Features/EDGEDevices.feature:591&amp#27;[0m
I am tag Name@SheetEDGEDEVICES
I am in SheetEDGEDEVICES
I am tag Name@Test
I am in launchAppE:\Devendra\cdm\CDMCucumber\CDMProject\chromedriver\chromedriver.exe
  &amp#27;[32mGiven &amp#27;[0m&amp#27;[32mUser launch application in chrome browser&amp#27;[0m                                                                                                                      &amp#27;[90m# com.cdm.Stepdefinations.Common.user_launch_application_in_chrome_browser()&amp#27;[0m
Login started
devendar.malothu@weatherford.com
Chittu@123
  &amp#27;[32mAnd &amp#27;[0m&amp#27;[32muser enters credentials and click on login button&amp#27;[0m                                                                                                                &amp#27;[90m# com.cdm.Stepdefinations.Common.user_enters_credentials_and_click_on_login_button()&amp#27;[0m
  &amp#27;[32mThen &amp#27;[0m&amp#27;[32mClick on EDGE Device module from side menu bar&amp#27;[0m                                                                                                                  &amp#27;[90m# com.cdm.Stepdefinations.EDGEDevicesSteps.click_on_edge_device_module_from_side_menu_bar()&amp#27;[0m
Title on Edge Device List page-->EDGE Devices
  &amp#27;[32mAnd &amp#27;[0m&amp#27;[32mAfter landing on EDGE Device List screen&amp#27;[0m                                                                                                                         &amp#27;[90m# com.cdm.Stepdefinations.EDGEDevicesSteps.after_landing_on_edge_device_list_screen()&amp#27;[0m
  &amp#27;[32mThen &amp#27;[0m&amp#27;[32mClick on EDGE ID search icon i.e. three dots & enter Valid inputs into search text field&amp#27;[0m                                                                        &amp#27;[90m# com.cdm.Stepdefinations.EDGEDevicesSteps.click_on_edge_id_search_icon_i_e_three_dots_enter_valid_inputs_into_search_text_field()&amp#27;[0m
  &amp#27;[32mThen &amp#27;[0m&amp#27;[32mAfter landing on EDGE Device List screen scroll horizontal&amp#27;[0m                                                                                                      &amp#27;[90m# com.cdm.Stepdefinations.EDGEDevicesSteps.after_landing_on_edge_device_list_screen_scroll_horizontal()&amp#27;[0m
  &amp#27;[32mThen &amp#27;[0m&amp#27;[32mClick on Deploy apps button on the Actions column & landed on EDGE>Application Deployment screen&amp#27;[0m                                                                &amp#27;[90m# com.cdm.Stepdefinations.EDGEDevicesSteps.click_on_deploy_apps_button_on_the_actions_column_landed_on_edge_application_deployment_screen()&amp#27;[0m
  &amp#27;[32mThen &amp#27;[0m&amp#27;[32mverify application functionality for single select&amp#27;[0m                                                                                                              &amp#27;[90m# com.cdm.Stepdefinations.EDGEDevicesSteps.verify_application_functionality_for_single_select()&amp#27;[0m
  &amp#27;[32mThen &amp#27;[0m&amp#27;[32mVerify deployment functionality&amp#27;[0m                                                                                                                                 &amp#27;[90m# com.cdm.Stepdefinations.EDGEDevicesSteps.verify_deployment_functionality()&amp#27;[0m
  &amp#27;[32mThen &amp#27;[0m&amp#27;[32mClick on Configurations module from left navigation bar&amp#27;[0m                                                                                                         &amp#27;[90m# com.cdm.Stepdefinations.EDGEDevicesSteps.click_on_configurations_module_from_left_navigation_bar()&amp#27;[0m
]]></system-out>
    <system-err><![CDATA[Feb 28, 2024 6:13:20 PM org.openqa.selenium.remote.http.WebSocket$Listener onError
WARNING: Connection reset
java.net.SocketException: Connection reset
	at java.base/sun.nio.ch.SocketChannelImpl.throwConnectionReset(SocketChannelImpl.java:401)
	at java.base/sun.nio.ch.SocketChannelImpl.read(SocketChannelImpl.java:434)
	at java.net.http/jdk.internal.net.http.SocketTube.readAvailable(SocketTube.java:1178)
	at java.net.http/jdk.internal.net.http.SocketTube$InternalReadPublisher$InternalReadSubscription.read(SocketTube.java:841)
	at java.net.http/jdk.internal.net.http.SocketTube$SocketFlowTask.run(SocketTube.java:181)
	at java.net.http/jdk.internal.net.http.common.SequentialScheduler$SchedulableTask.run(SequentialScheduler.java:207)
	at java.net.http/jdk.internal.net.http.common.SequentialScheduler.runOrSchedule(SequentialScheduler.java:280)
	at java.net.http/jdk.internal.net.http.common.SequentialScheduler.runOrSchedule(SequentialScheduler.java:233)
	at java.net.http/jdk.internal.net.http.SocketTube$InternalReadPublisher$InternalReadSubscription.signalReadable(SocketTube.java:782)
	at java.net.http/jdk.internal.net.http.SocketTube$InternalReadPublisher$ReadEvent.signalEvent(SocketTube.java:965)
	at java.net.http/jdk.internal.net.http.SocketTube$SocketFlowEvent.handle(SocketTube.java:253)
	at java.net.http/jdk.internal.net.http.HttpClientImpl$SelectorManager.handleEvent(HttpClientImpl.java:1467)
	at java.net.http/jdk.internal.net.http.HttpClientImpl$SelectorManager.lambda$run$3(HttpClientImpl.java:1412)
	at java.base/java.util.ArrayList.forEach(ArrayList.java:1596)
	at java.net.http/jdk.internal.net.http.HttpClientImpl$SelectorManager.run(HttpClientImpl.java:1412)

]]></system-err>
  </testcase>
  <testcase name="TC070_To verify that user is able to map well which is searched using Well Name" classname="EDGE Devices" time="36.102">
    <system-out><![CDATA[
@SheetEDGEDEVICES @Test
Scenario: TC070_To verify that user is able to map well which is searched using Well Name       &amp#27;[90m# src/test/resources/Features/EDGEDevices.feature:606&amp#27;[0m
I am tag Name@SheetEDGEDEVICES
I am in SheetEDGEDEVICES
I am tag Name@Test
I am in launchAppE:\Devendra\cdm\CDMCucumber\CDMProject\chromedriver\chromedriver.exe
  &amp#27;[32mGiven &amp#27;[0m&amp#27;[32mUser launch application in chrome browser&amp#27;[0m                                               &amp#27;[90m# com.cdm.Stepdefinations.Common.user_launch_application_in_chrome_browser()&amp#27;[0m
Login started
devendar.malothu@weatherford.com
Chittu@123
  &amp#27;[32mAnd &amp#27;[0m&amp#27;[32muser enters credentials and click on login button&amp#27;[0m                                         &amp#27;[90m# com.cdm.Stepdefinations.Common.user_enters_credentials_and_click_on_login_button()&amp#27;[0m
  &amp#27;[32mThen &amp#27;[0m&amp#27;[32mClick on EDGE Device module from side menu bar&amp#27;[0m                                           &amp#27;[90m# com.cdm.Stepdefinations.EDGEDevicesSteps.click_on_edge_device_module_from_side_menu_bar()&amp#27;[0m
  &amp#27;[32mThen &amp#27;[0m&amp#27;[32mClick on EDGE ID search icon i.e. three dots & enter Valid inputs into search text field&amp#27;[0m &amp#27;[90m# com.cdm.Stepdefinations.EDGEDevicesSteps.click_on_edge_id_search_icon_i_e_three_dots_enter_valid_inputs_into_search_text_field()&amp#27;[0m
  &amp#27;[32mThen &amp#27;[0m&amp#27;[32mAfter landing on EDGE Device List screen scroll horizontal and Click on EDIT icon button&amp#27;[0m &amp#27;[90m# com.cdm.Stepdefinations.EDGEDevicesSteps.after_landing_on_edge_device_list_screen_scroll_horizontal_and_click_on_edit_icon_button()&amp#27;[0m
  &amp#27;[32mThen &amp#27;[0m&amp#27;[32mClick on Well mapping tab module&amp#27;[0m                                                         &amp#27;[90m# com.cdm.Stepdefinations.EDGEDevicesSteps.click_on_well_mapping_tab_module()&amp#27;[0m
  &amp#27;[32mThen &amp#27;[0m&amp#27;[32mClick on the three dots of well and search for Well Name&amp#27;[0m                                 &amp#27;[90m# com.cdm.Stepdefinations.EDGEDevicesSteps.click_on_the_three_dots_of_well_and_search_for_well_name()&amp#27;[0m
  &amp#27;[32mThen &amp#27;[0m&amp#27;[32mEnter the value for Well name&amp#27;[0m                                                            &amp#27;[90m# com.cdm.Stepdefinations.EDGEDevicesSteps.enter_the_value_for_well_name()&amp#27;[0m
]]></system-out>
  </testcase>
  <testcase name="TC071_To verify that user is able to map well which is searched using IP Address" classname="EDGE Devices" time="36.19">
    <system-out><![CDATA[
@SheetEDGEDEVICES @Test
Scenario: TC071_To verify that user is able to map well which is searched using IP Address      &amp#27;[90m# src/test/resources/Features/EDGEDevices.feature:618&amp#27;[0m
I am tag Name@SheetEDGEDEVICES
I am in SheetEDGEDEVICES
I am tag Name@Test
I am in launchAppE:\Devendra\cdm\CDMCucumber\CDMProject\chromedriver\chromedriver.exe
  &amp#27;[32mGiven &amp#27;[0m&amp#27;[32mUser launch application in chrome browser&amp#27;[0m                                               &amp#27;[90m# com.cdm.Stepdefinations.Common.user_launch_application_in_chrome_browser()&amp#27;[0m
Login started
devendar.malothu@weatherford.com
Chittu@123
  &amp#27;[32mAnd &amp#27;[0m&amp#27;[32muser enters credentials and click on login button&amp#27;[0m                                         &amp#27;[90m# com.cdm.Stepdefinations.Common.user_enters_credentials_and_click_on_login_button()&amp#27;[0m
  &amp#27;[32mThen &amp#27;[0m&amp#27;[32mClick on EDGE Device module from side menu bar&amp#27;[0m                                           &amp#27;[90m# com.cdm.Stepdefinations.EDGEDevicesSteps.click_on_edge_device_module_from_side_menu_bar()&amp#27;[0m
  &amp#27;[32mThen &amp#27;[0m&amp#27;[32mClick on EDGE ID search icon i.e. three dots & enter Valid inputs into search text field&amp#27;[0m &amp#27;[90m# com.cdm.Stepdefinations.EDGEDevicesSteps.click_on_edge_id_search_icon_i_e_three_dots_enter_valid_inputs_into_search_text_field()&amp#27;[0m
  &amp#27;[32mThen &amp#27;[0m&amp#27;[32mAfter landing on EDGE Device List screen scroll horizontal and Click on EDIT icon button&amp#27;[0m &amp#27;[90m# com.cdm.Stepdefinations.EDGEDevicesSteps.after_landing_on_edge_device_list_screen_scroll_horizontal_and_click_on_edit_icon_button()&amp#27;[0m
  &amp#27;[32mThen &amp#27;[0m&amp#27;[32mClick on Well mapping tab module&amp#27;[0m                                                         &amp#27;[90m# com.cdm.Stepdefinations.EDGEDevicesSteps.click_on_well_mapping_tab_module()&amp#27;[0m
  &amp#27;[32mThen &amp#27;[0m&amp#27;[32mClick on the three dots of IPAddress and search for IPAddress&amp#27;[0m                            &amp#27;[90m# com.cdm.Stepdefinations.EDGEDevicesSteps.click_on_the_three_dots_of_ip_address_and_search_for_ip_address()&amp#27;[0m
  &amp#27;[32mThen &amp#27;[0m&amp#27;[32mEnter the value for IPAddress&amp#27;[0m                                                            &amp#27;[90m# com.cdm.Stepdefinations.EDGEDevicesSteps.enter_the_value_for_ip_address()&amp#27;[0m
]]></system-out>
  </testcase>
  <testcase name="TC072_To verify that user is able to map well which is searched using RTU Address" classname="EDGE Devices" time="39.628">
    <system-out><![CDATA[
@SheetEDGEDEVICES @Test
Scenario: TC072_To verify that user is able to map well which is searched using RTU Address     &amp#27;[90m# src/test/resources/Features/EDGEDevices.feature:629&amp#27;[0m
I am tag Name@SheetEDGEDEVICES
I am in SheetEDGEDEVICES
I am tag Name@Test
I am in launchAppE:\Devendra\cdm\CDMCucumber\CDMProject\chromedriver\chromedriver.exe
  &amp#27;[32mGiven &amp#27;[0m&amp#27;[32mUser launch application in chrome browser&amp#27;[0m                                               &amp#27;[90m# com.cdm.Stepdefinations.Common.user_launch_application_in_chrome_browser()&amp#27;[0m
Login started
devendar.malothu@weatherford.com
Chittu@123
  &amp#27;[32mAnd &amp#27;[0m&amp#27;[32muser enters credentials and click on login button&amp#27;[0m                                         &amp#27;[90m# com.cdm.Stepdefinations.Common.user_enters_credentials_and_click_on_login_button()&amp#27;[0m
  &amp#27;[32mThen &amp#27;[0m&amp#27;[32mClick on EDGE Device module from side menu bar&amp#27;[0m                                           &amp#27;[90m# com.cdm.Stepdefinations.EDGEDevicesSteps.click_on_edge_device_module_from_side_menu_bar()&amp#27;[0m
  &amp#27;[32mThen &amp#27;[0m&amp#27;[32mClick on EDGE ID search icon i.e. three dots & enter Valid inputs into search text field&amp#27;[0m &amp#27;[90m# com.cdm.Stepdefinations.EDGEDevicesSteps.click_on_edge_id_search_icon_i_e_three_dots_enter_valid_inputs_into_search_text_field()&amp#27;[0m
  &amp#27;[32mThen &amp#27;[0m&amp#27;[32mAfter landing on EDGE Device List screen scroll horizontal and Click on EDIT icon button&amp#27;[0m &amp#27;[90m# com.cdm.Stepdefinations.EDGEDevicesSteps.after_landing_on_edge_device_list_screen_scroll_horizontal_and_click_on_edit_icon_button()&amp#27;[0m
  &amp#27;[32mThen &amp#27;[0m&amp#27;[32mClick on Well mapping tab module&amp#27;[0m                                                         &amp#27;[90m# com.cdm.Stepdefinations.EDGEDevicesSteps.click_on_well_mapping_tab_module()&amp#27;[0m
  &amp#27;[32mThen &amp#27;[0m&amp#27;[32mClick on the three dots of RTUAddress&amp#27;[0m                                                    &amp#27;[90m# com.cdm.Stepdefinations.EDGEDevicesSteps.click_on_the_three_dots_of_rtu_address()&amp#27;[0m
  &amp#27;[32mThen &amp#27;[0m&amp#27;[32mEnter the value for RTUAddress&amp#27;[0m                                                           &amp#27;[90m# com.cdm.Stepdefinations.EDGEDevicesSteps.enter_the_value_for_rtu_address()&amp#27;[0m
]]></system-out>
  </testcase>
  <testcase name="TC073_To verify that user is able to map well which is searched using Device type" classname="EDGE Devices" time="53.427">
    <system-out><![CDATA[
@SheetEDGEDEVICES @Test
Scenario: TC073_To verify that user is able to map well which is searched using Device type     &amp#27;[90m# src/test/resources/Features/EDGEDevices.feature:640&amp#27;[0m
I am tag Name@SheetEDGEDEVICES
I am in SheetEDGEDEVICES
I am tag Name@Test
I am in launchAppE:\Devendra\cdm\CDMCucumber\CDMProject\chromedriver\chromedriver.exe
  &amp#27;[32mGiven &amp#27;[0m&amp#27;[32mUser launch application in chrome browser&amp#27;[0m                                               &amp#27;[90m# com.cdm.Stepdefinations.Common.user_launch_application_in_chrome_browser()&amp#27;[0m
Login started
devendar.malothu@weatherford.com
Chittu@123
  &amp#27;[32mAnd &amp#27;[0m&amp#27;[32muser enters credentials and click on login button&amp#27;[0m                                         &amp#27;[90m# com.cdm.Stepdefinations.Common.user_enters_credentials_and_click_on_login_button()&amp#27;[0m
  &amp#27;[32mThen &amp#27;[0m&amp#27;[32mClick on EDGE Device module from side menu bar&amp#27;[0m                                           &amp#27;[90m# com.cdm.Stepdefinations.EDGEDevicesSteps.click_on_edge_device_module_from_side_menu_bar()&amp#27;[0m
  &amp#27;[32mThen &amp#27;[0m&amp#27;[32mClick on EDGE ID search icon i.e. three dots & enter Valid inputs into search text field&amp#27;[0m &amp#27;[90m# com.cdm.Stepdefinations.EDGEDevicesSteps.click_on_edge_id_search_icon_i_e_three_dots_enter_valid_inputs_into_search_text_field()&amp#27;[0m
  &amp#27;[32mThen &amp#27;[0m&amp#27;[32mAfter landing on EDGE Device List screen scroll horizontal and Click on EDIT icon button&amp#27;[0m &amp#27;[90m# com.cdm.Stepdefinations.EDGEDevicesSteps.after_landing_on_edge_device_list_screen_scroll_horizontal_and_click_on_edit_icon_button()&amp#27;[0m
  &amp#27;[32mThen &amp#27;[0m&amp#27;[32mClick on Well mapping tab module&amp#27;[0m                                                         &amp#27;[90m# com.cdm.Stepdefinations.EDGEDevicesSteps.click_on_well_mapping_tab_module()&amp#27;[0m
  &amp#27;[32mThen &amp#27;[0m&amp#27;[32mClick on the three dots of DeviceType&amp#27;[0m                                                    &amp#27;[90m# com.cdm.Stepdefinations.EDGEDevicesSteps.click_on_the_three_dots_of_device_type()&amp#27;[0m
  &amp#27;[32mThen &amp#27;[0m&amp#27;[32mEnter the value for DeviceType&amp#27;[0m                                                           &amp#27;[90m# com.cdm.Stepdefinations.EDGEDevicesSteps.enter_the_value_for_device_type()&amp#27;[0m
]]></system-out>
    <system-err><![CDATA[Feb 28, 2024 6:16:06 PM org.openqa.selenium.remote.http.WebSocket$Listener onError
WARNING: Connection reset
java.net.SocketException: Connection reset
	at java.base/sun.nio.ch.SocketChannelImpl.throwConnectionReset(SocketChannelImpl.java:401)
	at java.base/sun.nio.ch.SocketChannelImpl.read(SocketChannelImpl.java:434)
	at java.net.http/jdk.internal.net.http.SocketTube.readAvailable(SocketTube.java:1178)
	at java.net.http/jdk.internal.net.http.SocketTube$InternalReadPublisher$InternalReadSubscription.read(SocketTube.java:841)
	at java.net.http/jdk.internal.net.http.SocketTube$SocketFlowTask.run(SocketTube.java:181)
	at java.net.http/jdk.internal.net.http.common.SequentialScheduler$SchedulableTask.run(SequentialScheduler.java:207)
	at java.net.http/jdk.internal.net.http.common.SequentialScheduler.runOrSchedule(SequentialScheduler.java:280)
	at java.net.http/jdk.internal.net.http.common.SequentialScheduler.runOrSchedule(SequentialScheduler.java:233)
	at java.net.http/jdk.internal.net.http.SocketTube$InternalReadPublisher$InternalReadSubscription.signalReadable(SocketTube.java:782)
	at java.net.http/jdk.internal.net.http.SocketTube$InternalReadPublisher$ReadEvent.signalEvent(SocketTube.java:965)
	at java.net.http/jdk.internal.net.http.SocketTube$SocketFlowEvent.handle(SocketTube.java:253)
	at java.net.http/jdk.internal.net.http.HttpClientImpl$SelectorManager.handleEvent(HttpClientImpl.java:1467)
	at java.net.http/jdk.internal.net.http.HttpClientImpl$SelectorManager.lambda$run$3(HttpClientImpl.java:1412)
	at java.base/java.util.ArrayList.forEach(ArrayList.java:1596)
	at java.net.http/jdk.internal.net.http.HttpClientImpl$SelectorManager.run(HttpClientImpl.java:1412)

]]></system-err>
  </testcase>
  <testcase name="TC074_To verify that user is able to map well by applying filter on the RTU Address" classname="EDGE Devices" time="47.895">
    <system-out><![CDATA[
@SheetEDGEDEVICES @Test
Scenario: TC074_To verify that user is able to map well by applying filter on the RTU Address   &amp#27;[90m# src/test/resources/Features/EDGEDevices.feature:652&amp#27;[0m
I am tag Name@SheetEDGEDEVICES
I am in SheetEDGEDEVICES
I am tag Name@Test
I am in launchAppE:\Devendra\cdm\CDMCucumber\CDMProject\chromedriver\chromedriver.exe
  &amp#27;[32mGiven &amp#27;[0m&amp#27;[32mUser launch application in chrome browser&amp#27;[0m                                               &amp#27;[90m# com.cdm.Stepdefinations.Common.user_launch_application_in_chrome_browser()&amp#27;[0m
Login started
devendar.malothu@weatherford.com
Chittu@123
  &amp#27;[32mAnd &amp#27;[0m&amp#27;[32muser enters credentials and click on login button&amp#27;[0m                                         &amp#27;[90m# com.cdm.Stepdefinations.Common.user_enters_credentials_and_click_on_login_button()&amp#27;[0m
  &amp#27;[32mThen &amp#27;[0m&amp#27;[32mClick on EDGE Device module from side menu bar&amp#27;[0m                                           &amp#27;[90m# com.cdm.Stepdefinations.EDGEDevicesSteps.click_on_edge_device_module_from_side_menu_bar()&amp#27;[0m
  &amp#27;[32mThen &amp#27;[0m&amp#27;[32mClick on EDGE ID search icon i.e. three dots & enter Valid inputs into search text field&amp#27;[0m &amp#27;[90m# com.cdm.Stepdefinations.EDGEDevicesSteps.click_on_edge_id_search_icon_i_e_three_dots_enter_valid_inputs_into_search_text_field()&amp#27;[0m
  &amp#27;[32mThen &amp#27;[0m&amp#27;[32mAfter landing on EDGE Device List screen scroll horizontal and Click on EDIT icon button&amp#27;[0m &amp#27;[90m# com.cdm.Stepdefinations.EDGEDevicesSteps.after_landing_on_edge_device_list_screen_scroll_horizontal_and_click_on_edit_icon_button()&amp#27;[0m
  &amp#27;[32mThen &amp#27;[0m&amp#27;[32mClick on Well mapping tab module&amp#27;[0m                                                         &amp#27;[90m# com.cdm.Stepdefinations.EDGEDevicesSteps.click_on_well_mapping_tab_module()&amp#27;[0m
  &amp#27;[32mThen &amp#27;[0m&amp#27;[32mClick on the three dots of RTUAddress&amp#27;[0m                                                    &amp#27;[90m# com.cdm.Stepdefinations.EDGEDevicesSteps.click_on_the_three_dots_of_rtu_address()&amp#27;[0m
  &amp#27;[32mThen &amp#27;[0m&amp#27;[32mEnter the value for RTUAddress&amp#27;[0m                                                           &amp#27;[90m# com.cdm.Stepdefinations.EDGEDevicesSteps.enter_the_value_for_rtu_address()&amp#27;[0m
  &amp#27;[32mThen &amp#27;[0m&amp#27;[32mCheck the checkbox to well map&amp#27;[0m                                                           &amp#27;[90m# com.cdm.Stepdefinations.EDGEDevicesSteps.check_the_checkbox_to_well_map()&amp#27;[0m
  &amp#27;[32mThen &amp#27;[0m&amp#27;[32mClick on Save button For Well&amp#27;[0m                                                            &amp#27;[90m# com.cdm.Stepdefinations.EDGEDevicesSteps.click_on_save_button_for_well()&amp#27;[0m
]]></system-out>
    <system-err><![CDATA[Feb 28, 2024 6:16:54 PM org.openqa.selenium.remote.http.WebSocket$Listener onError
WARNING: Connection reset
java.net.SocketException: Connection reset
	at java.base/sun.nio.ch.SocketChannelImpl.throwConnectionReset(SocketChannelImpl.java:401)
	at java.base/sun.nio.ch.SocketChannelImpl.read(SocketChannelImpl.java:434)
	at java.net.http/jdk.internal.net.http.SocketTube.readAvailable(SocketTube.java:1178)
	at java.net.http/jdk.internal.net.http.SocketTube$InternalReadPublisher$InternalReadSubscription.read(SocketTube.java:841)
	at java.net.http/jdk.internal.net.http.SocketTube$SocketFlowTask.run(SocketTube.java:181)
	at java.net.http/jdk.internal.net.http.common.SequentialScheduler$SchedulableTask.run(SequentialScheduler.java:207)
	at java.net.http/jdk.internal.net.http.common.SequentialScheduler.runOrSchedule(SequentialScheduler.java:280)
	at java.net.http/jdk.internal.net.http.common.SequentialScheduler.runOrSchedule(SequentialScheduler.java:233)
	at java.net.http/jdk.internal.net.http.SocketTube$InternalReadPublisher$InternalReadSubscription.signalReadable(SocketTube.java:782)
	at java.net.http/jdk.internal.net.http.SocketTube$InternalReadPublisher$ReadEvent.signalEvent(SocketTube.java:965)
	at java.net.http/jdk.internal.net.http.SocketTube$SocketFlowEvent.handle(SocketTube.java:253)
	at java.net.http/jdk.internal.net.http.HttpClientImpl$SelectorManager.handleEvent(HttpClientImpl.java:1467)
	at java.net.http/jdk.internal.net.http.HttpClientImpl$SelectorManager.lambda$run$3(HttpClientImpl.java:1412)
	at java.base/java.util.ArrayList.forEach(ArrayList.java:1596)
	at java.net.http/jdk.internal.net.http.HttpClientImpl$SelectorManager.run(HttpClientImpl.java:1412)

]]></system-err>
  </testcase>
  <testcase name="TC075_To verify that user is able to map well in &apos;Active&apos; status by applying filter on the Status column" classname="EDGE Devices" time="39.702">
    <system-out><![CDATA[
@SheetEDGEDEVICES @Test
Scenario: TC075_To verify that user is able to map well in 'Active' status by applying filter on the Status column &amp#27;[90m# src/test/resources/Features/EDGEDevices.feature:666&amp#27;[0m
I am tag Name@SheetEDGEDEVICES
I am in SheetEDGEDEVICES
I am tag Name@Test
I am in launchAppE:\Devendra\cdm\CDMCucumber\CDMProject\chromedriver\chromedriver.exe
  &amp#27;[32mGiven &amp#27;[0m&amp#27;[32mUser launch application in chrome browser&amp#27;[0m                                                                  &amp#27;[90m# com.cdm.Stepdefinations.Common.user_launch_application_in_chrome_browser()&amp#27;[0m
Login started
devendar.malothu@weatherford.com
Chittu@123
  &amp#27;[32mAnd &amp#27;[0m&amp#27;[32muser enters credentials and click on login button&amp#27;[0m                                                            &amp#27;[90m# com.cdm.Stepdefinations.Common.user_enters_credentials_and_click_on_login_button()&amp#27;[0m
  &amp#27;[32mThen &amp#27;[0m&amp#27;[32mClick on EDGE Device module from side menu bar&amp#27;[0m                                                              &amp#27;[90m# com.cdm.Stepdefinations.EDGEDevicesSteps.click_on_edge_device_module_from_side_menu_bar()&amp#27;[0m
  &amp#27;[32mThen &amp#27;[0m&amp#27;[32mClick on EDGE ID search icon i.e. three dots & enter Valid inputs into search text field&amp#27;[0m                    &amp#27;[90m# com.cdm.Stepdefinations.EDGEDevicesSteps.click_on_edge_id_search_icon_i_e_three_dots_enter_valid_inputs_into_search_text_field()&amp#27;[0m
  &amp#27;[32mThen &amp#27;[0m&amp#27;[32mAfter landing on EDGE Device List screen scroll horizontal and Click on EDIT icon button&amp#27;[0m                    &amp#27;[90m# com.cdm.Stepdefinations.EDGEDevicesSteps.after_landing_on_edge_device_list_screen_scroll_horizontal_and_click_on_edit_icon_button()&amp#27;[0m
  &amp#27;[32mThen &amp#27;[0m&amp#27;[32mClick on Well mapping tab module&amp#27;[0m                                                                            &amp#27;[90m# com.cdm.Stepdefinations.EDGEDevicesSteps.click_on_well_mapping_tab_module()&amp#27;[0m
  &amp#27;[32mThen &amp#27;[0m&amp#27;[32mClick on Status Three Dot and Select the Active status Checkbox&amp#27;[0m                                             &amp#27;[90m# com.cdm.Stepdefinations.EDGEDevicesSteps.click_on_status_three_dot_and_select_the_active_status_checkbox()&amp#27;[0m
]]></system-out>
    <system-err><![CDATA[Feb 28, 2024 6:17:33 PM org.openqa.selenium.remote.http.WebSocket$Listener onError
WARNING: Connection reset
java.net.SocketException: Connection reset
	at java.base/sun.nio.ch.SocketChannelImpl.throwConnectionReset(SocketChannelImpl.java:401)
	at java.base/sun.nio.ch.SocketChannelImpl.read(SocketChannelImpl.java:434)
	at java.net.http/jdk.internal.net.http.SocketTube.readAvailable(SocketTube.java:1178)
	at java.net.http/jdk.internal.net.http.SocketTube$InternalReadPublisher$InternalReadSubscription.read(SocketTube.java:841)
	at java.net.http/jdk.internal.net.http.SocketTube$SocketFlowTask.run(SocketTube.java:181)
	at java.net.http/jdk.internal.net.http.common.SequentialScheduler$SchedulableTask.run(SequentialScheduler.java:207)
	at java.net.http/jdk.internal.net.http.common.SequentialScheduler.runOrSchedule(SequentialScheduler.java:280)
	at java.net.http/jdk.internal.net.http.common.SequentialScheduler.runOrSchedule(SequentialScheduler.java:233)
	at java.net.http/jdk.internal.net.http.SocketTube$InternalReadPublisher$InternalReadSubscription.signalReadable(SocketTube.java:782)
	at java.net.http/jdk.internal.net.http.SocketTube$InternalReadPublisher$ReadEvent.signalEvent(SocketTube.java:965)
	at java.net.http/jdk.internal.net.http.SocketTube$SocketFlowEvent.handle(SocketTube.java:253)
	at java.net.http/jdk.internal.net.http.HttpClientImpl$SelectorManager.handleEvent(HttpClientImpl.java:1467)
	at java.net.http/jdk.internal.net.http.HttpClientImpl$SelectorManager.lambda$run$3(HttpClientImpl.java:1412)
	at java.base/java.util.ArrayList.forEach(ArrayList.java:1596)
	at java.net.http/jdk.internal.net.http.HttpClientImpl$SelectorManager.run(HttpClientImpl.java:1412)

]]></system-err>
  </testcase>
  <testcase name="TC076_To verify that user is able to map well having &apos;Active&apos; and &apos;Inactive&apos; Status" classname="EDGE Devices" time="44.649">
    <system-out><![CDATA[
@SheetEDGEDEVICES @Test
Scenario: TC076_To verify that user is able to map well having 'Active' and 'Inactive' Status   &amp#27;[90m# src/test/resources/Features/EDGEDevices.feature:677&amp#27;[0m
I am tag Name@SheetEDGEDEVICES
I am in SheetEDGEDEVICES
I am tag Name@Test
I am in launchAppE:\Devendra\cdm\CDMCucumber\CDMProject\chromedriver\chromedriver.exe
  &amp#27;[32mGiven &amp#27;[0m&amp#27;[32mUser launch application in chrome browser&amp#27;[0m                                               &amp#27;[90m# com.cdm.Stepdefinations.Common.user_launch_application_in_chrome_browser()&amp#27;[0m
Login started
devendar.malothu@weatherford.com
Chittu@123
  &amp#27;[32mAnd &amp#27;[0m&amp#27;[32muser enters credentials and click on login button&amp#27;[0m                                         &amp#27;[90m# com.cdm.Stepdefinations.Common.user_enters_credentials_and_click_on_login_button()&amp#27;[0m
  &amp#27;[32mThen &amp#27;[0m&amp#27;[32mClick on EDGE Device module from side menu bar&amp#27;[0m                                           &amp#27;[90m# com.cdm.Stepdefinations.EDGEDevicesSteps.click_on_edge_device_module_from_side_menu_bar()&amp#27;[0m
  &amp#27;[32mThen &amp#27;[0m&amp#27;[32mClick on EDGE ID search icon i.e. three dots & enter Valid inputs into search text field&amp#27;[0m &amp#27;[90m# com.cdm.Stepdefinations.EDGEDevicesSteps.click_on_edge_id_search_icon_i_e_three_dots_enter_valid_inputs_into_search_text_field()&amp#27;[0m
  &amp#27;[32mThen &amp#27;[0m&amp#27;[32mAfter landing on EDGE Device List screen scroll horizontal and Click on EDIT icon button&amp#27;[0m &amp#27;[90m# com.cdm.Stepdefinations.EDGEDevicesSteps.after_landing_on_edge_device_list_screen_scroll_horizontal_and_click_on_edit_icon_button()&amp#27;[0m
  &amp#27;[32mThen &amp#27;[0m&amp#27;[32mClick on Well mapping tab module&amp#27;[0m                                                         &amp#27;[90m# com.cdm.Stepdefinations.EDGEDevicesSteps.click_on_well_mapping_tab_module()&amp#27;[0m
  &amp#27;[32mThen &amp#27;[0m&amp#27;[32mClick on Status Three Dot and Select the Active status Checkbox&amp#27;[0m                          &amp#27;[90m# com.cdm.Stepdefinations.EDGEDevicesSteps.click_on_status_three_dot_and_select_the_active_status_checkbox()&amp#27;[0m
  &amp#27;[32mThen &amp#27;[0m&amp#27;[32mClick on Status Three Dot and Select the inActive status Checkbox&amp#27;[0m                        &amp#27;[90m# com.cdm.Stepdefinations.EDGEDevicesSteps.click_on_status_three_dot_and_select_the_active_status_checkbox_and_in_active_status_checkbox()&amp#27;[0m
]]></system-out>
    <system-err><![CDATA[Feb 28, 2024 6:18:18 PM org.openqa.selenium.remote.http.WebSocket$Listener onError
WARNING: Connection reset
java.net.SocketException: Connection reset
	at java.base/sun.nio.ch.SocketChannelImpl.throwConnectionReset(SocketChannelImpl.java:401)
	at java.base/sun.nio.ch.SocketChannelImpl.read(SocketChannelImpl.java:434)
	at java.net.http/jdk.internal.net.http.SocketTube.readAvailable(SocketTube.java:1178)
	at java.net.http/jdk.internal.net.http.SocketTube$InternalReadPublisher$InternalReadSubscription.read(SocketTube.java:841)
	at java.net.http/jdk.internal.net.http.SocketTube$SocketFlowTask.run(SocketTube.java:181)
	at java.net.http/jdk.internal.net.http.common.SequentialScheduler$SchedulableTask.run(SequentialScheduler.java:207)
	at java.net.http/jdk.internal.net.http.common.SequentialScheduler.runOrSchedule(SequentialScheduler.java:280)
	at java.net.http/jdk.internal.net.http.common.SequentialScheduler.runOrSchedule(SequentialScheduler.java:233)
	at java.net.http/jdk.internal.net.http.SocketTube$InternalReadPublisher$InternalReadSubscription.signalReadable(SocketTube.java:782)
	at java.net.http/jdk.internal.net.http.SocketTube$InternalReadPublisher$ReadEvent.signalEvent(SocketTube.java:965)
	at java.net.http/jdk.internal.net.http.SocketTube$SocketFlowEvent.handle(SocketTube.java:253)
	at java.net.http/jdk.internal.net.http.HttpClientImpl$SelectorManager.handleEvent(HttpClientImpl.java:1467)
	at java.net.http/jdk.internal.net.http.HttpClientImpl$SelectorManager.lambda$run$3(HttpClientImpl.java:1412)
	at java.base/java.util.ArrayList.forEach(ArrayList.java:1596)
	at java.net.http/jdk.internal.net.http.HttpClientImpl$SelectorManager.run(HttpClientImpl.java:1412)

]]></system-err>
  </testcase>
  <testcase name="TC077_To verify that user is able to map well having &apos;Inactive&apos; Status" classname="EDGE Devices" time="40.774">
    <system-out><![CDATA[
@SheetEDGEDEVICES @Test
Scenario: TC077_To verify that user is able to map well having 'Inactive' Status                &amp#27;[90m# src/test/resources/Features/EDGEDevices.feature:688&amp#27;[0m
I am tag Name@SheetEDGEDEVICES
I am in SheetEDGEDEVICES
I am tag Name@Test
I am in launchAppE:\Devendra\cdm\CDMCucumber\CDMProject\chromedriver\chromedriver.exe
  &amp#27;[32mGiven &amp#27;[0m&amp#27;[32mUser launch application in chrome browser&amp#27;[0m                                               &amp#27;[90m# com.cdm.Stepdefinations.Common.user_launch_application_in_chrome_browser()&amp#27;[0m
Login started
devendar.malothu@weatherford.com
Chittu@123
  &amp#27;[32mAnd &amp#27;[0m&amp#27;[32muser enters credentials and click on login button&amp#27;[0m                                         &amp#27;[90m# com.cdm.Stepdefinations.Common.user_enters_credentials_and_click_on_login_button()&amp#27;[0m
  &amp#27;[32mThen &amp#27;[0m&amp#27;[32mClick on EDGE Device module from side menu bar&amp#27;[0m                                           &amp#27;[90m# com.cdm.Stepdefinations.EDGEDevicesSteps.click_on_edge_device_module_from_side_menu_bar()&amp#27;[0m
  &amp#27;[32mThen &amp#27;[0m&amp#27;[32mClick on EDGE ID search icon i.e. three dots & enter Valid inputs into search text field&amp#27;[0m &amp#27;[90m# com.cdm.Stepdefinations.EDGEDevicesSteps.click_on_edge_id_search_icon_i_e_three_dots_enter_valid_inputs_into_search_text_field()&amp#27;[0m
  &amp#27;[32mThen &amp#27;[0m&amp#27;[32mAfter landing on EDGE Device List screen scroll horizontal and Click on EDIT icon button&amp#27;[0m &amp#27;[90m# com.cdm.Stepdefinations.EDGEDevicesSteps.after_landing_on_edge_device_list_screen_scroll_horizontal_and_click_on_edit_icon_button()&amp#27;[0m
  &amp#27;[32mThen &amp#27;[0m&amp#27;[32mClick on Well mapping tab module&amp#27;[0m                                                         &amp#27;[90m# com.cdm.Stepdefinations.EDGEDevicesSteps.click_on_well_mapping_tab_module()&amp#27;[0m
  &amp#27;[32mThen &amp#27;[0m&amp#27;[32mClick on Status Three Dot and Select InActive Status Checkbox&amp#27;[0m                            &amp#27;[90m# com.cdm.Stepdefinations.EDGEDevicesSteps.click_on_status_three_dot_and_select_in_active_status_checkbox()&amp#27;[0m
]]></system-out>
  </testcase>
  <testcase name="TC078_To verify that user is able to map multiple wells at a time" classname="EDGE Devices" time="47.625">
    <system-out><![CDATA[
@SheetEDGEDEVICES @Test
Scenario: TC078_To verify that user is able to map multiple wells at a time                     &amp#27;[90m# src/test/resources/Features/EDGEDevices.feature:698&amp#27;[0m
I am tag Name@SheetEDGEDEVICES
I am in SheetEDGEDEVICES
I am tag Name@Test
I am in launchAppE:\Devendra\cdm\CDMCucumber\CDMProject\chromedriver\chromedriver.exe
  &amp#27;[32mGiven &amp#27;[0m&amp#27;[32mUser launch application in chrome browser&amp#27;[0m                                               &amp#27;[90m# com.cdm.Stepdefinations.Common.user_launch_application_in_chrome_browser()&amp#27;[0m
Login started
devendar.malothu@weatherford.com
Chittu@123
  &amp#27;[32mAnd &amp#27;[0m&amp#27;[32muser enters credentials and click on login button&amp#27;[0m                                         &amp#27;[90m# com.cdm.Stepdefinations.Common.user_enters_credentials_and_click_on_login_button()&amp#27;[0m
  &amp#27;[32mThen &amp#27;[0m&amp#27;[32mClick on EDGE Device module from side menu bar&amp#27;[0m                                           &amp#27;[90m# com.cdm.Stepdefinations.EDGEDevicesSteps.click_on_edge_device_module_from_side_menu_bar()&amp#27;[0m
  &amp#27;[32mThen &amp#27;[0m&amp#27;[32mClick on EDGE ID search icon i.e. three dots & enter Valid inputs into search text field&amp#27;[0m &amp#27;[90m# com.cdm.Stepdefinations.EDGEDevicesSteps.click_on_edge_id_search_icon_i_e_three_dots_enter_valid_inputs_into_search_text_field()&amp#27;[0m
  &amp#27;[32mThen &amp#27;[0m&amp#27;[32mAfter landing on EDGE Device List screen scroll horizontal and Click on EDIT icon button&amp#27;[0m &amp#27;[90m# com.cdm.Stepdefinations.EDGEDevicesSteps.after_landing_on_edge_device_list_screen_scroll_horizontal_and_click_on_edit_icon_button()&amp#27;[0m
  &amp#27;[32mThen &amp#27;[0m&amp#27;[32mClick on Well mapping tab module&amp#27;[0m                                                         &amp#27;[90m# com.cdm.Stepdefinations.EDGEDevicesSteps.click_on_well_mapping_tab_module()&amp#27;[0m
  &amp#27;[32mThen &amp#27;[0m&amp#27;[32mClick on the three dots of RTUAddress&amp#27;[0m                                                    &amp#27;[90m# com.cdm.Stepdefinations.EDGEDevicesSteps.click_on_the_three_dots_of_rtu_address()&amp#27;[0m
  &amp#27;[32mThen &amp#27;[0m&amp#27;[32mEnter the value for RTUAddress&amp#27;[0m                                                           &amp#27;[90m# com.cdm.Stepdefinations.EDGEDevicesSteps.enter_the_value_for_rtu_address()&amp#27;[0m
  &amp#27;[32mThen &amp#27;[0m&amp#27;[32mCheck the checkbox to well map&amp#27;[0m                                                           &amp#27;[90m# com.cdm.Stepdefinations.EDGEDevicesSteps.check_the_checkbox_to_well_map()&amp#27;[0m
  &amp#27;[32mThen &amp#27;[0m&amp#27;[32mClick on Save button For Well&amp#27;[0m                                                            &amp#27;[90m# com.cdm.Stepdefinations.EDGEDevicesSteps.click_on_save_button_for_well()&amp#27;[0m
]]></system-out>
  </testcase>
  <testcase name="TC079_To verify that user is able to map multiple wells from each page at a time and observe that they appear at the top of the list once mapping is done" classname="EDGE Devices" time="47.528">
    <system-out><![CDATA[
@SheetEDGEDEVICES @Test
Scenario: TC079_To verify that user is able to map multiple wells from each page at a time and observe that they appear at the top of the list once mapping is done &amp#27;[90m# src/test/resources/Features/EDGEDevices.feature:713&amp#27;[0m
I am tag Name@SheetEDGEDEVICES
I am in SheetEDGEDEVICES
I am tag Name@Test
I am in launchAppE:\Devendra\cdm\CDMCucumber\CDMProject\chromedriver\chromedriver.exe
  &amp#27;[32mGiven &amp#27;[0m&amp#27;[32mUser launch application in chrome browser&amp#27;[0m                                                                                                                   &amp#27;[90m# com.cdm.Stepdefinations.Common.user_launch_application_in_chrome_browser()&amp#27;[0m
Login started
devendar.malothu@weatherford.com
Chittu@123
  &amp#27;[32mAnd &amp#27;[0m&amp#27;[32muser enters credentials and click on login button&amp#27;[0m                                                                                                             &amp#27;[90m# com.cdm.Stepdefinations.Common.user_enters_credentials_and_click_on_login_button()&amp#27;[0m
  &amp#27;[32mThen &amp#27;[0m&amp#27;[32mClick on EDGE Device module from side menu bar&amp#27;[0m                                                                                                               &amp#27;[90m# com.cdm.Stepdefinations.EDGEDevicesSteps.click_on_edge_device_module_from_side_menu_bar()&amp#27;[0m
  &amp#27;[32mThen &amp#27;[0m&amp#27;[32mClick on EDGE ID search icon i.e. three dots & enter Valid inputs into search text field&amp#27;[0m                                                                     &amp#27;[90m# com.cdm.Stepdefinations.EDGEDevicesSteps.click_on_edge_id_search_icon_i_e_three_dots_enter_valid_inputs_into_search_text_field()&amp#27;[0m
  &amp#27;[32mThen &amp#27;[0m&amp#27;[32mAfter landing on EDGE Device List screen scroll horizontal and Click on EDIT icon button&amp#27;[0m                                                                     &amp#27;[90m# com.cdm.Stepdefinations.EDGEDevicesSteps.after_landing_on_edge_device_list_screen_scroll_horizontal_and_click_on_edit_icon_button()&amp#27;[0m
  &amp#27;[32mThen &amp#27;[0m&amp#27;[32mClick on Well mapping tab module&amp#27;[0m                                                                                                                             &amp#27;[90m# com.cdm.Stepdefinations.EDGEDevicesSteps.click_on_well_mapping_tab_module()&amp#27;[0m
  &amp#27;[32mThen &amp#27;[0m&amp#27;[32mClick on the three dots of RTUAddress&amp#27;[0m                                                                                                                        &amp#27;[90m# com.cdm.Stepdefinations.EDGEDevicesSteps.click_on_the_three_dots_of_rtu_address()&amp#27;[0m
  &amp#27;[32mThen &amp#27;[0m&amp#27;[32mEnter the value for RTUAddress&amp#27;[0m                                                                                                                               &amp#27;[90m# com.cdm.Stepdefinations.EDGEDevicesSteps.enter_the_value_for_rtu_address()&amp#27;[0m
  &amp#27;[32mThen &amp#27;[0m&amp#27;[32mCheck the checkbox to well map&amp#27;[0m                                                                                                                               &amp#27;[90m# com.cdm.Stepdefinations.EDGEDevicesSteps.check_the_checkbox_to_well_map()&amp#27;[0m
  &amp#27;[32mThen &amp#27;[0m&amp#27;[32mClick on Save button For Well&amp#27;[0m                                                                                                                                &amp#27;[90m# com.cdm.Stepdefinations.EDGEDevicesSteps.click_on_save_button_for_well()&amp#27;[0m
]]></system-out>
    <system-err><![CDATA[Feb 28, 2024 6:20:34 PM org.openqa.selenium.remote.http.WebSocket$Listener onError
WARNING: Connection reset
java.net.SocketException: Connection reset
	at java.base/sun.nio.ch.SocketChannelImpl.throwConnectionReset(SocketChannelImpl.java:401)
	at java.base/sun.nio.ch.SocketChannelImpl.read(SocketChannelImpl.java:434)
	at java.net.http/jdk.internal.net.http.SocketTube.readAvailable(SocketTube.java:1178)
	at java.net.http/jdk.internal.net.http.SocketTube$InternalReadPublisher$InternalReadSubscription.read(SocketTube.java:841)
	at java.net.http/jdk.internal.net.http.SocketTube$SocketFlowTask.run(SocketTube.java:181)
	at java.net.http/jdk.internal.net.http.common.SequentialScheduler$SchedulableTask.run(SequentialScheduler.java:207)
	at java.net.http/jdk.internal.net.http.common.SequentialScheduler.runOrSchedule(SequentialScheduler.java:280)
	at java.net.http/jdk.internal.net.http.common.SequentialScheduler.runOrSchedule(SequentialScheduler.java:233)
	at java.net.http/jdk.internal.net.http.SocketTube$InternalReadPublisher$InternalReadSubscription.signalReadable(SocketTube.java:782)
	at java.net.http/jdk.internal.net.http.SocketTube$InternalReadPublisher$ReadEvent.signalEvent(SocketTube.java:965)
	at java.net.http/jdk.internal.net.http.SocketTube$SocketFlowEvent.handle(SocketTube.java:253)
	at java.net.http/jdk.internal.net.http.HttpClientImpl$SelectorManager.handleEvent(HttpClientImpl.java:1467)
	at java.net.http/jdk.internal.net.http.HttpClientImpl$SelectorManager.lambda$run$3(HttpClientImpl.java:1412)
	at java.base/java.util.ArrayList.forEach(ArrayList.java:1596)
	at java.net.http/jdk.internal.net.http.HttpClientImpl$SelectorManager.run(HttpClientImpl.java:1412)

]]></system-err>
  </testcase>
  <testcase name="TC080_To verify that a newly created well appears in the Well Mapping list and the user is able to map it to the Edge Device" classname="EDGE Devices" time="55.11">
    <system-out><![CDATA[
@SheetEDGEDEVICES @Test
Scenario: TC080_To verify that a newly created well appears in the Well Mapping list and the user is able to map it to the Edge Device &amp#27;[90m# src/test/resources/Features/EDGEDevices.feature:728&amp#27;[0m
I am tag Name@SheetEDGEDEVICES
I am in SheetEDGEDEVICES
I am tag Name@Test
I am in launchAppE:\Devendra\cdm\CDMCucumber\CDMProject\chromedriver\chromedriver.exe
  &amp#27;[32mGiven &amp#27;[0m&amp#27;[32mUser launch application in chrome browser&amp#27;[0m                                                                                      &amp#27;[90m# com.cdm.Stepdefinations.Common.user_launch_application_in_chrome_browser()&amp#27;[0m
Login started
devendar.malothu@weatherford.com
Chittu@123
  &amp#27;[32mAnd &amp#27;[0m&amp#27;[32muser enters credentials and click on login button&amp#27;[0m                                                                                &amp#27;[90m# com.cdm.Stepdefinations.Common.user_enters_credentials_and_click_on_login_button()&amp#27;[0m
  &amp#27;[32mThen &amp#27;[0m&amp#27;[32mClick on EDGE Device module from side menu bar&amp#27;[0m                                                                                  &amp#27;[90m# com.cdm.Stepdefinations.EDGEDevicesSteps.click_on_edge_device_module_from_side_menu_bar()&amp#27;[0m
  &amp#27;[32mThen &amp#27;[0m&amp#27;[32mClick on Setting tab from left side bar and click on well tab from Navigation menu&amp#27;[0m                                              &amp#27;[90m# com.cdm.Stepdefinations.EDGEDevicesSteps.click_on_setting_tab_from_left_side_bar_and_click_on_well_tab_from_navigation_menu()&amp#27;[0m
  &amp#27;[32mThen &amp#27;[0m&amp#27;[32mClick on Add button to add new well&amp#27;[0m                                                                                             &amp#27;[90m# com.cdm.Stepdefinations.EDGEDevicesSteps.click_on_add_button_to_add_new_well()&amp#27;[0m
  &amp#27;[32mThen &amp#27;[0m&amp#27;[32mEnter the details for Well Name , Port Number , IP Address and choose the Device Type&amp#27;[0m                                           &amp#27;[90m# com.cdm.Stepdefinations.EDGEDevicesSteps.enter_the_details_for_well_name_port_number_ip_address_and_choose_the_device_type()&amp#27;[0m
  &amp#27;[32mThen &amp#27;[0m&amp#27;[32mClick on Save button To Save Well&amp#27;[0m                                                                                               &amp#27;[90m# com.cdm.Stepdefinations.EDGEDevicesSteps.click_on_save_button_to_save_well()&amp#27;[0m
  &amp#27;[32mThen &amp#27;[0m&amp#27;[32mClick on EDGE Device module from side menu bar&amp#27;[0m                                                                                  &amp#27;[90m# com.cdm.Stepdefinations.EDGEDevicesSteps.click_on_edge_device_module_from_side_menu_bar()&amp#27;[0m
  &amp#27;[32mThen &amp#27;[0m&amp#27;[32mClick on EDGE ID search icon i.e. three dots & enter Valid inputs into search text field to check well&amp#27;[0m                          &amp#27;[90m# com.cdm.Stepdefinations.EDGEDevicesSteps.click_on_edge_id_search_icon_i_e_three_dots_enter_valid_inputs_into_search_text_field_to_check_well()&amp#27;[0m
  &amp#27;[32mThen &amp#27;[0m&amp#27;[32mAfter landing on EDGE Device List screen scroll horizontal and Click on EDIT icon button&amp#27;[0m                                        &amp#27;[90m# com.cdm.Stepdefinations.EDGEDevicesSteps.after_landing_on_edge_device_list_screen_scroll_horizontal_and_click_on_edit_icon_button()&amp#27;[0m
  &amp#27;[32mThen &amp#27;[0m&amp#27;[32mClick on Well mapping tab module&amp#27;[0m                                                                                                &amp#27;[90m# com.cdm.Stepdefinations.EDGEDevicesSteps.click_on_well_mapping_tab_module()&amp#27;[0m
  &amp#27;[32mThen &amp#27;[0m&amp#27;[32mClick on the three dots of well and search for Well Name&amp#27;[0m                                                                        &amp#27;[90m# com.cdm.Stepdefinations.EDGEDevicesSteps.click_on_the_three_dots_of_well_and_search_for_well_name()&amp#27;[0m
  &amp#27;[32mThen &amp#27;[0m&amp#27;[32mEnter the value for Well name to map setting from well module&amp#27;[0m                                                                   &amp#27;[90m# com.cdm.Stepdefinations.EDGEDevicesSteps.enter_the_value_for_well_name_to_map_setting_from_well_module()&amp#27;[0m
]]></system-out>
  </testcase>
  <testcase name="TC081_Verification of Environmental variable Add inactive Functionality" classname="EDGE Devices" time="62.993">
    <system-out><![CDATA[
@SheetEDGEDEVICES @Test
Scenario: TC081_Verification of Environmental variable Add inactive Functionality               &amp#27;[90m# src/test/resources/Features/EDGEDevices.feature:744&amp#27;[0m
I am tag Name@SheetEDGEDEVICES
I am in SheetEDGEDEVICES
I am tag Name@Test
I am in launchAppE:\Devendra\cdm\CDMCucumber\CDMProject\chromedriver\chromedriver.exe
  &amp#27;[32mGiven &amp#27;[0m&amp#27;[32mUser launch application in chrome browser&amp#27;[0m                                               &amp#27;[90m# com.cdm.Stepdefinations.Common.user_launch_application_in_chrome_browser()&amp#27;[0m
Login started
devendar.malothu@weatherford.com
Chittu@123
  &amp#27;[32mAnd &amp#27;[0m&amp#27;[32muser enters credentials and click on login button&amp#27;[0m                                         &amp#27;[90m# com.cdm.Stepdefinations.Common.user_enters_credentials_and_click_on_login_button()&amp#27;[0m
  &amp#27;[32mThen &amp#27;[0m&amp#27;[32mClick on EDGE Device module from side menu bar&amp#27;[0m                                           &amp#27;[90m# com.cdm.Stepdefinations.EDGEDevicesSteps.click_on_edge_device_module_from_side_menu_bar()&amp#27;[0m
Title on Edge Device List page-->EDGE Devices
  &amp#27;[32mAnd &amp#27;[0m&amp#27;[32mAfter landing on EDGE Device List screen&amp#27;[0m                                                  &amp#27;[90m# com.cdm.Stepdefinations.EDGEDevicesSteps.after_landing_on_edge_device_list_screen()&amp#27;[0m
  &amp#27;[32mThen &amp#27;[0m&amp#27;[32mClick on EDGE ID search icon i.e. three dots & enter Valid inputs into search text field&amp#27;[0m &amp#27;[90m# com.cdm.Stepdefinations.EDGEDevicesSteps.click_on_edge_id_search_icon_i_e_three_dots_enter_valid_inputs_into_search_text_field()&amp#27;[0m
  &amp#27;[32mThen &amp#27;[0m&amp#27;[32mAfter landing on EDGE Device List screen scroll horizontal and Click on EDIT icon button&amp#27;[0m &amp#27;[90m# com.cdm.Stepdefinations.EDGEDevicesSteps.after_landing_on_edge_device_list_screen_scroll_horizontal_and_click_on_edit_icon_button()&amp#27;[0m
  &amp#27;[32mAnd &amp#27;[0m&amp#27;[32mClick on Deployments tab&amp#27;[0m                                                                  &amp#27;[90m# com.cdm.Stepdefinations.EDGEDevicesSteps.click_on_deployments_tab()&amp#27;[0m
  &amp#27;[32mAnd &amp#27;[0m&amp#27;[32mClick on Environment Variable&amp#27;[0m                                                             &amp#27;[90m# com.cdm.Stepdefinations.EDGEDevicesSteps.click_on_environment_variable()&amp#27;[0m
  &amp#27;[32mAnd &amp#27;[0m&amp#27;[32mClick on Add new button&amp#27;[0m                                                                   &amp#27;[90m# com.cdm.Stepdefinations.EDGEDevicesSteps.click_on_add_new_button()&amp#27;[0m
  &amp#27;[32mAnd &amp#27;[0m&amp#27;[32mEnter details for Config Name and Config Value&amp#27;[0m                                            &amp#27;[90m# com.cdm.Stepdefinations.EDGEDevicesSteps.enter_details_for_config_name_and_config_value()&amp#27;[0m
  &amp#27;[32mAnd &amp#27;[0m&amp#27;[32minactivate environmental variable&amp#27;[0m                                                         &amp#27;[90m# com.cdm.Stepdefinations.EDGEDevicesSteps.inactivate_environmental_variable()&amp#27;[0m
  &amp#27;[32mThen &amp#27;[0m&amp#27;[32mClick on save button for environmental variable&amp#27;[0m                                          &amp#27;[90m# com.cdm.Stepdefinations.EDGEDevicesSteps.click_on_save_button_for_environmental_variable()&amp#27;[0m
]]></system-out>
    <system-err><![CDATA[Feb 28, 2024 6:22:32 PM org.openqa.selenium.remote.http.WebSocket$Listener onError
WARNING: Connection reset
java.net.SocketException: Connection reset
	at java.base/sun.nio.ch.SocketChannelImpl.throwConnectionReset(SocketChannelImpl.java:401)
	at java.base/sun.nio.ch.SocketChannelImpl.read(SocketChannelImpl.java:434)
	at java.net.http/jdk.internal.net.http.SocketTube.readAvailable(SocketTube.java:1178)
	at java.net.http/jdk.internal.net.http.SocketTube$InternalReadPublisher$InternalReadSubscription.read(SocketTube.java:841)
	at java.net.http/jdk.internal.net.http.SocketTube$SocketFlowTask.run(SocketTube.java:181)
	at java.net.http/jdk.internal.net.http.common.SequentialScheduler$SchedulableTask.run(SequentialScheduler.java:207)
	at java.net.http/jdk.internal.net.http.common.SequentialScheduler.runOrSchedule(SequentialScheduler.java:280)
	at java.net.http/jdk.internal.net.http.common.SequentialScheduler.runOrSchedule(SequentialScheduler.java:233)
	at java.net.http/jdk.internal.net.http.SocketTube$InternalReadPublisher$InternalReadSubscription.signalReadable(SocketTube.java:782)
	at java.net.http/jdk.internal.net.http.SocketTube$InternalReadPublisher$ReadEvent.signalEvent(SocketTube.java:965)
	at java.net.http/jdk.internal.net.http.SocketTube$SocketFlowEvent.handle(SocketTube.java:253)
	at java.net.http/jdk.internal.net.http.HttpClientImpl$SelectorManager.handleEvent(HttpClientImpl.java:1467)
	at java.net.http/jdk.internal.net.http.HttpClientImpl$SelectorManager.lambda$run$3(HttpClientImpl.java:1412)
	at java.base/java.util.ArrayList.forEach(ArrayList.java:1596)
	at java.net.http/jdk.internal.net.http.HttpClientImpl$SelectorManager.run(HttpClientImpl.java:1412)

]]></system-err>
  </testcase>
  <testcase name="TC082_Verification of Environmental variable Add Functionality" classname="EDGE Devices" time="53.372">
    <system-out><![CDATA[
@SheetEDGEDEVICES @Test
Scenario: TC082_Verification of Environmental variable Add Functionality                        &amp#27;[90m# src/test/resources/Features/EDGEDevices.feature:760&amp#27;[0m
I am tag Name@SheetEDGEDEVICES
I am in SheetEDGEDEVICES
I am tag Name@Test
I am in launchAppE:\Devendra\cdm\CDMCucumber\CDMProject\chromedriver\chromedriver.exe
  &amp#27;[32mGiven &amp#27;[0m&amp#27;[32mUser launch application in chrome browser&amp#27;[0m                                               &amp#27;[90m# com.cdm.Stepdefinations.Common.user_launch_application_in_chrome_browser()&amp#27;[0m
Login started
devendar.malothu@weatherford.com
Chittu@123
  &amp#27;[32mAnd &amp#27;[0m&amp#27;[32muser enters credentials and click on login button&amp#27;[0m                                         &amp#27;[90m# com.cdm.Stepdefinations.Common.user_enters_credentials_and_click_on_login_button()&amp#27;[0m
  &amp#27;[32mThen &amp#27;[0m&amp#27;[32mClick on EDGE Device module from side menu bar&amp#27;[0m                                           &amp#27;[90m# com.cdm.Stepdefinations.EDGEDevicesSteps.click_on_edge_device_module_from_side_menu_bar()&amp#27;[0m
Title on Edge Device List page-->EDGE Devices
  &amp#27;[32mAnd &amp#27;[0m&amp#27;[32mAfter landing on EDGE Device List screen&amp#27;[0m                                                  &amp#27;[90m# com.cdm.Stepdefinations.EDGEDevicesSteps.after_landing_on_edge_device_list_screen()&amp#27;[0m
  &amp#27;[32mThen &amp#27;[0m&amp#27;[32mClick on EDGE ID search icon i.e. three dots & enter Valid inputs into search text field&amp#27;[0m &amp#27;[90m# com.cdm.Stepdefinations.EDGEDevicesSteps.click_on_edge_id_search_icon_i_e_three_dots_enter_valid_inputs_into_search_text_field()&amp#27;[0m
  &amp#27;[32mThen &amp#27;[0m&amp#27;[32mAfter landing on EDGE Device List screen scroll horizontal and Click on EDIT icon button&amp#27;[0m &amp#27;[90m# com.cdm.Stepdefinations.EDGEDevicesSteps.after_landing_on_edge_device_list_screen_scroll_horizontal_and_click_on_edit_icon_button()&amp#27;[0m
  &amp#27;[32mThen &amp#27;[0m&amp#27;[32mClick on Deployments tab&amp#27;[0m                                                                 &amp#27;[90m# com.cdm.Stepdefinations.EDGEDevicesSteps.click_on_deployments_tab()&amp#27;[0m
  &amp#27;[32mAnd &amp#27;[0m&amp#27;[32mClick on Environment Variable&amp#27;[0m                                                             &amp#27;[90m# com.cdm.Stepdefinations.EDGEDevicesSteps.click_on_environment_variable()&amp#27;[0m
  &amp#27;[32mAnd &amp#27;[0m&amp#27;[32mClick on Add new button&amp#27;[0m                                                                   &amp#27;[90m# com.cdm.Stepdefinations.EDGEDevicesSteps.click_on_add_new_button()&amp#27;[0m
  &amp#27;[32mAnd &amp#27;[0m&amp#27;[32mEnter details for Config Name and Config Value&amp#27;[0m                                            &amp#27;[90m# com.cdm.Stepdefinations.EDGEDevicesSteps.enter_details_for_config_name_and_config_value()&amp#27;[0m
  &amp#27;[32mThen &amp#27;[0m&amp#27;[32mClick on save button for environmental variable&amp#27;[0m                                          &amp#27;[90m# com.cdm.Stepdefinations.EDGEDevicesSteps.click_on_save_button_for_environmental_variable()&amp#27;[0m
]]></system-out>
    <system-err><![CDATA[Feb 28, 2024 6:23:25 PM org.openqa.selenium.remote.http.WebSocket$Listener onError
WARNING: Connection reset
java.net.SocketException: Connection reset
	at java.base/sun.nio.ch.SocketChannelImpl.throwConnectionReset(SocketChannelImpl.java:401)
	at java.base/sun.nio.ch.SocketChannelImpl.read(SocketChannelImpl.java:434)
	at java.net.http/jdk.internal.net.http.SocketTube.readAvailable(SocketTube.java:1178)
	at java.net.http/jdk.internal.net.http.SocketTube$InternalReadPublisher$InternalReadSubscription.read(SocketTube.java:841)
	at java.net.http/jdk.internal.net.http.SocketTube$SocketFlowTask.run(SocketTube.java:181)
	at java.net.http/jdk.internal.net.http.common.SequentialScheduler$SchedulableTask.run(SequentialScheduler.java:207)
	at java.net.http/jdk.internal.net.http.common.SequentialScheduler.runOrSchedule(SequentialScheduler.java:280)
	at java.net.http/jdk.internal.net.http.common.SequentialScheduler.runOrSchedule(SequentialScheduler.java:233)
	at java.net.http/jdk.internal.net.http.SocketTube$InternalReadPublisher$InternalReadSubscription.signalReadable(SocketTube.java:782)
	at java.net.http/jdk.internal.net.http.SocketTube$InternalReadPublisher$ReadEvent.signalEvent(SocketTube.java:965)
	at java.net.http/jdk.internal.net.http.SocketTube$SocketFlowEvent.handle(SocketTube.java:253)
	at java.net.http/jdk.internal.net.http.HttpClientImpl$SelectorManager.handleEvent(HttpClientImpl.java:1467)
	at java.net.http/jdk.internal.net.http.HttpClientImpl$SelectorManager.lambda$run$3(HttpClientImpl.java:1412)
	at java.base/java.util.ArrayList.forEach(ArrayList.java:1596)
	at java.net.http/jdk.internal.net.http.HttpClientImpl$SelectorManager.run(HttpClientImpl.java:1412)

]]></system-err>
  </testcase>
  <testcase name="TC083_Verification of Environmental variable delete Functionality" classname="EDGE Devices" time="44.87">
    <system-out><![CDATA[
@SheetEDGEDEVICES @Test
Scenario: TC083_Verification of Environmental variable delete Functionality                     &amp#27;[90m# src/test/resources/Features/EDGEDevices.feature:774&amp#27;[0m
I am tag Name@SheetEDGEDEVICES
I am in SheetEDGEDEVICES
I am tag Name@Test
I am in launchAppE:\Devendra\cdm\CDMCucumber\CDMProject\chromedriver\chromedriver.exe
  &amp#27;[32mGiven &amp#27;[0m&amp#27;[32mUser launch application in chrome browser&amp#27;[0m                                               &amp#27;[90m# com.cdm.Stepdefinations.Common.user_launch_application_in_chrome_browser()&amp#27;[0m
Login started
devendar.malothu@weatherford.com
Chittu@123
  &amp#27;[32mAnd &amp#27;[0m&amp#27;[32muser enters credentials and click on login button&amp#27;[0m                                         &amp#27;[90m# com.cdm.Stepdefinations.Common.user_enters_credentials_and_click_on_login_button()&amp#27;[0m
  &amp#27;[32mThen &amp#27;[0m&amp#27;[32mClick on EDGE Device module from side menu bar&amp#27;[0m                                           &amp#27;[90m# com.cdm.Stepdefinations.EDGEDevicesSteps.click_on_edge_device_module_from_side_menu_bar()&amp#27;[0m
Title on Edge Device List page-->EDGE Devices
  &amp#27;[32mAnd &amp#27;[0m&amp#27;[32mAfter landing on EDGE Device List screen&amp#27;[0m                                                  &amp#27;[90m# com.cdm.Stepdefinations.EDGEDevicesSteps.after_landing_on_edge_device_list_screen()&amp#27;[0m
  &amp#27;[32mThen &amp#27;[0m&amp#27;[32mClick on EDGE ID search icon i.e. three dots & enter Valid inputs into search text field&amp#27;[0m &amp#27;[90m# com.cdm.Stepdefinations.EDGEDevicesSteps.click_on_edge_id_search_icon_i_e_three_dots_enter_valid_inputs_into_search_text_field()&amp#27;[0m
  &amp#27;[32mThen &amp#27;[0m&amp#27;[32mAfter landing on EDGE Device List screen scroll horizontal and Click on EDIT icon button&amp#27;[0m &amp#27;[90m# com.cdm.Stepdefinations.EDGEDevicesSteps.after_landing_on_edge_device_list_screen_scroll_horizontal_and_click_on_edit_icon_button()&amp#27;[0m
  &amp#27;[32mThen &amp#27;[0m&amp#27;[32mClick on Deployments tab&amp#27;[0m                                                                 &amp#27;[90m# com.cdm.Stepdefinations.EDGEDevicesSteps.click_on_deployments_tab()&amp#27;[0m
  &amp#27;[32mAnd &amp#27;[0m&amp#27;[32mClick on Environment Variable&amp#27;[0m                                                             &amp#27;[90m# com.cdm.Stepdefinations.EDGEDevicesSteps.click_on_environment_variable()&amp#27;[0m
  &amp#27;[32mAnd &amp#27;[0m&amp#27;[32mClick on search icon of configName Config value&amp#27;[0m                                           &amp#27;[90m# com.cdm.Stepdefinations.EDGEDevicesSteps.click_on_search_icon_of_config_name_config_value()&amp#27;[0m
  &amp#27;[32mAnd &amp#27;[0m&amp#27;[32mClick on Delete button&amp#27;[0m                                                                    &amp#27;[90m# com.cdm.Stepdefinations.EDGEDevicesSteps.click_on_delete_button()&amp#27;[0m
]]></system-out>
    <system-err><![CDATA[Feb 28, 2024 6:24:10 PM org.openqa.selenium.remote.http.WebSocket$Listener onError
WARNING: Connection reset
java.net.SocketException: Connection reset
	at java.base/sun.nio.ch.SocketChannelImpl.throwConnectionReset(SocketChannelImpl.java:401)
	at java.base/sun.nio.ch.SocketChannelImpl.read(SocketChannelImpl.java:434)
	at java.net.http/jdk.internal.net.http.SocketTube.readAvailable(SocketTube.java:1178)
	at java.net.http/jdk.internal.net.http.SocketTube$InternalReadPublisher$InternalReadSubscription.read(SocketTube.java:841)
	at java.net.http/jdk.internal.net.http.SocketTube$SocketFlowTask.run(SocketTube.java:181)
	at java.net.http/jdk.internal.net.http.common.SequentialScheduler$SchedulableTask.run(SequentialScheduler.java:207)
	at java.net.http/jdk.internal.net.http.common.SequentialScheduler.runOrSchedule(SequentialScheduler.java:280)
	at java.net.http/jdk.internal.net.http.common.SequentialScheduler.runOrSchedule(SequentialScheduler.java:233)
	at java.net.http/jdk.internal.net.http.SocketTube$InternalReadPublisher$InternalReadSubscription.signalReadable(SocketTube.java:782)
	at java.net.http/jdk.internal.net.http.SocketTube$InternalReadPublisher$ReadEvent.signalEvent(SocketTube.java:965)
	at java.net.http/jdk.internal.net.http.SocketTube$SocketFlowEvent.handle(SocketTube.java:253)
	at java.net.http/jdk.internal.net.http.HttpClientImpl$SelectorManager.handleEvent(HttpClientImpl.java:1467)
	at java.net.http/jdk.internal.net.http.HttpClientImpl$SelectorManager.lambda$run$3(HttpClientImpl.java:1412)
	at java.base/java.util.ArrayList.forEach(ArrayList.java:1596)
	at java.net.http/jdk.internal.net.http.HttpClientImpl$SelectorManager.run(HttpClientImpl.java:1412)

]]></system-err>
  </testcase>
  <testcase name="TC084_Verification of Environmental variable search Functionality" classname="EDGE Devices" time="42.494">
    <system-out><![CDATA[
@SheetEDGEDEVICES @Test
Scenario: TC084_Verification of Environmental variable search Functionality                     &amp#27;[90m# src/test/resources/Features/EDGEDevices.feature:787&amp#27;[0m
I am tag Name@SheetEDGEDEVICES
I am in SheetEDGEDEVICES
I am tag Name@Test
I am in launchAppE:\Devendra\cdm\CDMCucumber\CDMProject\chromedriver\chromedriver.exe
  &amp#27;[32mGiven &amp#27;[0m&amp#27;[32mUser launch application in chrome browser&amp#27;[0m                                               &amp#27;[90m# com.cdm.Stepdefinations.Common.user_launch_application_in_chrome_browser()&amp#27;[0m
Login started
devendar.malothu@weatherford.com
Chittu@123
  &amp#27;[32mAnd &amp#27;[0m&amp#27;[32muser enters credentials and click on login button&amp#27;[0m                                         &amp#27;[90m# com.cdm.Stepdefinations.Common.user_enters_credentials_and_click_on_login_button()&amp#27;[0m
  &amp#27;[32mThen &amp#27;[0m&amp#27;[32mClick on EDGE Device module from side menu bar&amp#27;[0m                                           &amp#27;[90m# com.cdm.Stepdefinations.EDGEDevicesSteps.click_on_edge_device_module_from_side_menu_bar()&amp#27;[0m
Title on Edge Device List page-->EDGE Devices
  &amp#27;[32mAnd &amp#27;[0m&amp#27;[32mAfter landing on EDGE Device List screen&amp#27;[0m                                                  &amp#27;[90m# com.cdm.Stepdefinations.EDGEDevicesSteps.after_landing_on_edge_device_list_screen()&amp#27;[0m
  &amp#27;[32mThen &amp#27;[0m&amp#27;[32mClick on EDGE ID search icon i.e. three dots & enter Valid inputs into search text field&amp#27;[0m &amp#27;[90m# com.cdm.Stepdefinations.EDGEDevicesSteps.click_on_edge_id_search_icon_i_e_three_dots_enter_valid_inputs_into_search_text_field()&amp#27;[0m
  &amp#27;[32mThen &amp#27;[0m&amp#27;[32mAfter landing on EDGE Device List screen scroll horizontal and Click on EDIT icon button&amp#27;[0m &amp#27;[90m# com.cdm.Stepdefinations.EDGEDevicesSteps.after_landing_on_edge_device_list_screen_scroll_horizontal_and_click_on_edit_icon_button()&amp#27;[0m
  &amp#27;[32mAnd &amp#27;[0m&amp#27;[32mClick on Deployments tab&amp#27;[0m                                                                  &amp#27;[90m# com.cdm.Stepdefinations.EDGEDevicesSteps.click_on_deployments_tab()&amp#27;[0m
  &amp#27;[32mAnd &amp#27;[0m&amp#27;[32mClick on Environment Variable&amp#27;[0m                                                             &amp#27;[90m# com.cdm.Stepdefinations.EDGEDevicesSteps.click_on_environment_variable()&amp#27;[0m
  &amp#27;[32mAnd &amp#27;[0m&amp#27;[32mClick on search icon of configName Config value&amp#27;[0m                                           &amp#27;[90m# com.cdm.Stepdefinations.EDGEDevicesSteps.click_on_search_icon_of_config_name_config_value()&amp#27;[0m
]]></system-out>
    <system-err><![CDATA[Feb 28, 2024 6:24:53 PM org.openqa.selenium.remote.http.WebSocket$Listener onError
WARNING: Connection reset
java.net.SocketException: Connection reset
	at java.base/sun.nio.ch.SocketChannelImpl.throwConnectionReset(SocketChannelImpl.java:401)
	at java.base/sun.nio.ch.SocketChannelImpl.read(SocketChannelImpl.java:434)
	at java.net.http/jdk.internal.net.http.SocketTube.readAvailable(SocketTube.java:1178)
	at java.net.http/jdk.internal.net.http.SocketTube$InternalReadPublisher$InternalReadSubscription.read(SocketTube.java:841)
	at java.net.http/jdk.internal.net.http.SocketTube$SocketFlowTask.run(SocketTube.java:181)
	at java.net.http/jdk.internal.net.http.common.SequentialScheduler$SchedulableTask.run(SequentialScheduler.java:207)
	at java.net.http/jdk.internal.net.http.common.SequentialScheduler.runOrSchedule(SequentialScheduler.java:280)
	at java.net.http/jdk.internal.net.http.common.SequentialScheduler.runOrSchedule(SequentialScheduler.java:233)
	at java.net.http/jdk.internal.net.http.SocketTube$InternalReadPublisher$InternalReadSubscription.signalReadable(SocketTube.java:782)
	at java.net.http/jdk.internal.net.http.SocketTube$InternalReadPublisher$ReadEvent.signalEvent(SocketTube.java:965)
	at java.net.http/jdk.internal.net.http.SocketTube$SocketFlowEvent.handle(SocketTube.java:253)
	at java.net.http/jdk.internal.net.http.HttpClientImpl$SelectorManager.handleEvent(HttpClientImpl.java:1467)
	at java.net.http/jdk.internal.net.http.HttpClientImpl$SelectorManager.lambda$run$3(HttpClientImpl.java:1412)
	at java.base/java.util.ArrayList.forEach(ArrayList.java:1596)
	at java.net.http/jdk.internal.net.http.HttpClientImpl$SelectorManager.run(HttpClientImpl.java:1412)

]]></system-err>
  </testcase>
  <testcase name="TC085_Viewing of Well Map Tab from Edge Device Search" classname="EDGE Devices" time="89.189">
    <system-out><![CDATA[
@SheetEDGEDEVICES @Test
Scenario: TC085_Viewing of Well Map Tab from Edge Device Search                                        &amp#27;[90m# src/test/resources/Features/EDGEDevices.feature:799&amp#27;[0m
I am tag Name@SheetEDGEDEVICES
I am in SheetEDGEDEVICES
I am tag Name@Test
I am in launchAppE:\Devendra\cdm\CDMCucumber\CDMProject\chromedriver\chromedriver.exe
  &amp#27;[32mGiven &amp#27;[0m&amp#27;[32mUser launch application in chrome browser&amp#27;[0m                                                      &amp#27;[90m# com.cdm.Stepdefinations.Common.user_launch_application_in_chrome_browser()&amp#27;[0m
Login started
devendar.malothu@weatherford.com
Chittu@123
  &amp#27;[32mAnd &amp#27;[0m&amp#27;[32muser enters credentials and click on login button&amp#27;[0m                                                &amp#27;[90m# com.cdm.Stepdefinations.Common.user_enters_credentials_and_click_on_login_button()&amp#27;[0m
  &amp#27;[32mThen &amp#27;[0m&amp#27;[32mClick on EDGE Device module from side menu bar&amp#27;[0m                                                  &amp#27;[90m# com.cdm.Stepdefinations.EDGEDevicesSteps.click_on_edge_device_module_from_side_menu_bar()&amp#27;[0m
Title on Edge Device List page-->EDGE Devices
  &amp#27;[32mAnd &amp#27;[0m&amp#27;[32mAfter landing on EDGE Device List screen&amp#27;[0m                                                         &amp#27;[90m# com.cdm.Stepdefinations.EDGEDevicesSteps.after_landing_on_edge_device_list_screen()&amp#27;[0m
  &amp#27;[32mThen &amp#27;[0m&amp#27;[32mClick on EDGE Id field search icon i.e. three dots & enter Valid inputs into search text field.&amp#27;[0m &amp#27;[90m# com.cdm.Stepdefinations.EDGEDevicesSteps.click_on_edge_id_field_search_icon_i_e_three_dots_enter_valid_inputs_into_search_text_field()&amp#27;[0m
  &amp#27;[32mThen &amp#27;[0m&amp#27;[32mAfter landing on EDGE Device List screen scroll horizontal and Click on EDIT icon button&amp#27;[0m        &amp#27;[90m# com.cdm.Stepdefinations.EDGEDevicesSteps.after_landing_on_edge_device_list_screen_scroll_horizontal_and_click_on_edit_icon_button()&amp#27;[0m
  &amp#27;[32mAnd &amp#27;[0m&amp#27;[32mClick on Deployments tab&amp#27;[0m                                                                         &amp#27;[90m# com.cdm.Stepdefinations.EDGEDevicesSteps.click_on_deployments_tab()&amp#27;[0m
  &amp#27;[32mAnd &amp#27;[0m&amp#27;[32mClick on Environment Variable&amp#27;[0m                                                                    &amp#27;[90m# com.cdm.Stepdefinations.EDGEDevicesSteps.click_on_environment_variable()&amp#27;[0m
  &amp#27;[32mAnd &amp#27;[0m&amp#27;[32mClick on Add new button of Environmental variable&amp#27;[0m                                                &amp#27;[90m# com.cdm.Stepdefinations.EDGEDevicesSteps.click_on_add_new_button_of_environmental_variable()&amp#27;[0m
  &amp#27;[32mAnd &amp#27;[0m&amp#27;[32mEnter details for Config Name and Config Value&amp#27;[0m                                                   &amp#27;[90m# com.cdm.Stepdefinations.EDGEDevicesSteps.enter_details_for_config_name_and_config_value()&amp#27;[0m
  &amp#27;[32mThen &amp#27;[0m&amp#27;[32mClick on save button for environmental variable&amp#27;[0m                                                 &amp#27;[90m# com.cdm.Stepdefinations.EDGEDevicesSteps.click_on_save_button_for_environmental_variable()&amp#27;[0m
  &amp#27;[32mAnd &amp#27;[0m&amp#27;[32mClick on Device Log Tab&amp#27;[0m                                                                          &amp#27;[90m# com.cdm.Stepdefinations.EDGEDevicesSteps.click_on_device_log_tab()&amp#27;[0m
  &amp#27;[32mAnd &amp#27;[0m&amp#27;[32mClick on Configuration submodule&amp#27;[0m                                                                 &amp#27;[90m# com.cdm.Stepdefinations.EDGEDevicesSteps.click_on_config_submodule()&amp#27;[0m
  &amp#27;[32mAnd &amp#27;[0m&amp#27;[32mClick on Well Mapping Tab&amp#27;[0m                                                                        &amp#27;[90m# com.cdm.Stepdefinations.EDGEDevicesSteps.click_on_well_mapping_tab()&amp#27;[0m
]]></system-out>
    <system-err><![CDATA[Feb 28, 2024 6:26:22 PM org.openqa.selenium.remote.http.WebSocket$Listener onError
WARNING: Connection reset
java.net.SocketException: Connection reset
	at java.base/sun.nio.ch.SocketChannelImpl.throwConnectionReset(SocketChannelImpl.java:401)
	at java.base/sun.nio.ch.SocketChannelImpl.read(SocketChannelImpl.java:434)
	at java.net.http/jdk.internal.net.http.SocketTube.readAvailable(SocketTube.java:1178)
	at java.net.http/jdk.internal.net.http.SocketTube$InternalReadPublisher$InternalReadSubscription.read(SocketTube.java:841)
	at java.net.http/jdk.internal.net.http.SocketTube$SocketFlowTask.run(SocketTube.java:181)
	at java.net.http/jdk.internal.net.http.common.SequentialScheduler$SchedulableTask.run(SequentialScheduler.java:207)
	at java.net.http/jdk.internal.net.http.common.SequentialScheduler.runOrSchedule(SequentialScheduler.java:280)
	at java.net.http/jdk.internal.net.http.common.SequentialScheduler.runOrSchedule(SequentialScheduler.java:233)
	at java.net.http/jdk.internal.net.http.SocketTube$InternalReadPublisher$InternalReadSubscription.signalReadable(SocketTube.java:782)
	at java.net.http/jdk.internal.net.http.SocketTube$InternalReadPublisher$ReadEvent.signalEvent(SocketTube.java:965)
	at java.net.http/jdk.internal.net.http.SocketTube$SocketFlowEvent.handle(SocketTube.java:253)
	at java.net.http/jdk.internal.net.http.HttpClientImpl$SelectorManager.handleEvent(HttpClientImpl.java:1467)
	at java.net.http/jdk.internal.net.http.HttpClientImpl$SelectorManager.lambda$run$3(HttpClientImpl.java:1412)
	at java.base/java.util.ArrayList.forEach(ArrayList.java:1596)
	at java.net.http/jdk.internal.net.http.HttpClientImpl$SelectorManager.run(HttpClientImpl.java:1412)

]]></system-err>
  </testcase>
  <testcase name="TC086_Verification of displaying the Bulk Upload button icon on top right side of EDGE Device List screen by Super admin/Admin user" classname="EDGE Devices" time="24.689">
    <system-out><![CDATA[
@SheetEDGEDEVICES @Test
Scenario: TC086_Verification of displaying the Bulk Upload button icon on top right side of EDGE Device List screen by Super admin/Admin user &amp#27;[90m# src/test/resources/Features/EDGEDevices.feature:818&amp#27;[0m
I am tag Name@SheetEDGEDEVICES
I am in SheetEDGEDEVICES
I am tag Name@Test
I am in launchAppE:\Devendra\cdm\CDMCucumber\CDMProject\chromedriver\chromedriver.exe
  &amp#27;[32mGiven &amp#27;[0m&amp#27;[32mUser launch application in chrome browser&amp#27;[0m                                                                                             &amp#27;[90m# com.cdm.Stepdefinations.Common.user_launch_application_in_chrome_browser()&amp#27;[0m
Login started
devendar.malothu@weatherford.com
Chittu@123
  &amp#27;[32mWhen &amp#27;[0m&amp#27;[32muser enters credentials and click on login button&amp#27;[0m                                                                                      &amp#27;[90m# com.cdm.Stepdefinations.Common.user_enters_credentials_and_click_on_login_button()&amp#27;[0m
  &amp#27;[32mThen &amp#27;[0m&amp#27;[32mClick on EDGE Device module from side menu bar&amp#27;[0m                                                                                         &amp#27;[90m# com.cdm.Stepdefinations.EDGEDevicesSteps.click_on_edge_device_module_from_side_menu_bar()&amp#27;[0m
  &amp#27;[32mThen &amp#27;[0m&amp#27;[32mClick on bulk upload button for Edge Device&amp#27;[0m                                                                                            &amp#27;[90m# com.cdm.Stepdefinations.EDGEDevicesSteps.click_on_bulk_upload_button_for_edge_device()&amp#27;[0m
]]></system-out>
    <system-err><![CDATA[Feb 28, 2024 6:26:47 PM org.openqa.selenium.remote.http.WebSocket$Listener onError
WARNING: Connection reset
java.net.SocketException: Connection reset
	at java.base/sun.nio.ch.SocketChannelImpl.throwConnectionReset(SocketChannelImpl.java:401)
	at java.base/sun.nio.ch.SocketChannelImpl.read(SocketChannelImpl.java:434)
	at java.net.http/jdk.internal.net.http.SocketTube.readAvailable(SocketTube.java:1178)
	at java.net.http/jdk.internal.net.http.SocketTube$InternalReadPublisher$InternalReadSubscription.read(SocketTube.java:841)
	at java.net.http/jdk.internal.net.http.SocketTube$SocketFlowTask.run(SocketTube.java:181)
	at java.net.http/jdk.internal.net.http.common.SequentialScheduler$SchedulableTask.run(SequentialScheduler.java:207)
	at java.net.http/jdk.internal.net.http.common.SequentialScheduler.runOrSchedule(SequentialScheduler.java:280)
	at java.net.http/jdk.internal.net.http.common.SequentialScheduler.runOrSchedule(SequentialScheduler.java:233)
	at java.net.http/jdk.internal.net.http.SocketTube$InternalReadPublisher$InternalReadSubscription.signalReadable(SocketTube.java:782)
	at java.net.http/jdk.internal.net.http.SocketTube$InternalReadPublisher$ReadEvent.signalEvent(SocketTube.java:965)
	at java.net.http/jdk.internal.net.http.SocketTube$SocketFlowEvent.handle(SocketTube.java:253)
	at java.net.http/jdk.internal.net.http.HttpClientImpl$SelectorManager.handleEvent(HttpClientImpl.java:1467)
	at java.net.http/jdk.internal.net.http.HttpClientImpl$SelectorManager.lambda$run$3(HttpClientImpl.java:1412)
	at java.base/java.util.ArrayList.forEach(ArrayList.java:1596)
	at java.net.http/jdk.internal.net.http.HttpClientImpl$SelectorManager.run(HttpClientImpl.java:1412)

]]></system-err>
  </testcase>
  <testcase name="TC087_Verification of displaying the Bulk download button icon on top right side of EDGE Device List screen by Super admin/Admin user" classname="EDGE Devices" time="18.275">
    <system-out><![CDATA[
@SheetEDGEDEVICES @Test
Scenario: TC087_Verification of displaying the Bulk download button icon on top right side of EDGE Device List screen by Super admin/Admin user &amp#27;[90m# src/test/resources/Features/EDGEDevices.feature:827&amp#27;[0m
I am tag Name@SheetEDGEDEVICES
I am in SheetEDGEDEVICES
I am tag Name@Test
I am in launchAppE:\Devendra\cdm\CDMCucumber\CDMProject\chromedriver\chromedriver.exe
  &amp#27;[32mGiven &amp#27;[0m&amp#27;[32mUser launch application in chrome browser&amp#27;[0m                                                                                               &amp#27;[90m# com.cdm.Stepdefinations.Common.user_launch_application_in_chrome_browser()&amp#27;[0m
Login started
devendar.malothu@weatherford.com
Chittu@123
  &amp#27;[32mWhen &amp#27;[0m&amp#27;[32muser enters credentials and click on login button&amp#27;[0m                                                                                        &amp#27;[90m# com.cdm.Stepdefinations.Common.user_enters_credentials_and_click_on_login_button()&amp#27;[0m
  &amp#27;[32mThen &amp#27;[0m&amp#27;[32mClick on EDGE Device module from side menu bar&amp#27;[0m                                                                                           &amp#27;[90m# com.cdm.Stepdefinations.EDGEDevicesSteps.click_on_edge_device_module_from_side_menu_bar()&amp#27;[0m
  &amp#27;[32mThen &amp#27;[0m&amp#27;[32mClick and Verify Bulk Download button is working&amp#27;[0m                                                                                         &amp#27;[90m# com.cdm.Stepdefinations.EDGEDevicesSteps.click_and_verify_bulk_download_button_is_working()&amp#27;[0m
]]></system-out>
    <system-err><![CDATA[Feb 28, 2024 6:27:05 PM org.openqa.selenium.remote.http.WebSocket$Listener onError
WARNING: Connection reset
java.net.SocketException: Connection reset
	at java.base/sun.nio.ch.SocketChannelImpl.throwConnectionReset(SocketChannelImpl.java:401)
	at java.base/sun.nio.ch.SocketChannelImpl.read(SocketChannelImpl.java:434)
	at java.net.http/jdk.internal.net.http.SocketTube.readAvailable(SocketTube.java:1178)
	at java.net.http/jdk.internal.net.http.SocketTube$InternalReadPublisher$InternalReadSubscription.read(SocketTube.java:841)
	at java.net.http/jdk.internal.net.http.SocketTube$SocketFlowTask.run(SocketTube.java:181)
	at java.net.http/jdk.internal.net.http.common.SequentialScheduler$SchedulableTask.run(SequentialScheduler.java:207)
	at java.net.http/jdk.internal.net.http.common.SequentialScheduler.runOrSchedule(SequentialScheduler.java:280)
	at java.net.http/jdk.internal.net.http.common.SequentialScheduler.runOrSchedule(SequentialScheduler.java:233)
	at java.net.http/jdk.internal.net.http.SocketTube$InternalReadPublisher$InternalReadSubscription.signalReadable(SocketTube.java:782)
	at java.net.http/jdk.internal.net.http.SocketTube$InternalReadPublisher$ReadEvent.signalEvent(SocketTube.java:965)
	at java.net.http/jdk.internal.net.http.SocketTube$SocketFlowEvent.handle(SocketTube.java:253)
	at java.net.http/jdk.internal.net.http.HttpClientImpl$SelectorManager.handleEvent(HttpClientImpl.java:1467)
	at java.net.http/jdk.internal.net.http.HttpClientImpl$SelectorManager.lambda$run$3(HttpClientImpl.java:1412)
	at java.base/java.util.ArrayList.forEach(ArrayList.java:1596)
	at java.net.http/jdk.internal.net.http.HttpClientImpl$SelectorManager.run(HttpClientImpl.java:1412)

]]></system-err>
  </testcase>
  <testcase name="TC088_Verification of displaying the Bulk Application Configuration button on top right side of EDGE Device List screen" classname="EDGE Devices" time="19.823">
    <system-out><![CDATA[
@SheetEDGEDEVICES @Test
Scenario: TC088_Verification of displaying the Bulk Application Configuration button on top right side of EDGE Device List screen &amp#27;[90m# src/test/resources/Features/EDGEDevices.feature:835&amp#27;[0m
I am tag Name@SheetEDGEDEVICES
I am in SheetEDGEDEVICES
I am tag Name@Test
I am in launchAppE:\Devendra\cdm\CDMCucumber\CDMProject\chromedriver\chromedriver.exe
  &amp#27;[32mGiven &amp#27;[0m&amp#27;[32mUser launch application in chrome browser&amp#27;[0m                                                                                 &amp#27;[90m# com.cdm.Stepdefinations.Common.user_launch_application_in_chrome_browser()&amp#27;[0m
Login started
devendar.malothu@weatherford.com
Chittu@123
  &amp#27;[32mWhen &amp#27;[0m&amp#27;[32muser enters credentials and click on login button&amp#27;[0m                                                                          &amp#27;[90m# com.cdm.Stepdefinations.Common.user_enters_credentials_and_click_on_login_button()&amp#27;[0m
  &amp#27;[32mThen &amp#27;[0m&amp#27;[32mClick on EDGE Device module from side menu bar&amp#27;[0m                                                                             &amp#27;[90m# com.cdm.Stepdefinations.EDGEDevicesSteps.click_on_edge_device_module_from_side_menu_bar()&amp#27;[0m
  &amp#27;[32mThen &amp#27;[0m&amp#27;[32mClick and Verify Bulk Application Configuration button is working&amp#27;[0m                                                          &amp#27;[90m# com.cdm.Stepdefinations.EDGEDevicesSteps.click_and_verify_bulk_application_configuration_button_is_working()&amp#27;[0m
]]></system-out>
    <system-err><![CDATA[Feb 28, 2024 6:27:25 PM org.openqa.selenium.remote.http.WebSocket$Listener onError
WARNING: Connection reset
java.net.SocketException: Connection reset
	at java.base/sun.nio.ch.SocketChannelImpl.throwConnectionReset(SocketChannelImpl.java:401)
	at java.base/sun.nio.ch.SocketChannelImpl.read(SocketChannelImpl.java:434)
	at java.net.http/jdk.internal.net.http.SocketTube.readAvailable(SocketTube.java:1178)
	at java.net.http/jdk.internal.net.http.SocketTube$InternalReadPublisher$InternalReadSubscription.read(SocketTube.java:841)
	at java.net.http/jdk.internal.net.http.SocketTube$SocketFlowTask.run(SocketTube.java:181)
	at java.net.http/jdk.internal.net.http.common.SequentialScheduler$SchedulableTask.run(SequentialScheduler.java:207)
	at java.net.http/jdk.internal.net.http.common.SequentialScheduler.runOrSchedule(SequentialScheduler.java:280)
	at java.net.http/jdk.internal.net.http.common.SequentialScheduler.runOrSchedule(SequentialScheduler.java:233)
	at java.net.http/jdk.internal.net.http.SocketTube$InternalReadPublisher$InternalReadSubscription.signalReadable(SocketTube.java:782)
	at java.net.http/jdk.internal.net.http.SocketTube$InternalReadPublisher$ReadEvent.signalEvent(SocketTube.java:965)
	at java.net.http/jdk.internal.net.http.SocketTube$SocketFlowEvent.handle(SocketTube.java:253)
	at java.net.http/jdk.internal.net.http.HttpClientImpl$SelectorManager.handleEvent(HttpClientImpl.java:1467)
	at java.net.http/jdk.internal.net.http.HttpClientImpl$SelectorManager.lambda$run$3(HttpClientImpl.java:1412)
	at java.base/java.util.ArrayList.forEach(ArrayList.java:1596)
	at java.net.http/jdk.internal.net.http.HttpClientImpl$SelectorManager.run(HttpClientImpl.java:1412)

]]></system-err>
  </testcase>
  <testcase name="T0C89_Verification of Application Configuration button functionality from Actions Column" classname="EDGE Devices" time="30.128">
    <system-out><![CDATA[
@SheetEDGEDEVICES @Test
Scenario: T0C89_Verification of Application Configuration button functionality from Actions Column            &amp#27;[90m# src/test/resources/Features/EDGEDevices.feature:842&amp#27;[0m
I am tag Name@SheetEDGEDEVICES
I am in SheetEDGEDEVICES
I am tag Name@Test
I am in launchAppE:\Devendra\cdm\CDMCucumber\CDMProject\chromedriver\chromedriver.exe
  &amp#27;[32mGiven &amp#27;[0m&amp#27;[32mUser launch application in chrome browser&amp#27;[0m                                                             &amp#27;[90m# com.cdm.Stepdefinations.Common.user_launch_application_in_chrome_browser()&amp#27;[0m
Login started
devendar.malothu@weatherford.com
Chittu@123
  &amp#27;[32mWhen &amp#27;[0m&amp#27;[32muser enters credentials and click on login button&amp#27;[0m                                                      &amp#27;[90m# com.cdm.Stepdefinations.Common.user_enters_credentials_and_click_on_login_button()&amp#27;[0m
  &amp#27;[32mThen &amp#27;[0m&amp#27;[32mClick on EDGE Device module from side menu bar&amp#27;[0m                                                         &amp#27;[90m# com.cdm.Stepdefinations.EDGEDevicesSteps.click_on_edge_device_module_from_side_menu_bar()&amp#27;[0m
  &amp#27;[32mThen &amp#27;[0m&amp#27;[32mClick on EDGE Group ID search icon i.e. three dots & enter Valid inputs into search text field&amp#27;[0m         &amp#27;[90m# com.cdm.Stepdefinations.EDGEDevicesSteps.click_on_edge_group_id_search_icon_i_e_three_dots_enter_valid_inputs_into_search_text_field()&amp#27;[0m
  &amp#27;[32mThen &amp#27;[0m&amp#27;[32mAfter landing on EDGE Device List screen scroll horizontal&amp#27;[0m                                             &amp#27;[90m# com.cdm.Stepdefinations.EDGEDevicesSteps.after_landing_on_edge_device_list_screen_scroll_horizontal()&amp#27;[0m
  &amp#27;[32mThen &amp#27;[0m&amp#27;[32mAfter landing on EDGE Device List screen Click on Configuration icon from the column of edge List page&amp#27;[0m &amp#27;[90m# com.cdm.Stepdefinations.EDGEDevicesSteps.after_landing_on_edge_device_list_screen_click_on_configuration_icon_from_the_column_of_edge_list_page()&amp#27;[0m
]]></system-out>
    <system-err><![CDATA[Feb 28, 2024 6:27:55 PM org.openqa.selenium.remote.http.WebSocket$Listener onError
WARNING: Connection reset
java.net.SocketException: Connection reset
	at java.base/sun.nio.ch.SocketChannelImpl.throwConnectionReset(SocketChannelImpl.java:401)
	at java.base/sun.nio.ch.SocketChannelImpl.read(SocketChannelImpl.java:434)
	at java.net.http/jdk.internal.net.http.SocketTube.readAvailable(SocketTube.java:1178)
	at java.net.http/jdk.internal.net.http.SocketTube$InternalReadPublisher$InternalReadSubscription.read(SocketTube.java:841)
	at java.net.http/jdk.internal.net.http.SocketTube$SocketFlowTask.run(SocketTube.java:181)
	at java.net.http/jdk.internal.net.http.common.SequentialScheduler$SchedulableTask.run(SequentialScheduler.java:207)
	at java.net.http/jdk.internal.net.http.common.SequentialScheduler.runOrSchedule(SequentialScheduler.java:280)
	at java.net.http/jdk.internal.net.http.common.SequentialScheduler.runOrSchedule(SequentialScheduler.java:233)
	at java.net.http/jdk.internal.net.http.SocketTube$InternalReadPublisher$InternalReadSubscription.signalReadable(SocketTube.java:782)
	at java.net.http/jdk.internal.net.http.SocketTube$InternalReadPublisher$ReadEvent.signalEvent(SocketTube.java:965)
	at java.net.http/jdk.internal.net.http.SocketTube$SocketFlowEvent.handle(SocketTube.java:253)
	at java.net.http/jdk.internal.net.http.HttpClientImpl$SelectorManager.handleEvent(HttpClientImpl.java:1467)
	at java.net.http/jdk.internal.net.http.HttpClientImpl$SelectorManager.lambda$run$3(HttpClientImpl.java:1412)
	at java.base/java.util.ArrayList.forEach(ArrayList.java:1596)
	at java.net.http/jdk.internal.net.http.HttpClientImpl$SelectorManager.run(HttpClientImpl.java:1412)

]]></system-err>
  </testcase>
  <testcase name="TC042_Verification of entry of valid data for all the text fields (Mandatory &amp; Optional) in Add screen of EDGE Device module by Super admin/Admin user" classname="EDGE Devices" time="37.462">
    <system-out><![CDATA[
@SheetEDGEDEVICES @Test
Scenario: TC042_Verification of entry of valid data for all the text fields (Mandatory & Optional) in Add screen of EDGE Device module by Super admin/Admin user &amp#27;[90m# src/test/resources/Features/EDGEDevices.feature:853&amp#27;[0m
I am tag Name@SheetEDGEDEVICES
I am in SheetEDGEDEVICES
I am tag Name@Test
I am in launchAppE:\Devendra\cdm\CDMCucumber\CDMProject\chromedriver\chromedriver.exe
  &amp#27;[32mGiven &amp#27;[0m&amp#27;[32mUser launch application in chrome browser&amp#27;[0m                                                                                                                &amp#27;[90m# com.cdm.Stepdefinations.Common.user_launch_application_in_chrome_browser()&amp#27;[0m
Login started
devendar.malothu@weatherford.com
Chittu@123
  &amp#27;[32mWhen &amp#27;[0m&amp#27;[32muser enters credentials and click on login button&amp#27;[0m                                                                                                         &amp#27;[90m# com.cdm.Stepdefinations.Common.user_enters_credentials_and_click_on_login_button()&amp#27;[0m
  &amp#27;[32mThen &amp#27;[0m&amp#27;[32mClick on EDGE Device module from side menu bar&amp#27;[0m                                                                                                            &amp#27;[90m# com.cdm.Stepdefinations.EDGEDevicesSteps.click_on_edge_device_module_from_side_menu_bar()&amp#27;[0m
Title on Edge Device List page-->EDGE Devices
  &amp#27;[32mAnd &amp#27;[0m&amp#27;[32mAfter landing on EDGE Device List screen&amp#27;[0m                                                                                                                   &amp#27;[90m# com.cdm.Stepdefinations.EDGEDevicesSteps.after_landing_on_edge_device_list_screen()&amp#27;[0m
  &amp#27;[32mThen &amp#27;[0m&amp#27;[32mClick on ADD New button on the top right side & landed on EDGE>ADD Screen&amp#27;[0m                                                                                 &amp#27;[90m# com.cdm.Stepdefinations.EDGEDevicesSteps.click_on_add_new_button_on_the_top_right_side_landed_on_edge_add_screen()&amp#27;[0m
  &amp#27;[32mAnd &amp#27;[0m&amp#27;[32menter valid values for all text fields&amp#27;[0m                                                                                                                     &amp#27;[90m# com.cdm.Stepdefinations.EDGEDevicesSteps.enter_valid_values_for_all_text_fields()&amp#27;[0m
  &amp#27;[32mThen &amp#27;[0m&amp#27;[32mclick on save button to add Edge&amp#27;[0m                                                                                                                          &amp#27;[90m# com.cdm.Stepdefinations.EDGEDevicesSteps.click_on_save_button_to_add_edge()&amp#27;[0m
]]></system-out>
    <system-err><![CDATA[Feb 28, 2024 6:28:32 PM org.openqa.selenium.remote.http.WebSocket$Listener onError
WARNING: Connection reset
java.net.SocketException: Connection reset
	at java.base/sun.nio.ch.SocketChannelImpl.throwConnectionReset(SocketChannelImpl.java:401)
	at java.base/sun.nio.ch.SocketChannelImpl.read(SocketChannelImpl.java:434)
	at java.net.http/jdk.internal.net.http.SocketTube.readAvailable(SocketTube.java:1178)
	at java.net.http/jdk.internal.net.http.SocketTube$InternalReadPublisher$InternalReadSubscription.read(SocketTube.java:841)
	at java.net.http/jdk.internal.net.http.SocketTube$SocketFlowTask.run(SocketTube.java:181)
	at java.net.http/jdk.internal.net.http.common.SequentialScheduler$SchedulableTask.run(SequentialScheduler.java:207)
	at java.net.http/jdk.internal.net.http.common.SequentialScheduler.runOrSchedule(SequentialScheduler.java:280)
	at java.net.http/jdk.internal.net.http.common.SequentialScheduler.runOrSchedule(SequentialScheduler.java:233)
	at java.net.http/jdk.internal.net.http.SocketTube$InternalReadPublisher$InternalReadSubscription.signalReadable(SocketTube.java:782)
	at java.net.http/jdk.internal.net.http.SocketTube$InternalReadPublisher$ReadEvent.signalEvent(SocketTube.java:965)
	at java.net.http/jdk.internal.net.http.SocketTube$SocketFlowEvent.handle(SocketTube.java:253)
	at java.net.http/jdk.internal.net.http.HttpClientImpl$SelectorManager.handleEvent(HttpClientImpl.java:1467)
	at java.net.http/jdk.internal.net.http.HttpClientImpl$SelectorManager.lambda$run$3(HttpClientImpl.java:1412)
	at java.base/java.util.ArrayList.forEach(ArrayList.java:1596)
	at java.net.http/jdk.internal.net.http.HttpClientImpl$SelectorManager.run(HttpClientImpl.java:1412)

]]></system-err>
  </testcase>
  <testcase name="TC081_Verification of Update functionality in the EDGE Device List screen by Super admin/Admin user" classname="EDGE Devices" time="85.496">
    <system-out><![CDATA[
@SheetEDGEDEVICES @Test
Scenario: TC081_Verification of Update functionality in the EDGE Device List screen by Super admin/Admin user &amp#27;[90m# src/test/resources/Features/EDGEDevices.feature:864&amp#27;[0m
I am tag Name@SheetEDGEDEVICES
I am in SheetEDGEDEVICES
I am tag Name@Test
I am in launchAppE:\Devendra\cdm\CDMCucumber\CDMProject\chromedriver\chromedriver.exe
  &amp#27;[32mGiven &amp#27;[0m&amp#27;[32mUser launch application in chrome browser&amp#27;[0m                                                             &amp#27;[90m# com.cdm.Stepdefinations.Common.user_launch_application_in_chrome_browser()&amp#27;[0m
Login started
devendar.malothu@weatherford.com
Chittu@123
  &amp#27;[32mWhen &amp#27;[0m&amp#27;[32muser enters credentials and click on login button&amp#27;[0m                                                      &amp#27;[90m# com.cdm.Stepdefinations.Common.user_enters_credentials_and_click_on_login_button()&amp#27;[0m
  &amp#27;[32mThen &amp#27;[0m&amp#27;[32mClick on EDGE Device module from side menu bar&amp#27;[0m                                                         &amp#27;[90m# com.cdm.Stepdefinations.EDGEDevicesSteps.click_on_edge_device_module_from_side_menu_bar()&amp#27;[0m
  &amp#27;[32mAnd &amp#27;[0m&amp#27;[32mscroll horizontal to see status column&amp#27;[0m                                                                  &amp#27;[90m# com.cdm.Stepdefinations.EDGEDevicesSteps.scroll_horizontal_to_see_status_column()&amp#27;[0m
  &amp#27;[32mThen &amp#27;[0m&amp#27;[32mClick on EDGE Group ID search icon i.e. three dots & enter Valid inputs into search text field&amp#27;[0m         &amp#27;[90m# com.cdm.Stepdefinations.EDGEDevicesSteps.click_on_edge_group_id_search_icon_i_e_three_dots_enter_valid_inputs_into_search_text_field()&amp#27;[0m
  &amp#27;[32mThen &amp#27;[0m&amp#27;[32mAfter landing on EDGE Device List please scroll horizontal and Click on Edit icon button&amp#27;[0m               &amp#27;[90m# com.cdm.Stepdefinations.EDGEDevicesSteps.after_landing_on_edge_device_list_please_scroll_horizontal_and_click_on_edit_icon_button()&amp#27;[0m
  &amp#27;[32mThen &amp#27;[0m&amp#27;[32mupdate Edge Name, location, Description , Assigned To from Identity section&amp#27;[0m                            &amp#27;[90m# com.cdm.Stepdefinations.EDGEDevicesSteps.update_edge_name_location_description_assigned_to_from_identity_section()&amp#27;[0m
  &amp#27;[32mThen &amp#27;[0m&amp#27;[32mscroll down&amp#27;[0m                                                                                            &amp#27;[90m# com.cdm.Stepdefinations.EDGEDevicesSteps.scroll_down()&amp#27;[0m
  &amp#27;[32mThen &amp#27;[0m&amp#27;[32mupdate the value of Serial Number, OnboardingKey, ImageVersion from the Registration accordion&amp#27;[0m         &amp#27;[90m# com.cdm.Stepdefinations.EDGEDevicesSteps.update_the_value_of_serial_number_onboarding_key_image_version_from_the_registration_accordion()&amp#27;[0m
  &amp#27;[32mThen &amp#27;[0m&amp#27;[32mupdate the value of Server Port from the deployment&amp#27;[0m                                                    &amp#27;[90m# com.cdm.Stepdefinations.EDGEDevicesSteps.update_the_value_of_server_port_from_the_deployment()&amp#27;[0m
  &amp#27;[32mThen &amp#27;[0m&amp#27;[32mselect the value for App Group from the deployment&amp#27;[0m                                                     &amp#27;[90m# com.cdm.Stepdefinations.EDGEDevicesSteps.select_the_value_for_app_group_from_the_deployment()&amp#27;[0m
  &amp#27;[32mThen &amp#27;[0m&amp#27;[32mClick on Save button to update edge&amp#27;[0m                                                                    &amp#27;[90m# com.cdm.Stepdefinations.EDGEDevicesSteps.click_on_save_button_to_update_edge()&amp#27;[0m
]]></system-out>
    <system-err><![CDATA[Feb 28, 2024 6:29:58 PM org.openqa.selenium.remote.http.WebSocket$Listener onError
WARNING: Connection reset
java.net.SocketException: Connection reset
	at java.base/sun.nio.ch.SocketChannelImpl.throwConnectionReset(SocketChannelImpl.java:401)
	at java.base/sun.nio.ch.SocketChannelImpl.read(SocketChannelImpl.java:434)
	at java.net.http/jdk.internal.net.http.SocketTube.readAvailable(SocketTube.java:1178)
	at java.net.http/jdk.internal.net.http.SocketTube$InternalReadPublisher$InternalReadSubscription.read(SocketTube.java:841)
	at java.net.http/jdk.internal.net.http.SocketTube$SocketFlowTask.run(SocketTube.java:181)
	at java.net.http/jdk.internal.net.http.common.SequentialScheduler$SchedulableTask.run(SequentialScheduler.java:207)
	at java.net.http/jdk.internal.net.http.common.SequentialScheduler.runOrSchedule(SequentialScheduler.java:280)
	at java.net.http/jdk.internal.net.http.common.SequentialScheduler.runOrSchedule(SequentialScheduler.java:233)
	at java.net.http/jdk.internal.net.http.SocketTube$InternalReadPublisher$InternalReadSubscription.signalReadable(SocketTube.java:782)
	at java.net.http/jdk.internal.net.http.SocketTube$InternalReadPublisher$ReadEvent.signalEvent(SocketTube.java:965)
	at java.net.http/jdk.internal.net.http.SocketTube$SocketFlowEvent.handle(SocketTube.java:253)
	at java.net.http/jdk.internal.net.http.HttpClientImpl$SelectorManager.handleEvent(HttpClientImpl.java:1467)
	at java.net.http/jdk.internal.net.http.HttpClientImpl$SelectorManager.lambda$run$3(HttpClientImpl.java:1412)
	at java.base/java.util.ArrayList.forEach(ArrayList.java:1596)
	at java.net.http/jdk.internal.net.http.HttpClientImpl$SelectorManager.run(HttpClientImpl.java:1412)

]]></system-err>
  </testcase>
  <testcase name="TC011_Verification of Delete functionality in the EDGE Device List screen by Super admin/Admin user (If few devices are interlinked with other module)" classname="EDGE Devices" time="48.43">
    <system-out><![CDATA[
@SheetEDGEDEVICES @Test
Scenario: TC011_Verification of Delete functionality in the EDGE Device List screen by Super admin/Admin user (If few devices are interlinked with other module) &amp#27;[90m# src/test/resources/Features/EDGEDevices.feature:879&amp#27;[0m
I am tag Name@SheetEDGEDEVICES
I am in SheetEDGEDEVICES
I am tag Name@Test
I am in launchAppE:\Devendra\cdm\CDMCucumber\CDMProject\chromedriver\chromedriver.exe
  &amp#27;[32mGiven &amp#27;[0m&amp#27;[32mUser launch application in chrome browser&amp#27;[0m                                                                                                                &amp#27;[90m# com.cdm.Stepdefinations.Common.user_launch_application_in_chrome_browser()&amp#27;[0m
Login started
devendar.malothu@weatherford.com
Chittu@123
  &amp#27;[32mWhen &amp#27;[0m&amp#27;[32muser enters credentials and click on login button&amp#27;[0m                                                                                                         &amp#27;[90m# com.cdm.Stepdefinations.Common.user_enters_credentials_and_click_on_login_button()&amp#27;[0m
  &amp#27;[32mThen &amp#27;[0m&amp#27;[32mClick on EDGE Device module from side menu bar&amp#27;[0m                                                                                                            &amp#27;[90m# com.cdm.Stepdefinations.EDGEDevicesSteps.click_on_edge_device_module_from_side_menu_bar()&amp#27;[0m
  &amp#27;[32mAnd &amp#27;[0m&amp#27;[32mscroll horizontal to see status column&amp#27;[0m                                                                                                                     &amp#27;[90m# com.cdm.Stepdefinations.EDGEDevicesSteps.scroll_horizontal_to_see_status_column()&amp#27;[0m
  &amp#27;[32mThen &amp#27;[0m&amp#27;[32mClick on Status Three Dot&amp#27;[0m                                                                                                                                 &amp#27;[90m# com.cdm.Stepdefinations.EDGEDevicesSteps.click_on_status_three_dot()&amp#27;[0m
  &amp#27;[32mAnd &amp#27;[0m&amp#27;[32mChoose inactive mode from status column&amp#27;[0m                                                                                                                    &amp#27;[90m# com.cdm.Stepdefinations.EDGEDevicesSteps.choose_inactive_mode_from_status_column()&amp#27;[0m
  &amp#27;[32mThen &amp#27;[0m&amp#27;[32mClick on EDGE Group ID search icon i.e. three dots & enter Valid inputs into search text field&amp#27;[0m                                                            &amp#27;[90m# com.cdm.Stepdefinations.EDGEDevicesSteps.click_on_edge_group_id_search_icon_i_e_three_dots_enter_valid_inputs_into_search_text_field()&amp#27;[0m
  &amp#27;[32mThen &amp#27;[0m&amp#27;[32mAfter landing on EDGE Device List screen scroll horizontal and Click on DELETE icon button&amp#27;[0m                                                                &amp#27;[90m# com.cdm.Stepdefinations.EDGEDevicesSteps.after_landing_on_edge_device_list_screen_scroll_horizontal_and_click_on_delete_icon_button()&amp#27;[0m
  &amp#27;[32mThen &amp#27;[0m&amp#27;[32mconfirmation message appear on the Screen for deletion with option Yes or No&amp#27;[0m                                                                              &amp#27;[90m# com.cdm.Stepdefinations.EDGEDevicesSteps.confirmation_message_appear_on_the_screen_for_deletion_with_option_yes_or_no()&amp#27;[0m
]]></system-out>
    <system-err><![CDATA[Feb 28, 2024 6:30:46 PM org.openqa.selenium.remote.http.WebSocket$Listener onError
WARNING: Connection reset
java.net.SocketException: Connection reset
	at java.base/sun.nio.ch.SocketChannelImpl.throwConnectionReset(SocketChannelImpl.java:401)
	at java.base/sun.nio.ch.SocketChannelImpl.read(SocketChannelImpl.java:434)
	at java.net.http/jdk.internal.net.http.SocketTube.readAvailable(SocketTube.java:1178)
	at java.net.http/jdk.internal.net.http.SocketTube$InternalReadPublisher$InternalReadSubscription.read(SocketTube.java:841)
	at java.net.http/jdk.internal.net.http.SocketTube$SocketFlowTask.run(SocketTube.java:181)
	at java.net.http/jdk.internal.net.http.common.SequentialScheduler$SchedulableTask.run(SequentialScheduler.java:207)
	at java.net.http/jdk.internal.net.http.common.SequentialScheduler.runOrSchedule(SequentialScheduler.java:280)
	at java.net.http/jdk.internal.net.http.common.SequentialScheduler.runOrSchedule(SequentialScheduler.java:233)
	at java.net.http/jdk.internal.net.http.SocketTube$InternalReadPublisher$InternalReadSubscription.signalReadable(SocketTube.java:782)
	at java.net.http/jdk.internal.net.http.SocketTube$InternalReadPublisher$ReadEvent.signalEvent(SocketTube.java:965)
	at java.net.http/jdk.internal.net.http.SocketTube$SocketFlowEvent.handle(SocketTube.java:253)
	at java.net.http/jdk.internal.net.http.HttpClientImpl$SelectorManager.handleEvent(HttpClientImpl.java:1467)
	at java.net.http/jdk.internal.net.http.HttpClientImpl$SelectorManager.lambda$run$3(HttpClientImpl.java:1412)
	at java.base/java.util.ArrayList.forEach(ArrayList.java:1596)
	at java.net.http/jdk.internal.net.http.HttpClientImpl$SelectorManager.run(HttpClientImpl.java:1412)

]]></system-err>
  </testcase>
</testsuite>